[0.008s] Invoking command in '/home/yalcinolgac/ros2_ws/build/day2_2': AMENT_PREFIX_PATH=/home/yalcinolgac/ros2_ws/install/day2:${AMENT_PREFIX_PATH} CMAKE_PREFIX_PATH=/home/yalcinolgac/ros2_ws/install/day2:/home/yalcinolgac/ros2_ws/install/day1:/opt/ros/jazzy/opt/gz_sim_vendor:/opt/ros/jazzy/opt/gz_sensors_vendor:/opt/ros/jazzy/opt/gz_physics_vendor:/opt/ros/jazzy/opt/sdformat_vendor:/opt/ros/jazzy/opt/gz_gui_vendor:/opt/ros/jazzy/opt/gz_transport_vendor:/opt/ros/jazzy/opt/gz_rendering_vendor:/opt/ros/jazzy/opt/gz_plugin_vendor:/opt/ros/jazzy/opt/gz_fuel_tools_vendor:/opt/ros/jazzy/opt/gz_msgs_vendor:/opt/ros/jazzy/opt/gz_common_vendor:/opt/ros/jazzy/opt/gz_math_vendor:/opt/ros/jazzy/opt/gz_utils_vendor:/opt/ros/jazzy/opt/gz_tools_vendor:/opt/ros/jazzy/opt/gz_ogre_next_vendor:/opt/ros/jazzy/opt/gz_dartsim_vendor:/opt/ros/jazzy/opt/gz_cmake_vendor:/opt/ros/jazzy LD_LIBRARY_PATH=/home/yalcinolgac/ros2_ws/install/day2/lib:${LD_LIBRARY_PATH} PYTHONPATH=/home/yalcinolgac/ros2_ws/install/day2/lib/python3.12/site-packages:${PYTHONPATH} /usr/bin/cmake --build /home/yalcinolgac/ros2_ws/build/day2_2 -- -j32 -l32
[0.046s] [ 75%] [32mBuilding CXX object CMakeFiles/robot_subscriber_node.dir/src/robot_subscriber.cpp.o[0m
[0.046s] [ 75%] Built target robot_publisher_node
[4.228s] [100%] [32m[1mLinking CXX executable robot_subscriber_node[0m
[4.436s] [100%] Built target robot_subscriber_node
[4.443s] Invoked command in '/home/yalcinolgac/ros2_ws/build/day2_2' returned '0': AMENT_PREFIX_PATH=/home/yalcinolgac/ros2_ws/install/day2:${AMENT_PREFIX_PATH} CMAKE_PREFIX_PATH=/home/yalcinolgac/ros2_ws/install/day2:/home/yalcinolgac/ros2_ws/install/day1:/opt/ros/jazzy/opt/gz_sim_vendor:/opt/ros/jazzy/opt/gz_sensors_vendor:/opt/ros/jazzy/opt/gz_physics_vendor:/opt/ros/jazzy/opt/sdformat_vendor:/opt/ros/jazzy/opt/gz_gui_vendor:/opt/ros/jazzy/opt/gz_transport_vendor:/opt/ros/jazzy/opt/gz_rendering_vendor:/opt/ros/jazzy/opt/gz_plugin_vendor:/opt/ros/jazzy/opt/gz_fuel_tools_vendor:/opt/ros/jazzy/opt/gz_msgs_vendor:/opt/ros/jazzy/opt/gz_common_vendor:/opt/ros/jazzy/opt/gz_math_vendor:/opt/ros/jazzy/opt/gz_utils_vendor:/opt/ros/jazzy/opt/gz_tools_vendor:/opt/ros/jazzy/opt/gz_ogre_next_vendor:/opt/ros/jazzy/opt/gz_dartsim_vendor:/opt/ros/jazzy/opt/gz_cmake_vendor:/opt/ros/jazzy LD_LIBRARY_PATH=/home/yalcinolgac/ros2_ws/install/day2/lib:${LD_LIBRARY_PATH} PYTHONPATH=/home/yalcinolgac/ros2_ws/install/day2/lib/python3.12/site-packages:${PYTHONPATH} /usr/bin/cmake --build /home/yalcinolgac/ros2_ws/build/day2_2 -- -j32 -l32
[4.444s] Invoking command in '/home/yalcinolgac/ros2_ws/build/day2_2': AMENT_PREFIX_PATH=/home/yalcinolgac/ros2_ws/install/day2:${AMENT_PREFIX_PATH} CMAKE_PREFIX_PATH=/home/yalcinolgac/ros2_ws/install/day2:/home/yalcinolgac/ros2_ws/install/day1:/opt/ros/jazzy/opt/gz_sim_vendor:/opt/ros/jazzy/opt/gz_sensors_vendor:/opt/ros/jazzy/opt/gz_physics_vendor:/opt/ros/jazzy/opt/sdformat_vendor:/opt/ros/jazzy/opt/gz_gui_vendor:/opt/ros/jazzy/opt/gz_transport_vendor:/opt/ros/jazzy/opt/gz_rendering_vendor:/opt/ros/jazzy/opt/gz_plugin_vendor:/opt/ros/jazzy/opt/gz_fuel_tools_vendor:/opt/ros/jazzy/opt/gz_msgs_vendor:/opt/ros/jazzy/opt/gz_common_vendor:/opt/ros/jazzy/opt/gz_math_vendor:/opt/ros/jazzy/opt/gz_utils_vendor:/opt/ros/jazzy/opt/gz_tools_vendor:/opt/ros/jazzy/opt/gz_ogre_next_vendor:/opt/ros/jazzy/opt/gz_dartsim_vendor:/opt/ros/jazzy/opt/gz_cmake_vendor:/opt/ros/jazzy LD_LIBRARY_PATH=/home/yalcinolgac/ros2_ws/install/day2/lib:${LD_LIBRARY_PATH} PYTHONPATH=/home/yalcinolgac/ros2_ws/install/day2/lib/python3.12/site-packages:${PYTHONPATH} /usr/bin/cmake --install /home/yalcinolgac/ros2_ws/build/day2_2
[4.449s] -- Install configuration: ""
[4.450s] -- Installing: /home/yalcinolgac/ros2_ws/install/day2_2/lib/day2_2/robot_publisher_node
[4.452s] -- Set non-toolchain portion of runtime path of "/home/yalcinolgac/ros2_ws/install/day2_2/lib/day2_2/robot_publisher_node" to ""
[4.453s] -- Installing: /home/yalcinolgac/ros2_ws/install/day2_2/lib/day2_2/robot_subscriber_node
[4.454s] -- Set non-toolchain portion of runtime path of "/home/yalcinolgac/ros2_ws/install/day2_2/lib/day2_2/robot_subscriber_node" to ""
[4.455s] -- Installing: /home/yalcinolgac/ros2_ws/install/day2_2/share/ament_index/resource_index/package_run_dependencies/day2_2
[4.456s] -- Installing: /home/yalcinolgac/ros2_ws/install/day2_2/share/ament_index/resource_index/parent_prefix_path/day2_2
[4.456s] -- Installing: /home/yalcinolgac/ros2_ws/install/day2_2/share/day2_2/environment/ament_prefix_path.sh
[4.457s] -- Installing: /home/yalcinolgac/ros2_ws/install/day2_2/share/day2_2/environment/ament_prefix_path.dsv
[4.457s] -- Installing: /home/yalcinolgac/ros2_ws/install/day2_2/share/day2_2/environment/path.sh
[4.457s] -- Installing: /home/yalcinolgac/ros2_ws/install/day2_2/share/day2_2/environment/path.dsv
[4.457s] -- Installing: /home/yalcinolgac/ros2_ws/install/day2_2/share/day2_2/local_setup.bash
[4.457s] -- Installing: /home/yalcinolgac/ros2_ws/install/day2_2/share/day2_2/local_setup.sh
[4.458s] -- Installing: /home/yalcinolgac/ros2_ws/install/day2_2/share/day2_2/local_setup.zsh
[4.458s] -- Installing: /home/yalcinolgac/ros2_ws/install/day2_2/share/day2_2/local_setup.dsv
[4.458s] -- Installing: /home/yalcinolgac/ros2_ws/install/day2_2/share/day2_2/package.dsv
[4.458s] -- Installing: /home/yalcinolgac/ros2_ws/install/day2_2/share/ament_index/resource_index/packages/day2_2
[4.459s] -- Installing: /home/yalcinolgac/ros2_ws/install/day2_2/share/day2_2/cmake/day2_2Config.cmake
[4.459s] -- Installing: /home/yalcinolgac/ros2_ws/install/day2_2/share/day2_2/cmake/day2_2Config-version.cmake
[4.459s] -- Installing: /home/yalcinolgac/ros2_ws/install/day2_2/share/day2_2/package.xml
[4.461s] Invoked command in '/home/yalcinolgac/ros2_ws/build/day2_2' returned '0': AMENT_PREFIX_PATH=/home/yalcinolgac/ros2_ws/install/day2:${AMENT_PREFIX_PATH} CMAKE_PREFIX_PATH=/home/yalcinolgac/ros2_ws/install/day2:/home/yalcinolgac/ros2_ws/install/day1:/opt/ros/jazzy/opt/gz_sim_vendor:/opt/ros/jazzy/opt/gz_sensors_vendor:/opt/ros/jazzy/opt/gz_physics_vendor:/opt/ros/jazzy/opt/sdformat_vendor:/opt/ros/jazzy/opt/gz_gui_vendor:/opt/ros/jazzy/opt/gz_transport_vendor:/opt/ros/jazzy/opt/gz_rendering_vendor:/opt/ros/jazzy/opt/gz_plugin_vendor:/opt/ros/jazzy/opt/gz_fuel_tools_vendor:/opt/ros/jazzy/opt/gz_msgs_vendor:/opt/ros/jazzy/opt/gz_common_vendor:/opt/ros/jazzy/opt/gz_math_vendor:/opt/ros/jazzy/opt/gz_utils_vendor:/opt/ros/jazzy/opt/gz_tools_vendor:/opt/ros/jazzy/opt/gz_ogre_next_vendor:/opt/ros/jazzy/opt/gz_dartsim_vendor:/opt/ros/jazzy/opt/gz_cmake_vendor:/opt/ros/jazzy LD_LIBRARY_PATH=/home/yalcinolgac/ros2_ws/install/day2/lib:${LD_LIBRARY_PATH} PYTHONPATH=/home/yalcinolgac/ros2_ws/install/day2/lib/python3.12/site-packages:${PYTHONPATH} /usr/bin/cmake --install /home/yalcinolgac/ros2_ws/build/day2_2
