-- Found ament_cmake: 2.5.4 (/opt/ros/jazzy/share/ament_cmake/cmake)
-- Found builtin_interfaces: 2.0.2 (/opt/ros/jazzy/share/builtin_interfaces/cmake)
-- Found rosidl_generator_c: 4.6.5 (/opt/ros/jazzy/share/rosidl_generator_c/cmake)
-- Found rosidl_generator_cpp: 4.6.5 (/opt/ros/jazzy/share/rosidl_generator_cpp/cmake)
-- Using all available rosidl_typesupport_c: rosidl_typesupport_fastrtps_c;rosidl_typesupport_introspection_c
-- Using all available rosidl_typesupport_cpp: rosidl_typesupport_fastrtps_cpp;rosidl_typesupport_introspection_cpp
-- Found std_msgs: 5.3.6 (/opt/ros/jazzy/share/std_msgs/cmake)
-- Found geometry_msgs: 5.3.6 (/opt/ros/jazzy/share/geometry_msgs/cmake)
-- Found rosidl_default_generators: 1.6.0 (/opt/ros/jazzy/share/rosidl_default_generators/cmake)
-- Found rosidl_adapter: 4.6.5 (/opt/ros/jazzy/share/rosidl_adapter/cmake)
-- Found ament_cmake_ros: 0.12.0 (/opt/ros/jazzy/share/ament_cmake_ros/cmake)
-- Using all available rosidl_typesupport_c: rosidl_typesupport_fastrtps_c;rosidl_typesupport_introspection_c
-- Using all available rosidl_typesupport_cpp: rosidl_typesupport_fastrtps_cpp;rosidl_typesupport_introspection_cpp
-- Found python_cmake_module: 0.11.1 (/opt/ros/jazzy/share/python_cmake_module/cmake)
-- Found PythonExtra: /usr/bin/python3  
-- Found Python3: /usr/bin/python3 (found version "3.12.3") found components: Interpreter Development NumPy Development.Module Development.Embed 
-- Found ament_lint_auto: 0.17.2 (/opt/ros/jazzy/share/ament_lint_auto/cmake)
-- Added test 'copyright' to check source files copyright and LICENSE
-- Added test 'lint_cmake' to check CMake code style
-- Added test 'xmllint' to check XML markup files
-- Configuring done (1.6s)
-- Generating done (0.0s)
-- Build files have been written to: /home/yalcinolgac/ros2_ws/build/day2
[  2%] [34m[1mGenerating type hashes for ROS interfaces[0m
[  2%] Built target ament_cmake_python_copy_day2
running egg_info
creating day2.egg-info
writing day2.egg-info/PKG-INFO
writing dependency_links to day2.egg-info/dependency_links.txt
writing top-level names to day2.egg-info/top_level.txt
writing manifest file 'day2.egg-info/SOURCES.txt'
reading manifest file 'day2.egg-info/SOURCES.txt'
writing manifest file 'day2.egg-info/SOURCES.txt'
[  2%] Built target ament_cmake_python_build_day2_egg
[  2%] Built target day2__rosidl_generator_type_description
[  4%] [34m[1mGenerating C code for ROS interfaces[0m
[  6%] [34m[1mGenerating C++ code for ROS interfaces[0m
[  6%] Built target day2__cpp
[ 11%] [32mBuilding C object CMakeFiles/day2__rosidl_generator_c.dir/rosidl_generator_c/day2/msg/detail/robot_status__description.c.o[0m
[ 11%] [32mBuilding C object CMakeFiles/day2__rosidl_generator_c.dir/rosidl_generator_c/day2/msg/detail/robot_status__functions.c.o[0m
[ 13%] [32mBuilding C object CMakeFiles/day2__rosidl_generator_c.dir/rosidl_generator_c/day2/msg/detail/sensor_data__description.c.o[0m
[ 15%] [32mBuilding C object CMakeFiles/day2__rosidl_generator_c.dir/rosidl_generator_c/day2/msg/detail/sensor_data__functions.c.o[0m
[ 18%] [32mBuilding C object CMakeFiles/day2__rosidl_generator_c.dir/rosidl_generator_c/day2/msg/detail/sensor_data__type_support.c.o[0m
[ 20%] [32mBuilding C object CMakeFiles/day2__rosidl_generator_c.dir/rosidl_generator_c/day2/msg/detail/robot_status__type_support.c.o[0m
[ 22%] [32m[1mLinking C shared library libday2__rosidl_generator_c.so[0m
[ 22%] Built target day2__rosidl_generator_c
[ 27%] [34m[1mGenerating C++ type support for eProsima Fast-RTPS[0m
[ 27%] [34m[1mGenerating C type support for eProsima Fast-RTPS[0m
[ 29%] [34m[1mGenerating C++ type support dispatch for ROS interfaces[0m
[ 34%] [34m[1mGenerating C introspection for ROS interfaces[0m
[ 34%] [34m[1mGenerating C type support dispatch for ROS interfaces[0m
[ 36%] [34m[1mGenerating C++ introspection for ROS interfaces[0m
[ 38%] [32mBuilding CXX object CMakeFiles/day2__rosidl_typesupport_cpp.dir/rosidl_typesupport_cpp/day2/msg/robot_status__type_support.cpp.o[0m
[ 40%] [32mBuilding CXX object CMakeFiles/day2__rosidl_typesupport_c.dir/rosidl_typesupport_c/day2/msg/robot_status__type_support.cpp.o[0m
[ 43%] [32mBuilding CXX object CMakeFiles/day2__rosidl_typesupport_cpp.dir/rosidl_typesupport_cpp/day2/msg/sensor_data__type_support.cpp.o[0m
[ 45%] [32mBuilding CXX object CMakeFiles/day2__rosidl_typesupport_c.dir/rosidl_typesupport_c/day2/msg/sensor_data__type_support.cpp.o[0m
[ 54%] [32mBuilding C object CMakeFiles/day2__rosidl_typesupport_introspection_c.dir/rosidl_typesupport_introspection_c/day2/msg/detail/robot_status__type_support.c.o[0m
[ 54%] [32mBuilding CXX object CMakeFiles/day2__rosidl_typesupport_introspection_cpp.dir/rosidl_typesupport_introspection_cpp/day2/msg/detail/sensor_data__type_support.cpp.o[0m
[ 54%] [32mBuilding C object CMakeFiles/day2__rosidl_typesupport_introspection_c.dir/rosidl_typesupport_introspection_c/day2/msg/detail/sensor_data__type_support.c.o[0m
[ 54%] [32mBuilding CXX object CMakeFiles/day2__rosidl_typesupport_introspection_cpp.dir/rosidl_typesupport_introspection_cpp/day2/msg/detail/robot_status__type_support.cpp.o[0m
[ 59%] [32mBuilding CXX object CMakeFiles/day2__rosidl_typesupport_fastrtps_cpp.dir/rosidl_typesupport_fastrtps_cpp/day2/msg/detail/dds_fastrtps/robot_status__type_support.cpp.o[0m
[ 61%] [32mBuilding CXX object CMakeFiles/day2__rosidl_typesupport_fastrtps_c.dir/rosidl_typesupport_fastrtps_c/day2/msg/detail/robot_status__type_support_c.cpp.o[0m
[ 61%] [32mBuilding CXX object CMakeFiles/day2__rosidl_typesupport_fastrtps_cpp.dir/rosidl_typesupport_fastrtps_cpp/day2/msg/detail/dds_fastrtps/sensor_data__type_support.cpp.o[0m
[ 63%] [32mBuilding CXX object CMakeFiles/day2__rosidl_typesupport_fastrtps_c.dir/rosidl_typesupport_fastrtps_c/day2/msg/detail/sensor_data__type_support_c.cpp.o[0m
[ 65%] [32m[1mLinking CXX shared library libday2__rosidl_typesupport_c.so[0m
[ 68%] [32m[1mLinking C shared library libday2__rosidl_typesupport_introspection_c.so[0m
[ 68%] Built target day2__rosidl_typesupport_c
[ 68%] Built target day2__rosidl_typesupport_introspection_c
[ 70%] [32m[1mLinking CXX shared library libday2__rosidl_typesupport_cpp.so[0m
[ 70%] Built target day2__rosidl_typesupport_cpp
[ 72%] [32m[1mLinking CXX shared library libday2__rosidl_typesupport_introspection_cpp.so[0m
[ 75%] [32m[1mLinking CXX shared library libday2__rosidl_typesupport_fastrtps_c.so[0m
[ 75%] Built target day2__rosidl_typesupport_introspection_cpp
[ 77%] [32m[1mLinking CXX shared library libday2__rosidl_typesupport_fastrtps_cpp.so[0m
[ 77%] Built target day2__rosidl_typesupport_fastrtps_c
[ 77%] Built target day2__rosidl_typesupport_fastrtps_cpp
[ 77%] Built target day2
[ 79%] [34m[1mGenerating Python code for ROS interfaces[0m
[ 79%] Built target day2__py
[ 84%] [32mBuilding C object CMakeFiles/day2__rosidl_generator_py.dir/rosidl_generator_py/day2/msg/_robot_status_s.c.o[0m
[ 84%] [32mBuilding C object CMakeFiles/day2__rosidl_generator_py.dir/rosidl_generator_py/day2/msg/_sensor_data_s.c.o[0m
[ 86%] [32m[1mLinking C shared library libday2__rosidl_generator_py.so[0m
[ 86%] Built target day2__rosidl_generator_py
[ 88%] [32mBuilding C object CMakeFiles/day2_s__rosidl_typesupport_introspection_c.dir/rosidl_generator_py/day2/_day2_s.ep.rosidl_typesupport_introspection_c.c.o[0m
[ 90%] [32mBuilding C object CMakeFiles/day2_s__rosidl_typesupport_fastrtps_c.dir/rosidl_generator_py/day2/_day2_s.ep.rosidl_typesupport_fastrtps_c.c.o[0m
[ 93%] [32mBuilding C object CMakeFiles/day2_s__rosidl_typesupport_c.dir/rosidl_generator_py/day2/_day2_s.ep.rosidl_typesupport_c.c.o[0m
[ 95%] [32m[1mLinking C shared module rosidl_generator_py/day2/day2_s__rosidl_typesupport_c.so[0m
[ 97%] [32m[1mLinking C shared module rosidl_generator_py/day2/day2_s__rosidl_typesupport_introspection_c.so[0m
[100%] [32m[1mLinking C shared module rosidl_generator_py/day2/day2_s__rosidl_typesupport_fastrtps_c.so[0m
[100%] Built target day2_s__rosidl_typesupport_c
[100%] Built target day2_s__rosidl_typesupport_introspection_c
[100%] Built target day2_s__rosidl_typesupport_fastrtps_c
-- Install configuration: ""
-- Installing: /home/yalcinolgac/ros2_ws/install/day2/share/ament_index/resource_index/rosidl_interfaces/day2
-- Installing: /home/yalcinolgac/ros2_ws/install/day2/share/day2/msg/RobotStatus.json
-- Installing: /home/yalcinolgac/ros2_ws/install/day2/share/day2/msg/SensorData.json
-- Installing: /home/yalcinolgac/ros2_ws/install/day2/include/day2/day2
-- Installing: /home/yalcinolgac/ros2_ws/install/day2/include/day2/day2/msg
-- Installing: /home/yalcinolgac/ros2_ws/install/day2/include/day2/day2/msg/detail
-- Installing: /home/yalcinolgac/ros2_ws/install/day2/include/day2/day2/msg/detail/robot_status__functions.h
-- Installing: /home/yalcinolgac/ros2_ws/install/day2/include/day2/day2/msg/detail/sensor_data__functions.h
-- Installing: /home/yalcinolgac/ros2_ws/install/day2/include/day2/day2/msg/detail/sensor_data__functions.c
-- Installing: /home/yalcinolgac/ros2_ws/install/day2/include/day2/day2/msg/detail/robot_status__description.c
-- Installing: /home/yalcinolgac/ros2_ws/install/day2/include/day2/day2/msg/detail/sensor_data__type_support.c
-- Installing: /home/yalcinolgac/ros2_ws/install/day2/include/day2/day2/msg/detail/robot_status__type_support.h
-- Installing: /home/yalcinolgac/ros2_ws/install/day2/include/day2/day2/msg/detail/robot_status__struct.h
-- Installing: /home/yalcinolgac/ros2_ws/install/day2/include/day2/day2/msg/detail/robot_status__functions.c
-- Installing: /home/yalcinolgac/ros2_ws/install/day2/include/day2/day2/msg/detail/sensor_data__type_support.h
-- Installing: /home/yalcinolgac/ros2_ws/install/day2/include/day2/day2/msg/detail/robot_status__type_support.c
-- Installing: /home/yalcinolgac/ros2_ws/install/day2/include/day2/day2/msg/detail/sensor_data__description.c
-- Installing: /home/yalcinolgac/ros2_ws/install/day2/include/day2/day2/msg/detail/sensor_data__struct.h
-- Installing: /home/yalcinolgac/ros2_ws/install/day2/include/day2/day2/msg/sensor_data.h
-- Installing: /home/yalcinolgac/ros2_ws/install/day2/include/day2/day2/msg/robot_status.h
-- Installing: /home/yalcinolgac/ros2_ws/install/day2/include/day2/day2/msg/rosidl_generator_c__visibility_control.h
-- Installing: /home/yalcinolgac/ros2_ws/install/day2/share/day2/environment/library_path.sh
-- Installing: /home/yalcinolgac/ros2_ws/install/day2/share/day2/environment/library_path.dsv
-- Installing: /home/yalcinolgac/ros2_ws/install/day2/lib/libday2__rosidl_generator_c.so
-- Set non-toolchain portion of runtime path of "/home/yalcinolgac/ros2_ws/install/day2/lib/libday2__rosidl_generator_c.so" to ""
-- Up-to-date: /home/yalcinolgac/ros2_ws/install/day2/include/day2/day2
-- Up-to-date: /home/yalcinolgac/ros2_ws/install/day2/include/day2/day2/msg
-- Up-to-date: /home/yalcinolgac/ros2_ws/install/day2/include/day2/day2/msg/detail
-- Installing: /home/yalcinolgac/ros2_ws/install/day2/include/day2/day2/msg/detail/sensor_data__rosidl_typesupport_fastrtps_c.h
-- Installing: /home/yalcinolgac/ros2_ws/install/day2/include/day2/day2/msg/detail/robot_status__rosidl_typesupport_fastrtps_c.h
-- Installing: /home/yalcinolgac/ros2_ws/install/day2/include/day2/day2/msg/rosidl_typesupport_fastrtps_c__visibility_control.h
-- Installing: /home/yalcinolgac/ros2_ws/install/day2/lib/libday2__rosidl_typesupport_fastrtps_c.so
-- Set non-toolchain portion of runtime path of "/home/yalcinolgac/ros2_ws/install/day2/lib/libday2__rosidl_typesupport_fastrtps_c.so" to ""
-- Up-to-date: /home/yalcinolgac/ros2_ws/install/day2/include/day2/day2
-- Up-to-date: /home/yalcinolgac/ros2_ws/install/day2/include/day2/day2/msg
-- Installing: /home/yalcinolgac/ros2_ws/install/day2/include/day2/day2/msg/sensor_data.hpp
-- Up-to-date: /home/yalcinolgac/ros2_ws/install/day2/include/day2/day2/msg/detail
-- Installing: /home/yalcinolgac/ros2_ws/install/day2/include/day2/day2/msg/detail/robot_status__builder.hpp
-- Installing: /home/yalcinolgac/ros2_ws/install/day2/include/day2/day2/msg/detail/sensor_data__builder.hpp
-- Installing: /home/yalcinolgac/ros2_ws/install/day2/include/day2/day2/msg/detail/sensor_data__struct.hpp
-- Installing: /home/yalcinolgac/ros2_ws/install/day2/include/day2/day2/msg/detail/sensor_data__type_support.hpp
-- Installing: /home/yalcinolgac/ros2_ws/install/day2/include/day2/day2/msg/detail/sensor_data__traits.hpp
-- Installing: /home/yalcinolgac/ros2_ws/install/day2/include/day2/day2/msg/detail/robot_status__traits.hpp
-- Installing: /home/yalcinolgac/ros2_ws/install/day2/include/day2/day2/msg/detail/robot_status__struct.hpp
-- Installing: /home/yalcinolgac/ros2_ws/install/day2/include/day2/day2/msg/detail/robot_status__type_support.hpp
-- Installing: /home/yalcinolgac/ros2_ws/install/day2/include/day2/day2/msg/rosidl_generator_cpp__visibility_control.hpp
-- Installing: /home/yalcinolgac/ros2_ws/install/day2/include/day2/day2/msg/robot_status.hpp
-- Up-to-date: /home/yalcinolgac/ros2_ws/install/day2/include/day2/day2
-- Up-to-date: /home/yalcinolgac/ros2_ws/install/day2/include/day2/day2/msg
-- Up-to-date: /home/yalcinolgac/ros2_ws/install/day2/include/day2/day2/msg/detail
-- Installing: /home/yalcinolgac/ros2_ws/install/day2/include/day2/day2/msg/detail/sensor_data__rosidl_typesupport_fastrtps_cpp.hpp
-- Installing: /home/yalcinolgac/ros2_ws/install/day2/include/day2/day2/msg/detail/dds_fastrtps
-- Installing: /home/yalcinolgac/ros2_ws/install/day2/include/day2/day2/msg/detail/robot_status__rosidl_typesupport_fastrtps_cpp.hpp
-- Installing: /home/yalcinolgac/ros2_ws/install/day2/include/day2/day2/msg/rosidl_typesupport_fastrtps_cpp__visibility_control.h
-- Installing: /home/yalcinolgac/ros2_ws/install/day2/lib/libday2__rosidl_typesupport_fastrtps_cpp.so
-- Set non-toolchain portion of runtime path of "/home/yalcinolgac/ros2_ws/install/day2/lib/libday2__rosidl_typesupport_fastrtps_cpp.so" to ""
-- Up-to-date: /home/yalcinolgac/ros2_ws/install/day2/include/day2/day2
-- Up-to-date: /home/yalcinolgac/ros2_ws/install/day2/include/day2/day2/msg
-- Up-to-date: /home/yalcinolgac/ros2_ws/install/day2/include/day2/day2/msg/detail
-- Installing: /home/yalcinolgac/ros2_ws/install/day2/include/day2/day2/msg/detail/robot_status__rosidl_typesupport_introspection_c.h
-- Up-to-date: /home/yalcinolgac/ros2_ws/install/day2/include/day2/day2/msg/detail/sensor_data__type_support.c
-- Installing: /home/yalcinolgac/ros2_ws/install/day2/include/day2/day2/msg/detail/sensor_data__rosidl_typesupport_introspection_c.h
-- Up-to-date: /home/yalcinolgac/ros2_ws/install/day2/include/day2/day2/msg/detail/robot_status__type_support.c
-- Installing: /home/yalcinolgac/ros2_ws/install/day2/include/day2/day2/msg/rosidl_typesupport_introspection_c__visibility_control.h
-- Installing: /home/yalcinolgac/ros2_ws/install/day2/lib/libday2__rosidl_typesupport_introspection_c.so
-- Set non-toolchain portion of runtime path of "/home/yalcinolgac/ros2_ws/install/day2/lib/libday2__rosidl_typesupport_introspection_c.so" to ""
-- Installing: /home/yalcinolgac/ros2_ws/install/day2/lib/libday2__rosidl_typesupport_c.so
-- Set non-toolchain portion of runtime path of "/home/yalcinolgac/ros2_ws/install/day2/lib/libday2__rosidl_typesupport_c.so" to ""
-- Up-to-date: /home/yalcinolgac/ros2_ws/install/day2/include/day2/day2
-- Up-to-date: /home/yalcinolgac/ros2_ws/install/day2/include/day2/day2/msg
-- Up-to-date: /home/yalcinolgac/ros2_ws/install/day2/include/day2/day2/msg/detail
-- Installing: /home/yalcinolgac/ros2_ws/install/day2/include/day2/day2/msg/detail/sensor_data__rosidl_typesupport_introspection_cpp.hpp
-- Installing: /home/yalcinolgac/ros2_ws/install/day2/include/day2/day2/msg/detail/robot_status__type_support.cpp
-- Installing: /home/yalcinolgac/ros2_ws/install/day2/include/day2/day2/msg/detail/sensor_data__type_support.cpp
-- Installing: /home/yalcinolgac/ros2_ws/install/day2/include/day2/day2/msg/detail/robot_status__rosidl_typesupport_introspection_cpp.hpp
-- Installing: /home/yalcinolgac/ros2_ws/install/day2/lib/libday2__rosidl_typesupport_introspection_cpp.so
-- Set non-toolchain portion of runtime path of "/home/yalcinolgac/ros2_ws/install/day2/lib/libday2__rosidl_typesupport_introspection_cpp.so" to ""
-- Installing: /home/yalcinolgac/ros2_ws/install/day2/lib/libday2__rosidl_typesupport_cpp.so
-- Set non-toolchain portion of runtime path of "/home/yalcinolgac/ros2_ws/install/day2/lib/libday2__rosidl_typesupport_cpp.so" to ""
-- Installing: /home/yalcinolgac/ros2_ws/install/day2/share/day2/environment/pythonpath.sh
-- Installing: /home/yalcinolgac/ros2_ws/install/day2/share/day2/environment/pythonpath.dsv
-- Installing: /home/yalcinolgac/ros2_ws/install/day2/lib/python3.12/site-packages/day2-1.0.0-py3.12.egg-info
-- Installing: /home/yalcinolgac/ros2_ws/install/day2/lib/python3.12/site-packages/day2-1.0.0-py3.12.egg-info/PKG-INFO
-- Installing: /home/yalcinolgac/ros2_ws/install/day2/lib/python3.12/site-packages/day2-1.0.0-py3.12.egg-info/SOURCES.txt
-- Installing: /home/yalcinolgac/ros2_ws/install/day2/lib/python3.12/site-packages/day2-1.0.0-py3.12.egg-info/dependency_links.txt
-- Installing: /home/yalcinolgac/ros2_ws/install/day2/lib/python3.12/site-packages/day2-1.0.0-py3.12.egg-info/top_level.txt
-- Installing: /home/yalcinolgac/ros2_ws/install/day2/lib/python3.12/site-packages/day2
-- Installing: /home/yalcinolgac/ros2_ws/install/day2/lib/python3.12/site-packages/day2/_day2_s.ep.rosidl_typesupport_fastrtps_c.c
-- Installing: /home/yalcinolgac/ros2_ws/install/day2/lib/python3.12/site-packages/day2/msg
-- Installing: /home/yalcinolgac/ros2_ws/install/day2/lib/python3.12/site-packages/day2/msg/_robot_status_s.c
-- Installing: /home/yalcinolgac/ros2_ws/install/day2/lib/python3.12/site-packages/day2/msg/_sensor_data.py
-- Installing: /home/yalcinolgac/ros2_ws/install/day2/lib/python3.12/site-packages/day2/msg/_sensor_data_s.c
-- Installing: /home/yalcinolgac/ros2_ws/install/day2/lib/python3.12/site-packages/day2/msg/__init__.py
-- Installing: /home/yalcinolgac/ros2_ws/install/day2/lib/python3.12/site-packages/day2/msg/_robot_status.py
-- Installing: /home/yalcinolgac/ros2_ws/install/day2/lib/python3.12/site-packages/day2/day2_s__rosidl_typesupport_fastrtps_c.so
-- Installing: /home/yalcinolgac/ros2_ws/install/day2/lib/python3.12/site-packages/day2/_day2_s.ep.rosidl_typesupport_introspection_c.c
-- Installing: /home/yalcinolgac/ros2_ws/install/day2/lib/python3.12/site-packages/day2/__init__.py
-- Installing: /home/yalcinolgac/ros2_ws/install/day2/lib/python3.12/site-packages/day2/day2_s__rosidl_typesupport_c.so
-- Installing: /home/yalcinolgac/ros2_ws/install/day2/lib/python3.12/site-packages/day2/day2_s__rosidl_typesupport_introspection_c.so
-- Installing: /home/yalcinolgac/ros2_ws/install/day2/lib/python3.12/site-packages/day2/_day2_s.ep.rosidl_typesupport_c.c
Listing '/home/yalcinolgac/ros2_ws/install/day2/lib/python3.12/site-packages/day2'...
Compiling '/home/yalcinolgac/ros2_ws/install/day2/lib/python3.12/site-packages/day2/__init__.py'...
Listing '/home/yalcinolgac/ros2_ws/install/day2/lib/python3.12/site-packages/day2/msg'...
Compiling '/home/yalcinolgac/ros2_ws/install/day2/lib/python3.12/site-packages/day2/msg/__init__.py'...
Compiling '/home/yalcinolgac/ros2_ws/install/day2/lib/python3.12/site-packages/day2/msg/_robot_status.py'...
Compiling '/home/yalcinolgac/ros2_ws/install/day2/lib/python3.12/site-packages/day2/msg/_sensor_data.py'...
-- Installing: /home/yalcinolgac/ros2_ws/install/day2/lib/python3.12/site-packages/day2/day2_s__rosidl_typesupport_fastrtps_c.so
-- Set non-toolchain portion of runtime path of "/home/yalcinolgac/ros2_ws/install/day2/lib/python3.12/site-packages/day2/day2_s__rosidl_typesupport_fastrtps_c.so" to ""
-- Installing: /home/yalcinolgac/ros2_ws/install/day2/lib/python3.12/site-packages/day2/day2_s__rosidl_typesupport_introspection_c.so
-- Set non-toolchain portion of runtime path of "/home/yalcinolgac/ros2_ws/install/day2/lib/python3.12/site-packages/day2/day2_s__rosidl_typesupport_introspection_c.so" to ""
-- Installing: /home/yalcinolgac/ros2_ws/install/day2/lib/python3.12/site-packages/day2/day2_s__rosidl_typesupport_c.so
-- Set non-toolchain portion of runtime path of "/home/yalcinolgac/ros2_ws/install/day2/lib/python3.12/site-packages/day2/day2_s__rosidl_typesupport_c.so" to ""
-- Installing: /home/yalcinolgac/ros2_ws/install/day2/lib/libday2__rosidl_generator_py.so
-- Set non-toolchain portion of runtime path of "/home/yalcinolgac/ros2_ws/install/day2/lib/libday2__rosidl_generator_py.so" to ""
-- Installing: /home/yalcinolgac/ros2_ws/install/day2/share/day2/msg/RobotStatus.idl
-- Installing: /home/yalcinolgac/ros2_ws/install/day2/share/day2/msg/SensorData.idl
-- Installing: /home/yalcinolgac/ros2_ws/install/day2/share/day2/msg/RobotStatus.msg
-- Installing: /home/yalcinolgac/ros2_ws/install/day2/share/day2/msg/SensorData.msg
-- Installing: /home/yalcinolgac/ros2_ws/install/day2/share/ament_index/resource_index/package_run_dependencies/day2
-- Installing: /home/yalcinolgac/ros2_ws/install/day2/share/ament_index/resource_index/parent_prefix_path/day2
-- Installing: /home/yalcinolgac/ros2_ws/install/day2/share/day2/environment/ament_prefix_path.sh
-- Installing: /home/yalcinolgac/ros2_ws/install/day2/share/day2/environment/ament_prefix_path.dsv
-- Installing: /home/yalcinolgac/ros2_ws/install/day2/share/day2/environment/path.sh
-- Installing: /home/yalcinolgac/ros2_ws/install/day2/share/day2/environment/path.dsv
-- Installing: /home/yalcinolgac/ros2_ws/install/day2/share/day2/local_setup.bash
-- Installing: /home/yalcinolgac/ros2_ws/install/day2/share/day2/local_setup.sh
-- Installing: /home/yalcinolgac/ros2_ws/install/day2/share/day2/local_setup.zsh
-- Installing: /home/yalcinolgac/ros2_ws/install/day2/share/day2/local_setup.dsv
-- Installing: /home/yalcinolgac/ros2_ws/install/day2/share/day2/package.dsv
-- Installing: /home/yalcinolgac/ros2_ws/install/day2/share/ament_index/resource_index/packages/day2
-- Installing: /home/yalcinolgac/ros2_ws/install/day2/share/day2/cmake/export_day2__rosidl_generator_cExport.cmake
-- Installing: /home/yalcinolgac/ros2_ws/install/day2/share/day2/cmake/export_day2__rosidl_generator_cExport-noconfig.cmake
-- Installing: /home/yalcinolgac/ros2_ws/install/day2/share/day2/cmake/export_day2__rosidl_typesupport_fastrtps_cExport.cmake
-- Installing: /home/yalcinolgac/ros2_ws/install/day2/share/day2/cmake/export_day2__rosidl_typesupport_fastrtps_cExport-noconfig.cmake
-- Installing: /home/yalcinolgac/ros2_ws/install/day2/share/day2/cmake/export_day2__rosidl_generator_cppExport.cmake
-- Installing: /home/yalcinolgac/ros2_ws/install/day2/share/day2/cmake/export_day2__rosidl_typesupport_fastrtps_cppExport.cmake
-- Installing: /home/yalcinolgac/ros2_ws/install/day2/share/day2/cmake/export_day2__rosidl_typesupport_fastrtps_cppExport-noconfig.cmake
-- Installing: /home/yalcinolgac/ros2_ws/install/day2/share/day2/cmake/day2__rosidl_typesupport_introspection_cExport.cmake
-- Installing: /home/yalcinolgac/ros2_ws/install/day2/share/day2/cmake/day2__rosidl_typesupport_introspection_cExport-noconfig.cmake
-- Installing: /home/yalcinolgac/ros2_ws/install/day2/share/day2/cmake/day2__rosidl_typesupport_cExport.cmake
-- Installing: /home/yalcinolgac/ros2_ws/install/day2/share/day2/cmake/day2__rosidl_typesupport_cExport-noconfig.cmake
-- Installing: /home/yalcinolgac/ros2_ws/install/day2/share/day2/cmake/day2__rosidl_typesupport_introspection_cppExport.cmake
-- Installing: /home/yalcinolgac/ros2_ws/install/day2/share/day2/cmake/day2__rosidl_typesupport_introspection_cppExport-noconfig.cmake
-- Installing: /home/yalcinolgac/ros2_ws/install/day2/share/day2/cmake/day2__rosidl_typesupport_cppExport.cmake
-- Installing: /home/yalcinolgac/ros2_ws/install/day2/share/day2/cmake/day2__rosidl_typesupport_cppExport-noconfig.cmake
-- Installing: /home/yalcinolgac/ros2_ws/install/day2/share/day2/cmake/export_day2__rosidl_generator_pyExport.cmake
-- Installing: /home/yalcinolgac/ros2_ws/install/day2/share/day2/cmake/export_day2__rosidl_generator_pyExport-noconfig.cmake
-- Installing: /home/yalcinolgac/ros2_ws/install/day2/share/day2/cmake/rosidl_cmake-extras.cmake
-- Installing: /home/yalcinolgac/ros2_ws/install/day2/share/day2/cmake/ament_cmake_export_dependencies-extras.cmake
-- Installing: /home/yalcinolgac/ros2_ws/install/day2/share/day2/cmake/ament_cmake_export_include_directories-extras.cmake
-- Installing: /home/yalcinolgac/ros2_ws/install/day2/share/day2/cmake/ament_cmake_export_libraries-extras.cmake
-- Installing: /home/yalcinolgac/ros2_ws/install/day2/share/day2/cmake/ament_cmake_export_targets-extras.cmake
-- Installing: /home/yalcinolgac/ros2_ws/install/day2/share/day2/cmake/rosidl_cmake_export_typesupport_targets-extras.cmake
-- Installing: /home/yalcinolgac/ros2_ws/install/day2/share/day2/cmake/rosidl_cmake_export_typesupport_libraries-extras.cmake
-- Installing: /home/yalcinolgac/ros2_ws/install/day2/share/day2/cmake/day2Config.cmake
-- Installing: /home/yalcinolgac/ros2_ws/install/day2/share/day2/cmake/day2Config-version.cmake
-- Installing: /home/yalcinolgac/ros2_ws/install/day2/share/day2/package.xml
