[0.007s] Invoking command in '/home/yalcinolgac/ros2_ws/build/day2': CMAKE_PREFIX_PATH=${CMAKE_PREFIX_PATH}:/opt/ros/jazzy /usr/bin/cmake /home/yalcinolgac/ros2_ws/src/day2 -DCMAKE_INSTALL_PREFIX=/home/yalcinolgac/ros2_ws/install/day2
[0.017s] -- Found ament_cmake: 2.5.4 (/opt/ros/jazzy/share/ament_cmake/cmake)
[0.142s] -- Found builtin_interfaces: 2.0.2 (/opt/ros/jazzy/share/builtin_interfaces/cmake)
[0.159s] -- Found rosidl_generator_c: 4.6.5 (/opt/ros/jazzy/share/rosidl_generator_c/cmake)
[0.164s] -- Found rosidl_generator_cpp: 4.6.5 (/opt/ros/jazzy/share/rosidl_generator_cpp/cmake)
[0.171s] -- Using all available rosidl_typesupport_c: rosidl_typesupport_fastrtps_c;rosidl_typesupport_introspection_c
[0.178s] -- Using all available rosidl_typesupport_cpp: rosidl_typesupport_fastrtps_cpp;rosidl_typesupport_introspection_cpp
[0.184s] -- Found std_msgs: 5.3.6 (/opt/ros/jazzy/share/std_msgs/cmake)
[0.191s] -- Found geometry_msgs: 5.3.6 (/opt/ros/jazzy/share/geometry_msgs/cmake)
[0.199s] -- Found rosidl_default_generators: 1.6.0 (/opt/ros/jazzy/share/rosidl_default_generators/cmake)
[0.203s] -- Found rosidl_adapter: 4.6.5 (/opt/ros/jazzy/share/rosidl_adapter/cmake)
[0.553s] -- Found ament_cmake_ros: 0.12.0 (/opt/ros/jazzy/share/ament_cmake_ros/cmake)
[1.024s] -- Using all available rosidl_typesupport_c: rosidl_typesupport_fastrtps_c;rosidl_typesupport_introspection_c
[1.208s] -- Using all available rosidl_typesupport_cpp: rosidl_typesupport_fastrtps_cpp;rosidl_typesupport_introspection_cpp
[1.215s] -- Found python_cmake_module: 0.11.1 (/opt/ros/jazzy/share/python_cmake_module/cmake)
[1.293s] -- Found PythonExtra: /usr/bin/python3  
[1.585s] -- Found Python3: /usr/bin/python3 (found version "3.12.3") found components: Interpreter Development NumPy Development.Module Development.Embed 
[1.620s] -- Found ament_lint_auto: 0.17.2 (/opt/ros/jazzy/share/ament_lint_auto/cmake)
[1.655s] -- Added test 'copyright' to check source files copyright and LICENSE
[1.657s] -- Added test 'lint_cmake' to check CMake code style
[1.659s] -- Added test 'xmllint' to check XML markup files
[1.661s] -- Configuring done (1.6s)
[1.688s] -- Generating done (0.0s)
[1.693s] -- Build files have been written to: /home/yalcinolgac/ros2_ws/build/day2
[1.697s] Invoked command in '/home/yalcinolgac/ros2_ws/build/day2' returned '0': CMAKE_PREFIX_PATH=${CMAKE_PREFIX_PATH}:/opt/ros/jazzy /usr/bin/cmake /home/yalcinolgac/ros2_ws/src/day2 -DCMAKE_INSTALL_PREFIX=/home/yalcinolgac/ros2_ws/install/day2
[1.698s] Invoking command in '/home/yalcinolgac/ros2_ws/build/day2': CMAKE_PREFIX_PATH=${CMAKE_PREFIX_PATH}:/opt/ros/jazzy /usr/bin/cmake --build /home/yalcinolgac/ros2_ws/build/day2 -- -j32 -l32
[1.728s] [  2%] [34m[1mGenerating type hashes for ROS interfaces[0m
[1.733s] [  2%] Built target ament_cmake_python_copy_day2
[1.856s] running egg_info
[1.856s] creating day2.egg-info
[1.866s] writing day2.egg-info/PKG-INFO
[1.866s] writing dependency_links to day2.egg-info/dependency_links.txt
[1.866s] writing top-level names to day2.egg-info/top_level.txt
[1.867s] writing manifest file 'day2.egg-info/SOURCES.txt'
[1.898s] reading manifest file 'day2.egg-info/SOURCES.txt'
[1.898s] writing manifest file 'day2.egg-info/SOURCES.txt'
[1.913s] [  2%] Built target ament_cmake_python_build_day2_egg
[1.974s] [  2%] Built target day2__rosidl_generator_type_description
[1.980s] [  4%] [34m[1mGenerating C code for ROS interfaces[0m
[1.986s] [  6%] [34m[1mGenerating C++ code for ROS interfaces[0m
[2.252s] [  6%] Built target day2__cpp
[2.273s] [ 11%] [32mBuilding C object CMakeFiles/day2__rosidl_generator_c.dir/rosidl_generator_c/day2/msg/detail/robot_status__description.c.o[0m
[2.273s] [ 11%] [32mBuilding C object CMakeFiles/day2__rosidl_generator_c.dir/rosidl_generator_c/day2/msg/detail/robot_status__functions.c.o[0m
[2.273s] [ 13%] [32mBuilding C object CMakeFiles/day2__rosidl_generator_c.dir/rosidl_generator_c/day2/msg/detail/sensor_data__description.c.o[0m
[2.273s] [ 15%] [32mBuilding C object CMakeFiles/day2__rosidl_generator_c.dir/rosidl_generator_c/day2/msg/detail/sensor_data__functions.c.o[0m
[2.273s] [ 18%] [32mBuilding C object CMakeFiles/day2__rosidl_generator_c.dir/rosidl_generator_c/day2/msg/detail/sensor_data__type_support.c.o[0m
[2.274s] [ 20%] [32mBuilding C object CMakeFiles/day2__rosidl_generator_c.dir/rosidl_generator_c/day2/msg/detail/robot_status__type_support.c.o[0m
[2.320s] [ 22%] [32m[1mLinking C shared library libday2__rosidl_generator_c.so[0m
[2.347s] [ 22%] Built target day2__rosidl_generator_c
[2.353s] [ 27%] [34m[1mGenerating C++ type support for eProsima Fast-RTPS[0m
[2.353s] [ 27%] [34m[1mGenerating C type support for eProsima Fast-RTPS[0m
[2.354s] [ 29%] [34m[1mGenerating C++ type support dispatch for ROS interfaces[0m
[2.354s] [ 34%] [34m[1mGenerating C introspection for ROS interfaces[0m
[2.354s] [ 34%] [34m[1mGenerating C type support dispatch for ROS interfaces[0m
[2.354s] [ 36%] [34m[1mGenerating C++ introspection for ROS interfaces[0m
[2.627s] [ 38%] [32mBuilding CXX object CMakeFiles/day2__rosidl_typesupport_cpp.dir/rosidl_typesupport_cpp/day2/msg/robot_status__type_support.cpp.o[0m
[2.628s] [ 40%] [32mBuilding CXX object CMakeFiles/day2__rosidl_typesupport_c.dir/rosidl_typesupport_c/day2/msg/robot_status__type_support.cpp.o[0m
[2.628s] [ 43%] [32mBuilding CXX object CMakeFiles/day2__rosidl_typesupport_cpp.dir/rosidl_typesupport_cpp/day2/msg/sensor_data__type_support.cpp.o[0m
[2.628s] [ 45%] [32mBuilding CXX object CMakeFiles/day2__rosidl_typesupport_c.dir/rosidl_typesupport_c/day2/msg/sensor_data__type_support.cpp.o[0m
[2.634s] [ 54%] [32mBuilding C object CMakeFiles/day2__rosidl_typesupport_introspection_c.dir/rosidl_typesupport_introspection_c/day2/msg/detail/robot_status__type_support.c.o[0m
[2.634s] [ 54%] [32mBuilding CXX object CMakeFiles/day2__rosidl_typesupport_introspection_cpp.dir/rosidl_typesupport_introspection_cpp/day2/msg/detail/sensor_data__type_support.cpp.o[0m
[2.634s] [ 54%] [32mBuilding C object CMakeFiles/day2__rosidl_typesupport_introspection_c.dir/rosidl_typesupport_introspection_c/day2/msg/detail/sensor_data__type_support.c.o[0m
[2.635s] [ 54%] [32mBuilding CXX object CMakeFiles/day2__rosidl_typesupport_introspection_cpp.dir/rosidl_typesupport_introspection_cpp/day2/msg/detail/robot_status__type_support.cpp.o[0m
[2.661s] [ 59%] [32mBuilding CXX object CMakeFiles/day2__rosidl_typesupport_fastrtps_cpp.dir/rosidl_typesupport_fastrtps_cpp/day2/msg/detail/dds_fastrtps/robot_status__type_support.cpp.o[0m
[2.661s] [ 61%] [32mBuilding CXX object CMakeFiles/day2__rosidl_typesupport_fastrtps_c.dir/rosidl_typesupport_fastrtps_c/day2/msg/detail/robot_status__type_support_c.cpp.o[0m
[2.661s] [ 61%] [32mBuilding CXX object CMakeFiles/day2__rosidl_typesupport_fastrtps_cpp.dir/rosidl_typesupport_fastrtps_cpp/day2/msg/detail/dds_fastrtps/sensor_data__type_support.cpp.o[0m
[2.661s] [ 63%] [32mBuilding CXX object CMakeFiles/day2__rosidl_typesupport_fastrtps_c.dir/rosidl_typesupport_fastrtps_c/day2/msg/detail/sensor_data__type_support_c.cpp.o[0m
[2.663s] [ 65%] [32m[1mLinking CXX shared library libday2__rosidl_typesupport_c.so[0m
[2.671s] [ 68%] [32m[1mLinking C shared library libday2__rosidl_typesupport_introspection_c.so[0m
[2.691s] [ 68%] Built target day2__rosidl_typesupport_c
[2.699s] [ 68%] Built target day2__rosidl_typesupport_introspection_c
[2.862s] [ 70%] [32m[1mLinking CXX shared library libday2__rosidl_typesupport_cpp.so[0m
[2.891s] [ 70%] Built target day2__rosidl_typesupport_cpp
[2.917s] [ 72%] [32m[1mLinking CXX shared library libday2__rosidl_typesupport_introspection_cpp.so[0m
[2.961s] [ 75%] [32m[1mLinking CXX shared library libday2__rosidl_typesupport_fastrtps_c.so[0m
[2.962s] [ 75%] Built target day2__rosidl_typesupport_introspection_cpp
[2.990s] [ 77%] [32m[1mLinking CXX shared library libday2__rosidl_typesupport_fastrtps_cpp.so[0m
[3.008s] [ 77%] Built target day2__rosidl_typesupport_fastrtps_c
[3.037s] [ 77%] Built target day2__rosidl_typesupport_fastrtps_cpp
[3.050s] [ 77%] Built target day2
[3.062s] [ 79%] [34m[1mGenerating Python code for ROS interfaces[0m
[3.510s] [ 79%] Built target day2__py
[3.523s] [ 84%] [32mBuilding C object CMakeFiles/day2__rosidl_generator_py.dir/rosidl_generator_py/day2/msg/_robot_status_s.c.o[0m
[3.523s] [ 84%] [32mBuilding C object CMakeFiles/day2__rosidl_generator_py.dir/rosidl_generator_py/day2/msg/_sensor_data_s.c.o[0m
[3.643s] [ 86%] [32m[1mLinking C shared library libday2__rosidl_generator_py.so[0m
[3.674s] [ 86%] Built target day2__rosidl_generator_py
[3.686s] [ 88%] [32mBuilding C object CMakeFiles/day2_s__rosidl_typesupport_introspection_c.dir/rosidl_generator_py/day2/_day2_s.ep.rosidl_typesupport_introspection_c.c.o[0m
[3.687s] [ 90%] [32mBuilding C object CMakeFiles/day2_s__rosidl_typesupport_fastrtps_c.dir/rosidl_generator_py/day2/_day2_s.ep.rosidl_typesupport_fastrtps_c.c.o[0m
[3.687s] [ 93%] [32mBuilding C object CMakeFiles/day2_s__rosidl_typesupport_c.dir/rosidl_generator_py/day2/_day2_s.ep.rosidl_typesupport_c.c.o[0m
[3.744s] [ 95%] [32m[1mLinking C shared module rosidl_generator_py/day2/day2_s__rosidl_typesupport_c.so[0m
[3.746s] [ 97%] [32m[1mLinking C shared module rosidl_generator_py/day2/day2_s__rosidl_typesupport_introspection_c.so[0m
[3.747s] [100%] [32m[1mLinking C shared module rosidl_generator_py/day2/day2_s__rosidl_typesupport_fastrtps_c.so[0m
[3.763s] [100%] Built target day2_s__rosidl_typesupport_c
[3.764s] [100%] Built target day2_s__rosidl_typesupport_introspection_c
[3.766s] [100%] Built target day2_s__rosidl_typesupport_fastrtps_c
[3.774s] Invoked command in '/home/yalcinolgac/ros2_ws/build/day2' returned '0': CMAKE_PREFIX_PATH=${CMAKE_PREFIX_PATH}:/opt/ros/jazzy /usr/bin/cmake --build /home/yalcinolgac/ros2_ws/build/day2 -- -j32 -l32
[3.775s] Invoking command in '/home/yalcinolgac/ros2_ws/build/day2': CMAKE_PREFIX_PATH=${CMAKE_PREFIX_PATH}:/opt/ros/jazzy /usr/bin/cmake --install /home/yalcinolgac/ros2_ws/build/day2
[3.780s] -- Install configuration: ""
[3.780s] -- Installing: /home/yalcinolgac/ros2_ws/install/day2/share/ament_index/resource_index/rosidl_interfaces/day2
[3.780s] -- Installing: /home/yalcinolgac/ros2_ws/install/day2/share/day2/msg/RobotStatus.json
[3.781s] -- Installing: /home/yalcinolgac/ros2_ws/install/day2/share/day2/msg/SensorData.json
[3.781s] -- Installing: /home/yalcinolgac/ros2_ws/install/day2/include/day2/day2
[3.781s] -- Installing: /home/yalcinolgac/ros2_ws/install/day2/include/day2/day2/msg
[3.781s] -- Installing: /home/yalcinolgac/ros2_ws/install/day2/include/day2/day2/msg/detail
[3.781s] -- Installing: /home/yalcinolgac/ros2_ws/install/day2/include/day2/day2/msg/detail/robot_status__functions.h
[3.781s] -- Installing: /home/yalcinolgac/ros2_ws/install/day2/include/day2/day2/msg/detail/sensor_data__functions.h
[3.781s] -- Installing: /home/yalcinolgac/ros2_ws/install/day2/include/day2/day2/msg/detail/sensor_data__functions.c
[3.782s] -- Installing: /home/yalcinolgac/ros2_ws/install/day2/include/day2/day2/msg/detail/robot_status__description.c
[3.782s] -- Installing: /home/yalcinolgac/ros2_ws/install/day2/include/day2/day2/msg/detail/sensor_data__type_support.c
[3.782s] -- Installing: /home/yalcinolgac/ros2_ws/install/day2/include/day2/day2/msg/detail/robot_status__type_support.h
[3.782s] -- Installing: /home/yalcinolgac/ros2_ws/install/day2/include/day2/day2/msg/detail/robot_status__struct.h
[3.782s] -- Installing: /home/yalcinolgac/ros2_ws/install/day2/include/day2/day2/msg/detail/robot_status__functions.c
[3.782s] -- Installing: /home/yalcinolgac/ros2_ws/install/day2/include/day2/day2/msg/detail/sensor_data__type_support.h
[3.782s] -- Installing: /home/yalcinolgac/ros2_ws/install/day2/include/day2/day2/msg/detail/robot_status__type_support.c
[3.782s] -- Installing: /home/yalcinolgac/ros2_ws/install/day2/include/day2/day2/msg/detail/sensor_data__description.c
[3.782s] -- Installing: /home/yalcinolgac/ros2_ws/install/day2/include/day2/day2/msg/detail/sensor_data__struct.h
[3.782s] -- Installing: /home/yalcinolgac/ros2_ws/install/day2/include/day2/day2/msg/sensor_data.h
[3.782s] -- Installing: /home/yalcinolgac/ros2_ws/install/day2/include/day2/day2/msg/robot_status.h
[3.782s] -- Installing: /home/yalcinolgac/ros2_ws/install/day2/include/day2/day2/msg/rosidl_generator_c__visibility_control.h
[3.782s] -- Installing: /home/yalcinolgac/ros2_ws/install/day2/share/day2/environment/library_path.sh
[3.782s] -- Installing: /home/yalcinolgac/ros2_ws/install/day2/share/day2/environment/library_path.dsv
[3.782s] -- Installing: /home/yalcinolgac/ros2_ws/install/day2/lib/libday2__rosidl_generator_c.so
[3.783s] -- Set non-toolchain portion of runtime path of "/home/yalcinolgac/ros2_ws/install/day2/lib/libday2__rosidl_generator_c.so" to ""
[3.783s] -- Up-to-date: /home/yalcinolgac/ros2_ws/install/day2/include/day2/day2
[3.783s] -- Up-to-date: /home/yalcinolgac/ros2_ws/install/day2/include/day2/day2/msg
[3.783s] -- Up-to-date: /home/yalcinolgac/ros2_ws/install/day2/include/day2/day2/msg/detail
[3.783s] -- Installing: /home/yalcinolgac/ros2_ws/install/day2/include/day2/day2/msg/detail/sensor_data__rosidl_typesupport_fastrtps_c.h
[3.783s] -- Installing: /home/yalcinolgac/ros2_ws/install/day2/include/day2/day2/msg/detail/robot_status__rosidl_typesupport_fastrtps_c.h
[3.783s] -- Installing: /home/yalcinolgac/ros2_ws/install/day2/include/day2/day2/msg/rosidl_typesupport_fastrtps_c__visibility_control.h
[3.783s] -- Installing: /home/yalcinolgac/ros2_ws/install/day2/lib/libday2__rosidl_typesupport_fastrtps_c.so
[3.783s] -- Set non-toolchain portion of runtime path of "/home/yalcinolgac/ros2_ws/install/day2/lib/libday2__rosidl_typesupport_fastrtps_c.so" to ""
[3.783s] -- Up-to-date: /home/yalcinolgac/ros2_ws/install/day2/include/day2/day2
[3.783s] -- Up-to-date: /home/yalcinolgac/ros2_ws/install/day2/include/day2/day2/msg
[3.783s] -- Installing: /home/yalcinolgac/ros2_ws/install/day2/include/day2/day2/msg/sensor_data.hpp
[3.783s] -- Up-to-date: /home/yalcinolgac/ros2_ws/install/day2/include/day2/day2/msg/detail
[3.783s] -- Installing: /home/yalcinolgac/ros2_ws/install/day2/include/day2/day2/msg/detail/robot_status__builder.hpp
[3.784s] -- Installing: /home/yalcinolgac/ros2_ws/install/day2/include/day2/day2/msg/detail/sensor_data__builder.hpp
[3.784s] -- Installing: /home/yalcinolgac/ros2_ws/install/day2/include/day2/day2/msg/detail/sensor_data__struct.hpp
[3.784s] -- Installing: /home/yalcinolgac/ros2_ws/install/day2/include/day2/day2/msg/detail/sensor_data__type_support.hpp
[3.784s] -- Installing: /home/yalcinolgac/ros2_ws/install/day2/include/day2/day2/msg/detail/sensor_data__traits.hpp
[3.784s] -- Installing: /home/yalcinolgac/ros2_ws/install/day2/include/day2/day2/msg/detail/robot_status__traits.hpp
[3.784s] -- Installing: /home/yalcinolgac/ros2_ws/install/day2/include/day2/day2/msg/detail/robot_status__struct.hpp
[3.784s] -- Installing: /home/yalcinolgac/ros2_ws/install/day2/include/day2/day2/msg/detail/robot_status__type_support.hpp
[3.784s] -- Installing: /home/yalcinolgac/ros2_ws/install/day2/include/day2/day2/msg/rosidl_generator_cpp__visibility_control.hpp
[3.784s] -- Installing: /home/yalcinolgac/ros2_ws/install/day2/include/day2/day2/msg/robot_status.hpp
[3.784s] -- Up-to-date: /home/yalcinolgac/ros2_ws/install/day2/include/day2/day2
[3.784s] -- Up-to-date: /home/yalcinolgac/ros2_ws/install/day2/include/day2/day2/msg
[3.784s] -- Up-to-date: /home/yalcinolgac/ros2_ws/install/day2/include/day2/day2/msg/detail
[3.784s] -- Installing: /home/yalcinolgac/ros2_ws/install/day2/include/day2/day2/msg/detail/sensor_data__rosidl_typesupport_fastrtps_cpp.hpp
[3.785s] -- Installing: /home/yalcinolgac/ros2_ws/install/day2/include/day2/day2/msg/detail/dds_fastrtps
[3.785s] -- Installing: /home/yalcinolgac/ros2_ws/install/day2/include/day2/day2/msg/detail/robot_status__rosidl_typesupport_fastrtps_cpp.hpp
[3.785s] -- Installing: /home/yalcinolgac/ros2_ws/install/day2/include/day2/day2/msg/rosidl_typesupport_fastrtps_cpp__visibility_control.h
[3.785s] -- Installing: /home/yalcinolgac/ros2_ws/install/day2/lib/libday2__rosidl_typesupport_fastrtps_cpp.so
[3.785s] -- Set non-toolchain portion of runtime path of "/home/yalcinolgac/ros2_ws/install/day2/lib/libday2__rosidl_typesupport_fastrtps_cpp.so" to ""
[3.785s] -- Up-to-date: /home/yalcinolgac/ros2_ws/install/day2/include/day2/day2
[3.785s] -- Up-to-date: /home/yalcinolgac/ros2_ws/install/day2/include/day2/day2/msg
[3.785s] -- Up-to-date: /home/yalcinolgac/ros2_ws/install/day2/include/day2/day2/msg/detail
[3.786s] -- Installing: /home/yalcinolgac/ros2_ws/install/day2/include/day2/day2/msg/detail/robot_status__rosidl_typesupport_introspection_c.h
[3.786s] -- Up-to-date: /home/yalcinolgac/ros2_ws/install/day2/include/day2/day2/msg/detail/sensor_data__type_support.c
[3.786s] -- Installing: /home/yalcinolgac/ros2_ws/install/day2/include/day2/day2/msg/detail/sensor_data__rosidl_typesupport_introspection_c.h
[3.786s] -- Up-to-date: /home/yalcinolgac/ros2_ws/install/day2/include/day2/day2/msg/detail/robot_status__type_support.c
[3.786s] -- Installing: /home/yalcinolgac/ros2_ws/install/day2/include/day2/day2/msg/rosidl_typesupport_introspection_c__visibility_control.h
[3.786s] -- Installing: /home/yalcinolgac/ros2_ws/install/day2/lib/libday2__rosidl_typesupport_introspection_c.so
[3.786s] -- Set non-toolchain portion of runtime path of "/home/yalcinolgac/ros2_ws/install/day2/lib/libday2__rosidl_typesupport_introspection_c.so" to ""
[3.786s] -- Installing: /home/yalcinolgac/ros2_ws/install/day2/lib/libday2__rosidl_typesupport_c.so
[3.786s] -- Set non-toolchain portion of runtime path of "/home/yalcinolgac/ros2_ws/install/day2/lib/libday2__rosidl_typesupport_c.so" to ""
[3.786s] -- Up-to-date: /home/yalcinolgac/ros2_ws/install/day2/include/day2/day2
[3.786s] -- Up-to-date: /home/yalcinolgac/ros2_ws/install/day2/include/day2/day2/msg
[3.786s] -- Up-to-date: /home/yalcinolgac/ros2_ws/install/day2/include/day2/day2/msg/detail
[3.786s] -- Installing: /home/yalcinolgac/ros2_ws/install/day2/include/day2/day2/msg/detail/sensor_data__rosidl_typesupport_introspection_cpp.hpp
[3.787s] -- Installing: /home/yalcinolgac/ros2_ws/install/day2/include/day2/day2/msg/detail/robot_status__type_support.cpp
[3.787s] -- Installing: /home/yalcinolgac/ros2_ws/install/day2/include/day2/day2/msg/detail/sensor_data__type_support.cpp
[3.787s] -- Installing: /home/yalcinolgac/ros2_ws/install/day2/include/day2/day2/msg/detail/robot_status__rosidl_typesupport_introspection_cpp.hpp
[3.787s] -- Installing: /home/yalcinolgac/ros2_ws/install/day2/lib/libday2__rosidl_typesupport_introspection_cpp.so
[3.787s] -- Set non-toolchain portion of runtime path of "/home/yalcinolgac/ros2_ws/install/day2/lib/libday2__rosidl_typesupport_introspection_cpp.so" to ""
[3.787s] -- Installing: /home/yalcinolgac/ros2_ws/install/day2/lib/libday2__rosidl_typesupport_cpp.so
[3.787s] -- Set non-toolchain portion of runtime path of "/home/yalcinolgac/ros2_ws/install/day2/lib/libday2__rosidl_typesupport_cpp.so" to ""
[3.787s] -- Installing: /home/yalcinolgac/ros2_ws/install/day2/share/day2/environment/pythonpath.sh
[3.787s] -- Installing: /home/yalcinolgac/ros2_ws/install/day2/share/day2/environment/pythonpath.dsv
[3.787s] -- Installing: /home/yalcinolgac/ros2_ws/install/day2/lib/python3.12/site-packages/day2-1.0.0-py3.12.egg-info
[3.787s] -- Installing: /home/yalcinolgac/ros2_ws/install/day2/lib/python3.12/site-packages/day2-1.0.0-py3.12.egg-info/PKG-INFO
[3.788s] -- Installing: /home/yalcinolgac/ros2_ws/install/day2/lib/python3.12/site-packages/day2-1.0.0-py3.12.egg-info/SOURCES.txt
[3.788s] -- Installing: /home/yalcinolgac/ros2_ws/install/day2/lib/python3.12/site-packages/day2-1.0.0-py3.12.egg-info/dependency_links.txt
[3.788s] -- Installing: /home/yalcinolgac/ros2_ws/install/day2/lib/python3.12/site-packages/day2-1.0.0-py3.12.egg-info/top_level.txt
[3.788s] -- Installing: /home/yalcinolgac/ros2_ws/install/day2/lib/python3.12/site-packages/day2
[3.788s] -- Installing: /home/yalcinolgac/ros2_ws/install/day2/lib/python3.12/site-packages/day2/_day2_s.ep.rosidl_typesupport_fastrtps_c.c
[3.788s] -- Installing: /home/yalcinolgac/ros2_ws/install/day2/lib/python3.12/site-packages/day2/msg
[3.788s] -- Installing: /home/yalcinolgac/ros2_ws/install/day2/lib/python3.12/site-packages/day2/msg/_robot_status_s.c
[3.788s] -- Installing: /home/yalcinolgac/ros2_ws/install/day2/lib/python3.12/site-packages/day2/msg/_sensor_data.py
[3.788s] -- Installing: /home/yalcinolgac/ros2_ws/install/day2/lib/python3.12/site-packages/day2/msg/_sensor_data_s.c
[3.788s] -- Installing: /home/yalcinolgac/ros2_ws/install/day2/lib/python3.12/site-packages/day2/msg/__init__.py
[3.788s] -- Installing: /home/yalcinolgac/ros2_ws/install/day2/lib/python3.12/site-packages/day2/msg/_robot_status.py
[3.788s] -- Installing: /home/yalcinolgac/ros2_ws/install/day2/lib/python3.12/site-packages/day2/day2_s__rosidl_typesupport_fastrtps_c.so
[3.788s] -- Installing: /home/yalcinolgac/ros2_ws/install/day2/lib/python3.12/site-packages/day2/_day2_s.ep.rosidl_typesupport_introspection_c.c
[3.788s] -- Installing: /home/yalcinolgac/ros2_ws/install/day2/lib/python3.12/site-packages/day2/__init__.py
[3.789s] -- Installing: /home/yalcinolgac/ros2_ws/install/day2/lib/python3.12/site-packages/day2/day2_s__rosidl_typesupport_c.so
[3.789s] -- Installing: /home/yalcinolgac/ros2_ws/install/day2/lib/python3.12/site-packages/day2/day2_s__rosidl_typesupport_introspection_c.so
[3.789s] -- Installing: /home/yalcinolgac/ros2_ws/install/day2/lib/python3.12/site-packages/day2/_day2_s.ep.rosidl_typesupport_c.c
[3.815s] Listing '/home/yalcinolgac/ros2_ws/install/day2/lib/python3.12/site-packages/day2'...
[3.815s] Compiling '/home/yalcinolgac/ros2_ws/install/day2/lib/python3.12/site-packages/day2/__init__.py'...
[3.815s] Listing '/home/yalcinolgac/ros2_ws/install/day2/lib/python3.12/site-packages/day2/msg'...
[3.815s] Compiling '/home/yalcinolgac/ros2_ws/install/day2/lib/python3.12/site-packages/day2/msg/__init__.py'...
[3.815s] Compiling '/home/yalcinolgac/ros2_ws/install/day2/lib/python3.12/site-packages/day2/msg/_robot_status.py'...
[3.815s] Compiling '/home/yalcinolgac/ros2_ws/install/day2/lib/python3.12/site-packages/day2/msg/_sensor_data.py'...
[3.818s] -- Installing: /home/yalcinolgac/ros2_ws/install/day2/lib/python3.12/site-packages/day2/day2_s__rosidl_typesupport_fastrtps_c.so
[3.818s] -- Set non-toolchain portion of runtime path of "/home/yalcinolgac/ros2_ws/install/day2/lib/python3.12/site-packages/day2/day2_s__rosidl_typesupport_fastrtps_c.so" to ""
[3.818s] -- Installing: /home/yalcinolgac/ros2_ws/install/day2/lib/python3.12/site-packages/day2/day2_s__rosidl_typesupport_introspection_c.so
[3.819s] -- Set non-toolchain portion of runtime path of "/home/yalcinolgac/ros2_ws/install/day2/lib/python3.12/site-packages/day2/day2_s__rosidl_typesupport_introspection_c.so" to ""
[3.819s] -- Installing: /home/yalcinolgac/ros2_ws/install/day2/lib/python3.12/site-packages/day2/day2_s__rosidl_typesupport_c.so
[3.819s] -- Set non-toolchain portion of runtime path of "/home/yalcinolgac/ros2_ws/install/day2/lib/python3.12/site-packages/day2/day2_s__rosidl_typesupport_c.so" to ""
[3.819s] -- Installing: /home/yalcinolgac/ros2_ws/install/day2/lib/libday2__rosidl_generator_py.so
[3.819s] -- Set non-toolchain portion of runtime path of "/home/yalcinolgac/ros2_ws/install/day2/lib/libday2__rosidl_generator_py.so" to ""
[3.819s] -- Installing: /home/yalcinolgac/ros2_ws/install/day2/share/day2/msg/RobotStatus.idl
[3.819s] -- Installing: /home/yalcinolgac/ros2_ws/install/day2/share/day2/msg/SensorData.idl
[3.819s] -- Installing: /home/yalcinolgac/ros2_ws/install/day2/share/day2/msg/RobotStatus.msg
[3.819s] -- Installing: /home/yalcinolgac/ros2_ws/install/day2/share/day2/msg/SensorData.msg
[3.819s] -- Installing: /home/yalcinolgac/ros2_ws/install/day2/share/ament_index/resource_index/package_run_dependencies/day2
[3.820s] -- Installing: /home/yalcinolgac/ros2_ws/install/day2/share/ament_index/resource_index/parent_prefix_path/day2
[3.820s] -- Installing: /home/yalcinolgac/ros2_ws/install/day2/share/day2/environment/ament_prefix_path.sh
[3.820s] -- Installing: /home/yalcinolgac/ros2_ws/install/day2/share/day2/environment/ament_prefix_path.dsv
[3.820s] -- Installing: /home/yalcinolgac/ros2_ws/install/day2/share/day2/environment/path.sh
[3.820s] -- Installing: /home/yalcinolgac/ros2_ws/install/day2/share/day2/environment/path.dsv
[3.820s] -- Installing: /home/yalcinolgac/ros2_ws/install/day2/share/day2/local_setup.bash
[3.820s] -- Installing: /home/yalcinolgac/ros2_ws/install/day2/share/day2/local_setup.sh
[3.820s] -- Installing: /home/yalcinolgac/ros2_ws/install/day2/share/day2/local_setup.zsh
[3.820s] -- Installing: /home/yalcinolgac/ros2_ws/install/day2/share/day2/local_setup.dsv
[3.821s] -- Installing: /home/yalcinolgac/ros2_ws/install/day2/share/day2/package.dsv
[3.821s] -- Installing: /home/yalcinolgac/ros2_ws/install/day2/share/ament_index/resource_index/packages/day2
[3.821s] -- Installing: /home/yalcinolgac/ros2_ws/install/day2/share/day2/cmake/export_day2__rosidl_generator_cExport.cmake
[3.821s] -- Installing: /home/yalcinolgac/ros2_ws/install/day2/share/day2/cmake/export_day2__rosidl_generator_cExport-noconfig.cmake
[3.821s] -- Installing: /home/yalcinolgac/ros2_ws/install/day2/share/day2/cmake/export_day2__rosidl_typesupport_fastrtps_cExport.cmake
[3.821s] -- Installing: /home/yalcinolgac/ros2_ws/install/day2/share/day2/cmake/export_day2__rosidl_typesupport_fastrtps_cExport-noconfig.cmake
[3.821s] -- Installing: /home/yalcinolgac/ros2_ws/install/day2/share/day2/cmake/export_day2__rosidl_generator_cppExport.cmake
[3.821s] -- Installing: /home/yalcinolgac/ros2_ws/install/day2/share/day2/cmake/export_day2__rosidl_typesupport_fastrtps_cppExport.cmake
[3.821s] -- Installing: /home/yalcinolgac/ros2_ws/install/day2/share/day2/cmake/export_day2__rosidl_typesupport_fastrtps_cppExport-noconfig.cmake
[3.822s] -- Installing: /home/yalcinolgac/ros2_ws/install/day2/share/day2/cmake/day2__rosidl_typesupport_introspection_cExport.cmake
[3.822s] -- Installing: /home/yalcinolgac/ros2_ws/install/day2/share/day2/cmake/day2__rosidl_typesupport_introspection_cExport-noconfig.cmake
[3.822s] -- Installing: /home/yalcinolgac/ros2_ws/install/day2/share/day2/cmake/day2__rosidl_typesupport_cExport.cmake
[3.822s] -- Installing: /home/yalcinolgac/ros2_ws/install/day2/share/day2/cmake/day2__rosidl_typesupport_cExport-noconfig.cmake
[3.822s] -- Installing: /home/yalcinolgac/ros2_ws/install/day2/share/day2/cmake/day2__rosidl_typesupport_introspection_cppExport.cmake
[3.822s] -- Installing: /home/yalcinolgac/ros2_ws/install/day2/share/day2/cmake/day2__rosidl_typesupport_introspection_cppExport-noconfig.cmake
[3.822s] -- Installing: /home/yalcinolgac/ros2_ws/install/day2/share/day2/cmake/day2__rosidl_typesupport_cppExport.cmake
[3.822s] -- Installing: /home/yalcinolgac/ros2_ws/install/day2/share/day2/cmake/day2__rosidl_typesupport_cppExport-noconfig.cmake
[3.822s] -- Installing: /home/yalcinolgac/ros2_ws/install/day2/share/day2/cmake/export_day2__rosidl_generator_pyExport.cmake
[3.822s] -- Installing: /home/yalcinolgac/ros2_ws/install/day2/share/day2/cmake/export_day2__rosidl_generator_pyExport-noconfig.cmake
[3.823s] -- Installing: /home/yalcinolgac/ros2_ws/install/day2/share/day2/cmake/rosidl_cmake-extras.cmake
[3.823s] -- Installing: /home/yalcinolgac/ros2_ws/install/day2/share/day2/cmake/ament_cmake_export_dependencies-extras.cmake
[3.823s] -- Installing: /home/yalcinolgac/ros2_ws/install/day2/share/day2/cmake/ament_cmake_export_include_directories-extras.cmake
[3.823s] -- Installing: /home/yalcinolgac/ros2_ws/install/day2/share/day2/cmake/ament_cmake_export_libraries-extras.cmake
[3.823s] -- Installing: /home/yalcinolgac/ros2_ws/install/day2/share/day2/cmake/ament_cmake_export_targets-extras.cmake
[3.823s] -- Installing: /home/yalcinolgac/ros2_ws/install/day2/share/day2/cmake/rosidl_cmake_export_typesupport_targets-extras.cmake
[3.823s] -- Installing: /home/yalcinolgac/ros2_ws/install/day2/share/day2/cmake/rosidl_cmake_export_typesupport_libraries-extras.cmake
[3.823s] -- Installing: /home/yalcinolgac/ros2_ws/install/day2/share/day2/cmake/day2Config.cmake
[3.823s] -- Installing: /home/yalcinolgac/ros2_ws/install/day2/share/day2/cmake/day2Config-version.cmake
[3.823s] -- Installing: /home/yalcinolgac/ros2_ws/install/day2/share/day2/package.xml
[3.824s] Invoked command in '/home/yalcinolgac/ros2_ws/build/day2' returned '0': CMAKE_PREFIX_PATH=${CMAKE_PREFIX_PATH}:/opt/ros/jazzy /usr/bin/cmake --install /home/yalcinolgac/ros2_ws/build/day2
