[  1%] Built target repeat_1_4__rosidl_generator_type_description
[  1%] Built target ament_cmake_python_copy_repeat_1_4
[  3%] Built target repeat_1_4__cpp
[ 19%] Built target repeat_1_4__rosidl_generator_c
[ 27%] Built target repeat_1_4__rosidl_typesupport_introspection_c
[ 34%] Built target repeat_1_4__rosidl_typesupport_introspection_cpp
[ 42%] Built target repeat_1_4__rosidl_typesupport_c
[ 50%] Built target repeat_1_4__rosidl_typesupport_fastrtps_c
[ 57%] Built target repeat_1_4__rosidl_typesupport_fastrtps_cpp
[ 65%] Built target repeat_1_4__rosidl_typesupport_cpp
[ 65%] Built target repeat_1_4
[ 66%] Built target repeat_1_4__py
[ 75%] Built target position_subscriber
[ 75%] Built target move_service_client
[ 75%] Built target goto_action_client
[ 78%] Built target position_publisher
[ 80%] [32mBuilding CXX object CMakeFiles/goto_action_server.dir/src/goto_action_server.cpp.o[0m
[ 83%] Built target move_service_server
[ 89%] Built target repeat_1_4__rosidl_generator_py
[ 92%] Built target repeat_1_4_s__rosidl_typesupport_fastrtps_c
[ 95%] Built target repeat_1_4_s__rosidl_typesupport_c
[ 98%] Built target repeat_1_4_s__rosidl_typesupport_introspection_c
running egg_info
writing repeat_1_4.egg-info/PKG-INFO
writing dependency_links to repeat_1_4.egg-info/dependency_links.txt
writing top-level names to repeat_1_4.egg-info/top_level.txt
reading manifest file 'repeat_1_4.egg-info/SOURCES.txt'
writing manifest file 'repeat_1_4.egg-info/SOURCES.txt'
[ 98%] Built target ament_cmake_python_build_repeat_1_4_egg
[100%] [32m[1mLinking CXX executable goto_action_server[0m
[100%] Built target goto_action_server
-- Install configuration: ""
-- Installing: /home/yalcinolgac/ros2_ws/install/repeat_1_4/share/ament_index/resource_index/rosidl_interfaces/repeat_1_4
-- Installing: /home/yalcinolgac/ros2_ws/install/repeat_1_4/share/repeat_1_4/msg/Position.json
-- Installing: /home/yalcinolgac/ros2_ws/install/repeat_1_4/share/repeat_1_4/srv/MoveRobot.json
-- Installing: /home/yalcinolgac/ros2_ws/install/repeat_1_4/share/repeat_1_4/action/GoToPoint.json
-- Installing: /home/yalcinolgac/ros2_ws/install/repeat_1_4/include/repeat_1_4/repeat_1_4
-- Installing: /home/yalcinolgac/ros2_ws/install/repeat_1_4/include/repeat_1_4/repeat_1_4/msg
-- Installing: /home/yalcinolgac/ros2_ws/install/repeat_1_4/include/repeat_1_4/repeat_1_4/msg/detail
-- Installing: /home/yalcinolgac/ros2_ws/install/repeat_1_4/include/repeat_1_4/repeat_1_4/msg/detail/position__functions.h
-- Installing: /home/yalcinolgac/ros2_ws/install/repeat_1_4/include/repeat_1_4/repeat_1_4/msg/detail/position__struct.h
-- Installing: /home/yalcinolgac/ros2_ws/install/repeat_1_4/include/repeat_1_4/repeat_1_4/msg/detail/position__type_support.h
-- Installing: /home/yalcinolgac/ros2_ws/install/repeat_1_4/include/repeat_1_4/repeat_1_4/msg/detail/position__description.c
-- Installing: /home/yalcinolgac/ros2_ws/install/repeat_1_4/include/repeat_1_4/repeat_1_4/msg/detail/position__functions.c
-- Installing: /home/yalcinolgac/ros2_ws/install/repeat_1_4/include/repeat_1_4/repeat_1_4/msg/detail/position__type_support.c
-- Installing: /home/yalcinolgac/ros2_ws/install/repeat_1_4/include/repeat_1_4/repeat_1_4/msg/position.h
-- Installing: /home/yalcinolgac/ros2_ws/install/repeat_1_4/include/repeat_1_4/repeat_1_4/msg/rosidl_generator_c__visibility_control.h
-- Installing: /home/yalcinolgac/ros2_ws/install/repeat_1_4/include/repeat_1_4/repeat_1_4/action
-- Installing: /home/yalcinolgac/ros2_ws/install/repeat_1_4/include/repeat_1_4/repeat_1_4/action/detail
-- Installing: /home/yalcinolgac/ros2_ws/install/repeat_1_4/include/repeat_1_4/repeat_1_4/action/detail/go_to_point__functions.h
-- Installing: /home/yalcinolgac/ros2_ws/install/repeat_1_4/include/repeat_1_4/repeat_1_4/action/detail/go_to_point__type_support.c
-- Installing: /home/yalcinolgac/ros2_ws/install/repeat_1_4/include/repeat_1_4/repeat_1_4/action/detail/go_to_point__type_support.h
-- Installing: /home/yalcinolgac/ros2_ws/install/repeat_1_4/include/repeat_1_4/repeat_1_4/action/detail/go_to_point__description.c
-- Installing: /home/yalcinolgac/ros2_ws/install/repeat_1_4/include/repeat_1_4/repeat_1_4/action/detail/go_to_point__functions.c
-- Installing: /home/yalcinolgac/ros2_ws/install/repeat_1_4/include/repeat_1_4/repeat_1_4/action/detail/go_to_point__struct.h
-- Installing: /home/yalcinolgac/ros2_ws/install/repeat_1_4/include/repeat_1_4/repeat_1_4/action/go_to_point.h
-- Installing: /home/yalcinolgac/ros2_ws/install/repeat_1_4/include/repeat_1_4/repeat_1_4/srv
-- Installing: /home/yalcinolgac/ros2_ws/install/repeat_1_4/include/repeat_1_4/repeat_1_4/srv/detail
-- Installing: /home/yalcinolgac/ros2_ws/install/repeat_1_4/include/repeat_1_4/repeat_1_4/srv/detail/move_robot__description.c
-- Installing: /home/yalcinolgac/ros2_ws/install/repeat_1_4/include/repeat_1_4/repeat_1_4/srv/detail/move_robot__struct.h
-- Installing: /home/yalcinolgac/ros2_ws/install/repeat_1_4/include/repeat_1_4/repeat_1_4/srv/detail/move_robot__type_support.c
-- Installing: /home/yalcinolgac/ros2_ws/install/repeat_1_4/include/repeat_1_4/repeat_1_4/srv/detail/move_robot__type_support.h
-- Installing: /home/yalcinolgac/ros2_ws/install/repeat_1_4/include/repeat_1_4/repeat_1_4/srv/detail/move_robot__functions.c
-- Installing: /home/yalcinolgac/ros2_ws/install/repeat_1_4/include/repeat_1_4/repeat_1_4/srv/detail/move_robot__functions.h
-- Installing: /home/yalcinolgac/ros2_ws/install/repeat_1_4/include/repeat_1_4/repeat_1_4/srv/move_robot.h
-- Installing: /home/yalcinolgac/ros2_ws/install/repeat_1_4/share/repeat_1_4/environment/library_path.sh
-- Installing: /home/yalcinolgac/ros2_ws/install/repeat_1_4/share/repeat_1_4/environment/library_path.dsv
-- Installing: /home/yalcinolgac/ros2_ws/install/repeat_1_4/lib/librepeat_1_4__rosidl_generator_c.so
-- Set non-toolchain portion of runtime path of "/home/yalcinolgac/ros2_ws/install/repeat_1_4/lib/librepeat_1_4__rosidl_generator_c.so" to ""
-- Up-to-date: /home/yalcinolgac/ros2_ws/install/repeat_1_4/include/repeat_1_4/repeat_1_4
-- Up-to-date: /home/yalcinolgac/ros2_ws/install/repeat_1_4/include/repeat_1_4/repeat_1_4/msg
-- Up-to-date: /home/yalcinolgac/ros2_ws/install/repeat_1_4/include/repeat_1_4/repeat_1_4/msg/detail
-- Installing: /home/yalcinolgac/ros2_ws/install/repeat_1_4/include/repeat_1_4/repeat_1_4/msg/detail/position__rosidl_typesupport_fastrtps_c.h
-- Installing: /home/yalcinolgac/ros2_ws/install/repeat_1_4/include/repeat_1_4/repeat_1_4/msg/rosidl_typesupport_fastrtps_c__visibility_control.h
-- Up-to-date: /home/yalcinolgac/ros2_ws/install/repeat_1_4/include/repeat_1_4/repeat_1_4/action
-- Up-to-date: /home/yalcinolgac/ros2_ws/install/repeat_1_4/include/repeat_1_4/repeat_1_4/action/detail
-- Installing: /home/yalcinolgac/ros2_ws/install/repeat_1_4/include/repeat_1_4/repeat_1_4/action/detail/go_to_point__rosidl_typesupport_fastrtps_c.h
-- Up-to-date: /home/yalcinolgac/ros2_ws/install/repeat_1_4/include/repeat_1_4/repeat_1_4/srv
-- Up-to-date: /home/yalcinolgac/ros2_ws/install/repeat_1_4/include/repeat_1_4/repeat_1_4/srv/detail
-- Installing: /home/yalcinolgac/ros2_ws/install/repeat_1_4/include/repeat_1_4/repeat_1_4/srv/detail/move_robot__rosidl_typesupport_fastrtps_c.h
-- Installing: /home/yalcinolgac/ros2_ws/install/repeat_1_4/lib/librepeat_1_4__rosidl_typesupport_fastrtps_c.so
-- Set non-toolchain portion of runtime path of "/home/yalcinolgac/ros2_ws/install/repeat_1_4/lib/librepeat_1_4__rosidl_typesupport_fastrtps_c.so" to ""
-- Up-to-date: /home/yalcinolgac/ros2_ws/install/repeat_1_4/include/repeat_1_4/repeat_1_4
-- Up-to-date: /home/yalcinolgac/ros2_ws/install/repeat_1_4/include/repeat_1_4/repeat_1_4/msg
-- Up-to-date: /home/yalcinolgac/ros2_ws/install/repeat_1_4/include/repeat_1_4/repeat_1_4/msg/detail
-- Installing: /home/yalcinolgac/ros2_ws/install/repeat_1_4/include/repeat_1_4/repeat_1_4/msg/detail/position__type_support.hpp
-- Installing: /home/yalcinolgac/ros2_ws/install/repeat_1_4/include/repeat_1_4/repeat_1_4/msg/detail/position__builder.hpp
-- Installing: /home/yalcinolgac/ros2_ws/install/repeat_1_4/include/repeat_1_4/repeat_1_4/msg/detail/position__struct.hpp
-- Installing: /home/yalcinolgac/ros2_ws/install/repeat_1_4/include/repeat_1_4/repeat_1_4/msg/detail/position__traits.hpp
-- Installing: /home/yalcinolgac/ros2_ws/install/repeat_1_4/include/repeat_1_4/repeat_1_4/msg/rosidl_generator_cpp__visibility_control.hpp
-- Installing: /home/yalcinolgac/ros2_ws/install/repeat_1_4/include/repeat_1_4/repeat_1_4/msg/position.hpp
-- Up-to-date: /home/yalcinolgac/ros2_ws/install/repeat_1_4/include/repeat_1_4/repeat_1_4/action
-- Up-to-date: /home/yalcinolgac/ros2_ws/install/repeat_1_4/include/repeat_1_4/repeat_1_4/action/detail
-- Installing: /home/yalcinolgac/ros2_ws/install/repeat_1_4/include/repeat_1_4/repeat_1_4/action/detail/go_to_point__type_support.hpp
-- Installing: /home/yalcinolgac/ros2_ws/install/repeat_1_4/include/repeat_1_4/repeat_1_4/action/detail/go_to_point__struct.hpp
-- Installing: /home/yalcinolgac/ros2_ws/install/repeat_1_4/include/repeat_1_4/repeat_1_4/action/detail/go_to_point__traits.hpp
-- Installing: /home/yalcinolgac/ros2_ws/install/repeat_1_4/include/repeat_1_4/repeat_1_4/action/detail/go_to_point__builder.hpp
-- Installing: /home/yalcinolgac/ros2_ws/install/repeat_1_4/include/repeat_1_4/repeat_1_4/action/go_to_point.hpp
-- Up-to-date: /home/yalcinolgac/ros2_ws/install/repeat_1_4/include/repeat_1_4/repeat_1_4/srv
-- Up-to-date: /home/yalcinolgac/ros2_ws/install/repeat_1_4/include/repeat_1_4/repeat_1_4/srv/detail
-- Installing: /home/yalcinolgac/ros2_ws/install/repeat_1_4/include/repeat_1_4/repeat_1_4/srv/detail/move_robot__builder.hpp
-- Installing: /home/yalcinolgac/ros2_ws/install/repeat_1_4/include/repeat_1_4/repeat_1_4/srv/detail/move_robot__struct.hpp
-- Installing: /home/yalcinolgac/ros2_ws/install/repeat_1_4/include/repeat_1_4/repeat_1_4/srv/detail/move_robot__traits.hpp
-- Installing: /home/yalcinolgac/ros2_ws/install/repeat_1_4/include/repeat_1_4/repeat_1_4/srv/detail/move_robot__type_support.hpp
-- Installing: /home/yalcinolgac/ros2_ws/install/repeat_1_4/include/repeat_1_4/repeat_1_4/srv/move_robot.hpp
-- Up-to-date: /home/yalcinolgac/ros2_ws/install/repeat_1_4/include/repeat_1_4/repeat_1_4
-- Up-to-date: /home/yalcinolgac/ros2_ws/install/repeat_1_4/include/repeat_1_4/repeat_1_4/msg
-- Up-to-date: /home/yalcinolgac/ros2_ws/install/repeat_1_4/include/repeat_1_4/repeat_1_4/msg/detail
-- Installing: /home/yalcinolgac/ros2_ws/install/repeat_1_4/include/repeat_1_4/repeat_1_4/msg/detail/position__rosidl_typesupport_fastrtps_cpp.hpp
-- Installing: /home/yalcinolgac/ros2_ws/install/repeat_1_4/include/repeat_1_4/repeat_1_4/msg/detail/dds_fastrtps
-- Installing: /home/yalcinolgac/ros2_ws/install/repeat_1_4/include/repeat_1_4/repeat_1_4/msg/rosidl_typesupport_fastrtps_cpp__visibility_control.h
-- Up-to-date: /home/yalcinolgac/ros2_ws/install/repeat_1_4/include/repeat_1_4/repeat_1_4/action
-- Up-to-date: /home/yalcinolgac/ros2_ws/install/repeat_1_4/include/repeat_1_4/repeat_1_4/action/detail
-- Installing: /home/yalcinolgac/ros2_ws/install/repeat_1_4/include/repeat_1_4/repeat_1_4/action/detail/dds_fastrtps
-- Installing: /home/yalcinolgac/ros2_ws/install/repeat_1_4/include/repeat_1_4/repeat_1_4/action/detail/go_to_point__rosidl_typesupport_fastrtps_cpp.hpp
-- Up-to-date: /home/yalcinolgac/ros2_ws/install/repeat_1_4/include/repeat_1_4/repeat_1_4/srv
-- Up-to-date: /home/yalcinolgac/ros2_ws/install/repeat_1_4/include/repeat_1_4/repeat_1_4/srv/detail
-- Installing: /home/yalcinolgac/ros2_ws/install/repeat_1_4/include/repeat_1_4/repeat_1_4/srv/detail/dds_fastrtps
-- Installing: /home/yalcinolgac/ros2_ws/install/repeat_1_4/include/repeat_1_4/repeat_1_4/srv/detail/move_robot__rosidl_typesupport_fastrtps_cpp.hpp
-- Installing: /home/yalcinolgac/ros2_ws/install/repeat_1_4/lib/librepeat_1_4__rosidl_typesupport_fastrtps_cpp.so
-- Set non-toolchain portion of runtime path of "/home/yalcinolgac/ros2_ws/install/repeat_1_4/lib/librepeat_1_4__rosidl_typesupport_fastrtps_cpp.so" to ""
-- Up-to-date: /home/yalcinolgac/ros2_ws/install/repeat_1_4/include/repeat_1_4/repeat_1_4
-- Up-to-date: /home/yalcinolgac/ros2_ws/install/repeat_1_4/include/repeat_1_4/repeat_1_4/msg
-- Up-to-date: /home/yalcinolgac/ros2_ws/install/repeat_1_4/include/repeat_1_4/repeat_1_4/msg/detail
-- Installing: /home/yalcinolgac/ros2_ws/install/repeat_1_4/include/repeat_1_4/repeat_1_4/msg/detail/position__rosidl_typesupport_introspection_c.h
-- Up-to-date: /home/yalcinolgac/ros2_ws/install/repeat_1_4/include/repeat_1_4/repeat_1_4/msg/detail/position__type_support.c
-- Installing: /home/yalcinolgac/ros2_ws/install/repeat_1_4/include/repeat_1_4/repeat_1_4/msg/rosidl_typesupport_introspection_c__visibility_control.h
-- Up-to-date: /home/yalcinolgac/ros2_ws/install/repeat_1_4/include/repeat_1_4/repeat_1_4/action
-- Up-to-date: /home/yalcinolgac/ros2_ws/install/repeat_1_4/include/repeat_1_4/repeat_1_4/action/detail
-- Up-to-date: /home/yalcinolgac/ros2_ws/install/repeat_1_4/include/repeat_1_4/repeat_1_4/action/detail/go_to_point__type_support.c
-- Installing: /home/yalcinolgac/ros2_ws/install/repeat_1_4/include/repeat_1_4/repeat_1_4/action/detail/go_to_point__rosidl_typesupport_introspection_c.h
-- Up-to-date: /home/yalcinolgac/ros2_ws/install/repeat_1_4/include/repeat_1_4/repeat_1_4/srv
-- Up-to-date: /home/yalcinolgac/ros2_ws/install/repeat_1_4/include/repeat_1_4/repeat_1_4/srv/detail
-- Up-to-date: /home/yalcinolgac/ros2_ws/install/repeat_1_4/include/repeat_1_4/repeat_1_4/srv/detail/move_robot__type_support.c
-- Installing: /home/yalcinolgac/ros2_ws/install/repeat_1_4/include/repeat_1_4/repeat_1_4/srv/detail/move_robot__rosidl_typesupport_introspection_c.h
-- Installing: /home/yalcinolgac/ros2_ws/install/repeat_1_4/lib/librepeat_1_4__rosidl_typesupport_introspection_c.so
-- Set non-toolchain portion of runtime path of "/home/yalcinolgac/ros2_ws/install/repeat_1_4/lib/librepeat_1_4__rosidl_typesupport_introspection_c.so" to ""
-- Installing: /home/yalcinolgac/ros2_ws/install/repeat_1_4/lib/librepeat_1_4__rosidl_typesupport_c.so
-- Set non-toolchain portion of runtime path of "/home/yalcinolgac/ros2_ws/install/repeat_1_4/lib/librepeat_1_4__rosidl_typesupport_c.so" to ""
-- Up-to-date: /home/yalcinolgac/ros2_ws/install/repeat_1_4/include/repeat_1_4/repeat_1_4
-- Up-to-date: /home/yalcinolgac/ros2_ws/install/repeat_1_4/include/repeat_1_4/repeat_1_4/msg
-- Up-to-date: /home/yalcinolgac/ros2_ws/install/repeat_1_4/include/repeat_1_4/repeat_1_4/msg/detail
-- Installing: /home/yalcinolgac/ros2_ws/install/repeat_1_4/include/repeat_1_4/repeat_1_4/msg/detail/position__rosidl_typesupport_introspection_cpp.hpp
-- Installing: /home/yalcinolgac/ros2_ws/install/repeat_1_4/include/repeat_1_4/repeat_1_4/msg/detail/position__type_support.cpp
-- Up-to-date: /home/yalcinolgac/ros2_ws/install/repeat_1_4/include/repeat_1_4/repeat_1_4/action
-- Up-to-date: /home/yalcinolgac/ros2_ws/install/repeat_1_4/include/repeat_1_4/repeat_1_4/action/detail
-- Installing: /home/yalcinolgac/ros2_ws/install/repeat_1_4/include/repeat_1_4/repeat_1_4/action/detail/go_to_point__type_support.cpp
-- Installing: /home/yalcinolgac/ros2_ws/install/repeat_1_4/include/repeat_1_4/repeat_1_4/action/detail/go_to_point__rosidl_typesupport_introspection_cpp.hpp
-- Up-to-date: /home/yalcinolgac/ros2_ws/install/repeat_1_4/include/repeat_1_4/repeat_1_4/srv
-- Up-to-date: /home/yalcinolgac/ros2_ws/install/repeat_1_4/include/repeat_1_4/repeat_1_4/srv/detail
-- Installing: /home/yalcinolgac/ros2_ws/install/repeat_1_4/include/repeat_1_4/repeat_1_4/srv/detail/move_robot__type_support.cpp
-- Installing: /home/yalcinolgac/ros2_ws/install/repeat_1_4/include/repeat_1_4/repeat_1_4/srv/detail/move_robot__rosidl_typesupport_introspection_cpp.hpp
-- Installing: /home/yalcinolgac/ros2_ws/install/repeat_1_4/lib/librepeat_1_4__rosidl_typesupport_introspection_cpp.so
-- Set non-toolchain portion of runtime path of "/home/yalcinolgac/ros2_ws/install/repeat_1_4/lib/librepeat_1_4__rosidl_typesupport_introspection_cpp.so" to ""
-- Installing: /home/yalcinolgac/ros2_ws/install/repeat_1_4/lib/librepeat_1_4__rosidl_typesupport_cpp.so
-- Set non-toolchain portion of runtime path of "/home/yalcinolgac/ros2_ws/install/repeat_1_4/lib/librepeat_1_4__rosidl_typesupport_cpp.so" to ""
-- Installing: /home/yalcinolgac/ros2_ws/install/repeat_1_4/share/repeat_1_4/environment/pythonpath.sh
-- Installing: /home/yalcinolgac/ros2_ws/install/repeat_1_4/share/repeat_1_4/environment/pythonpath.dsv
-- Installing: /home/yalcinolgac/ros2_ws/install/repeat_1_4/lib/python3.12/site-packages/repeat_1_4-0.0.0-py3.12.egg-info
-- Installing: /home/yalcinolgac/ros2_ws/install/repeat_1_4/lib/python3.12/site-packages/repeat_1_4-0.0.0-py3.12.egg-info/PKG-INFO
-- Installing: /home/yalcinolgac/ros2_ws/install/repeat_1_4/lib/python3.12/site-packages/repeat_1_4-0.0.0-py3.12.egg-info/SOURCES.txt
-- Installing: /home/yalcinolgac/ros2_ws/install/repeat_1_4/lib/python3.12/site-packages/repeat_1_4-0.0.0-py3.12.egg-info/dependency_links.txt
-- Installing: /home/yalcinolgac/ros2_ws/install/repeat_1_4/lib/python3.12/site-packages/repeat_1_4-0.0.0-py3.12.egg-info/top_level.txt
-- Installing: /home/yalcinolgac/ros2_ws/install/repeat_1_4/lib/python3.12/site-packages/repeat_1_4
-- Installing: /home/yalcinolgac/ros2_ws/install/repeat_1_4/lib/python3.12/site-packages/repeat_1_4/_repeat_1_4_s.ep.rosidl_typesupport_fastrtps_c.c
-- Installing: /home/yalcinolgac/ros2_ws/install/repeat_1_4/lib/python3.12/site-packages/repeat_1_4/msg
-- Installing: /home/yalcinolgac/ros2_ws/install/repeat_1_4/lib/python3.12/site-packages/repeat_1_4/msg/_position.py
-- Installing: /home/yalcinolgac/ros2_ws/install/repeat_1_4/lib/python3.12/site-packages/repeat_1_4/msg/_position_s.c
-- Installing: /home/yalcinolgac/ros2_ws/install/repeat_1_4/lib/python3.12/site-packages/repeat_1_4/msg/__init__.py
-- Installing: /home/yalcinolgac/ros2_ws/install/repeat_1_4/lib/python3.12/site-packages/repeat_1_4/action
-- Installing: /home/yalcinolgac/ros2_ws/install/repeat_1_4/lib/python3.12/site-packages/repeat_1_4/action/_go_to_point_s.c
-- Installing: /home/yalcinolgac/ros2_ws/install/repeat_1_4/lib/python3.12/site-packages/repeat_1_4/action/__init__.py
-- Installing: /home/yalcinolgac/ros2_ws/install/repeat_1_4/lib/python3.12/site-packages/repeat_1_4/action/_go_to_point.py
-- Installing: /home/yalcinolgac/ros2_ws/install/repeat_1_4/lib/python3.12/site-packages/repeat_1_4/__init__.py
-- Installing: /home/yalcinolgac/ros2_ws/install/repeat_1_4/lib/python3.12/site-packages/repeat_1_4/repeat_1_4_s__rosidl_typesupport_fastrtps_c.so
-- Installing: /home/yalcinolgac/ros2_ws/install/repeat_1_4/lib/python3.12/site-packages/repeat_1_4/_repeat_1_4_s.ep.rosidl_typesupport_c.c
-- Installing: /home/yalcinolgac/ros2_ws/install/repeat_1_4/lib/python3.12/site-packages/repeat_1_4/srv
-- Installing: /home/yalcinolgac/ros2_ws/install/repeat_1_4/lib/python3.12/site-packages/repeat_1_4/srv/_move_robot.py
-- Installing: /home/yalcinolgac/ros2_ws/install/repeat_1_4/lib/python3.12/site-packages/repeat_1_4/srv/_move_robot_s.c
-- Installing: /home/yalcinolgac/ros2_ws/install/repeat_1_4/lib/python3.12/site-packages/repeat_1_4/srv/__init__.py
-- Installing: /home/yalcinolgac/ros2_ws/install/repeat_1_4/lib/python3.12/site-packages/repeat_1_4/repeat_1_4_s__rosidl_typesupport_c.so
-- Installing: /home/yalcinolgac/ros2_ws/install/repeat_1_4/lib/python3.12/site-packages/repeat_1_4/_repeat_1_4_s.ep.rosidl_typesupport_introspection_c.c
-- Installing: /home/yalcinolgac/ros2_ws/install/repeat_1_4/lib/python3.12/site-packages/repeat_1_4/repeat_1_4_s__rosidl_typesupport_introspection_c.so
Listing '/home/yalcinolgac/ros2_ws/install/repeat_1_4/lib/python3.12/site-packages/repeat_1_4'...
Compiling '/home/yalcinolgac/ros2_ws/install/repeat_1_4/lib/python3.12/site-packages/repeat_1_4/__init__.py'...
Listing '/home/yalcinolgac/ros2_ws/install/repeat_1_4/lib/python3.12/site-packages/repeat_1_4/action'...
Compiling '/home/yalcinolgac/ros2_ws/install/repeat_1_4/lib/python3.12/site-packages/repeat_1_4/action/__init__.py'...
Compiling '/home/yalcinolgac/ros2_ws/install/repeat_1_4/lib/python3.12/site-packages/repeat_1_4/action/_go_to_point.py'...
Listing '/home/yalcinolgac/ros2_ws/install/repeat_1_4/lib/python3.12/site-packages/repeat_1_4/msg'...
Compiling '/home/yalcinolgac/ros2_ws/install/repeat_1_4/lib/python3.12/site-packages/repeat_1_4/msg/__init__.py'...
Compiling '/home/yalcinolgac/ros2_ws/install/repeat_1_4/lib/python3.12/site-packages/repeat_1_4/msg/_position.py'...
Listing '/home/yalcinolgac/ros2_ws/install/repeat_1_4/lib/python3.12/site-packages/repeat_1_4/srv'...
Compiling '/home/yalcinolgac/ros2_ws/install/repeat_1_4/lib/python3.12/site-packages/repeat_1_4/srv/__init__.py'...
Compiling '/home/yalcinolgac/ros2_ws/install/repeat_1_4/lib/python3.12/site-packages/repeat_1_4/srv/_move_robot.py'...
-- Installing: /home/yalcinolgac/ros2_ws/install/repeat_1_4/lib/python3.12/site-packages/repeat_1_4/repeat_1_4_s__rosidl_typesupport_fastrtps_c.so
-- Set non-toolchain portion of runtime path of "/home/yalcinolgac/ros2_ws/install/repeat_1_4/lib/python3.12/site-packages/repeat_1_4/repeat_1_4_s__rosidl_typesupport_fastrtps_c.so" to ""
-- Installing: /home/yalcinolgac/ros2_ws/install/repeat_1_4/lib/python3.12/site-packages/repeat_1_4/repeat_1_4_s__rosidl_typesupport_introspection_c.so
-- Set non-toolchain portion of runtime path of "/home/yalcinolgac/ros2_ws/install/repeat_1_4/lib/python3.12/site-packages/repeat_1_4/repeat_1_4_s__rosidl_typesupport_introspection_c.so" to ""
-- Installing: /home/yalcinolgac/ros2_ws/install/repeat_1_4/lib/python3.12/site-packages/repeat_1_4/repeat_1_4_s__rosidl_typesupport_c.so
-- Set non-toolchain portion of runtime path of "/home/yalcinolgac/ros2_ws/install/repeat_1_4/lib/python3.12/site-packages/repeat_1_4/repeat_1_4_s__rosidl_typesupport_c.so" to ""
-- Installing: /home/yalcinolgac/ros2_ws/install/repeat_1_4/lib/librepeat_1_4__rosidl_generator_py.so
-- Set non-toolchain portion of runtime path of "/home/yalcinolgac/ros2_ws/install/repeat_1_4/lib/librepeat_1_4__rosidl_generator_py.so" to ""
-- Installing: /home/yalcinolgac/ros2_ws/install/repeat_1_4/share/repeat_1_4/msg/Position.idl
-- Installing: /home/yalcinolgac/ros2_ws/install/repeat_1_4/share/repeat_1_4/srv/MoveRobot.idl
-- Installing: /home/yalcinolgac/ros2_ws/install/repeat_1_4/share/repeat_1_4/action/GoToPoint.idl
-- Installing: /home/yalcinolgac/ros2_ws/install/repeat_1_4/share/repeat_1_4/msg/Position.msg
-- Installing: /home/yalcinolgac/ros2_ws/install/repeat_1_4/share/repeat_1_4/srv/MoveRobot.srv
-- Installing: /home/yalcinolgac/ros2_ws/install/repeat_1_4/share/repeat_1_4/action/GoToPoint.action
-- Installing: /home/yalcinolgac/ros2_ws/install/repeat_1_4/lib/repeat_1_4/position_publisher
-- Set non-toolchain portion of runtime path of "/home/yalcinolgac/ros2_ws/install/repeat_1_4/lib/repeat_1_4/position_publisher" to ""
-- Installing: /home/yalcinolgac/ros2_ws/install/repeat_1_4/lib/repeat_1_4/position_subscriber
-- Set non-toolchain portion of runtime path of "/home/yalcinolgac/ros2_ws/install/repeat_1_4/lib/repeat_1_4/position_subscriber" to ""
-- Installing: /home/yalcinolgac/ros2_ws/install/repeat_1_4/lib/repeat_1_4/move_service_server
-- Set non-toolchain portion of runtime path of "/home/yalcinolgac/ros2_ws/install/repeat_1_4/lib/repeat_1_4/move_service_server" to ""
-- Installing: /home/yalcinolgac/ros2_ws/install/repeat_1_4/lib/repeat_1_4/move_service_client
-- Set non-toolchain portion of runtime path of "/home/yalcinolgac/ros2_ws/install/repeat_1_4/lib/repeat_1_4/move_service_client" to ""
-- Installing: /home/yalcinolgac/ros2_ws/install/repeat_1_4/lib/repeat_1_4/goto_action_server
-- Set non-toolchain portion of runtime path of "/home/yalcinolgac/ros2_ws/install/repeat_1_4/lib/repeat_1_4/goto_action_server" to ""
-- Installing: /home/yalcinolgac/ros2_ws/install/repeat_1_4/lib/repeat_1_4/goto_action_client
-- Set non-toolchain portion of runtime path of "/home/yalcinolgac/ros2_ws/install/repeat_1_4/lib/repeat_1_4/goto_action_client" to ""
-- Installing: /home/yalcinolgac/ros2_ws/install/repeat_1_4/share/repeat_1_4/launch
-- Installing: /home/yalcinolgac/ros2_ws/install/repeat_1_4/share/repeat_1_4/launch/1_4_repeatlaunch.py
-- Installing: /home/yalcinolgac/ros2_ws/install/repeat_1_4/share/ament_index/resource_index/package_run_dependencies/repeat_1_4
-- Installing: /home/yalcinolgac/ros2_ws/install/repeat_1_4/share/ament_index/resource_index/parent_prefix_path/repeat_1_4
-- Installing: /home/yalcinolgac/ros2_ws/install/repeat_1_4/share/repeat_1_4/environment/ament_prefix_path.sh
-- Installing: /home/yalcinolgac/ros2_ws/install/repeat_1_4/share/repeat_1_4/environment/ament_prefix_path.dsv
-- Installing: /home/yalcinolgac/ros2_ws/install/repeat_1_4/share/repeat_1_4/environment/path.sh
-- Installing: /home/yalcinolgac/ros2_ws/install/repeat_1_4/share/repeat_1_4/environment/path.dsv
-- Installing: /home/yalcinolgac/ros2_ws/install/repeat_1_4/share/repeat_1_4/local_setup.bash
-- Installing: /home/yalcinolgac/ros2_ws/install/repeat_1_4/share/repeat_1_4/local_setup.sh
-- Installing: /home/yalcinolgac/ros2_ws/install/repeat_1_4/share/repeat_1_4/local_setup.zsh
-- Installing: /home/yalcinolgac/ros2_ws/install/repeat_1_4/share/repeat_1_4/local_setup.dsv
-- Installing: /home/yalcinolgac/ros2_ws/install/repeat_1_4/share/repeat_1_4/package.dsv
-- Installing: /home/yalcinolgac/ros2_ws/install/repeat_1_4/share/ament_index/resource_index/packages/repeat_1_4
-- Installing: /home/yalcinolgac/ros2_ws/install/repeat_1_4/share/repeat_1_4/cmake/export_repeat_1_4__rosidl_generator_cExport.cmake
-- Installing: /home/yalcinolgac/ros2_ws/install/repeat_1_4/share/repeat_1_4/cmake/export_repeat_1_4__rosidl_generator_cExport-noconfig.cmake
-- Installing: /home/yalcinolgac/ros2_ws/install/repeat_1_4/share/repeat_1_4/cmake/export_repeat_1_4__rosidl_typesupport_fastrtps_cExport.cmake
-- Installing: /home/yalcinolgac/ros2_ws/install/repeat_1_4/share/repeat_1_4/cmake/export_repeat_1_4__rosidl_typesupport_fastrtps_cExport-noconfig.cmake
-- Installing: /home/yalcinolgac/ros2_ws/install/repeat_1_4/share/repeat_1_4/cmake/export_repeat_1_4__rosidl_generator_cppExport.cmake
-- Installing: /home/yalcinolgac/ros2_ws/install/repeat_1_4/share/repeat_1_4/cmake/export_repeat_1_4__rosidl_typesupport_fastrtps_cppExport.cmake
-- Installing: /home/yalcinolgac/ros2_ws/install/repeat_1_4/share/repeat_1_4/cmake/export_repeat_1_4__rosidl_typesupport_fastrtps_cppExport-noconfig.cmake
-- Installing: /home/yalcinolgac/ros2_ws/install/repeat_1_4/share/repeat_1_4/cmake/repeat_1_4__rosidl_typesupport_introspection_cExport.cmake
-- Installing: /home/yalcinolgac/ros2_ws/install/repeat_1_4/share/repeat_1_4/cmake/repeat_1_4__rosidl_typesupport_introspection_cExport-noconfig.cmake
-- Installing: /home/yalcinolgac/ros2_ws/install/repeat_1_4/share/repeat_1_4/cmake/repeat_1_4__rosidl_typesupport_cExport.cmake
-- Installing: /home/yalcinolgac/ros2_ws/install/repeat_1_4/share/repeat_1_4/cmake/repeat_1_4__rosidl_typesupport_cExport-noconfig.cmake
-- Installing: /home/yalcinolgac/ros2_ws/install/repeat_1_4/share/repeat_1_4/cmake/repeat_1_4__rosidl_typesupport_introspection_cppExport.cmake
-- Installing: /home/yalcinolgac/ros2_ws/install/repeat_1_4/share/repeat_1_4/cmake/repeat_1_4__rosidl_typesupport_introspection_cppExport-noconfig.cmake
-- Installing: /home/yalcinolgac/ros2_ws/install/repeat_1_4/share/repeat_1_4/cmake/repeat_1_4__rosidl_typesupport_cppExport.cmake
-- Installing: /home/yalcinolgac/ros2_ws/install/repeat_1_4/share/repeat_1_4/cmake/repeat_1_4__rosidl_typesupport_cppExport-noconfig.cmake
-- Installing: /home/yalcinolgac/ros2_ws/install/repeat_1_4/share/repeat_1_4/cmake/export_repeat_1_4__rosidl_generator_pyExport.cmake
-- Installing: /home/yalcinolgac/ros2_ws/install/repeat_1_4/share/repeat_1_4/cmake/export_repeat_1_4__rosidl_generator_pyExport-noconfig.cmake
-- Installing: /home/yalcinolgac/ros2_ws/install/repeat_1_4/share/repeat_1_4/cmake/rosidl_cmake-extras.cmake
-- Installing: /home/yalcinolgac/ros2_ws/install/repeat_1_4/share/repeat_1_4/cmake/ament_cmake_export_dependencies-extras.cmake
-- Installing: /home/yalcinolgac/ros2_ws/install/repeat_1_4/share/repeat_1_4/cmake/ament_cmake_export_include_directories-extras.cmake
-- Installing: /home/yalcinolgac/ros2_ws/install/repeat_1_4/share/repeat_1_4/cmake/ament_cmake_export_libraries-extras.cmake
-- Installing: /home/yalcinolgac/ros2_ws/install/repeat_1_4/share/repeat_1_4/cmake/ament_cmake_export_targets-extras.cmake
-- Installing: /home/yalcinolgac/ros2_ws/install/repeat_1_4/share/repeat_1_4/cmake/rosidl_cmake_export_typesupport_targets-extras.cmake
-- Installing: /home/yalcinolgac/ros2_ws/install/repeat_1_4/share/repeat_1_4/cmake/rosidl_cmake_export_typesupport_libraries-extras.cmake
-- Installing: /home/yalcinolgac/ros2_ws/install/repeat_1_4/share/repeat_1_4/cmake/repeat_1_4Config.cmake
-- Installing: /home/yalcinolgac/ros2_ws/install/repeat_1_4/share/repeat_1_4/cmake/repeat_1_4Config-version.cmake
-- Installing: /home/yalcinolgac/ros2_ws/install/repeat_1_4/share/repeat_1_4/package.xml
