[0.007s] Invoking command in '/home/yalcinolgac/ros2_ws/build/repeat_1_4': CMAKE_PREFIX_PATH=${CMAKE_PREFIX_PATH}:/opt/ros/jazzy DEBUGINFOD_URLS=https://debuginfod.ubuntu.com /usr/bin/cmake --build /home/yalcinolgac/ros2_ws/build/repeat_1_4 -- -j32 -l32
[0.039s] [  1%] Built target repeat_1_4__rosidl_generator_type_description
[0.046s] [  1%] Built target ament_cmake_python_copy_repeat_1_4
[0.052s] [  3%] Built target repeat_1_4__cpp
[0.054s] [ 19%] Built target repeat_1_4__rosidl_generator_c
[0.070s] [ 27%] Built target repeat_1_4__rosidl_typesupport_introspection_c
[0.071s] [ 34%] Built target repeat_1_4__rosidl_typesupport_introspection_cpp
[0.072s] [ 42%] Built target repeat_1_4__rosidl_typesupport_c
[0.072s] [ 50%] Built target repeat_1_4__rosidl_typesupport_fastrtps_c
[0.073s] [ 57%] Built target repeat_1_4__rosidl_typesupport_fastrtps_cpp
[0.075s] [ 65%] Built target repeat_1_4__rosidl_typesupport_cpp
[0.087s] [ 65%] Built target repeat_1_4
[0.105s] [ 66%] Built target repeat_1_4__py
[0.108s] [ 75%] Built target position_subscriber
[0.108s] [ 75%] Built target move_service_client
[0.108s] [ 75%] Built target goto_action_client
[0.108s] [ 78%] Built target position_publisher
[0.111s] [ 80%] [32mBuilding CXX object CMakeFiles/goto_action_server.dir/src/goto_action_server.cpp.o[0m
[0.111s] [ 83%] Built target move_service_server
[0.122s] [ 89%] Built target repeat_1_4__rosidl_generator_py
[0.137s] [ 92%] Built target repeat_1_4_s__rosidl_typesupport_fastrtps_c
[0.138s] [ 95%] Built target repeat_1_4_s__rosidl_typesupport_c
[0.139s] [ 98%] Built target repeat_1_4_s__rosidl_typesupport_introspection_c
[0.173s] running egg_info
[0.185s] writing repeat_1_4.egg-info/PKG-INFO
[0.185s] writing dependency_links to repeat_1_4.egg-info/dependency_links.txt
[0.185s] writing top-level names to repeat_1_4.egg-info/top_level.txt
[0.219s] reading manifest file 'repeat_1_4.egg-info/SOURCES.txt'
[0.219s] writing manifest file 'repeat_1_4.egg-info/SOURCES.txt'
[0.237s] [ 98%] Built target ament_cmake_python_build_repeat_1_4_egg
[2.247s] [100%] [32m[1mLinking CXX executable goto_action_server[0m
[2.333s] [100%] Built target goto_action_server
[2.342s] Invoked command in '/home/yalcinolgac/ros2_ws/build/repeat_1_4' returned '0': CMAKE_PREFIX_PATH=${CMAKE_PREFIX_PATH}:/opt/ros/jazzy DEBUGINFOD_URLS=https://debuginfod.ubuntu.com /usr/bin/cmake --build /home/yalcinolgac/ros2_ws/build/repeat_1_4 -- -j32 -l32
[2.348s] Invoking command in '/home/yalcinolgac/ros2_ws/build/repeat_1_4': CMAKE_PREFIX_PATH=${CMAKE_PREFIX_PATH}:/opt/ros/jazzy DEBUGINFOD_URLS=https://debuginfod.ubuntu.com /usr/bin/cmake --install /home/yalcinolgac/ros2_ws/build/repeat_1_4
[2.356s] -- Install configuration: ""
[2.356s] -- Installing: /home/yalcinolgac/ros2_ws/install/repeat_1_4/share/ament_index/resource_index/rosidl_interfaces/repeat_1_4
[2.356s] -- Installing: /home/yalcinolgac/ros2_ws/install/repeat_1_4/share/repeat_1_4/msg/Position.json
[2.356s] -- Installing: /home/yalcinolgac/ros2_ws/install/repeat_1_4/share/repeat_1_4/srv/MoveRobot.json
[2.356s] -- Installing: /home/yalcinolgac/ros2_ws/install/repeat_1_4/share/repeat_1_4/action/GoToPoint.json
[2.356s] -- Installing: /home/yalcinolgac/ros2_ws/install/repeat_1_4/include/repeat_1_4/repeat_1_4
[2.356s] -- Installing: /home/yalcinolgac/ros2_ws/install/repeat_1_4/include/repeat_1_4/repeat_1_4/msg
[2.356s] -- Installing: /home/yalcinolgac/ros2_ws/install/repeat_1_4/include/repeat_1_4/repeat_1_4/msg/detail
[2.356s] -- Installing: /home/yalcinolgac/ros2_ws/install/repeat_1_4/include/repeat_1_4/repeat_1_4/msg/detail/position__functions.h
[2.356s] -- Installing: /home/yalcinolgac/ros2_ws/install/repeat_1_4/include/repeat_1_4/repeat_1_4/msg/detail/position__struct.h
[2.357s] -- Installing: /home/yalcinolgac/ros2_ws/install/repeat_1_4/include/repeat_1_4/repeat_1_4/msg/detail/position__type_support.h
[2.357s] -- Installing: /home/yalcinolgac/ros2_ws/install/repeat_1_4/include/repeat_1_4/repeat_1_4/msg/detail/position__description.c
[2.357s] -- Installing: /home/yalcinolgac/ros2_ws/install/repeat_1_4/include/repeat_1_4/repeat_1_4/msg/detail/position__functions.c
[2.357s] -- Installing: /home/yalcinolgac/ros2_ws/install/repeat_1_4/include/repeat_1_4/repeat_1_4/msg/detail/position__type_support.c
[2.357s] -- Installing: /home/yalcinolgac/ros2_ws/install/repeat_1_4/include/repeat_1_4/repeat_1_4/msg/position.h
[2.357s] -- Installing: /home/yalcinolgac/ros2_ws/install/repeat_1_4/include/repeat_1_4/repeat_1_4/msg/rosidl_generator_c__visibility_control.h
[2.357s] -- Installing: /home/yalcinolgac/ros2_ws/install/repeat_1_4/include/repeat_1_4/repeat_1_4/action
[2.357s] -- Installing: /home/yalcinolgac/ros2_ws/install/repeat_1_4/include/repeat_1_4/repeat_1_4/action/detail
[2.357s] -- Installing: /home/yalcinolgac/ros2_ws/install/repeat_1_4/include/repeat_1_4/repeat_1_4/action/detail/go_to_point__functions.h
[2.358s] -- Installing: /home/yalcinolgac/ros2_ws/install/repeat_1_4/include/repeat_1_4/repeat_1_4/action/detail/go_to_point__type_support.c
[2.358s] -- Installing: /home/yalcinolgac/ros2_ws/install/repeat_1_4/include/repeat_1_4/repeat_1_4/action/detail/go_to_point__type_support.h
[2.358s] -- Installing: /home/yalcinolgac/ros2_ws/install/repeat_1_4/include/repeat_1_4/repeat_1_4/action/detail/go_to_point__description.c
[2.358s] -- Installing: /home/yalcinolgac/ros2_ws/install/repeat_1_4/include/repeat_1_4/repeat_1_4/action/detail/go_to_point__functions.c
[2.358s] -- Installing: /home/yalcinolgac/ros2_ws/install/repeat_1_4/include/repeat_1_4/repeat_1_4/action/detail/go_to_point__struct.h
[2.358s] -- Installing: /home/yalcinolgac/ros2_ws/install/repeat_1_4/include/repeat_1_4/repeat_1_4/action/go_to_point.h
[2.358s] -- Installing: /home/yalcinolgac/ros2_ws/install/repeat_1_4/include/repeat_1_4/repeat_1_4/srv
[2.358s] -- Installing: /home/yalcinolgac/ros2_ws/install/repeat_1_4/include/repeat_1_4/repeat_1_4/srv/detail
[2.358s] -- Installing: /home/yalcinolgac/ros2_ws/install/repeat_1_4/include/repeat_1_4/repeat_1_4/srv/detail/move_robot__description.c
[2.358s] -- Installing: /home/yalcinolgac/ros2_ws/install/repeat_1_4/include/repeat_1_4/repeat_1_4/srv/detail/move_robot__struct.h
[2.358s] -- Installing: /home/yalcinolgac/ros2_ws/install/repeat_1_4/include/repeat_1_4/repeat_1_4/srv/detail/move_robot__type_support.c
[2.358s] -- Installing: /home/yalcinolgac/ros2_ws/install/repeat_1_4/include/repeat_1_4/repeat_1_4/srv/detail/move_robot__type_support.h
[2.358s] -- Installing: /home/yalcinolgac/ros2_ws/install/repeat_1_4/include/repeat_1_4/repeat_1_4/srv/detail/move_robot__functions.c
[2.358s] -- Installing: /home/yalcinolgac/ros2_ws/install/repeat_1_4/include/repeat_1_4/repeat_1_4/srv/detail/move_robot__functions.h
[2.358s] -- Installing: /home/yalcinolgac/ros2_ws/install/repeat_1_4/include/repeat_1_4/repeat_1_4/srv/move_robot.h
[2.358s] -- Installing: /home/yalcinolgac/ros2_ws/install/repeat_1_4/share/repeat_1_4/environment/library_path.sh
[2.358s] -- Installing: /home/yalcinolgac/ros2_ws/install/repeat_1_4/share/repeat_1_4/environment/library_path.dsv
[2.359s] -- Installing: /home/yalcinolgac/ros2_ws/install/repeat_1_4/lib/librepeat_1_4__rosidl_generator_c.so
[2.359s] -- Set non-toolchain portion of runtime path of "/home/yalcinolgac/ros2_ws/install/repeat_1_4/lib/librepeat_1_4__rosidl_generator_c.so" to ""
[2.359s] -- Up-to-date: /home/yalcinolgac/ros2_ws/install/repeat_1_4/include/repeat_1_4/repeat_1_4
[2.359s] -- Up-to-date: /home/yalcinolgac/ros2_ws/install/repeat_1_4/include/repeat_1_4/repeat_1_4/msg
[2.359s] -- Up-to-date: /home/yalcinolgac/ros2_ws/install/repeat_1_4/include/repeat_1_4/repeat_1_4/msg/detail
[2.359s] -- Installing: /home/yalcinolgac/ros2_ws/install/repeat_1_4/include/repeat_1_4/repeat_1_4/msg/detail/position__rosidl_typesupport_fastrtps_c.h
[2.359s] -- Installing: /home/yalcinolgac/ros2_ws/install/repeat_1_4/include/repeat_1_4/repeat_1_4/msg/rosidl_typesupport_fastrtps_c__visibility_control.h
[2.359s] -- Up-to-date: /home/yalcinolgac/ros2_ws/install/repeat_1_4/include/repeat_1_4/repeat_1_4/action
[2.359s] -- Up-to-date: /home/yalcinolgac/ros2_ws/install/repeat_1_4/include/repeat_1_4/repeat_1_4/action/detail
[2.359s] -- Installing: /home/yalcinolgac/ros2_ws/install/repeat_1_4/include/repeat_1_4/repeat_1_4/action/detail/go_to_point__rosidl_typesupport_fastrtps_c.h
[2.359s] -- Up-to-date: /home/yalcinolgac/ros2_ws/install/repeat_1_4/include/repeat_1_4/repeat_1_4/srv
[2.359s] -- Up-to-date: /home/yalcinolgac/ros2_ws/install/repeat_1_4/include/repeat_1_4/repeat_1_4/srv/detail
[2.359s] -- Installing: /home/yalcinolgac/ros2_ws/install/repeat_1_4/include/repeat_1_4/repeat_1_4/srv/detail/move_robot__rosidl_typesupport_fastrtps_c.h
[2.359s] -- Installing: /home/yalcinolgac/ros2_ws/install/repeat_1_4/lib/librepeat_1_4__rosidl_typesupport_fastrtps_c.so
[2.359s] -- Set non-toolchain portion of runtime path of "/home/yalcinolgac/ros2_ws/install/repeat_1_4/lib/librepeat_1_4__rosidl_typesupport_fastrtps_c.so" to ""
[2.360s] -- Up-to-date: /home/yalcinolgac/ros2_ws/install/repeat_1_4/include/repeat_1_4/repeat_1_4
[2.360s] -- Up-to-date: /home/yalcinolgac/ros2_ws/install/repeat_1_4/include/repeat_1_4/repeat_1_4/msg
[2.360s] -- Up-to-date: /home/yalcinolgac/ros2_ws/install/repeat_1_4/include/repeat_1_4/repeat_1_4/msg/detail
[2.360s] -- Installing: /home/yalcinolgac/ros2_ws/install/repeat_1_4/include/repeat_1_4/repeat_1_4/msg/detail/position__type_support.hpp
[2.360s] -- Installing: /home/yalcinolgac/ros2_ws/install/repeat_1_4/include/repeat_1_4/repeat_1_4/msg/detail/position__builder.hpp
[2.360s] -- Installing: /home/yalcinolgac/ros2_ws/install/repeat_1_4/include/repeat_1_4/repeat_1_4/msg/detail/position__struct.hpp
[2.360s] -- Installing: /home/yalcinolgac/ros2_ws/install/repeat_1_4/include/repeat_1_4/repeat_1_4/msg/detail/position__traits.hpp
[2.360s] -- Installing: /home/yalcinolgac/ros2_ws/install/repeat_1_4/include/repeat_1_4/repeat_1_4/msg/rosidl_generator_cpp__visibility_control.hpp
[2.360s] -- Installing: /home/yalcinolgac/ros2_ws/install/repeat_1_4/include/repeat_1_4/repeat_1_4/msg/position.hpp
[2.360s] -- Up-to-date: /home/yalcinolgac/ros2_ws/install/repeat_1_4/include/repeat_1_4/repeat_1_4/action
[2.360s] -- Up-to-date: /home/yalcinolgac/ros2_ws/install/repeat_1_4/include/repeat_1_4/repeat_1_4/action/detail
[2.360s] -- Installing: /home/yalcinolgac/ros2_ws/install/repeat_1_4/include/repeat_1_4/repeat_1_4/action/detail/go_to_point__type_support.hpp
[2.360s] -- Installing: /home/yalcinolgac/ros2_ws/install/repeat_1_4/include/repeat_1_4/repeat_1_4/action/detail/go_to_point__struct.hpp
[2.360s] -- Installing: /home/yalcinolgac/ros2_ws/install/repeat_1_4/include/repeat_1_4/repeat_1_4/action/detail/go_to_point__traits.hpp
[2.360s] -- Installing: /home/yalcinolgac/ros2_ws/install/repeat_1_4/include/repeat_1_4/repeat_1_4/action/detail/go_to_point__builder.hpp
[2.360s] -- Installing: /home/yalcinolgac/ros2_ws/install/repeat_1_4/include/repeat_1_4/repeat_1_4/action/go_to_point.hpp
[2.360s] -- Up-to-date: /home/yalcinolgac/ros2_ws/install/repeat_1_4/include/repeat_1_4/repeat_1_4/srv
[2.360s] -- Up-to-date: /home/yalcinolgac/ros2_ws/install/repeat_1_4/include/repeat_1_4/repeat_1_4/srv/detail
[2.360s] -- Installing: /home/yalcinolgac/ros2_ws/install/repeat_1_4/include/repeat_1_4/repeat_1_4/srv/detail/move_robot__builder.hpp
[2.361s] -- Installing: /home/yalcinolgac/ros2_ws/install/repeat_1_4/include/repeat_1_4/repeat_1_4/srv/detail/move_robot__struct.hpp
[2.361s] -- Installing: /home/yalcinolgac/ros2_ws/install/repeat_1_4/include/repeat_1_4/repeat_1_4/srv/detail/move_robot__traits.hpp
[2.361s] -- Installing: /home/yalcinolgac/ros2_ws/install/repeat_1_4/include/repeat_1_4/repeat_1_4/srv/detail/move_robot__type_support.hpp
[2.361s] -- Installing: /home/yalcinolgac/ros2_ws/install/repeat_1_4/include/repeat_1_4/repeat_1_4/srv/move_robot.hpp
[2.361s] -- Up-to-date: /home/yalcinolgac/ros2_ws/install/repeat_1_4/include/repeat_1_4/repeat_1_4
[2.361s] -- Up-to-date: /home/yalcinolgac/ros2_ws/install/repeat_1_4/include/repeat_1_4/repeat_1_4/msg
[2.361s] -- Up-to-date: /home/yalcinolgac/ros2_ws/install/repeat_1_4/include/repeat_1_4/repeat_1_4/msg/detail
[2.361s] -- Installing: /home/yalcinolgac/ros2_ws/install/repeat_1_4/include/repeat_1_4/repeat_1_4/msg/detail/position__rosidl_typesupport_fastrtps_cpp.hpp
[2.361s] -- Installing: /home/yalcinolgac/ros2_ws/install/repeat_1_4/include/repeat_1_4/repeat_1_4/msg/detail/dds_fastrtps
[2.361s] -- Installing: /home/yalcinolgac/ros2_ws/install/repeat_1_4/include/repeat_1_4/repeat_1_4/msg/rosidl_typesupport_fastrtps_cpp__visibility_control.h
[2.361s] -- Up-to-date: /home/yalcinolgac/ros2_ws/install/repeat_1_4/include/repeat_1_4/repeat_1_4/action
[2.361s] -- Up-to-date: /home/yalcinolgac/ros2_ws/install/repeat_1_4/include/repeat_1_4/repeat_1_4/action/detail
[2.361s] -- Installing: /home/yalcinolgac/ros2_ws/install/repeat_1_4/include/repeat_1_4/repeat_1_4/action/detail/dds_fastrtps
[2.361s] -- Installing: /home/yalcinolgac/ros2_ws/install/repeat_1_4/include/repeat_1_4/repeat_1_4/action/detail/go_to_point__rosidl_typesupport_fastrtps_cpp.hpp
[2.362s] -- Up-to-date: /home/yalcinolgac/ros2_ws/install/repeat_1_4/include/repeat_1_4/repeat_1_4/srv
[2.362s] -- Up-to-date: /home/yalcinolgac/ros2_ws/install/repeat_1_4/include/repeat_1_4/repeat_1_4/srv/detail
[2.362s] -- Installing: /home/yalcinolgac/ros2_ws/install/repeat_1_4/include/repeat_1_4/repeat_1_4/srv/detail/dds_fastrtps
[2.362s] -- Installing: /home/yalcinolgac/ros2_ws/install/repeat_1_4/include/repeat_1_4/repeat_1_4/srv/detail/move_robot__rosidl_typesupport_fastrtps_cpp.hpp
[2.362s] -- Installing: /home/yalcinolgac/ros2_ws/install/repeat_1_4/lib/librepeat_1_4__rosidl_typesupport_fastrtps_cpp.so
[2.362s] -- Set non-toolchain portion of runtime path of "/home/yalcinolgac/ros2_ws/install/repeat_1_4/lib/librepeat_1_4__rosidl_typesupport_fastrtps_cpp.so" to ""
[2.362s] -- Up-to-date: /home/yalcinolgac/ros2_ws/install/repeat_1_4/include/repeat_1_4/repeat_1_4
[2.362s] -- Up-to-date: /home/yalcinolgac/ros2_ws/install/repeat_1_4/include/repeat_1_4/repeat_1_4/msg
[2.362s] -- Up-to-date: /home/yalcinolgac/ros2_ws/install/repeat_1_4/include/repeat_1_4/repeat_1_4/msg/detail
[2.362s] -- Installing: /home/yalcinolgac/ros2_ws/install/repeat_1_4/include/repeat_1_4/repeat_1_4/msg/detail/position__rosidl_typesupport_introspection_c.h
[2.362s] -- Up-to-date: /home/yalcinolgac/ros2_ws/install/repeat_1_4/include/repeat_1_4/repeat_1_4/msg/detail/position__type_support.c
[2.362s] -- Installing: /home/yalcinolgac/ros2_ws/install/repeat_1_4/include/repeat_1_4/repeat_1_4/msg/rosidl_typesupport_introspection_c__visibility_control.h
[2.362s] -- Up-to-date: /home/yalcinolgac/ros2_ws/install/repeat_1_4/include/repeat_1_4/repeat_1_4/action
[2.362s] -- Up-to-date: /home/yalcinolgac/ros2_ws/install/repeat_1_4/include/repeat_1_4/repeat_1_4/action/detail
[2.362s] -- Up-to-date: /home/yalcinolgac/ros2_ws/install/repeat_1_4/include/repeat_1_4/repeat_1_4/action/detail/go_to_point__type_support.c
[2.363s] -- Installing: /home/yalcinolgac/ros2_ws/install/repeat_1_4/include/repeat_1_4/repeat_1_4/action/detail/go_to_point__rosidl_typesupport_introspection_c.h
[2.363s] -- Up-to-date: /home/yalcinolgac/ros2_ws/install/repeat_1_4/include/repeat_1_4/repeat_1_4/srv
[2.363s] -- Up-to-date: /home/yalcinolgac/ros2_ws/install/repeat_1_4/include/repeat_1_4/repeat_1_4/srv/detail
[2.363s] -- Up-to-date: /home/yalcinolgac/ros2_ws/install/repeat_1_4/include/repeat_1_4/repeat_1_4/srv/detail/move_robot__type_support.c
[2.363s] -- Installing: /home/yalcinolgac/ros2_ws/install/repeat_1_4/include/repeat_1_4/repeat_1_4/srv/detail/move_robot__rosidl_typesupport_introspection_c.h
[2.363s] -- Installing: /home/yalcinolgac/ros2_ws/install/repeat_1_4/lib/librepeat_1_4__rosidl_typesupport_introspection_c.so
[2.363s] -- Set non-toolchain portion of runtime path of "/home/yalcinolgac/ros2_ws/install/repeat_1_4/lib/librepeat_1_4__rosidl_typesupport_introspection_c.so" to ""
[2.363s] -- Installing: /home/yalcinolgac/ros2_ws/install/repeat_1_4/lib/librepeat_1_4__rosidl_typesupport_c.so
[2.363s] -- Set non-toolchain portion of runtime path of "/home/yalcinolgac/ros2_ws/install/repeat_1_4/lib/librepeat_1_4__rosidl_typesupport_c.so" to ""
[2.363s] -- Up-to-date: /home/yalcinolgac/ros2_ws/install/repeat_1_4/include/repeat_1_4/repeat_1_4
[2.363s] -- Up-to-date: /home/yalcinolgac/ros2_ws/install/repeat_1_4/include/repeat_1_4/repeat_1_4/msg
[2.363s] -- Up-to-date: /home/yalcinolgac/ros2_ws/install/repeat_1_4/include/repeat_1_4/repeat_1_4/msg/detail
[2.363s] -- Installing: /home/yalcinolgac/ros2_ws/install/repeat_1_4/include/repeat_1_4/repeat_1_4/msg/detail/position__rosidl_typesupport_introspection_cpp.hpp
[2.363s] -- Installing: /home/yalcinolgac/ros2_ws/install/repeat_1_4/include/repeat_1_4/repeat_1_4/msg/detail/position__type_support.cpp
[2.364s] -- Up-to-date: /home/yalcinolgac/ros2_ws/install/repeat_1_4/include/repeat_1_4/repeat_1_4/action
[2.364s] -- Up-to-date: /home/yalcinolgac/ros2_ws/install/repeat_1_4/include/repeat_1_4/repeat_1_4/action/detail
[2.364s] -- Installing: /home/yalcinolgac/ros2_ws/install/repeat_1_4/include/repeat_1_4/repeat_1_4/action/detail/go_to_point__type_support.cpp
[2.364s] -- Installing: /home/yalcinolgac/ros2_ws/install/repeat_1_4/include/repeat_1_4/repeat_1_4/action/detail/go_to_point__rosidl_typesupport_introspection_cpp.hpp
[2.364s] -- Up-to-date: /home/yalcinolgac/ros2_ws/install/repeat_1_4/include/repeat_1_4/repeat_1_4/srv
[2.364s] -- Up-to-date: /home/yalcinolgac/ros2_ws/install/repeat_1_4/include/repeat_1_4/repeat_1_4/srv/detail
[2.364s] -- Installing: /home/yalcinolgac/ros2_ws/install/repeat_1_4/include/repeat_1_4/repeat_1_4/srv/detail/move_robot__type_support.cpp
[2.364s] -- Installing: /home/yalcinolgac/ros2_ws/install/repeat_1_4/include/repeat_1_4/repeat_1_4/srv/detail/move_robot__rosidl_typesupport_introspection_cpp.hpp
[2.364s] -- Installing: /home/yalcinolgac/ros2_ws/install/repeat_1_4/lib/librepeat_1_4__rosidl_typesupport_introspection_cpp.so
[2.364s] -- Set non-toolchain portion of runtime path of "/home/yalcinolgac/ros2_ws/install/repeat_1_4/lib/librepeat_1_4__rosidl_typesupport_introspection_cpp.so" to ""
[2.365s] -- Installing: /home/yalcinolgac/ros2_ws/install/repeat_1_4/lib/librepeat_1_4__rosidl_typesupport_cpp.so
[2.365s] -- Set non-toolchain portion of runtime path of "/home/yalcinolgac/ros2_ws/install/repeat_1_4/lib/librepeat_1_4__rosidl_typesupport_cpp.so" to ""
[2.365s] -- Installing: /home/yalcinolgac/ros2_ws/install/repeat_1_4/share/repeat_1_4/environment/pythonpath.sh
[2.365s] -- Installing: /home/yalcinolgac/ros2_ws/install/repeat_1_4/share/repeat_1_4/environment/pythonpath.dsv
[2.365s] -- Installing: /home/yalcinolgac/ros2_ws/install/repeat_1_4/lib/python3.12/site-packages/repeat_1_4-0.0.0-py3.12.egg-info
[2.365s] -- Installing: /home/yalcinolgac/ros2_ws/install/repeat_1_4/lib/python3.12/site-packages/repeat_1_4-0.0.0-py3.12.egg-info/PKG-INFO
[2.365s] -- Installing: /home/yalcinolgac/ros2_ws/install/repeat_1_4/lib/python3.12/site-packages/repeat_1_4-0.0.0-py3.12.egg-info/SOURCES.txt
[2.365s] -- Installing: /home/yalcinolgac/ros2_ws/install/repeat_1_4/lib/python3.12/site-packages/repeat_1_4-0.0.0-py3.12.egg-info/dependency_links.txt
[2.365s] -- Installing: /home/yalcinolgac/ros2_ws/install/repeat_1_4/lib/python3.12/site-packages/repeat_1_4-0.0.0-py3.12.egg-info/top_level.txt
[2.365s] -- Installing: /home/yalcinolgac/ros2_ws/install/repeat_1_4/lib/python3.12/site-packages/repeat_1_4
[2.365s] -- Installing: /home/yalcinolgac/ros2_ws/install/repeat_1_4/lib/python3.12/site-packages/repeat_1_4/_repeat_1_4_s.ep.rosidl_typesupport_fastrtps_c.c
[2.365s] -- Installing: /home/yalcinolgac/ros2_ws/install/repeat_1_4/lib/python3.12/site-packages/repeat_1_4/msg
[2.365s] -- Installing: /home/yalcinolgac/ros2_ws/install/repeat_1_4/lib/python3.12/site-packages/repeat_1_4/msg/_position.py
[2.365s] -- Installing: /home/yalcinolgac/ros2_ws/install/repeat_1_4/lib/python3.12/site-packages/repeat_1_4/msg/_position_s.c
[2.365s] -- Installing: /home/yalcinolgac/ros2_ws/install/repeat_1_4/lib/python3.12/site-packages/repeat_1_4/msg/__init__.py
[2.365s] -- Installing: /home/yalcinolgac/ros2_ws/install/repeat_1_4/lib/python3.12/site-packages/repeat_1_4/action
[2.365s] -- Installing: /home/yalcinolgac/ros2_ws/install/repeat_1_4/lib/python3.12/site-packages/repeat_1_4/action/_go_to_point_s.c
[2.365s] -- Installing: /home/yalcinolgac/ros2_ws/install/repeat_1_4/lib/python3.12/site-packages/repeat_1_4/action/__init__.py
[2.365s] -- Installing: /home/yalcinolgac/ros2_ws/install/repeat_1_4/lib/python3.12/site-packages/repeat_1_4/action/_go_to_point.py
[2.365s] -- Installing: /home/yalcinolgac/ros2_ws/install/repeat_1_4/lib/python3.12/site-packages/repeat_1_4/__init__.py
[2.365s] -- Installing: /home/yalcinolgac/ros2_ws/install/repeat_1_4/lib/python3.12/site-packages/repeat_1_4/repeat_1_4_s__rosidl_typesupport_fastrtps_c.so
[2.366s] -- Installing: /home/yalcinolgac/ros2_ws/install/repeat_1_4/lib/python3.12/site-packages/repeat_1_4/_repeat_1_4_s.ep.rosidl_typesupport_c.c
[2.366s] -- Installing: /home/yalcinolgac/ros2_ws/install/repeat_1_4/lib/python3.12/site-packages/repeat_1_4/srv
[2.366s] -- Installing: /home/yalcinolgac/ros2_ws/install/repeat_1_4/lib/python3.12/site-packages/repeat_1_4/srv/_move_robot.py
[2.366s] -- Installing: /home/yalcinolgac/ros2_ws/install/repeat_1_4/lib/python3.12/site-packages/repeat_1_4/srv/_move_robot_s.c
[2.366s] -- Installing: /home/yalcinolgac/ros2_ws/install/repeat_1_4/lib/python3.12/site-packages/repeat_1_4/srv/__init__.py
[2.366s] -- Installing: /home/yalcinolgac/ros2_ws/install/repeat_1_4/lib/python3.12/site-packages/repeat_1_4/repeat_1_4_s__rosidl_typesupport_c.so
[2.366s] -- Installing: /home/yalcinolgac/ros2_ws/install/repeat_1_4/lib/python3.12/site-packages/repeat_1_4/_repeat_1_4_s.ep.rosidl_typesupport_introspection_c.c
[2.366s] -- Installing: /home/yalcinolgac/ros2_ws/install/repeat_1_4/lib/python3.12/site-packages/repeat_1_4/repeat_1_4_s__rosidl_typesupport_introspection_c.so
[2.398s] Listing '/home/yalcinolgac/ros2_ws/install/repeat_1_4/lib/python3.12/site-packages/repeat_1_4'...
[2.398s] Compiling '/home/yalcinolgac/ros2_ws/install/repeat_1_4/lib/python3.12/site-packages/repeat_1_4/__init__.py'...
[2.398s] Listing '/home/yalcinolgac/ros2_ws/install/repeat_1_4/lib/python3.12/site-packages/repeat_1_4/action'...
[2.398s] Compiling '/home/yalcinolgac/ros2_ws/install/repeat_1_4/lib/python3.12/site-packages/repeat_1_4/action/__init__.py'...
[2.398s] Compiling '/home/yalcinolgac/ros2_ws/install/repeat_1_4/lib/python3.12/site-packages/repeat_1_4/action/_go_to_point.py'...
[2.398s] Listing '/home/yalcinolgac/ros2_ws/install/repeat_1_4/lib/python3.12/site-packages/repeat_1_4/msg'...
[2.398s] Compiling '/home/yalcinolgac/ros2_ws/install/repeat_1_4/lib/python3.12/site-packages/repeat_1_4/msg/__init__.py'...
[2.398s] Compiling '/home/yalcinolgac/ros2_ws/install/repeat_1_4/lib/python3.12/site-packages/repeat_1_4/msg/_position.py'...
[2.398s] Listing '/home/yalcinolgac/ros2_ws/install/repeat_1_4/lib/python3.12/site-packages/repeat_1_4/srv'...
[2.399s] Compiling '/home/yalcinolgac/ros2_ws/install/repeat_1_4/lib/python3.12/site-packages/repeat_1_4/srv/__init__.py'...
[2.399s] Compiling '/home/yalcinolgac/ros2_ws/install/repeat_1_4/lib/python3.12/site-packages/repeat_1_4/srv/_move_robot.py'...
[2.402s] -- Installing: /home/yalcinolgac/ros2_ws/install/repeat_1_4/lib/python3.12/site-packages/repeat_1_4/repeat_1_4_s__rosidl_typesupport_fastrtps_c.so
[2.402s] -- Set non-toolchain portion of runtime path of "/home/yalcinolgac/ros2_ws/install/repeat_1_4/lib/python3.12/site-packages/repeat_1_4/repeat_1_4_s__rosidl_typesupport_fastrtps_c.so" to ""
[2.402s] -- Installing: /home/yalcinolgac/ros2_ws/install/repeat_1_4/lib/python3.12/site-packages/repeat_1_4/repeat_1_4_s__rosidl_typesupport_introspection_c.so
[2.402s] -- Set non-toolchain portion of runtime path of "/home/yalcinolgac/ros2_ws/install/repeat_1_4/lib/python3.12/site-packages/repeat_1_4/repeat_1_4_s__rosidl_typesupport_introspection_c.so" to ""
[2.402s] -- Installing: /home/yalcinolgac/ros2_ws/install/repeat_1_4/lib/python3.12/site-packages/repeat_1_4/repeat_1_4_s__rosidl_typesupport_c.so
[2.403s] -- Set non-toolchain portion of runtime path of "/home/yalcinolgac/ros2_ws/install/repeat_1_4/lib/python3.12/site-packages/repeat_1_4/repeat_1_4_s__rosidl_typesupport_c.so" to ""
[2.403s] -- Installing: /home/yalcinolgac/ros2_ws/install/repeat_1_4/lib/librepeat_1_4__rosidl_generator_py.so
[2.403s] -- Set non-toolchain portion of runtime path of "/home/yalcinolgac/ros2_ws/install/repeat_1_4/lib/librepeat_1_4__rosidl_generator_py.so" to ""
[2.403s] -- Installing: /home/yalcinolgac/ros2_ws/install/repeat_1_4/share/repeat_1_4/msg/Position.idl
[2.403s] -- Installing: /home/yalcinolgac/ros2_ws/install/repeat_1_4/share/repeat_1_4/srv/MoveRobot.idl
[2.403s] -- Installing: /home/yalcinolgac/ros2_ws/install/repeat_1_4/share/repeat_1_4/action/GoToPoint.idl
[2.403s] -- Installing: /home/yalcinolgac/ros2_ws/install/repeat_1_4/share/repeat_1_4/msg/Position.msg
[2.404s] -- Installing: /home/yalcinolgac/ros2_ws/install/repeat_1_4/share/repeat_1_4/srv/MoveRobot.srv
[2.404s] -- Installing: /home/yalcinolgac/ros2_ws/install/repeat_1_4/share/repeat_1_4/action/GoToPoint.action
[2.404s] -- Installing: /home/yalcinolgac/ros2_ws/install/repeat_1_4/lib/repeat_1_4/position_publisher
[2.404s] -- Set non-toolchain portion of runtime path of "/home/yalcinolgac/ros2_ws/install/repeat_1_4/lib/repeat_1_4/position_publisher" to ""
[2.404s] -- Installing: /home/yalcinolgac/ros2_ws/install/repeat_1_4/lib/repeat_1_4/position_subscriber
[2.407s] -- Set non-toolchain portion of runtime path of "/home/yalcinolgac/ros2_ws/install/repeat_1_4/lib/repeat_1_4/position_subscriber" to ""
[2.407s] -- Installing: /home/yalcinolgac/ros2_ws/install/repeat_1_4/lib/repeat_1_4/move_service_server
[2.408s] -- Set non-toolchain portion of runtime path of "/home/yalcinolgac/ros2_ws/install/repeat_1_4/lib/repeat_1_4/move_service_server" to ""
[2.408s] -- Installing: /home/yalcinolgac/ros2_ws/install/repeat_1_4/lib/repeat_1_4/move_service_client
[2.409s] -- Set non-toolchain portion of runtime path of "/home/yalcinolgac/ros2_ws/install/repeat_1_4/lib/repeat_1_4/move_service_client" to ""
[2.409s] -- Installing: /home/yalcinolgac/ros2_ws/install/repeat_1_4/lib/repeat_1_4/goto_action_server
[2.410s] -- Set non-toolchain portion of runtime path of "/home/yalcinolgac/ros2_ws/install/repeat_1_4/lib/repeat_1_4/goto_action_server" to ""
[2.410s] -- Installing: /home/yalcinolgac/ros2_ws/install/repeat_1_4/lib/repeat_1_4/goto_action_client
[2.410s] -- Set non-toolchain portion of runtime path of "/home/yalcinolgac/ros2_ws/install/repeat_1_4/lib/repeat_1_4/goto_action_client" to ""
[2.410s] -- Installing: /home/yalcinolgac/ros2_ws/install/repeat_1_4/share/repeat_1_4/launch
[2.410s] -- Installing: /home/yalcinolgac/ros2_ws/install/repeat_1_4/share/repeat_1_4/launch/1_4_repeatlaunch.py
[2.411s] -- Installing: /home/yalcinolgac/ros2_ws/install/repeat_1_4/share/ament_index/resource_index/package_run_dependencies/repeat_1_4
[2.411s] -- Installing: /home/yalcinolgac/ros2_ws/install/repeat_1_4/share/ament_index/resource_index/parent_prefix_path/repeat_1_4
[2.411s] -- Installing: /home/yalcinolgac/ros2_ws/install/repeat_1_4/share/repeat_1_4/environment/ament_prefix_path.sh
[2.412s] -- Installing: /home/yalcinolgac/ros2_ws/install/repeat_1_4/share/repeat_1_4/environment/ament_prefix_path.dsv
[2.412s] -- Installing: /home/yalcinolgac/ros2_ws/install/repeat_1_4/share/repeat_1_4/environment/path.sh
[2.412s] -- Installing: /home/yalcinolgac/ros2_ws/install/repeat_1_4/share/repeat_1_4/environment/path.dsv
[2.412s] -- Installing: /home/yalcinolgac/ros2_ws/install/repeat_1_4/share/repeat_1_4/local_setup.bash
[2.412s] -- Installing: /home/yalcinolgac/ros2_ws/install/repeat_1_4/share/repeat_1_4/local_setup.sh
[2.412s] -- Installing: /home/yalcinolgac/ros2_ws/install/repeat_1_4/share/repeat_1_4/local_setup.zsh
[2.412s] -- Installing: /home/yalcinolgac/ros2_ws/install/repeat_1_4/share/repeat_1_4/local_setup.dsv
[2.412s] -- Installing: /home/yalcinolgac/ros2_ws/install/repeat_1_4/share/repeat_1_4/package.dsv
[2.413s] -- Installing: /home/yalcinolgac/ros2_ws/install/repeat_1_4/share/ament_index/resource_index/packages/repeat_1_4
[2.413s] -- Installing: /home/yalcinolgac/ros2_ws/install/repeat_1_4/share/repeat_1_4/cmake/export_repeat_1_4__rosidl_generator_cExport.cmake
[2.413s] -- Installing: /home/yalcinolgac/ros2_ws/install/repeat_1_4/share/repeat_1_4/cmake/export_repeat_1_4__rosidl_generator_cExport-noconfig.cmake
[2.413s] -- Installing: /home/yalcinolgac/ros2_ws/install/repeat_1_4/share/repeat_1_4/cmake/export_repeat_1_4__rosidl_typesupport_fastrtps_cExport.cmake
[2.413s] -- Installing: /home/yalcinolgac/ros2_ws/install/repeat_1_4/share/repeat_1_4/cmake/export_repeat_1_4__rosidl_typesupport_fastrtps_cExport-noconfig.cmake
[2.413s] -- Installing: /home/yalcinolgac/ros2_ws/install/repeat_1_4/share/repeat_1_4/cmake/export_repeat_1_4__rosidl_generator_cppExport.cmake
[2.413s] -- Installing: /home/yalcinolgac/ros2_ws/install/repeat_1_4/share/repeat_1_4/cmake/export_repeat_1_4__rosidl_typesupport_fastrtps_cppExport.cmake
[2.414s] -- Installing: /home/yalcinolgac/ros2_ws/install/repeat_1_4/share/repeat_1_4/cmake/export_repeat_1_4__rosidl_typesupport_fastrtps_cppExport-noconfig.cmake
[2.414s] -- Installing: /home/yalcinolgac/ros2_ws/install/repeat_1_4/share/repeat_1_4/cmake/repeat_1_4__rosidl_typesupport_introspection_cExport.cmake
[2.414s] -- Installing: /home/yalcinolgac/ros2_ws/install/repeat_1_4/share/repeat_1_4/cmake/repeat_1_4__rosidl_typesupport_introspection_cExport-noconfig.cmake
[2.414s] -- Installing: /home/yalcinolgac/ros2_ws/install/repeat_1_4/share/repeat_1_4/cmake/repeat_1_4__rosidl_typesupport_cExport.cmake
[2.414s] -- Installing: /home/yalcinolgac/ros2_ws/install/repeat_1_4/share/repeat_1_4/cmake/repeat_1_4__rosidl_typesupport_cExport-noconfig.cmake
[2.414s] -- Installing: /home/yalcinolgac/ros2_ws/install/repeat_1_4/share/repeat_1_4/cmake/repeat_1_4__rosidl_typesupport_introspection_cppExport.cmake
[2.414s] -- Installing: /home/yalcinolgac/ros2_ws/install/repeat_1_4/share/repeat_1_4/cmake/repeat_1_4__rosidl_typesupport_introspection_cppExport-noconfig.cmake
[2.415s] -- Installing: /home/yalcinolgac/ros2_ws/install/repeat_1_4/share/repeat_1_4/cmake/repeat_1_4__rosidl_typesupport_cppExport.cmake
[2.415s] -- Installing: /home/yalcinolgac/ros2_ws/install/repeat_1_4/share/repeat_1_4/cmake/repeat_1_4__rosidl_typesupport_cppExport-noconfig.cmake
[2.415s] -- Installing: /home/yalcinolgac/ros2_ws/install/repeat_1_4/share/repeat_1_4/cmake/export_repeat_1_4__rosidl_generator_pyExport.cmake
[2.415s] -- Installing: /home/yalcinolgac/ros2_ws/install/repeat_1_4/share/repeat_1_4/cmake/export_repeat_1_4__rosidl_generator_pyExport-noconfig.cmake
[2.415s] -- Installing: /home/yalcinolgac/ros2_ws/install/repeat_1_4/share/repeat_1_4/cmake/rosidl_cmake-extras.cmake
[2.415s] -- Installing: /home/yalcinolgac/ros2_ws/install/repeat_1_4/share/repeat_1_4/cmake/ament_cmake_export_dependencies-extras.cmake
[2.415s] -- Installing: /home/yalcinolgac/ros2_ws/install/repeat_1_4/share/repeat_1_4/cmake/ament_cmake_export_include_directories-extras.cmake
[2.415s] -- Installing: /home/yalcinolgac/ros2_ws/install/repeat_1_4/share/repeat_1_4/cmake/ament_cmake_export_libraries-extras.cmake
[2.415s] -- Installing: /home/yalcinolgac/ros2_ws/install/repeat_1_4/share/repeat_1_4/cmake/ament_cmake_export_targets-extras.cmake
[2.415s] -- Installing: /home/yalcinolgac/ros2_ws/install/repeat_1_4/share/repeat_1_4/cmake/rosidl_cmake_export_typesupport_targets-extras.cmake
[2.415s] -- Installing: /home/yalcinolgac/ros2_ws/install/repeat_1_4/share/repeat_1_4/cmake/rosidl_cmake_export_typesupport_libraries-extras.cmake
[2.416s] -- Installing: /home/yalcinolgac/ros2_ws/install/repeat_1_4/share/repeat_1_4/cmake/repeat_1_4Config.cmake
[2.416s] -- Installing: /home/yalcinolgac/ros2_ws/install/repeat_1_4/share/repeat_1_4/cmake/repeat_1_4Config-version.cmake
[2.416s] -- Installing: /home/yalcinolgac/ros2_ws/install/repeat_1_4/share/repeat_1_4/package.xml
[2.417s] Invoked command in '/home/yalcinolgac/ros2_ws/build/repeat_1_4' returned '0': CMAKE_PREFIX_PATH=${CMAKE_PREFIX_PATH}:/opt/ros/jazzy DEBUGINFOD_URLS=https://debuginfod.ubuntu.com /usr/bin/cmake --install /home/yalcinolgac/ros2_ws/build/repeat_1_4
