[  2%] Built target day2__rosidl_generator_type_description
[  2%] Built target ament_cmake_python_copy_day2
[  4%] Built target day2__cpp
[ 22%] Built target day2__rosidl_generator_c
[ 40%] Built target day2__rosidl_typesupport_c
[ 40%] Built target day2__rosidl_typesupport_fastrtps_c
[ 50%] Built target day2__rosidl_typesupport_cpp
[ 59%] Built target day2__rosidl_typesupport_introspection_c
[ 68%] Built target day2__rosidl_typesupport_fastrtps_cpp
[ 77%] Built target day2__rosidl_typesupport_introspection_cpp
[ 77%] Built target day2
[ 79%] Built target day2__py
[ 86%] Built target day2__rosidl_generator_py
[ 90%] Built target day2_s__rosidl_typesupport_introspection_c
[ 95%] Built target day2_s__rosidl_typesupport_c
[100%] Built target day2_s__rosidl_typesupport_fastrtps_c
running egg_info
writing day2.egg-info/PKG-INFO
writing dependency_links to day2.egg-info/dependency_links.txt
writing top-level names to day2.egg-info/top_level.txt
reading manifest file 'day2.egg-info/SOURCES.txt'
writing manifest file 'day2.egg-info/SOURCES.txt'
[100%] Built target ament_cmake_python_build_day2_egg
-- Install configuration: ""
-- Up-to-date: /home/yalcinolgac/ros2_ws/install/day2/share/ament_index/resource_index/rosidl_interfaces/day2
-- Up-to-date: /home/yalcinolgac/ros2_ws/install/day2/share/day2/msg/RobotStatus.json
-- Up-to-date: /home/yalcinolgac/ros2_ws/install/day2/share/day2/msg/SensorData.json
-- Up-to-date: /home/yalcinolgac/ros2_ws/install/day2/include/day2/day2
-- Up-to-date: /home/yalcinolgac/ros2_ws/install/day2/include/day2/day2/msg
-- Up-to-date: /home/yalcinolgac/ros2_ws/install/day2/include/day2/day2/msg/detail
-- Up-to-date: /home/yalcinolgac/ros2_ws/install/day2/include/day2/day2/msg/detail/robot_status__functions.h
-- Up-to-date: /home/yalcinolgac/ros2_ws/install/day2/include/day2/day2/msg/detail/sensor_data__functions.h
-- Up-to-date: /home/yalcinolgac/ros2_ws/install/day2/include/day2/day2/msg/detail/sensor_data__functions.c
-- Up-to-date: /home/yalcinolgac/ros2_ws/install/day2/include/day2/day2/msg/detail/robot_status__description.c
-- Up-to-date: /home/yalcinolgac/ros2_ws/install/day2/include/day2/day2/msg/detail/sensor_data__type_support.c
-- Up-to-date: /home/yalcinolgac/ros2_ws/install/day2/include/day2/day2/msg/detail/robot_status__type_support.h
-- Up-to-date: /home/yalcinolgac/ros2_ws/install/day2/include/day2/day2/msg/detail/robot_status__struct.h
-- Up-to-date: /home/yalcinolgac/ros2_ws/install/day2/include/day2/day2/msg/detail/robot_status__functions.c
-- Up-to-date: /home/yalcinolgac/ros2_ws/install/day2/include/day2/day2/msg/detail/sensor_data__type_support.h
-- Up-to-date: /home/yalcinolgac/ros2_ws/install/day2/include/day2/day2/msg/detail/robot_status__type_support.c
-- Up-to-date: /home/yalcinolgac/ros2_ws/install/day2/include/day2/day2/msg/detail/sensor_data__description.c
-- Up-to-date: /home/yalcinolgac/ros2_ws/install/day2/include/day2/day2/msg/detail/sensor_data__struct.h
-- Up-to-date: /home/yalcinolgac/ros2_ws/install/day2/include/day2/day2/msg/sensor_data.h
-- Up-to-date: /home/yalcinolgac/ros2_ws/install/day2/include/day2/day2/msg/robot_status.h
-- Up-to-date: /home/yalcinolgac/ros2_ws/install/day2/include/day2/day2/msg/rosidl_generator_c__visibility_control.h
-- Up-to-date: /home/yalcinolgac/ros2_ws/install/day2/share/day2/environment/library_path.sh
-- Up-to-date: /home/yalcinolgac/ros2_ws/install/day2/share/day2/environment/library_path.dsv
-- Up-to-date: /home/yalcinolgac/ros2_ws/install/day2/lib/libday2__rosidl_generator_c.so
-- Up-to-date: /home/yalcinolgac/ros2_ws/install/day2/include/day2/day2
-- Up-to-date: /home/yalcinolgac/ros2_ws/install/day2/include/day2/day2/msg
-- Up-to-date: /home/yalcinolgac/ros2_ws/install/day2/include/day2/day2/msg/detail
-- Up-to-date: /home/yalcinolgac/ros2_ws/install/day2/include/day2/day2/msg/detail/sensor_data__rosidl_typesupport_fastrtps_c.h
-- Up-to-date: /home/yalcinolgac/ros2_ws/install/day2/include/day2/day2/msg/detail/robot_status__rosidl_typesupport_fastrtps_c.h
-- Up-to-date: /home/yalcinolgac/ros2_ws/install/day2/include/day2/day2/msg/rosidl_typesupport_fastrtps_c__visibility_control.h
-- Up-to-date: /home/yalcinolgac/ros2_ws/install/day2/lib/libday2__rosidl_typesupport_fastrtps_c.so
-- Up-to-date: /home/yalcinolgac/ros2_ws/install/day2/include/day2/day2
-- Up-to-date: /home/yalcinolgac/ros2_ws/install/day2/include/day2/day2/msg
-- Up-to-date: /home/yalcinolgac/ros2_ws/install/day2/include/day2/day2/msg/sensor_data.hpp
-- Up-to-date: /home/yalcinolgac/ros2_ws/install/day2/include/day2/day2/msg/detail
-- Up-to-date: /home/yalcinolgac/ros2_ws/install/day2/include/day2/day2/msg/detail/robot_status__builder.hpp
-- Up-to-date: /home/yalcinolgac/ros2_ws/install/day2/include/day2/day2/msg/detail/sensor_data__builder.hpp
-- Up-to-date: /home/yalcinolgac/ros2_ws/install/day2/include/day2/day2/msg/detail/sensor_data__struct.hpp
-- Up-to-date: /home/yalcinolgac/ros2_ws/install/day2/include/day2/day2/msg/detail/sensor_data__type_support.hpp
-- Up-to-date: /home/yalcinolgac/ros2_ws/install/day2/include/day2/day2/msg/detail/sensor_data__traits.hpp
-- Up-to-date: /home/yalcinolgac/ros2_ws/install/day2/include/day2/day2/msg/detail/robot_status__traits.hpp
-- Up-to-date: /home/yalcinolgac/ros2_ws/install/day2/include/day2/day2/msg/detail/robot_status__struct.hpp
-- Up-to-date: /home/yalcinolgac/ros2_ws/install/day2/include/day2/day2/msg/detail/robot_status__type_support.hpp
-- Up-to-date: /home/yalcinolgac/ros2_ws/install/day2/include/day2/day2/msg/rosidl_generator_cpp__visibility_control.hpp
-- Up-to-date: /home/yalcinolgac/ros2_ws/install/day2/include/day2/day2/msg/robot_status.hpp
-- Up-to-date: /home/yalcinolgac/ros2_ws/install/day2/include/day2/day2
-- Up-to-date: /home/yalcinolgac/ros2_ws/install/day2/include/day2/day2/msg
-- Up-to-date: /home/yalcinolgac/ros2_ws/install/day2/include/day2/day2/msg/detail
-- Up-to-date: /home/yalcinolgac/ros2_ws/install/day2/include/day2/day2/msg/detail/sensor_data__rosidl_typesupport_fastrtps_cpp.hpp
-- Up-to-date: /home/yalcinolgac/ros2_ws/install/day2/include/day2/day2/msg/detail/dds_fastrtps
-- Up-to-date: /home/yalcinolgac/ros2_ws/install/day2/include/day2/day2/msg/detail/robot_status__rosidl_typesupport_fastrtps_cpp.hpp
-- Up-to-date: /home/yalcinolgac/ros2_ws/install/day2/include/day2/day2/msg/rosidl_typesupport_fastrtps_cpp__visibility_control.h
-- Up-to-date: /home/yalcinolgac/ros2_ws/install/day2/lib/libday2__rosidl_typesupport_fastrtps_cpp.so
-- Up-to-date: /home/yalcinolgac/ros2_ws/install/day2/include/day2/day2
-- Up-to-date: /home/yalcinolgac/ros2_ws/install/day2/include/day2/day2/msg
-- Up-to-date: /home/yalcinolgac/ros2_ws/install/day2/include/day2/day2/msg/detail
-- Up-to-date: /home/yalcinolgac/ros2_ws/install/day2/include/day2/day2/msg/detail/robot_status__rosidl_typesupport_introspection_c.h
-- Up-to-date: /home/yalcinolgac/ros2_ws/install/day2/include/day2/day2/msg/detail/sensor_data__type_support.c
-- Up-to-date: /home/yalcinolgac/ros2_ws/install/day2/include/day2/day2/msg/detail/sensor_data__rosidl_typesupport_introspection_c.h
-- Up-to-date: /home/yalcinolgac/ros2_ws/install/day2/include/day2/day2/msg/detail/robot_status__type_support.c
-- Up-to-date: /home/yalcinolgac/ros2_ws/install/day2/include/day2/day2/msg/rosidl_typesupport_introspection_c__visibility_control.h
-- Up-to-date: /home/yalcinolgac/ros2_ws/install/day2/lib/libday2__rosidl_typesupport_introspection_c.so
-- Up-to-date: /home/yalcinolgac/ros2_ws/install/day2/lib/libday2__rosidl_typesupport_c.so
-- Up-to-date: /home/yalcinolgac/ros2_ws/install/day2/include/day2/day2
-- Up-to-date: /home/yalcinolgac/ros2_ws/install/day2/include/day2/day2/msg
-- Up-to-date: /home/yalcinolgac/ros2_ws/install/day2/include/day2/day2/msg/detail
-- Up-to-date: /home/yalcinolgac/ros2_ws/install/day2/include/day2/day2/msg/detail/sensor_data__rosidl_typesupport_introspection_cpp.hpp
-- Up-to-date: /home/yalcinolgac/ros2_ws/install/day2/include/day2/day2/msg/detail/robot_status__type_support.cpp
-- Up-to-date: /home/yalcinolgac/ros2_ws/install/day2/include/day2/day2/msg/detail/sensor_data__type_support.cpp
-- Up-to-date: /home/yalcinolgac/ros2_ws/install/day2/include/day2/day2/msg/detail/robot_status__rosidl_typesupport_introspection_cpp.hpp
-- Up-to-date: /home/yalcinolgac/ros2_ws/install/day2/lib/libday2__rosidl_typesupport_introspection_cpp.so
-- Up-to-date: /home/yalcinolgac/ros2_ws/install/day2/lib/libday2__rosidl_typesupport_cpp.so
-- Up-to-date: /home/yalcinolgac/ros2_ws/install/day2/share/day2/environment/pythonpath.sh
-- Up-to-date: /home/yalcinolgac/ros2_ws/install/day2/share/day2/environment/pythonpath.dsv
-- Up-to-date: /home/yalcinolgac/ros2_ws/install/day2/lib/python3.12/site-packages/day2-1.0.0-py3.12.egg-info
-- Installing: /home/yalcinolgac/ros2_ws/install/day2/lib/python3.12/site-packages/day2-1.0.0-py3.12.egg-info/PKG-INFO
-- Installing: /home/yalcinolgac/ros2_ws/install/day2/lib/python3.12/site-packages/day2-1.0.0-py3.12.egg-info/SOURCES.txt
-- Installing: /home/yalcinolgac/ros2_ws/install/day2/lib/python3.12/site-packages/day2-1.0.0-py3.12.egg-info/dependency_links.txt
-- Installing: /home/yalcinolgac/ros2_ws/install/day2/lib/python3.12/site-packages/day2-1.0.0-py3.12.egg-info/top_level.txt
-- Up-to-date: /home/yalcinolgac/ros2_ws/install/day2/lib/python3.12/site-packages/day2
-- Up-to-date: /home/yalcinolgac/ros2_ws/install/day2/lib/python3.12/site-packages/day2/_day2_s.ep.rosidl_typesupport_fastrtps_c.c
-- Up-to-date: /home/yalcinolgac/ros2_ws/install/day2/lib/python3.12/site-packages/day2/msg
-- Up-to-date: /home/yalcinolgac/ros2_ws/install/day2/lib/python3.12/site-packages/day2/msg/_robot_status_s.c
-- Up-to-date: /home/yalcinolgac/ros2_ws/install/day2/lib/python3.12/site-packages/day2/msg/_sensor_data.py
-- Up-to-date: /home/yalcinolgac/ros2_ws/install/day2/lib/python3.12/site-packages/day2/msg/_sensor_data_s.c
-- Up-to-date: /home/yalcinolgac/ros2_ws/install/day2/lib/python3.12/site-packages/day2/msg/__init__.py
-- Up-to-date: /home/yalcinolgac/ros2_ws/install/day2/lib/python3.12/site-packages/day2/msg/_robot_status.py
-- Up-to-date: /home/yalcinolgac/ros2_ws/install/day2/lib/python3.12/site-packages/day2/day2_s__rosidl_typesupport_fastrtps_c.so
-- Up-to-date: /home/yalcinolgac/ros2_ws/install/day2/lib/python3.12/site-packages/day2/_day2_s.ep.rosidl_typesupport_introspection_c.c
-- Up-to-date: /home/yalcinolgac/ros2_ws/install/day2/lib/python3.12/site-packages/day2/__init__.py
-- Up-to-date: /home/yalcinolgac/ros2_ws/install/day2/lib/python3.12/site-packages/day2/day2_s__rosidl_typesupport_c.so
-- Up-to-date: /home/yalcinolgac/ros2_ws/install/day2/lib/python3.12/site-packages/day2/day2_s__rosidl_typesupport_introspection_c.so
-- Up-to-date: /home/yalcinolgac/ros2_ws/install/day2/lib/python3.12/site-packages/day2/_day2_s.ep.rosidl_typesupport_c.c
Listing '/home/yalcinolgac/ros2_ws/install/day2/lib/python3.12/site-packages/day2'...
Listing '/home/yalcinolgac/ros2_ws/install/day2/lib/python3.12/site-packages/day2/msg'...
-- Up-to-date: /home/yalcinolgac/ros2_ws/install/day2/lib/python3.12/site-packages/day2/day2_s__rosidl_typesupport_fastrtps_c.so
-- Up-to-date: /home/yalcinolgac/ros2_ws/install/day2/lib/python3.12/site-packages/day2/day2_s__rosidl_typesupport_introspection_c.so
-- Up-to-date: /home/yalcinolgac/ros2_ws/install/day2/lib/python3.12/site-packages/day2/day2_s__rosidl_typesupport_c.so
-- Up-to-date: /home/yalcinolgac/ros2_ws/install/day2/lib/libday2__rosidl_generator_py.so
-- Up-to-date: /home/yalcinolgac/ros2_ws/install/day2/share/day2/msg/RobotStatus.idl
-- Up-to-date: /home/yalcinolgac/ros2_ws/install/day2/share/day2/msg/SensorData.idl
-- Up-to-date: /home/yalcinolgac/ros2_ws/install/day2/share/day2/msg/RobotStatus.msg
-- Up-to-date: /home/yalcinolgac/ros2_ws/install/day2/share/day2/msg/SensorData.msg
-- Up-to-date: /home/yalcinolgac/ros2_ws/install/day2/share/ament_index/resource_index/package_run_dependencies/day2
-- Up-to-date: /home/yalcinolgac/ros2_ws/install/day2/share/ament_index/resource_index/parent_prefix_path/day2
-- Up-to-date: /home/yalcinolgac/ros2_ws/install/day2/share/day2/environment/ament_prefix_path.sh
-- Up-to-date: /home/yalcinolgac/ros2_ws/install/day2/share/day2/environment/ament_prefix_path.dsv
-- Up-to-date: /home/yalcinolgac/ros2_ws/install/day2/share/day2/environment/path.sh
-- Up-to-date: /home/yalcinolgac/ros2_ws/install/day2/share/day2/environment/path.dsv
-- Up-to-date: /home/yalcinolgac/ros2_ws/install/day2/share/day2/local_setup.bash
-- Up-to-date: /home/yalcinolgac/ros2_ws/install/day2/share/day2/local_setup.sh
-- Up-to-date: /home/yalcinolgac/ros2_ws/install/day2/share/day2/local_setup.zsh
-- Up-to-date: /home/yalcinolgac/ros2_ws/install/day2/share/day2/local_setup.dsv
-- Installing: /home/yalcinolgac/ros2_ws/install/day2/share/day2/package.dsv
-- Up-to-date: /home/yalcinolgac/ros2_ws/install/day2/share/ament_index/resource_index/packages/day2
-- Up-to-date: /home/yalcinolgac/ros2_ws/install/day2/share/day2/cmake/export_day2__rosidl_generator_cExport.cmake
-- Up-to-date: /home/yalcinolgac/ros2_ws/install/day2/share/day2/cmake/export_day2__rosidl_generator_cExport-noconfig.cmake
-- Up-to-date: /home/yalcinolgac/ros2_ws/install/day2/share/day2/cmake/export_day2__rosidl_typesupport_fastrtps_cExport.cmake
-- Up-to-date: /home/yalcinolgac/ros2_ws/install/day2/share/day2/cmake/export_day2__rosidl_typesupport_fastrtps_cExport-noconfig.cmake
-- Up-to-date: /home/yalcinolgac/ros2_ws/install/day2/share/day2/cmake/export_day2__rosidl_generator_cppExport.cmake
-- Up-to-date: /home/yalcinolgac/ros2_ws/install/day2/share/day2/cmake/export_day2__rosidl_typesupport_fastrtps_cppExport.cmake
-- Up-to-date: /home/yalcinolgac/ros2_ws/install/day2/share/day2/cmake/export_day2__rosidl_typesupport_fastrtps_cppExport-noconfig.cmake
-- Up-to-date: /home/yalcinolgac/ros2_ws/install/day2/share/day2/cmake/day2__rosidl_typesupport_introspection_cExport.cmake
-- Up-to-date: /home/yalcinolgac/ros2_ws/install/day2/share/day2/cmake/day2__rosidl_typesupport_introspection_cExport-noconfig.cmake
-- Up-to-date: /home/yalcinolgac/ros2_ws/install/day2/share/day2/cmake/day2__rosidl_typesupport_cExport.cmake
-- Up-to-date: /home/yalcinolgac/ros2_ws/install/day2/share/day2/cmake/day2__rosidl_typesupport_cExport-noconfig.cmake
-- Up-to-date: /home/yalcinolgac/ros2_ws/install/day2/share/day2/cmake/day2__rosidl_typesupport_introspection_cppExport.cmake
-- Up-to-date: /home/yalcinolgac/ros2_ws/install/day2/share/day2/cmake/day2__rosidl_typesupport_introspection_cppExport-noconfig.cmake
-- Up-to-date: /home/yalcinolgac/ros2_ws/install/day2/share/day2/cmake/day2__rosidl_typesupport_cppExport.cmake
-- Up-to-date: /home/yalcinolgac/ros2_ws/install/day2/share/day2/cmake/day2__rosidl_typesupport_cppExport-noconfig.cmake
-- Up-to-date: /home/yalcinolgac/ros2_ws/install/day2/share/day2/cmake/export_day2__rosidl_generator_pyExport.cmake
-- Up-to-date: /home/yalcinolgac/ros2_ws/install/day2/share/day2/cmake/export_day2__rosidl_generator_pyExport-noconfig.cmake
-- Up-to-date: /home/yalcinolgac/ros2_ws/install/day2/share/day2/cmake/rosidl_cmake-extras.cmake
-- Up-to-date: /home/yalcinolgac/ros2_ws/install/day2/share/day2/cmake/ament_cmake_export_dependencies-extras.cmake
-- Up-to-date: /home/yalcinolgac/ros2_ws/install/day2/share/day2/cmake/ament_cmake_export_include_directories-extras.cmake
-- Up-to-date: /home/yalcinolgac/ros2_ws/install/day2/share/day2/cmake/ament_cmake_export_libraries-extras.cmake
-- Up-to-date: /home/yalcinolgac/ros2_ws/install/day2/share/day2/cmake/ament_cmake_export_targets-extras.cmake
-- Up-to-date: /home/yalcinolgac/ros2_ws/install/day2/share/day2/cmake/rosidl_cmake_export_typesupport_targets-extras.cmake
-- Up-to-date: /home/yalcinolgac/ros2_ws/install/day2/share/day2/cmake/rosidl_cmake_export_typesupport_libraries-extras.cmake
-- Up-to-date: /home/yalcinolgac/ros2_ws/install/day2/share/day2/cmake/day2Config.cmake
-- Up-to-date: /home/yalcinolgac/ros2_ws/install/day2/share/day2/cmake/day2Config-version.cmake
-- Up-to-date: /home/yalcinolgac/ros2_ws/install/day2/share/day2/package.xml
