[0.009s] Invoking command in '/home/yalcinolgac/ros2_ws/build/1_4_repeat': CMAKE_PREFIX_PATH=${CMAKE_PREFIX_PATH}:/opt/ros/jazzy DEBUGINFOD_URLS=https://debuginfod.ubuntu.com /usr/bin/cmake /home/yalcinolgac/ros2_ws/src/1_4_repeat -DCMAKE_INSTALL_PREFIX=/home/yalcinolgac/ros2_ws/install/1_4_repeat
[0.128s] -- The C compiler identification is GNU 13.3.0
[0.197s] -- The CXX compiler identification is GNU 13.3.0
[0.212s] -- Detecting C compiler ABI info
[0.270s] -- Detecting C compiler ABI info - done
[0.275s] -- Check for working C compiler: /usr/bin/cc - skipped
[0.275s] -- Detecting C compile features
[0.275s] -- Detecting C compile features - done
[0.282s] -- Detecting CXX compiler ABI info
[0.341s] -- Detecting CXX compiler ABI info - done
[0.347s] -- Check for working CXX compiler: /usr/bin/c++ - skipped
[0.347s] -- Detecting CXX compile features
[0.347s] -- Detecting CXX compile features - done
[0.371s] -- Found ament_cmake: 2.5.4 (/opt/ros/jazzy/share/ament_cmake/cmake)
[0.461s] -- Found Python3: /usr/bin/python3 (found version "3.12.3") found components: Interpreter 
[0.557s] -- Found rclcpp: 28.1.9 (/opt/ros/jazzy/share/rclcpp/cmake)
[0.616s] -- Found rosidl_generator_c: 4.6.5 (/opt/ros/jazzy/share/rosidl_generator_c/cmake)
[0.629s] -- Found rosidl_generator_cpp: 4.6.5 (/opt/ros/jazzy/share/rosidl_generator_cpp/cmake)
[0.648s] -- Using all available rosidl_typesupport_c: rosidl_typesupport_fastrtps_c;rosidl_typesupport_introspection_c
[0.666s] -- Using all available rosidl_typesupport_cpp: rosidl_typesupport_fastrtps_cpp;rosidl_typesupport_introspection_cpp
[0.740s] -- Found rmw_implementation_cmake: 7.3.2 (/opt/ros/jazzy/share/rmw_implementation_cmake/cmake)
[0.744s] -- Found rmw_fastrtps_cpp: 8.4.2 (/opt/ros/jazzy/share/rmw_fastrtps_cpp/cmake)
[0.824s] -- Found OpenSSL: /usr/lib/x86_64-linux-gnu/libcrypto.so (found version "3.0.13")  
[0.840s] -- Found FastRTPS: /opt/ros/jazzy/include (Required is at least version "2.13") 
[0.854s] -- Using RMW implementation 'rmw_fastrtps_cpp' as default
[0.924s] -- Found rclcpp_action: 28.1.9 (/opt/ros/jazzy/share/rclcpp_action/cmake)
[0.964s] -- Found std_msgs: 5.3.6 (/opt/ros/jazzy/share/std_msgs/cmake)
[0.978s] -- Found rosidl_default_generators: 1.6.0 (/opt/ros/jazzy/share/rosidl_default_generators/cmake)
[0.993s] -- Found rosidl_adapter: 4.6.5 (/opt/ros/jazzy/share/rosidl_adapter/cmake)
[1.171s] [31mCMake Error at /opt/ros/jazzy/share/rosidl_adapter/cmake/rosidl_adapt_interfaces.cmake:57 (message):
[1.171s]   execute_process(/usr/bin/python3 -m rosidl_adapter --package-name
[1.171s]   1_4_repeat --arguments-file
[1.171s]   /home/yalcinolgac/ros2_ws/build/1_4_repeat/rosidl_adapter__arguments__1_4_repeat.json
[1.172s]   --output-dir
[1.172s]   /home/yalcinolgac/ros2_ws/build/1_4_repeat/rosidl_adapter/1_4_repeat
[1.172s]   --output-file
[1.172s]   /home/yalcinolgac/ros2_ws/build/1_4_repeat/rosidl_adapter/1_4_repeat.idls)
[1.172s]   returned error code 1:
[1.172s] 
[1.172s]   Traceback (most recent call last):
[1.172s] 
[1.172s]     File "<frozen runpy>", line 198, in _run_module_as_main
[1.172s]     File "<frozen runpy>", line 88, in _run_code
[1.172s]     File "/opt/ros/jazzy/lib/python3.12/site-packages/rosidl_adapter/__main__.py", line 19, in <module>
[1.172s]       sys.exit(main())
[1.172s]                ^^^^^^
[1.172s]     File "/opt/ros/jazzy/lib/python3.12/site-packages/rosidl_adapter/main.py", line 53, in main
[1.172s]       abs_idl_file = convert_to_idl(
[1.172s]                      ^^^^^^^^^^^^^^^
[1.172s]     File "/opt/ros/jazzy/lib/python3.12/site-packages/rosidl_adapter/__init__.py", line 19, in convert_to_idl
[1.172s]       return convert_msg_to_idl(
[1.172s]              ^^^^^^^^^^^^^^^^^^^
[1.172s]     File "/opt/ros/jazzy/lib/python3.12/site-packages/rosidl_adapter/msg/__init__.py", line 28, in convert_msg_to_idl
[1.172s]       msg = parse_message_string(package_name, input_file.stem, content)
[1.172s]             ^^^^^^^^^^^^^^^^^^^^^^^^^^^^^^^^^^^^^^^^^^^^^^^^^^^^^^^^^^^^
[1.172s]     File "/opt/ros/jazzy/lib/python3.12/site-packages/rosidl_adapter/parser.py", line 545, in parse_message_string
[1.172s]       msg = MessageSpecification(pkg_name, msg_name, fields, constants)
[1.172s]             ^^^^^^^^^^^^^^^^^^^^^^^^^^^^^^^^^^^^^^^^^^^^^^^^^^^^^^^^^^^
[1.172s]     File "/opt/ros/jazzy/lib/python3.12/site-packages/rosidl_adapter/parser.py", line 389, in __init__
[1.172s]       self.base_type = BaseType(
[1.172s]                        ^^^^^^^^^
[1.172s]     File "/opt/ros/jazzy/lib/python3.12/site-packages/rosidl_adapter/parser.py", line 202, in __init__
[1.172s]       raise InvalidResourceName(
[1.172s] 
[1.172s]   rosidl_adapter.parser.InvalidResourceName: '1_4_repeat' is an invalid
[1.173s]   package name.  It should have the pattern
[1.173s]   '^(?!.*__)(?!.*_$)[a-z][a-z0-9_]*$'
[1.173s] 
[1.173s] Call Stack (most recent call first):
[1.173s]   /opt/ros/jazzy/share/rosidl_cmake/cmake/rosidl_generate_interfaces.cmake:132 (rosidl_adapt_interfaces)
[1.173s]   CMakeLists.txt:22 (rosidl_generate_interfaces)
[1.173s] 
[1.173s] [0m
[1.173s] -- Configuring incomplete, errors occurred!
[1.179s] Invoked command in '/home/yalcinolgac/ros2_ws/build/1_4_repeat' returned '1': CMAKE_PREFIX_PATH=${CMAKE_PREFIX_PATH}:/opt/ros/jazzy DEBUGINFOD_URLS=https://debuginfod.ubuntu.com /usr/bin/cmake /home/yalcinolgac/ros2_ws/src/1_4_repeat -DCMAKE_INSTALL_PREFIX=/home/yalcinolgac/ros2_ws/install/1_4_repeat
