[0.008s] Invoking command in '/home/yalcinolgac/ros2_ws/build/repeat_1_4': CMAKE_PREFIX_PATH=${CMAKE_PREFIX_PATH}:/opt/ros/jazzy DEBUGINFOD_URLS=https://debuginfod.ubuntu.com /usr/bin/cmake /home/yalcinolgac/ros2_ws/src/repeat_1_4 -DCMAKE_INSTALL_PREFIX=/home/yalcinolgac/ros2_ws/install/repeat_1_4
[0.040s] -- The C compiler identification is GNU 13.3.0
[0.071s] -- The CXX compiler identification is GNU 13.3.0
[0.080s] -- Detecting C compiler ABI info
[0.134s] -- Detecting C compiler ABI info - done
[0.139s] -- Check for working C compiler: /usr/bin/cc - skipped
[0.139s] -- Detecting C compile features
[0.139s] -- Detecting C compile features - done
[0.145s] -- Detecting CXX compiler ABI info
[0.205s] -- Detecting CXX compiler ABI info - done
[0.210s] -- Check for working CXX compiler: /usr/bin/c++ - skipped
[0.210s] -- Detecting CXX compile features
[0.210s] -- Detecting CXX compile features - done
[0.213s] -- Found ament_cmake: 2.5.4 (/opt/ros/jazzy/share/ament_cmake/cmake)
[0.304s] -- Found Python3: /usr/bin/python3 (found version "3.12.3") found components: Interpreter 
[0.377s] -- Found rclcpp: 28.1.9 (/opt/ros/jazzy/share/rclcpp/cmake)
[0.416s] -- Found rosidl_generator_c: 4.6.5 (/opt/ros/jazzy/share/rosidl_generator_c/cmake)
[0.427s] -- Found rosidl_generator_cpp: 4.6.5 (/opt/ros/jazzy/share/rosidl_generator_cpp/cmake)
[0.438s] -- Using all available rosidl_typesupport_c: rosidl_typesupport_fastrtps_c;rosidl_typesupport_introspection_c
[0.452s] -- Using all available rosidl_typesupport_cpp: rosidl_typesupport_fastrtps_cpp;rosidl_typesupport_introspection_cpp
[0.504s] -- Found rmw_implementation_cmake: 7.3.2 (/opt/ros/jazzy/share/rmw_implementation_cmake/cmake)
[0.507s] -- Found rmw_fastrtps_cpp: 8.4.2 (/opt/ros/jazzy/share/rmw_fastrtps_cpp/cmake)
[0.562s] -- Found OpenSSL: /usr/lib/x86_64-linux-gnu/libcrypto.so (found version "3.0.13")  
[0.574s] -- Found FastRTPS: /opt/ros/jazzy/include (Required is at least version "2.13") 
[0.589s] -- Using RMW implementation 'rmw_fastrtps_cpp' as default
[0.637s] -- Found rclcpp_action: 28.1.9 (/opt/ros/jazzy/share/rclcpp_action/cmake)
[0.665s] -- Found std_msgs: 5.3.6 (/opt/ros/jazzy/share/std_msgs/cmake)
[0.674s] -- Found rosidl_default_generators: 1.6.0 (/opt/ros/jazzy/share/rosidl_default_generators/cmake)
[0.685s] -- Found rosidl_adapter: 4.6.5 (/opt/ros/jazzy/share/rosidl_adapter/cmake)
[0.837s] [31mCMake Error at /opt/ros/jazzy/share/rosidl_adapter/cmake/rosidl_adapt_interfaces.cmake:57 (message):
[0.837s]   execute_process(/usr/bin/python3 -m rosidl_adapter --package-name
[0.837s]   1_4_repeat --arguments-file
[0.837s]   /home/yalcinolgac/ros2_ws/build/repeat_1_4/rosidl_adapter__arguments__1_4_repeat.json
[0.837s]   --output-dir
[0.837s]   /home/yalcinolgac/ros2_ws/build/repeat_1_4/rosidl_adapter/1_4_repeat
[0.837s]   --output-file
[0.837s]   /home/yalcinolgac/ros2_ws/build/repeat_1_4/rosidl_adapter/1_4_repeat.idls)
[0.838s]   returned error code 1:
[0.838s] 
[0.838s]   Traceback (most recent call last):
[0.838s] 
[0.838s]     File "<frozen runpy>", line 198, in _run_module_as_main
[0.838s]     File "<frozen runpy>", line 88, in _run_code
[0.838s]     File "/opt/ros/jazzy/lib/python3.12/site-packages/rosidl_adapter/__main__.py", line 19, in <module>
[0.838s]       sys.exit(main())
[0.838s]                ^^^^^^
[0.838s]     File "/opt/ros/jazzy/lib/python3.12/site-packages/rosidl_adapter/main.py", line 53, in main
[0.838s]       abs_idl_file = convert_to_idl(
[0.838s]                      ^^^^^^^^^^^^^^^
[0.838s]     File "/opt/ros/jazzy/lib/python3.12/site-packages/rosidl_adapter/__init__.py", line 19, in convert_to_idl
[0.838s]       return convert_msg_to_idl(
[0.838s]              ^^^^^^^^^^^^^^^^^^^
[0.838s]     File "/opt/ros/jazzy/lib/python3.12/site-packages/rosidl_adapter/msg/__init__.py", line 28, in convert_msg_to_idl
[0.838s]       msg = parse_message_string(package_name, input_file.stem, content)
[0.838s]             ^^^^^^^^^^^^^^^^^^^^^^^^^^^^^^^^^^^^^^^^^^^^^^^^^^^^^^^^^^^^
[0.838s]     File "/opt/ros/jazzy/lib/python3.12/site-packages/rosidl_adapter/parser.py", line 545, in parse_message_string
[0.838s]       msg = MessageSpecification(pkg_name, msg_name, fields, constants)
[0.838s]             ^^^^^^^^^^^^^^^^^^^^^^^^^^^^^^^^^^^^^^^^^^^^^^^^^^^^^^^^^^^
[0.838s]     File "/opt/ros/jazzy/lib/python3.12/site-packages/rosidl_adapter/parser.py", line 389, in __init__
[0.838s]       self.base_type = BaseType(
[0.838s]                        ^^^^^^^^^
[0.838s]     File "/opt/ros/jazzy/lib/python3.12/site-packages/rosidl_adapter/parser.py", line 202, in __init__
[0.838s]       raise InvalidResourceName(
[0.838s] 
[0.838s]   rosidl_adapter.parser.InvalidResourceName: '1_4_repeat' is an invalid
[0.838s]   package name.  It should have the pattern
[0.838s]   '^(?!.*__)(?!.*_$)[a-z][a-z0-9_]*$'
[0.839s] 
[0.839s] Call Stack (most recent call first):
[0.839s]   /opt/ros/jazzy/share/rosidl_cmake/cmake/rosidl_generate_interfaces.cmake:132 (rosidl_adapt_interfaces)
[0.839s]   CMakeLists.txt:22 (rosidl_generate_interfaces)
[0.839s] 
[0.839s] [0m
[0.839s] -- Configuring incomplete, errors occurred!
[0.844s] Invoked command in '/home/yalcinolgac/ros2_ws/build/repeat_1_4' returned '1': CMAKE_PREFIX_PATH=${CMAKE_PREFIX_PATH}:/opt/ros/jazzy DEBUGINFOD_URLS=https://debuginfod.ubuntu.com /usr/bin/cmake /home/yalcinolgac/ros2_ws/src/repeat_1_4 -DCMAKE_INSTALL_PREFIX=/home/yalcinolgac/ros2_ws/install/repeat_1_4
