[0.012s] Invoking command in '/home/yalcinolgac/ros2_ws/build/day2': CMAKE_PREFIX_PATH=${CMAKE_PREFIX_PATH}:/opt/ros/jazzy DEBUGINFOD_URLS=https://debuginfod.ubuntu.com /usr/bin/cmake --build /home/yalcinolgac/ros2_ws/build/day2 -- -j32 -l32
[0.078s] [  1%] Built target day2__rosidl_generator_type_description
[0.092s] [  1%] Built target day2__cpp
[0.097s] [  1%] Built target ament_cmake_python_copy_day2
[0.097s] [ 26%] Built target day2__rosidl_generator_c
[0.115s] [ 36%] Built target day2__rosidl_typesupport_c
[0.115s] [ 46%] Built target day2__rosidl_typesupport_introspection_cpp
[0.115s] [ 65%] Built target day2__rosidl_typesupport_cpp
[0.115s] [ 65%] Built target day2__rosidl_typesupport_fastrtps_cpp
[0.116s] [ 74%] Built target day2__rosidl_typesupport_introspection_c
[0.117s] [ 84%] Built target day2__rosidl_typesupport_fastrtps_c
[0.130s] [ 84%] Built target day2
[0.143s] [ 85%] Built target day2__py
[0.160s] [ 94%] Built target day2__rosidl_generator_py
[0.175s] [ 99%] Built target day2_s__rosidl_typesupport_introspection_c
[0.175s] [ 99%] Built target day2_s__rosidl_typesupport_c
[0.175s] [100%] Built target day2_s__rosidl_typesupport_fastrtps_c
[0.221s] running egg_info
[0.231s] writing day2.egg-info/PKG-INFO
[0.231s] writing dependency_links to day2.egg-info/dependency_links.txt
[0.231s] writing top-level names to day2.egg-info/top_level.txt
[0.259s] reading manifest file 'day2.egg-info/SOURCES.txt'
[0.260s] writing manifest file 'day2.egg-info/SOURCES.txt'
[0.276s] [100%] Built target ament_cmake_python_build_day2_egg
[0.282s] Invoked command in '/home/yalcinolgac/ros2_ws/build/day2' returned '0': CMAKE_PREFIX_PATH=${CMAKE_PREFIX_PATH}:/opt/ros/jazzy DEBUGINFOD_URLS=https://debuginfod.ubuntu.com /usr/bin/cmake --build /home/yalcinolgac/ros2_ws/build/day2 -- -j32 -l32
[0.284s] Invoking command in '/home/yalcinolgac/ros2_ws/build/day2': CMAKE_PREFIX_PATH=${CMAKE_PREFIX_PATH}:/opt/ros/jazzy DEBUGINFOD_URLS=https://debuginfod.ubuntu.com /usr/bin/cmake --install /home/yalcinolgac/ros2_ws/build/day2
[0.289s] -- Install configuration: ""
[0.289s] -- Up-to-date: /home/yalcinolgac/ros2_ws/install/day2/share/ament_index/resource_index/rosidl_interfaces/day2
[0.289s] -- Up-to-date: /home/yalcinolgac/ros2_ws/install/day2/share/day2/msg/RobotStatus.json
[0.289s] -- Up-to-date: /home/yalcinolgac/ros2_ws/install/day2/share/day2/msg/SensorData.json
[0.289s] -- Up-to-date: /home/yalcinolgac/ros2_ws/install/day2/share/day2/msg/MotorStatus.json
[0.289s] -- Up-to-date: /home/yalcinolgac/ros2_ws/install/day2/share/day2/msg/RobotArray.json
[0.289s] -- Up-to-date: /home/yalcinolgac/ros2_ws/install/day2/share/day2/srv/RobotCommand.json
[0.290s] -- Up-to-date: /home/yalcinolgac/ros2_ws/install/day2/share/day2/srv/GetRobotStatus.json
[0.290s] -- Up-to-date: /home/yalcinolgac/ros2_ws/install/day2/share/day2/srv/CalculatePath.json
[0.290s] -- Up-to-date: /home/yalcinolgac/ros2_ws/install/day2/share/day2/srv/EmergencyStop.json
[0.290s] -- Up-to-date: /home/yalcinolgac/ros2_ws/install/day2/include/day2/day2
[0.290s] -- Up-to-date: /home/yalcinolgac/ros2_ws/install/day2/include/day2/day2/msg
[0.290s] -- Up-to-date: /home/yalcinolgac/ros2_ws/install/day2/include/day2/day2/msg/detail
[0.290s] -- Up-to-date: /home/yalcinolgac/ros2_ws/install/day2/include/day2/day2/msg/detail/motor_status__functions.h
[0.290s] -- Up-to-date: /home/yalcinolgac/ros2_ws/install/day2/include/day2/day2/msg/detail/robot_array__struct.h
[0.290s] -- Up-to-date: /home/yalcinolgac/ros2_ws/install/day2/include/day2/day2/msg/detail/robot_array__functions.h
[0.290s] -- Up-to-date: /home/yalcinolgac/ros2_ws/install/day2/include/day2/day2/msg/detail/robot_status__functions.h
[0.290s] -- Up-to-date: /home/yalcinolgac/ros2_ws/install/day2/include/day2/day2/msg/detail/sensor_data__functions.h
[0.291s] -- Installing: /home/yalcinolgac/ros2_ws/install/day2/include/day2/day2/msg/detail/robot_array__type_support.c
[0.291s] -- Up-to-date: /home/yalcinolgac/ros2_ws/install/day2/include/day2/day2/msg/detail/motor_status__description.c
[0.291s] -- Up-to-date: /home/yalcinolgac/ros2_ws/install/day2/include/day2/day2/msg/detail/motor_status__struct.h
[0.291s] -- Up-to-date: /home/yalcinolgac/ros2_ws/install/day2/include/day2/day2/msg/detail/sensor_data__functions.c
[0.291s] -- Up-to-date: /home/yalcinolgac/ros2_ws/install/day2/include/day2/day2/msg/detail/robot_status__description.c
[0.291s] -- Installing: /home/yalcinolgac/ros2_ws/install/day2/include/day2/day2/msg/detail/sensor_data__type_support.c
[0.291s] -- Up-to-date: /home/yalcinolgac/ros2_ws/install/day2/include/day2/day2/msg/detail/robot_status__type_support.h
[0.291s] -- Up-to-date: /home/yalcinolgac/ros2_ws/install/day2/include/day2/day2/msg/detail/robot_array__description.c
[0.291s] -- Up-to-date: /home/yalcinolgac/ros2_ws/install/day2/include/day2/day2/msg/detail/robot_status__struct.h
[0.291s] -- Up-to-date: /home/yalcinolgac/ros2_ws/install/day2/include/day2/day2/msg/detail/robot_array__functions.c
[0.292s] -- Up-to-date: /home/yalcinolgac/ros2_ws/install/day2/include/day2/day2/msg/detail/motor_status__type_support.h
[0.292s] -- Installing: /home/yalcinolgac/ros2_ws/install/day2/include/day2/day2/msg/detail/motor_status__type_support.c
[0.292s] -- Up-to-date: /home/yalcinolgac/ros2_ws/install/day2/include/day2/day2/msg/detail/robot_status__functions.c
[0.292s] -- Up-to-date: /home/yalcinolgac/ros2_ws/install/day2/include/day2/day2/msg/detail/sensor_data__type_support.h
[0.292s] -- Up-to-date: /home/yalcinolgac/ros2_ws/install/day2/include/day2/day2/msg/detail/motor_status__functions.c
[0.292s] -- Installing: /home/yalcinolgac/ros2_ws/install/day2/include/day2/day2/msg/detail/robot_status__type_support.c
[0.292s] -- Up-to-date: /home/yalcinolgac/ros2_ws/install/day2/include/day2/day2/msg/detail/sensor_data__description.c
[0.292s] -- Up-to-date: /home/yalcinolgac/ros2_ws/install/day2/include/day2/day2/msg/detail/sensor_data__struct.h
[0.292s] -- Up-to-date: /home/yalcinolgac/ros2_ws/install/day2/include/day2/day2/msg/detail/robot_array__type_support.h
[0.292s] -- Up-to-date: /home/yalcinolgac/ros2_ws/install/day2/include/day2/day2/msg/motor_status.h
[0.292s] -- Up-to-date: /home/yalcinolgac/ros2_ws/install/day2/include/day2/day2/msg/robot_array.h
[0.292s] -- Up-to-date: /home/yalcinolgac/ros2_ws/install/day2/include/day2/day2/msg/sensor_data.h
[0.292s] -- Up-to-date: /home/yalcinolgac/ros2_ws/install/day2/include/day2/day2/msg/robot_status.h
[0.292s] -- Up-to-date: /home/yalcinolgac/ros2_ws/install/day2/include/day2/day2/msg/rosidl_generator_c__visibility_control.h
[0.292s] -- Up-to-date: /home/yalcinolgac/ros2_ws/install/day2/include/day2/day2/srv
[0.292s] -- Up-to-date: /home/yalcinolgac/ros2_ws/install/day2/include/day2/day2/srv/detail
[0.293s] -- Installing: /home/yalcinolgac/ros2_ws/install/day2/include/day2/day2/srv/detail/robot_command__type_support.c
[0.293s] -- Up-to-date: /home/yalcinolgac/ros2_ws/install/day2/include/day2/day2/srv/detail/calculate_path__struct.h
[0.293s] -- Installing: /home/yalcinolgac/ros2_ws/install/day2/include/day2/day2/srv/detail/calculate_path__type_support.c
[0.294s] -- Up-to-date: /home/yalcinolgac/ros2_ws/install/day2/include/day2/day2/srv/detail/robot_command__type_support.h
[0.294s] -- Up-to-date: /home/yalcinolgac/ros2_ws/install/day2/include/day2/day2/srv/detail/get_robot_status__description.c
[0.294s] -- Up-to-date: /home/yalcinolgac/ros2_ws/install/day2/include/day2/day2/srv/detail/get_robot_status__type_support.h
[0.294s] -- Up-to-date: /home/yalcinolgac/ros2_ws/install/day2/include/day2/day2/srv/detail/calculate_path__description.c
[0.294s] -- Up-to-date: /home/yalcinolgac/ros2_ws/install/day2/include/day2/day2/srv/detail/robot_command__description.c
[0.294s] -- Up-to-date: /home/yalcinolgac/ros2_ws/install/day2/include/day2/day2/srv/detail/emergency_stop__struct.h
[0.294s] -- Up-to-date: /home/yalcinolgac/ros2_ws/install/day2/include/day2/day2/srv/detail/robot_command__struct.h
[0.294s] -- Up-to-date: /home/yalcinolgac/ros2_ws/install/day2/include/day2/day2/srv/detail/get_robot_status__functions.h
[0.294s] -- Installing: /home/yalcinolgac/ros2_ws/install/day2/include/day2/day2/srv/detail/emergency_stop__type_support.c
[0.294s] -- Up-to-date: /home/yalcinolgac/ros2_ws/install/day2/include/day2/day2/srv/detail/robot_command__functions.h
[0.295s] -- Up-to-date: /home/yalcinolgac/ros2_ws/install/day2/include/day2/day2/srv/detail/calculate_path__functions.h
[0.295s] -- Installing: /home/yalcinolgac/ros2_ws/install/day2/include/day2/day2/srv/detail/get_robot_status__type_support.c
[0.295s] -- Up-to-date: /home/yalcinolgac/ros2_ws/install/day2/include/day2/day2/srv/detail/emergency_stop__description.c
[0.295s] -- Up-to-date: /home/yalcinolgac/ros2_ws/install/day2/include/day2/day2/srv/detail/calculate_path__type_support.h
[0.295s] -- Up-to-date: /home/yalcinolgac/ros2_ws/install/day2/include/day2/day2/srv/detail/robot_command__functions.c
[0.295s] -- Up-to-date: /home/yalcinolgac/ros2_ws/install/day2/include/day2/day2/srv/detail/get_robot_status__functions.c
[0.295s] -- Up-to-date: /home/yalcinolgac/ros2_ws/install/day2/include/day2/day2/srv/detail/emergency_stop__type_support.h
[0.295s] -- Up-to-date: /home/yalcinolgac/ros2_ws/install/day2/include/day2/day2/srv/detail/calculate_path__functions.c
[0.295s] -- Up-to-date: /home/yalcinolgac/ros2_ws/install/day2/include/day2/day2/srv/detail/emergency_stop__functions.h
[0.295s] -- Up-to-date: /home/yalcinolgac/ros2_ws/install/day2/include/day2/day2/srv/detail/get_robot_status__struct.h
[0.295s] -- Up-to-date: /home/yalcinolgac/ros2_ws/install/day2/include/day2/day2/srv/detail/emergency_stop__functions.c
[0.295s] -- Up-to-date: /home/yalcinolgac/ros2_ws/install/day2/include/day2/day2/srv/get_robot_status.h
[0.295s] -- Up-to-date: /home/yalcinolgac/ros2_ws/install/day2/include/day2/day2/srv/robot_command.h
[0.295s] -- Up-to-date: /home/yalcinolgac/ros2_ws/install/day2/include/day2/day2/srv/calculate_path.h
[0.295s] -- Up-to-date: /home/yalcinolgac/ros2_ws/install/day2/include/day2/day2/srv/emergency_stop.h
[0.295s] -- Up-to-date: /home/yalcinolgac/ros2_ws/install/day2/share/day2/environment/library_path.sh
[0.295s] -- Up-to-date: /home/yalcinolgac/ros2_ws/install/day2/share/day2/environment/library_path.dsv
[0.295s] -- Up-to-date: /home/yalcinolgac/ros2_ws/install/day2/lib/libday2__rosidl_generator_c.so
[0.296s] -- Up-to-date: /home/yalcinolgac/ros2_ws/install/day2/include/day2/day2
[0.296s] -- Up-to-date: /home/yalcinolgac/ros2_ws/install/day2/include/day2/day2/msg
[0.296s] -- Up-to-date: /home/yalcinolgac/ros2_ws/install/day2/include/day2/day2/msg/detail
[0.296s] -- Up-to-date: /home/yalcinolgac/ros2_ws/install/day2/include/day2/day2/msg/detail/sensor_data__rosidl_typesupport_fastrtps_c.h
[0.296s] -- Up-to-date: /home/yalcinolgac/ros2_ws/install/day2/include/day2/day2/msg/detail/robot_array__rosidl_typesupport_fastrtps_c.h
[0.297s] -- Up-to-date: /home/yalcinolgac/ros2_ws/install/day2/include/day2/day2/msg/detail/motor_status__rosidl_typesupport_fastrtps_c.h
[0.297s] -- Up-to-date: /home/yalcinolgac/ros2_ws/install/day2/include/day2/day2/msg/detail/robot_status__rosidl_typesupport_fastrtps_c.h
[0.297s] -- Up-to-date: /home/yalcinolgac/ros2_ws/install/day2/include/day2/day2/msg/rosidl_typesupport_fastrtps_c__visibility_control.h
[0.297s] -- Up-to-date: /home/yalcinolgac/ros2_ws/install/day2/include/day2/day2/srv
[0.297s] -- Up-to-date: /home/yalcinolgac/ros2_ws/install/day2/include/day2/day2/srv/detail
[0.297s] -- Up-to-date: /home/yalcinolgac/ros2_ws/install/day2/include/day2/day2/srv/detail/robot_command__rosidl_typesupport_fastrtps_c.h
[0.297s] -- Up-to-date: /home/yalcinolgac/ros2_ws/install/day2/include/day2/day2/srv/detail/emergency_stop__rosidl_typesupport_fastrtps_c.h
[0.297s] -- Up-to-date: /home/yalcinolgac/ros2_ws/install/day2/include/day2/day2/srv/detail/get_robot_status__rosidl_typesupport_fastrtps_c.h
[0.297s] -- Up-to-date: /home/yalcinolgac/ros2_ws/install/day2/include/day2/day2/srv/detail/calculate_path__rosidl_typesupport_fastrtps_c.h
[0.298s] -- Up-to-date: /home/yalcinolgac/ros2_ws/install/day2/lib/libday2__rosidl_typesupport_fastrtps_c.so
[0.298s] -- Up-to-date: /home/yalcinolgac/ros2_ws/install/day2/include/day2/day2
[0.298s] -- Up-to-date: /home/yalcinolgac/ros2_ws/install/day2/include/day2/day2/msg
[0.298s] -- Up-to-date: /home/yalcinolgac/ros2_ws/install/day2/include/day2/day2/msg/sensor_data.hpp
[0.298s] -- Up-to-date: /home/yalcinolgac/ros2_ws/install/day2/include/day2/day2/msg/robot_array.hpp
[0.298s] -- Up-to-date: /home/yalcinolgac/ros2_ws/install/day2/include/day2/day2/msg/detail
[0.298s] -- Up-to-date: /home/yalcinolgac/ros2_ws/install/day2/include/day2/day2/msg/detail/robot_status__builder.hpp
[0.298s] -- Up-to-date: /home/yalcinolgac/ros2_ws/install/day2/include/day2/day2/msg/detail/motor_status__traits.hpp
[0.298s] -- Up-to-date: /home/yalcinolgac/ros2_ws/install/day2/include/day2/day2/msg/detail/robot_array__traits.hpp
[0.298s] -- Up-to-date: /home/yalcinolgac/ros2_ws/install/day2/include/day2/day2/msg/detail/robot_array__builder.hpp
[0.299s] -- Up-to-date: /home/yalcinolgac/ros2_ws/install/day2/include/day2/day2/msg/detail/sensor_data__builder.hpp
[0.299s] -- Up-to-date: /home/yalcinolgac/ros2_ws/install/day2/include/day2/day2/msg/detail/robot_array__struct.hpp
[0.299s] -- Up-to-date: /home/yalcinolgac/ros2_ws/install/day2/include/day2/day2/msg/detail/sensor_data__struct.hpp
[0.299s] -- Up-to-date: /home/yalcinolgac/ros2_ws/install/day2/include/day2/day2/msg/detail/motor_status__builder.hpp
[0.299s] -- Up-to-date: /home/yalcinolgac/ros2_ws/install/day2/include/day2/day2/msg/detail/sensor_data__type_support.hpp
[0.299s] -- Up-to-date: /home/yalcinolgac/ros2_ws/install/day2/include/day2/day2/msg/detail/motor_status__type_support.hpp
[0.299s] -- Up-to-date: /home/yalcinolgac/ros2_ws/install/day2/include/day2/day2/msg/detail/robot_array__type_support.hpp
[0.299s] -- Up-to-date: /home/yalcinolgac/ros2_ws/install/day2/include/day2/day2/msg/detail/sensor_data__traits.hpp
[0.299s] -- Up-to-date: /home/yalcinolgac/ros2_ws/install/day2/include/day2/day2/msg/detail/robot_status__traits.hpp
[0.299s] -- Up-to-date: /home/yalcinolgac/ros2_ws/install/day2/include/day2/day2/msg/detail/motor_status__struct.hpp
[0.299s] -- Up-to-date: /home/yalcinolgac/ros2_ws/install/day2/include/day2/day2/msg/detail/robot_status__struct.hpp
[0.299s] -- Up-to-date: /home/yalcinolgac/ros2_ws/install/day2/include/day2/day2/msg/detail/robot_status__type_support.hpp
[0.299s] -- Up-to-date: /home/yalcinolgac/ros2_ws/install/day2/include/day2/day2/msg/motor_status.hpp
[0.299s] -- Up-to-date: /home/yalcinolgac/ros2_ws/install/day2/include/day2/day2/msg/rosidl_generator_cpp__visibility_control.hpp
[0.299s] -- Up-to-date: /home/yalcinolgac/ros2_ws/install/day2/include/day2/day2/msg/robot_status.hpp
[0.300s] -- Up-to-date: /home/yalcinolgac/ros2_ws/install/day2/include/day2/day2/srv
[0.300s] -- Up-to-date: /home/yalcinolgac/ros2_ws/install/day2/include/day2/day2/srv/get_robot_status.hpp
[0.300s] -- Up-to-date: /home/yalcinolgac/ros2_ws/install/day2/include/day2/day2/srv/detail
[0.300s] -- Up-to-date: /home/yalcinolgac/ros2_ws/install/day2/include/day2/day2/srv/detail/get_robot_status__type_support.hpp
[0.300s] -- Up-to-date: /home/yalcinolgac/ros2_ws/install/day2/include/day2/day2/srv/detail/emergency_stop__builder.hpp
[0.300s] -- Up-to-date: /home/yalcinolgac/ros2_ws/install/day2/include/day2/day2/srv/detail/robot_command__struct.hpp
[0.300s] -- Up-to-date: /home/yalcinolgac/ros2_ws/install/day2/include/day2/day2/srv/detail/emergency_stop__struct.hpp
[0.300s] -- Up-to-date: /home/yalcinolgac/ros2_ws/install/day2/include/day2/day2/srv/detail/get_robot_status__builder.hpp
[0.300s] -- Up-to-date: /home/yalcinolgac/ros2_ws/install/day2/include/day2/day2/srv/detail/robot_command__type_support.hpp
[0.300s] -- Up-to-date: /home/yalcinolgac/ros2_ws/install/day2/include/day2/day2/srv/detail/robot_command__builder.hpp
[0.300s] -- Up-to-date: /home/yalcinolgac/ros2_ws/install/day2/include/day2/day2/srv/detail/get_robot_status__traits.hpp
[0.300s] -- Up-to-date: /home/yalcinolgac/ros2_ws/install/day2/include/day2/day2/srv/detail/calculate_path__builder.hpp
[0.300s] -- Up-to-date: /home/yalcinolgac/ros2_ws/install/day2/include/day2/day2/srv/detail/emergency_stop__type_support.hpp
[0.300s] -- Up-to-date: /home/yalcinolgac/ros2_ws/install/day2/include/day2/day2/srv/detail/emergency_stop__traits.hpp
[0.301s] -- Up-to-date: /home/yalcinolgac/ros2_ws/install/day2/include/day2/day2/srv/detail/calculate_path__struct.hpp
[0.301s] -- Up-to-date: /home/yalcinolgac/ros2_ws/install/day2/include/day2/day2/srv/detail/get_robot_status__struct.hpp
[0.301s] -- Up-to-date: /home/yalcinolgac/ros2_ws/install/day2/include/day2/day2/srv/detail/calculate_path__type_support.hpp
[0.301s] -- Up-to-date: /home/yalcinolgac/ros2_ws/install/day2/include/day2/day2/srv/detail/robot_command__traits.hpp
[0.301s] -- Up-to-date: /home/yalcinolgac/ros2_ws/install/day2/include/day2/day2/srv/detail/calculate_path__traits.hpp
[0.301s] -- Up-to-date: /home/yalcinolgac/ros2_ws/install/day2/include/day2/day2/srv/robot_command.hpp
[0.301s] -- Up-to-date: /home/yalcinolgac/ros2_ws/install/day2/include/day2/day2/srv/calculate_path.hpp
[0.301s] -- Up-to-date: /home/yalcinolgac/ros2_ws/install/day2/include/day2/day2/srv/emergency_stop.hpp
[0.301s] -- Up-to-date: /home/yalcinolgac/ros2_ws/install/day2/include/day2/day2
[0.301s] -- Up-to-date: /home/yalcinolgac/ros2_ws/install/day2/include/day2/day2/msg
[0.301s] -- Up-to-date: /home/yalcinolgac/ros2_ws/install/day2/include/day2/day2/msg/detail
[0.302s] -- Up-to-date: /home/yalcinolgac/ros2_ws/install/day2/include/day2/day2/msg/detail/robot_array__rosidl_typesupport_fastrtps_cpp.hpp
[0.302s] -- Up-to-date: /home/yalcinolgac/ros2_ws/install/day2/include/day2/day2/msg/detail/motor_status__rosidl_typesupport_fastrtps_cpp.hpp
[0.302s] -- Up-to-date: /home/yalcinolgac/ros2_ws/install/day2/include/day2/day2/msg/detail/sensor_data__rosidl_typesupport_fastrtps_cpp.hpp
[0.302s] -- Up-to-date: /home/yalcinolgac/ros2_ws/install/day2/include/day2/day2/msg/detail/dds_fastrtps
[0.302s] -- Up-to-date: /home/yalcinolgac/ros2_ws/install/day2/include/day2/day2/msg/detail/robot_status__rosidl_typesupport_fastrtps_cpp.hpp
[0.302s] -- Up-to-date: /home/yalcinolgac/ros2_ws/install/day2/include/day2/day2/msg/rosidl_typesupport_fastrtps_cpp__visibility_control.h
[0.302s] -- Up-to-date: /home/yalcinolgac/ros2_ws/install/day2/include/day2/day2/srv
[0.302s] -- Up-to-date: /home/yalcinolgac/ros2_ws/install/day2/include/day2/day2/srv/detail
[0.302s] -- Up-to-date: /home/yalcinolgac/ros2_ws/install/day2/include/day2/day2/srv/detail/get_robot_status__rosidl_typesupport_fastrtps_cpp.hpp
[0.302s] -- Up-to-date: /home/yalcinolgac/ros2_ws/install/day2/include/day2/day2/srv/detail/emergency_stop__rosidl_typesupport_fastrtps_cpp.hpp
[0.302s] -- Up-to-date: /home/yalcinolgac/ros2_ws/install/day2/include/day2/day2/srv/detail/dds_fastrtps
[0.302s] -- Up-to-date: /home/yalcinolgac/ros2_ws/install/day2/include/day2/day2/srv/detail/robot_command__rosidl_typesupport_fastrtps_cpp.hpp
[0.302s] -- Up-to-date: /home/yalcinolgac/ros2_ws/install/day2/include/day2/day2/srv/detail/calculate_path__rosidl_typesupport_fastrtps_cpp.hpp
[0.303s] -- Up-to-date: /home/yalcinolgac/ros2_ws/install/day2/lib/libday2__rosidl_typesupport_fastrtps_cpp.so
[0.303s] -- Up-to-date: /home/yalcinolgac/ros2_ws/install/day2/include/day2/day2
[0.303s] -- Up-to-date: /home/yalcinolgac/ros2_ws/install/day2/include/day2/day2/msg
[0.303s] -- Up-to-date: /home/yalcinolgac/ros2_ws/install/day2/include/day2/day2/msg/detail
[0.303s] -- Up-to-date: /home/yalcinolgac/ros2_ws/install/day2/include/day2/day2/msg/detail/robot_status__rosidl_typesupport_introspection_c.h
[0.303s] -- Installing: /home/yalcinolgac/ros2_ws/install/day2/include/day2/day2/msg/detail/robot_array__type_support.c
[0.303s] -- Installing: /home/yalcinolgac/ros2_ws/install/day2/include/day2/day2/msg/detail/sensor_data__type_support.c
[0.304s] -- Up-to-date: /home/yalcinolgac/ros2_ws/install/day2/include/day2/day2/msg/detail/motor_status__rosidl_typesupport_introspection_c.h
[0.304s] -- Up-to-date: /home/yalcinolgac/ros2_ws/install/day2/include/day2/day2/msg/detail/robot_array__rosidl_typesupport_introspection_c.h
[0.304s] -- Installing: /home/yalcinolgac/ros2_ws/install/day2/include/day2/day2/msg/detail/motor_status__type_support.c
[0.304s] -- Up-to-date: /home/yalcinolgac/ros2_ws/install/day2/include/day2/day2/msg/detail/sensor_data__rosidl_typesupport_introspection_c.h
[0.304s] -- Installing: /home/yalcinolgac/ros2_ws/install/day2/include/day2/day2/msg/detail/robot_status__type_support.c
[0.304s] -- Up-to-date: /home/yalcinolgac/ros2_ws/install/day2/include/day2/day2/msg/rosidl_typesupport_introspection_c__visibility_control.h
[0.305s] -- Up-to-date: /home/yalcinolgac/ros2_ws/install/day2/include/day2/day2/srv
[0.305s] -- Up-to-date: /home/yalcinolgac/ros2_ws/install/day2/include/day2/day2/srv/detail
[0.305s] -- Installing: /home/yalcinolgac/ros2_ws/install/day2/include/day2/day2/srv/detail/robot_command__type_support.c
[0.305s] -- Installing: /home/yalcinolgac/ros2_ws/install/day2/include/day2/day2/srv/detail/calculate_path__type_support.c
[0.306s] -- Up-to-date: /home/yalcinolgac/ros2_ws/install/day2/include/day2/day2/srv/detail/get_robot_status__rosidl_typesupport_introspection_c.h
[0.306s] -- Installing: /home/yalcinolgac/ros2_ws/install/day2/include/day2/day2/srv/detail/emergency_stop__type_support.c
[0.306s] -- Up-to-date: /home/yalcinolgac/ros2_ws/install/day2/include/day2/day2/srv/detail/robot_command__rosidl_typesupport_introspection_c.h
[0.306s] -- Installing: /home/yalcinolgac/ros2_ws/install/day2/include/day2/day2/srv/detail/get_robot_status__type_support.c
[0.307s] -- Up-to-date: /home/yalcinolgac/ros2_ws/install/day2/include/day2/day2/srv/detail/calculate_path__rosidl_typesupport_introspection_c.h
[0.307s] -- Up-to-date: /home/yalcinolgac/ros2_ws/install/day2/include/day2/day2/srv/detail/emergency_stop__rosidl_typesupport_introspection_c.h
[0.307s] -- Up-to-date: /home/yalcinolgac/ros2_ws/install/day2/lib/libday2__rosidl_typesupport_introspection_c.so
[0.308s] -- Up-to-date: /home/yalcinolgac/ros2_ws/install/day2/lib/libday2__rosidl_typesupport_c.so
[0.308s] -- Up-to-date: /home/yalcinolgac/ros2_ws/install/day2/include/day2/day2
[0.308s] -- Up-to-date: /home/yalcinolgac/ros2_ws/install/day2/include/day2/day2/msg
[0.309s] -- Up-to-date: /home/yalcinolgac/ros2_ws/install/day2/include/day2/day2/msg/detail
[0.309s] -- Up-to-date: /home/yalcinolgac/ros2_ws/install/day2/include/day2/day2/msg/detail/motor_status__type_support.cpp
[0.309s] -- Up-to-date: /home/yalcinolgac/ros2_ws/install/day2/include/day2/day2/msg/detail/motor_status__rosidl_typesupport_introspection_cpp.hpp
[0.309s] -- Up-to-date: /home/yalcinolgac/ros2_ws/install/day2/include/day2/day2/msg/detail/sensor_data__rosidl_typesupport_introspection_cpp.hpp
[0.309s] -- Up-to-date: /home/yalcinolgac/ros2_ws/install/day2/include/day2/day2/msg/detail/robot_array__type_support.cpp
[0.309s] -- Up-to-date: /home/yalcinolgac/ros2_ws/install/day2/include/day2/day2/msg/detail/robot_status__type_support.cpp
[0.309s] -- Up-to-date: /home/yalcinolgac/ros2_ws/install/day2/include/day2/day2/msg/detail/robot_array__rosidl_typesupport_introspection_cpp.hpp
[0.310s] -- Up-to-date: /home/yalcinolgac/ros2_ws/install/day2/include/day2/day2/msg/detail/sensor_data__type_support.cpp
[0.310s] -- Up-to-date: /home/yalcinolgac/ros2_ws/install/day2/include/day2/day2/msg/detail/robot_status__rosidl_typesupport_introspection_cpp.hpp
[0.310s] -- Up-to-date: /home/yalcinolgac/ros2_ws/install/day2/include/day2/day2/srv
[0.310s] -- Up-to-date: /home/yalcinolgac/ros2_ws/install/day2/include/day2/day2/srv/detail
[0.310s] -- Up-to-date: /home/yalcinolgac/ros2_ws/install/day2/include/day2/day2/srv/detail/robot_command__type_support.cpp
[0.310s] -- Up-to-date: /home/yalcinolgac/ros2_ws/install/day2/include/day2/day2/srv/detail/calculate_path__rosidl_typesupport_introspection_cpp.hpp
[0.310s] -- Up-to-date: /home/yalcinolgac/ros2_ws/install/day2/include/day2/day2/srv/detail/emergency_stop__rosidl_typesupport_introspection_cpp.hpp
[0.310s] -- Up-to-date: /home/yalcinolgac/ros2_ws/install/day2/include/day2/day2/srv/detail/get_robot_status__type_support.cpp
[0.310s] -- Up-to-date: /home/yalcinolgac/ros2_ws/install/day2/include/day2/day2/srv/detail/robot_command__rosidl_typesupport_introspection_cpp.hpp
[0.310s] -- Up-to-date: /home/yalcinolgac/ros2_ws/install/day2/include/day2/day2/srv/detail/get_robot_status__rosidl_typesupport_introspection_cpp.hpp
[0.310s] -- Up-to-date: /home/yalcinolgac/ros2_ws/install/day2/include/day2/day2/srv/detail/emergency_stop__type_support.cpp
[0.310s] -- Up-to-date: /home/yalcinolgac/ros2_ws/install/day2/include/day2/day2/srv/detail/calculate_path__type_support.cpp
[0.310s] -- Up-to-date: /home/yalcinolgac/ros2_ws/install/day2/lib/libday2__rosidl_typesupport_introspection_cpp.so
[0.311s] -- Up-to-date: /home/yalcinolgac/ros2_ws/install/day2/lib/libday2__rosidl_typesupport_cpp.so
[0.311s] -- Up-to-date: /home/yalcinolgac/ros2_ws/install/day2/share/day2/environment/pythonpath.sh
[0.311s] -- Up-to-date: /home/yalcinolgac/ros2_ws/install/day2/share/day2/environment/pythonpath.dsv
[0.311s] -- Up-to-date: /home/yalcinolgac/ros2_ws/install/day2/lib/python3.12/site-packages/day2-1.0.0-py3.12.egg-info
[0.311s] -- Installing: /home/yalcinolgac/ros2_ws/install/day2/lib/python3.12/site-packages/day2-1.0.0-py3.12.egg-info/PKG-INFO
[0.311s] -- Installing: /home/yalcinolgac/ros2_ws/install/day2/lib/python3.12/site-packages/day2-1.0.0-py3.12.egg-info/SOURCES.txt
[0.311s] -- Installing: /home/yalcinolgac/ros2_ws/install/day2/lib/python3.12/site-packages/day2-1.0.0-py3.12.egg-info/dependency_links.txt
[0.311s] -- Installing: /home/yalcinolgac/ros2_ws/install/day2/lib/python3.12/site-packages/day2-1.0.0-py3.12.egg-info/top_level.txt
[0.312s] -- Up-to-date: /home/yalcinolgac/ros2_ws/install/day2/lib/python3.12/site-packages/day2
[0.312s] -- Up-to-date: /home/yalcinolgac/ros2_ws/install/day2/lib/python3.12/site-packages/day2/_day2_s.ep.rosidl_typesupport_fastrtps_c.c
[0.312s] -- Up-to-date: /home/yalcinolgac/ros2_ws/install/day2/lib/python3.12/site-packages/day2/msg
[0.312s] -- Up-to-date: /home/yalcinolgac/ros2_ws/install/day2/lib/python3.12/site-packages/day2/msg/_robot_status_s.c
[0.312s] -- Up-to-date: /home/yalcinolgac/ros2_ws/install/day2/lib/python3.12/site-packages/day2/msg/_sensor_data.py
[0.312s] -- Up-to-date: /home/yalcinolgac/ros2_ws/install/day2/lib/python3.12/site-packages/day2/msg/_robot_array_s.c
[0.312s] -- Up-to-date: /home/yalcinolgac/ros2_ws/install/day2/lib/python3.12/site-packages/day2/msg/_sensor_data_s.c
[0.312s] -- Up-to-date: /home/yalcinolgac/ros2_ws/install/day2/lib/python3.12/site-packages/day2/msg/_motor_status_s.c
[0.312s] -- Up-to-date: /home/yalcinolgac/ros2_ws/install/day2/lib/python3.12/site-packages/day2/msg/__init__.py
[0.312s] -- Up-to-date: /home/yalcinolgac/ros2_ws/install/day2/lib/python3.12/site-packages/day2/msg/_motor_status.py
[0.312s] -- Up-to-date: /home/yalcinolgac/ros2_ws/install/day2/lib/python3.12/site-packages/day2/msg/_robot_status.py
[0.312s] -- Up-to-date: /home/yalcinolgac/ros2_ws/install/day2/lib/python3.12/site-packages/day2/msg/_robot_array.py
[0.312s] -- Up-to-date: /home/yalcinolgac/ros2_ws/install/day2/lib/python3.12/site-packages/day2/day2_s__rosidl_typesupport_fastrtps_c.so
[0.312s] -- Up-to-date: /home/yalcinolgac/ros2_ws/install/day2/lib/python3.12/site-packages/day2/_day2_s.ep.rosidl_typesupport_introspection_c.c
[0.312s] -- Up-to-date: /home/yalcinolgac/ros2_ws/install/day2/lib/python3.12/site-packages/day2/__init__.py
[0.312s] -- Up-to-date: /home/yalcinolgac/ros2_ws/install/day2/lib/python3.12/site-packages/day2/day2_s__rosidl_typesupport_c.so
[0.312s] -- Up-to-date: /home/yalcinolgac/ros2_ws/install/day2/lib/python3.12/site-packages/day2/srv
[0.312s] -- Up-to-date: /home/yalcinolgac/ros2_ws/install/day2/lib/python3.12/site-packages/day2/srv/_get_robot_status.py
[0.312s] -- Up-to-date: /home/yalcinolgac/ros2_ws/install/day2/lib/python3.12/site-packages/day2/srv/_robot_command_s.c
[0.312s] -- Up-to-date: /home/yalcinolgac/ros2_ws/install/day2/lib/python3.12/site-packages/day2/srv/_calculate_path.py
[0.313s] -- Up-to-date: /home/yalcinolgac/ros2_ws/install/day2/lib/python3.12/site-packages/day2/srv/_emergency_stop_s.c
[0.313s] -- Up-to-date: /home/yalcinolgac/ros2_ws/install/day2/lib/python3.12/site-packages/day2/srv/__init__.py
[0.313s] -- Up-to-date: /home/yalcinolgac/ros2_ws/install/day2/lib/python3.12/site-packages/day2/srv/_emergency_stop.py
[0.313s] -- Up-to-date: /home/yalcinolgac/ros2_ws/install/day2/lib/python3.12/site-packages/day2/srv/_robot_command.py
[0.313s] -- Up-to-date: /home/yalcinolgac/ros2_ws/install/day2/lib/python3.12/site-packages/day2/srv/_get_robot_status_s.c
[0.313s] -- Up-to-date: /home/yalcinolgac/ros2_ws/install/day2/lib/python3.12/site-packages/day2/srv/_calculate_path_s.c
[0.313s] -- Up-to-date: /home/yalcinolgac/ros2_ws/install/day2/lib/python3.12/site-packages/day2/day2_s__rosidl_typesupport_introspection_c.so
[0.313s] -- Up-to-date: /home/yalcinolgac/ros2_ws/install/day2/lib/python3.12/site-packages/day2/_day2_s.ep.rosidl_typesupport_c.c
[0.334s] Listing '/home/yalcinolgac/ros2_ws/install/day2/lib/python3.12/site-packages/day2'...
[0.334s] Listing '/home/yalcinolgac/ros2_ws/install/day2/lib/python3.12/site-packages/day2/msg'...
[0.334s] Listing '/home/yalcinolgac/ros2_ws/install/day2/lib/python3.12/site-packages/day2/srv'...
[0.337s] -- Up-to-date: /home/yalcinolgac/ros2_ws/install/day2/lib/python3.12/site-packages/day2/day2_s__rosidl_typesupport_fastrtps_c.so
[0.338s] -- Up-to-date: /home/yalcinolgac/ros2_ws/install/day2/lib/python3.12/site-packages/day2/day2_s__rosidl_typesupport_introspection_c.so
[0.338s] -- Up-to-date: /home/yalcinolgac/ros2_ws/install/day2/lib/python3.12/site-packages/day2/day2_s__rosidl_typesupport_c.so
[0.339s] -- Up-to-date: /home/yalcinolgac/ros2_ws/install/day2/lib/libday2__rosidl_generator_py.so
[0.339s] -- Up-to-date: /home/yalcinolgac/ros2_ws/install/day2/share/day2/msg/RobotStatus.idl
[0.339s] -- Up-to-date: /home/yalcinolgac/ros2_ws/install/day2/share/day2/msg/SensorData.idl
[0.339s] -- Up-to-date: /home/yalcinolgac/ros2_ws/install/day2/share/day2/msg/MotorStatus.idl
[0.339s] -- Up-to-date: /home/yalcinolgac/ros2_ws/install/day2/share/day2/msg/RobotArray.idl
[0.339s] -- Up-to-date: /home/yalcinolgac/ros2_ws/install/day2/share/day2/srv/RobotCommand.idl
[0.340s] -- Up-to-date: /home/yalcinolgac/ros2_ws/install/day2/share/day2/srv/GetRobotStatus.idl
[0.340s] -- Up-to-date: /home/yalcinolgac/ros2_ws/install/day2/share/day2/srv/CalculatePath.idl
[0.340s] -- Up-to-date: /home/yalcinolgac/ros2_ws/install/day2/share/day2/srv/EmergencyStop.idl
[0.340s] -- Up-to-date: /home/yalcinolgac/ros2_ws/install/day2/share/day2/msg/RobotStatus.msg
[0.340s] -- Up-to-date: /home/yalcinolgac/ros2_ws/install/day2/share/day2/msg/SensorData.msg
[0.340s] -- Up-to-date: /home/yalcinolgac/ros2_ws/install/day2/share/day2/msg/MotorStatus.msg
[0.340s] -- Up-to-date: /home/yalcinolgac/ros2_ws/install/day2/share/day2/msg/RobotArray.msg
[0.340s] -- Up-to-date: /home/yalcinolgac/ros2_ws/install/day2/share/day2/srv/RobotCommand.srv
[0.340s] -- Up-to-date: /home/yalcinolgac/ros2_ws/install/day2/share/day2/srv/GetRobotStatus.srv
[0.340s] -- Up-to-date: /home/yalcinolgac/ros2_ws/install/day2/share/day2/srv/CalculatePath.srv
[0.340s] -- Up-to-date: /home/yalcinolgac/ros2_ws/install/day2/share/day2/srv/EmergencyStop.srv
[0.340s] -- Up-to-date: /home/yalcinolgac/ros2_ws/install/day2/share/ament_index/resource_index/package_run_dependencies/day2
[0.340s] -- Up-to-date: /home/yalcinolgac/ros2_ws/install/day2/share/ament_index/resource_index/parent_prefix_path/day2
[0.340s] -- Up-to-date: /home/yalcinolgac/ros2_ws/install/day2/share/day2/environment/ament_prefix_path.sh
[0.340s] -- Up-to-date: /home/yalcinolgac/ros2_ws/install/day2/share/day2/environment/ament_prefix_path.dsv
[0.340s] -- Up-to-date: /home/yalcinolgac/ros2_ws/install/day2/share/day2/environment/path.sh
[0.341s] -- Up-to-date: /home/yalcinolgac/ros2_ws/install/day2/share/day2/environment/path.dsv
[0.341s] -- Up-to-date: /home/yalcinolgac/ros2_ws/install/day2/share/day2/local_setup.bash
[0.341s] -- Up-to-date: /home/yalcinolgac/ros2_ws/install/day2/share/day2/local_setup.sh
[0.341s] -- Up-to-date: /home/yalcinolgac/ros2_ws/install/day2/share/day2/local_setup.zsh
[0.341s] -- Up-to-date: /home/yalcinolgac/ros2_ws/install/day2/share/day2/local_setup.dsv
[0.341s] -- Installing: /home/yalcinolgac/ros2_ws/install/day2/share/day2/package.dsv
[0.341s] -- Up-to-date: /home/yalcinolgac/ros2_ws/install/day2/share/ament_index/resource_index/packages/day2
[0.341s] -- Up-to-date: /home/yalcinolgac/ros2_ws/install/day2/share/day2/cmake/export_day2__rosidl_generator_cExport.cmake
[0.341s] -- Up-to-date: /home/yalcinolgac/ros2_ws/install/day2/share/day2/cmake/export_day2__rosidl_generator_cExport-noconfig.cmake
[0.341s] -- Up-to-date: /home/yalcinolgac/ros2_ws/install/day2/share/day2/cmake/export_day2__rosidl_typesupport_fastrtps_cExport.cmake
[0.341s] -- Up-to-date: /home/yalcinolgac/ros2_ws/install/day2/share/day2/cmake/export_day2__rosidl_typesupport_fastrtps_cExport-noconfig.cmake
[0.341s] -- Up-to-date: /home/yalcinolgac/ros2_ws/install/day2/share/day2/cmake/export_day2__rosidl_generator_cppExport.cmake
[0.342s] -- Up-to-date: /home/yalcinolgac/ros2_ws/install/day2/share/day2/cmake/export_day2__rosidl_typesupport_fastrtps_cppExport.cmake
[0.342s] -- Up-to-date: /home/yalcinolgac/ros2_ws/install/day2/share/day2/cmake/export_day2__rosidl_typesupport_fastrtps_cppExport-noconfig.cmake
[0.342s] -- Up-to-date: /home/yalcinolgac/ros2_ws/install/day2/share/day2/cmake/day2__rosidl_typesupport_introspection_cExport.cmake
[0.342s] -- Up-to-date: /home/yalcinolgac/ros2_ws/install/day2/share/day2/cmake/day2__rosidl_typesupport_introspection_cExport-noconfig.cmake
[0.342s] -- Up-to-date: /home/yalcinolgac/ros2_ws/install/day2/share/day2/cmake/day2__rosidl_typesupport_cExport.cmake
[0.342s] -- Up-to-date: /home/yalcinolgac/ros2_ws/install/day2/share/day2/cmake/day2__rosidl_typesupport_cExport-noconfig.cmake
[0.343s] -- Up-to-date: /home/yalcinolgac/ros2_ws/install/day2/share/day2/cmake/day2__rosidl_typesupport_introspection_cppExport.cmake
[0.343s] -- Up-to-date: /home/yalcinolgac/ros2_ws/install/day2/share/day2/cmake/day2__rosidl_typesupport_introspection_cppExport-noconfig.cmake
[0.343s] -- Up-to-date: /home/yalcinolgac/ros2_ws/install/day2/share/day2/cmake/day2__rosidl_typesupport_cppExport.cmake
[0.343s] -- Up-to-date: /home/yalcinolgac/ros2_ws/install/day2/share/day2/cmake/day2__rosidl_typesupport_cppExport-noconfig.cmake
[0.344s] -- Up-to-date: /home/yalcinolgac/ros2_ws/install/day2/share/day2/cmake/export_day2__rosidl_generator_pyExport.cmake
[0.344s] -- Up-to-date: /home/yalcinolgac/ros2_ws/install/day2/share/day2/cmake/export_day2__rosidl_generator_pyExport-noconfig.cmake
[0.344s] -- Up-to-date: /home/yalcinolgac/ros2_ws/install/day2/share/day2/cmake/rosidl_cmake-extras.cmake
[0.344s] -- Up-to-date: /home/yalcinolgac/ros2_ws/install/day2/share/day2/cmake/ament_cmake_export_dependencies-extras.cmake
[0.344s] -- Up-to-date: /home/yalcinolgac/ros2_ws/install/day2/share/day2/cmake/ament_cmake_export_include_directories-extras.cmake
[0.344s] -- Up-to-date: /home/yalcinolgac/ros2_ws/install/day2/share/day2/cmake/ament_cmake_export_libraries-extras.cmake
[0.344s] -- Up-to-date: /home/yalcinolgac/ros2_ws/install/day2/share/day2/cmake/ament_cmake_export_targets-extras.cmake
[0.344s] -- Up-to-date: /home/yalcinolgac/ros2_ws/install/day2/share/day2/cmake/rosidl_cmake_export_typesupport_targets-extras.cmake
[0.344s] -- Up-to-date: /home/yalcinolgac/ros2_ws/install/day2/share/day2/cmake/rosidl_cmake_export_typesupport_libraries-extras.cmake
[0.344s] -- Up-to-date: /home/yalcinolgac/ros2_ws/install/day2/share/day2/cmake/day2Config.cmake
[0.344s] -- Up-to-date: /home/yalcinolgac/ros2_ws/install/day2/share/day2/cmake/day2Config-version.cmake
[0.344s] -- Up-to-date: /home/yalcinolgac/ros2_ws/install/day2/share/day2/package.xml
[0.346s] Invoked command in '/home/yalcinolgac/ros2_ws/build/day2' returned '0': CMAKE_PREFIX_PATH=${CMAKE_PREFIX_PATH}:/opt/ros/jazzy DEBUGINFOD_URLS=https://debuginfod.ubuntu.com /usr/bin/cmake --install /home/yalcinolgac/ros2_ws/build/day2
