[0.008s] Invoking command in '/home/yalcinolgac/ros2_ws/build/day2': CMAKE_PREFIX_PATH=${CMAKE_PREFIX_PATH}:/opt/ros/jazzy DEBUGINFOD_URLS=https://debuginfod.ubuntu.com /usr/bin/cmake --build /home/yalcinolgac/ros2_ws/build/day2 -- -j32 -l32
[0.042s] [  1%] Built target day2__rosidl_generator_type_description
[0.049s] [  1%] Built target ament_cmake_python_copy_day2
[0.055s] [  1%] Built target day2__cpp
[0.065s] [ 27%] Built target day2__rosidl_generator_c
[0.086s] [ 47%] Built target day2__rosidl_typesupport_introspection_c
[0.086s] [ 47%] Built target day2__rosidl_typesupport_c
[0.091s] [ 56%] Built target day2__rosidl_typesupport_cpp
[0.092s] [ 66%] Built target day2__rosidl_typesupport_fastrtps_c
[0.093s] [ 76%] Built target day2__rosidl_typesupport_fastrtps_cpp
[0.093s] [ 85%] Built target day2__rosidl_typesupport_introspection_cpp
[0.106s] [ 85%] Built target day2
[0.120s] [ 86%] Built target day2__py
[0.141s] [ 95%] Built target day2__rosidl_generator_py
[0.155s] [ 96%] Built target day2_s__rosidl_typesupport_fastrtps_c
[0.155s] [ 98%] Built target day2_s__rosidl_typesupport_introspection_c
[0.155s] [100%] Built target day2_s__rosidl_typesupport_c
[0.175s] running egg_info
[0.186s] writing day2.egg-info/PKG-INFO
[0.186s] writing dependency_links to day2.egg-info/dependency_links.txt
[0.186s] writing top-level names to day2.egg-info/top_level.txt
[0.219s] reading manifest file 'day2.egg-info/SOURCES.txt'
[0.219s] writing manifest file 'day2.egg-info/SOURCES.txt'
[0.237s] [100%] Built target ament_cmake_python_build_day2_egg
[0.246s] Invoked command in '/home/yalcinolgac/ros2_ws/build/day2' returned '0': CMAKE_PREFIX_PATH=${CMAKE_PREFIX_PATH}:/opt/ros/jazzy DEBUGINFOD_URLS=https://debuginfod.ubuntu.com /usr/bin/cmake --build /home/yalcinolgac/ros2_ws/build/day2 -- -j32 -l32
[0.246s] Invoking command in '/home/yalcinolgac/ros2_ws/build/day2': CMAKE_PREFIX_PATH=${CMAKE_PREFIX_PATH}:/opt/ros/jazzy DEBUGINFOD_URLS=https://debuginfod.ubuntu.com /usr/bin/cmake --install /home/yalcinolgac/ros2_ws/build/day2
[0.251s] -- Install configuration: ""
[0.251s] -- Up-to-date: /home/yalcinolgac/ros2_ws/install/day2/share/ament_index/resource_index/rosidl_interfaces/day2
[0.251s] -- Up-to-date: /home/yalcinolgac/ros2_ws/install/day2/share/day2/msg/RobotStatus.json
[0.251s] -- Up-to-date: /home/yalcinolgac/ros2_ws/install/day2/share/day2/msg/SensorData.json
[0.251s] -- Up-to-date: /home/yalcinolgac/ros2_ws/install/day2/share/day2/msg/MotorStatus.json
[0.251s] -- Up-to-date: /home/yalcinolgac/ros2_ws/install/day2/share/day2/msg/RobotArray.json
[0.251s] -- Up-to-date: /home/yalcinolgac/ros2_ws/install/day2/share/day2/srv/RobotCommand.json
[0.251s] -- Up-to-date: /home/yalcinolgac/ros2_ws/install/day2/share/day2/srv/GetRobotStatus.json
[0.251s] -- Up-to-date: /home/yalcinolgac/ros2_ws/install/day2/share/day2/srv/CalculatePath.json
[0.251s] -- Up-to-date: /home/yalcinolgac/ros2_ws/install/day2/share/day2/srv/EmergencyStop.json
[0.251s] -- Up-to-date: /home/yalcinolgac/ros2_ws/install/day2/share/day2/action/Navigate.json
[0.251s] -- Up-to-date: /home/yalcinolgac/ros2_ws/install/day2/share/day2/action/PickAndPlace.json
[0.251s] -- Up-to-date: /home/yalcinolgac/ros2_ws/install/day2/share/day2/action/MapArea.json
[0.251s] -- Up-to-date: /home/yalcinolgac/ros2_ws/install/day2/share/day2/action/ChargeBattery.json
[0.252s] -- Up-to-date: /home/yalcinolgac/ros2_ws/install/day2/include/day2/day2
[0.252s] -- Up-to-date: /home/yalcinolgac/ros2_ws/install/day2/include/day2/day2/msg
[0.252s] -- Up-to-date: /home/yalcinolgac/ros2_ws/install/day2/include/day2/day2/msg/detail
[0.252s] -- Up-to-date: /home/yalcinolgac/ros2_ws/install/day2/include/day2/day2/msg/detail/motor_status__functions.h
[0.252s] -- Up-to-date: /home/yalcinolgac/ros2_ws/install/day2/include/day2/day2/msg/detail/robot_array__struct.h
[0.252s] -- Up-to-date: /home/yalcinolgac/ros2_ws/install/day2/include/day2/day2/msg/detail/robot_array__functions.h
[0.252s] -- Up-to-date: /home/yalcinolgac/ros2_ws/install/day2/include/day2/day2/msg/detail/robot_status__functions.h
[0.252s] -- Up-to-date: /home/yalcinolgac/ros2_ws/install/day2/include/day2/day2/msg/detail/sensor_data__functions.h
[0.252s] -- Installing: /home/yalcinolgac/ros2_ws/install/day2/include/day2/day2/msg/detail/robot_array__type_support.c
[0.252s] -- Up-to-date: /home/yalcinolgac/ros2_ws/install/day2/include/day2/day2/msg/detail/motor_status__description.c
[0.252s] -- Up-to-date: /home/yalcinolgac/ros2_ws/install/day2/include/day2/day2/msg/detail/motor_status__struct.h
[0.253s] -- Up-to-date: /home/yalcinolgac/ros2_ws/install/day2/include/day2/day2/msg/detail/sensor_data__functions.c
[0.253s] -- Up-to-date: /home/yalcinolgac/ros2_ws/install/day2/include/day2/day2/msg/detail/robot_status__description.c
[0.253s] -- Installing: /home/yalcinolgac/ros2_ws/install/day2/include/day2/day2/msg/detail/sensor_data__type_support.c
[0.253s] -- Up-to-date: /home/yalcinolgac/ros2_ws/install/day2/include/day2/day2/msg/detail/robot_status__type_support.h
[0.253s] -- Up-to-date: /home/yalcinolgac/ros2_ws/install/day2/include/day2/day2/msg/detail/robot_array__description.c
[0.253s] -- Up-to-date: /home/yalcinolgac/ros2_ws/install/day2/include/day2/day2/msg/detail/robot_status__struct.h
[0.253s] -- Up-to-date: /home/yalcinolgac/ros2_ws/install/day2/include/day2/day2/msg/detail/robot_array__functions.c
[0.253s] -- Up-to-date: /home/yalcinolgac/ros2_ws/install/day2/include/day2/day2/msg/detail/motor_status__type_support.h
[0.253s] -- Installing: /home/yalcinolgac/ros2_ws/install/day2/include/day2/day2/msg/detail/motor_status__type_support.c
[0.253s] -- Up-to-date: /home/yalcinolgac/ros2_ws/install/day2/include/day2/day2/msg/detail/robot_status__functions.c
[0.253s] -- Up-to-date: /home/yalcinolgac/ros2_ws/install/day2/include/day2/day2/msg/detail/sensor_data__type_support.h
[0.253s] -- Up-to-date: /home/yalcinolgac/ros2_ws/install/day2/include/day2/day2/msg/detail/motor_status__functions.c
[0.253s] -- Installing: /home/yalcinolgac/ros2_ws/install/day2/include/day2/day2/msg/detail/robot_status__type_support.c
[0.253s] -- Up-to-date: /home/yalcinolgac/ros2_ws/install/day2/include/day2/day2/msg/detail/sensor_data__description.c
[0.253s] -- Up-to-date: /home/yalcinolgac/ros2_ws/install/day2/include/day2/day2/msg/detail/sensor_data__struct.h
[0.253s] -- Up-to-date: /home/yalcinolgac/ros2_ws/install/day2/include/day2/day2/msg/detail/robot_array__type_support.h
[0.253s] -- Up-to-date: /home/yalcinolgac/ros2_ws/install/day2/include/day2/day2/msg/motor_status.h
[0.253s] -- Up-to-date: /home/yalcinolgac/ros2_ws/install/day2/include/day2/day2/msg/robot_array.h
[0.253s] -- Up-to-date: /home/yalcinolgac/ros2_ws/install/day2/include/day2/day2/msg/sensor_data.h
[0.254s] -- Up-to-date: /home/yalcinolgac/ros2_ws/install/day2/include/day2/day2/msg/robot_status.h
[0.254s] -- Up-to-date: /home/yalcinolgac/ros2_ws/install/day2/include/day2/day2/msg/rosidl_generator_c__visibility_control.h
[0.254s] -- Up-to-date: /home/yalcinolgac/ros2_ws/install/day2/include/day2/day2/action
[0.254s] -- Up-to-date: /home/yalcinolgac/ros2_ws/install/day2/include/day2/day2/action/detail
[0.254s] -- Up-to-date: /home/yalcinolgac/ros2_ws/install/day2/include/day2/day2/action/detail/map_area__description.c
[0.254s] -- Up-to-date: /home/yalcinolgac/ros2_ws/install/day2/include/day2/day2/action/detail/map_area__struct.h
[0.254s] -- Up-to-date: /home/yalcinolgac/ros2_ws/install/day2/include/day2/day2/action/detail/map_area__type_support.h
[0.254s] -- Up-to-date: /home/yalcinolgac/ros2_ws/install/day2/include/day2/day2/action/detail/pick_and_place__description.c
[0.254s] -- Up-to-date: /home/yalcinolgac/ros2_ws/install/day2/include/day2/day2/action/detail/navigate__type_support.h
[0.254s] -- Up-to-date: /home/yalcinolgac/ros2_ws/install/day2/include/day2/day2/action/detail/navigate__struct.h
[0.254s] -- Up-to-date: /home/yalcinolgac/ros2_ws/install/day2/include/day2/day2/action/detail/charge_battery__functions.c
[0.254s] -- Up-to-date: /home/yalcinolgac/ros2_ws/install/day2/include/day2/day2/action/detail/navigate__functions.h
[0.254s] -- Up-to-date: /home/yalcinolgac/ros2_ws/install/day2/include/day2/day2/action/detail/charge_battery__description.c
[0.255s] -- Up-to-date: /home/yalcinolgac/ros2_ws/install/day2/include/day2/day2/action/detail/navigate__functions.c
[0.255s] -- Up-to-date: /home/yalcinolgac/ros2_ws/install/day2/include/day2/day2/action/detail/pick_and_place__type_support.h
[0.255s] -- Installing: /home/yalcinolgac/ros2_ws/install/day2/include/day2/day2/action/detail/map_area__type_support.c
[0.255s] -- Up-to-date: /home/yalcinolgac/ros2_ws/install/day2/include/day2/day2/action/detail/pick_and_place__struct.h
[0.255s] -- Installing: /home/yalcinolgac/ros2_ws/install/day2/include/day2/day2/action/detail/charge_battery__type_support.c
[0.255s] -- Up-to-date: /home/yalcinolgac/ros2_ws/install/day2/include/day2/day2/action/detail/charge_battery__functions.h
[0.255s] -- Installing: /home/yalcinolgac/ros2_ws/install/day2/include/day2/day2/action/detail/navigate__type_support.c
[0.255s] -- Up-to-date: /home/yalcinolgac/ros2_ws/install/day2/include/day2/day2/action/detail/pick_and_place__functions.c
[0.255s] -- Up-to-date: /home/yalcinolgac/ros2_ws/install/day2/include/day2/day2/action/detail/navigate__description.c
[0.255s] -- Up-to-date: /home/yalcinolgac/ros2_ws/install/day2/include/day2/day2/action/detail/pick_and_place__functions.h
[0.255s] -- Up-to-date: /home/yalcinolgac/ros2_ws/install/day2/include/day2/day2/action/detail/map_area__functions.c
[0.256s] -- Installing: /home/yalcinolgac/ros2_ws/install/day2/include/day2/day2/action/detail/pick_and_place__type_support.c
[0.256s] -- Up-to-date: /home/yalcinolgac/ros2_ws/install/day2/include/day2/day2/action/detail/map_area__functions.h
[0.256s] -- Up-to-date: /home/yalcinolgac/ros2_ws/install/day2/include/day2/day2/action/detail/charge_battery__struct.h
[0.256s] -- Up-to-date: /home/yalcinolgac/ros2_ws/install/day2/include/day2/day2/action/detail/charge_battery__type_support.h
[0.256s] -- Up-to-date: /home/yalcinolgac/ros2_ws/install/day2/include/day2/day2/action/pick_and_place.h
[0.256s] -- Up-to-date: /home/yalcinolgac/ros2_ws/install/day2/include/day2/day2/action/charge_battery.h
[0.256s] -- Up-to-date: /home/yalcinolgac/ros2_ws/install/day2/include/day2/day2/action/map_area.h
[0.256s] -- Up-to-date: /home/yalcinolgac/ros2_ws/install/day2/include/day2/day2/action/navigate.h
[0.256s] -- Up-to-date: /home/yalcinolgac/ros2_ws/install/day2/include/day2/day2/srv
[0.256s] -- Up-to-date: /home/yalcinolgac/ros2_ws/install/day2/include/day2/day2/srv/detail
[0.256s] -- Installing: /home/yalcinolgac/ros2_ws/install/day2/include/day2/day2/srv/detail/robot_command__type_support.c
[0.256s] -- Up-to-date: /home/yalcinolgac/ros2_ws/install/day2/include/day2/day2/srv/detail/calculate_path__struct.h
[0.256s] -- Installing: /home/yalcinolgac/ros2_ws/install/day2/include/day2/day2/srv/detail/calculate_path__type_support.c
[0.256s] -- Up-to-date: /home/yalcinolgac/ros2_ws/install/day2/include/day2/day2/srv/detail/robot_command__type_support.h
[0.256s] -- Up-to-date: /home/yalcinolgac/ros2_ws/install/day2/include/day2/day2/srv/detail/get_robot_status__description.c
[0.256s] -- Up-to-date: /home/yalcinolgac/ros2_ws/install/day2/include/day2/day2/srv/detail/get_robot_status__type_support.h
[0.257s] -- Up-to-date: /home/yalcinolgac/ros2_ws/install/day2/include/day2/day2/srv/detail/calculate_path__description.c
[0.257s] -- Up-to-date: /home/yalcinolgac/ros2_ws/install/day2/include/day2/day2/srv/detail/robot_command__description.c
[0.257s] -- Up-to-date: /home/yalcinolgac/ros2_ws/install/day2/include/day2/day2/srv/detail/emergency_stop__struct.h
[0.257s] -- Up-to-date: /home/yalcinolgac/ros2_ws/install/day2/include/day2/day2/srv/detail/robot_command__struct.h
[0.257s] -- Up-to-date: /home/yalcinolgac/ros2_ws/install/day2/include/day2/day2/srv/detail/get_robot_status__functions.h
[0.257s] -- Installing: /home/yalcinolgac/ros2_ws/install/day2/include/day2/day2/srv/detail/emergency_stop__type_support.c
[0.257s] -- Up-to-date: /home/yalcinolgac/ros2_ws/install/day2/include/day2/day2/srv/detail/robot_command__functions.h
[0.257s] -- Up-to-date: /home/yalcinolgac/ros2_ws/install/day2/include/day2/day2/srv/detail/calculate_path__functions.h
[0.257s] -- Installing: /home/yalcinolgac/ros2_ws/install/day2/include/day2/day2/srv/detail/get_robot_status__type_support.c
[0.257s] -- Up-to-date: /home/yalcinolgac/ros2_ws/install/day2/include/day2/day2/srv/detail/emergency_stop__description.c
[0.257s] -- Up-to-date: /home/yalcinolgac/ros2_ws/install/day2/include/day2/day2/srv/detail/calculate_path__type_support.h
[0.258s] -- Up-to-date: /home/yalcinolgac/ros2_ws/install/day2/include/day2/day2/srv/detail/robot_command__functions.c
[0.258s] -- Up-to-date: /home/yalcinolgac/ros2_ws/install/day2/include/day2/day2/srv/detail/get_robot_status__functions.c
[0.258s] -- Up-to-date: /home/yalcinolgac/ros2_ws/install/day2/include/day2/day2/srv/detail/emergency_stop__type_support.h
[0.258s] -- Up-to-date: /home/yalcinolgac/ros2_ws/install/day2/include/day2/day2/srv/detail/calculate_path__functions.c
[0.258s] -- Up-to-date: /home/yalcinolgac/ros2_ws/install/day2/include/day2/day2/srv/detail/emergency_stop__functions.h
[0.258s] -- Up-to-date: /home/yalcinolgac/ros2_ws/install/day2/include/day2/day2/srv/detail/get_robot_status__struct.h
[0.258s] -- Up-to-date: /home/yalcinolgac/ros2_ws/install/day2/include/day2/day2/srv/detail/emergency_stop__functions.c
[0.258s] -- Up-to-date: /home/yalcinolgac/ros2_ws/install/day2/include/day2/day2/srv/get_robot_status.h
[0.258s] -- Up-to-date: /home/yalcinolgac/ros2_ws/install/day2/include/day2/day2/srv/robot_command.h
[0.258s] -- Up-to-date: /home/yalcinolgac/ros2_ws/install/day2/include/day2/day2/srv/calculate_path.h
[0.258s] -- Up-to-date: /home/yalcinolgac/ros2_ws/install/day2/include/day2/day2/srv/emergency_stop.h
[0.258s] -- Up-to-date: /home/yalcinolgac/ros2_ws/install/day2/share/day2/environment/library_path.sh
[0.258s] -- Up-to-date: /home/yalcinolgac/ros2_ws/install/day2/share/day2/environment/library_path.dsv
[0.258s] -- Up-to-date: /home/yalcinolgac/ros2_ws/install/day2/lib/libday2__rosidl_generator_c.so
[0.258s] -- Up-to-date: /home/yalcinolgac/ros2_ws/install/day2/include/day2/day2
[0.258s] -- Up-to-date: /home/yalcinolgac/ros2_ws/install/day2/include/day2/day2/msg
[0.259s] -- Up-to-date: /home/yalcinolgac/ros2_ws/install/day2/include/day2/day2/msg/detail
[0.259s] -- Up-to-date: /home/yalcinolgac/ros2_ws/install/day2/include/day2/day2/msg/detail/sensor_data__rosidl_typesupport_fastrtps_c.h
[0.259s] -- Up-to-date: /home/yalcinolgac/ros2_ws/install/day2/include/day2/day2/msg/detail/robot_array__rosidl_typesupport_fastrtps_c.h
[0.259s] -- Up-to-date: /home/yalcinolgac/ros2_ws/install/day2/include/day2/day2/msg/detail/motor_status__rosidl_typesupport_fastrtps_c.h
[0.259s] -- Up-to-date: /home/yalcinolgac/ros2_ws/install/day2/include/day2/day2/msg/detail/robot_status__rosidl_typesupport_fastrtps_c.h
[0.259s] -- Up-to-date: /home/yalcinolgac/ros2_ws/install/day2/include/day2/day2/msg/rosidl_typesupport_fastrtps_c__visibility_control.h
[0.259s] -- Up-to-date: /home/yalcinolgac/ros2_ws/install/day2/include/day2/day2/action
[0.259s] -- Up-to-date: /home/yalcinolgac/ros2_ws/install/day2/include/day2/day2/action/detail
[0.259s] -- Up-to-date: /home/yalcinolgac/ros2_ws/install/day2/include/day2/day2/action/detail/pick_and_place__rosidl_typesupport_fastrtps_c.h
[0.259s] -- Up-to-date: /home/yalcinolgac/ros2_ws/install/day2/include/day2/day2/action/detail/charge_battery__rosidl_typesupport_fastrtps_c.h
[0.259s] -- Up-to-date: /home/yalcinolgac/ros2_ws/install/day2/include/day2/day2/action/detail/navigate__rosidl_typesupport_fastrtps_c.h
[0.259s] -- Up-to-date: /home/yalcinolgac/ros2_ws/install/day2/include/day2/day2/action/detail/map_area__rosidl_typesupport_fastrtps_c.h
[0.259s] -- Up-to-date: /home/yalcinolgac/ros2_ws/install/day2/include/day2/day2/srv
[0.259s] -- Up-to-date: /home/yalcinolgac/ros2_ws/install/day2/include/day2/day2/srv/detail
[0.260s] -- Up-to-date: /home/yalcinolgac/ros2_ws/install/day2/include/day2/day2/srv/detail/robot_command__rosidl_typesupport_fastrtps_c.h
[0.260s] -- Up-to-date: /home/yalcinolgac/ros2_ws/install/day2/include/day2/day2/srv/detail/emergency_stop__rosidl_typesupport_fastrtps_c.h
[0.260s] -- Up-to-date: /home/yalcinolgac/ros2_ws/install/day2/include/day2/day2/srv/detail/get_robot_status__rosidl_typesupport_fastrtps_c.h
[0.260s] -- Up-to-date: /home/yalcinolgac/ros2_ws/install/day2/include/day2/day2/srv/detail/calculate_path__rosidl_typesupport_fastrtps_c.h
[0.260s] -- Up-to-date: /home/yalcinolgac/ros2_ws/install/day2/lib/libday2__rosidl_typesupport_fastrtps_c.so
[0.260s] -- Up-to-date: /home/yalcinolgac/ros2_ws/install/day2/include/day2/day2
[0.260s] -- Up-to-date: /home/yalcinolgac/ros2_ws/install/day2/include/day2/day2/msg
[0.260s] -- Up-to-date: /home/yalcinolgac/ros2_ws/install/day2/include/day2/day2/msg/sensor_data.hpp
[0.260s] -- Up-to-date: /home/yalcinolgac/ros2_ws/install/day2/include/day2/day2/msg/robot_array.hpp
[0.260s] -- Up-to-date: /home/yalcinolgac/ros2_ws/install/day2/include/day2/day2/msg/detail
[0.260s] -- Up-to-date: /home/yalcinolgac/ros2_ws/install/day2/include/day2/day2/msg/detail/robot_status__builder.hpp
[0.260s] -- Up-to-date: /home/yalcinolgac/ros2_ws/install/day2/include/day2/day2/msg/detail/motor_status__traits.hpp
[0.260s] -- Up-to-date: /home/yalcinolgac/ros2_ws/install/day2/include/day2/day2/msg/detail/robot_array__traits.hpp
[0.260s] -- Up-to-date: /home/yalcinolgac/ros2_ws/install/day2/include/day2/day2/msg/detail/robot_array__builder.hpp
[0.260s] -- Up-to-date: /home/yalcinolgac/ros2_ws/install/day2/include/day2/day2/msg/detail/sensor_data__builder.hpp
[0.260s] -- Up-to-date: /home/yalcinolgac/ros2_ws/install/day2/include/day2/day2/msg/detail/robot_array__struct.hpp
[0.260s] -- Up-to-date: /home/yalcinolgac/ros2_ws/install/day2/include/day2/day2/msg/detail/sensor_data__struct.hpp
[0.260s] -- Up-to-date: /home/yalcinolgac/ros2_ws/install/day2/include/day2/day2/msg/detail/motor_status__builder.hpp
[0.261s] -- Up-to-date: /home/yalcinolgac/ros2_ws/install/day2/include/day2/day2/msg/detail/sensor_data__type_support.hpp
[0.261s] -- Up-to-date: /home/yalcinolgac/ros2_ws/install/day2/include/day2/day2/msg/detail/motor_status__type_support.hpp
[0.261s] -- Up-to-date: /home/yalcinolgac/ros2_ws/install/day2/include/day2/day2/msg/detail/robot_array__type_support.hpp
[0.261s] -- Up-to-date: /home/yalcinolgac/ros2_ws/install/day2/include/day2/day2/msg/detail/sensor_data__traits.hpp
[0.261s] -- Up-to-date: /home/yalcinolgac/ros2_ws/install/day2/include/day2/day2/msg/detail/robot_status__traits.hpp
[0.261s] -- Up-to-date: /home/yalcinolgac/ros2_ws/install/day2/include/day2/day2/msg/detail/motor_status__struct.hpp
[0.261s] -- Up-to-date: /home/yalcinolgac/ros2_ws/install/day2/include/day2/day2/msg/detail/robot_status__struct.hpp
[0.261s] -- Up-to-date: /home/yalcinolgac/ros2_ws/install/day2/include/day2/day2/msg/detail/robot_status__type_support.hpp
[0.261s] -- Up-to-date: /home/yalcinolgac/ros2_ws/install/day2/include/day2/day2/msg/motor_status.hpp
[0.261s] -- Up-to-date: /home/yalcinolgac/ros2_ws/install/day2/include/day2/day2/msg/rosidl_generator_cpp__visibility_control.hpp
[0.261s] -- Up-to-date: /home/yalcinolgac/ros2_ws/install/day2/include/day2/day2/msg/robot_status.hpp
[0.261s] -- Up-to-date: /home/yalcinolgac/ros2_ws/install/day2/include/day2/day2/action
[0.261s] -- Up-to-date: /home/yalcinolgac/ros2_ws/install/day2/include/day2/day2/action/charge_battery.hpp
[0.261s] -- Up-to-date: /home/yalcinolgac/ros2_ws/install/day2/include/day2/day2/action/detail
[0.261s] -- Up-to-date: /home/yalcinolgac/ros2_ws/install/day2/include/day2/day2/action/detail/pick_and_place__type_support.hpp
[0.261s] -- Up-to-date: /home/yalcinolgac/ros2_ws/install/day2/include/day2/day2/action/detail/map_area__type_support.hpp
[0.261s] -- Up-to-date: /home/yalcinolgac/ros2_ws/install/day2/include/day2/day2/action/detail/pick_and_place__traits.hpp
[0.261s] -- Up-to-date: /home/yalcinolgac/ros2_ws/install/day2/include/day2/day2/action/detail/navigate__type_support.hpp
[0.261s] -- Up-to-date: /home/yalcinolgac/ros2_ws/install/day2/include/day2/day2/action/detail/charge_battery__builder.hpp
[0.261s] -- Up-to-date: /home/yalcinolgac/ros2_ws/install/day2/include/day2/day2/action/detail/navigate__builder.hpp
[0.261s] -- Up-to-date: /home/yalcinolgac/ros2_ws/install/day2/include/day2/day2/action/detail/navigate__struct.hpp
[0.261s] -- Up-to-date: /home/yalcinolgac/ros2_ws/install/day2/include/day2/day2/action/detail/map_area__traits.hpp
[0.261s] -- Up-to-date: /home/yalcinolgac/ros2_ws/install/day2/include/day2/day2/action/detail/charge_battery__struct.hpp
[0.261s] -- Up-to-date: /home/yalcinolgac/ros2_ws/install/day2/include/day2/day2/action/detail/pick_and_place__builder.hpp
[0.261s] -- Up-to-date: /home/yalcinolgac/ros2_ws/install/day2/include/day2/day2/action/detail/pick_and_place__struct.hpp
[0.261s] -- Up-to-date: /home/yalcinolgac/ros2_ws/install/day2/include/day2/day2/action/detail/navigate__traits.hpp
[0.261s] -- Up-to-date: /home/yalcinolgac/ros2_ws/install/day2/include/day2/day2/action/detail/charge_battery__traits.hpp
[0.261s] -- Up-to-date: /home/yalcinolgac/ros2_ws/install/day2/include/day2/day2/action/detail/charge_battery__type_support.hpp
[0.261s] -- Up-to-date: /home/yalcinolgac/ros2_ws/install/day2/include/day2/day2/action/detail/map_area__struct.hpp
[0.261s] -- Up-to-date: /home/yalcinolgac/ros2_ws/install/day2/include/day2/day2/action/detail/map_area__builder.hpp
[0.261s] -- Up-to-date: /home/yalcinolgac/ros2_ws/install/day2/include/day2/day2/action/map_area.hpp
[0.261s] -- Up-to-date: /home/yalcinolgac/ros2_ws/install/day2/include/day2/day2/action/navigate.hpp
[0.262s] -- Up-to-date: /home/yalcinolgac/ros2_ws/install/day2/include/day2/day2/action/pick_and_place.hpp
[0.262s] -- Up-to-date: /home/yalcinolgac/ros2_ws/install/day2/include/day2/day2/srv
[0.262s] -- Up-to-date: /home/yalcinolgac/ros2_ws/install/day2/include/day2/day2/srv/get_robot_status.hpp
[0.262s] -- Up-to-date: /home/yalcinolgac/ros2_ws/install/day2/include/day2/day2/srv/detail
[0.262s] -- Up-to-date: /home/yalcinolgac/ros2_ws/install/day2/include/day2/day2/srv/detail/get_robot_status__type_support.hpp
[0.262s] -- Up-to-date: /home/yalcinolgac/ros2_ws/install/day2/include/day2/day2/srv/detail/emergency_stop__builder.hpp
[0.262s] -- Up-to-date: /home/yalcinolgac/ros2_ws/install/day2/include/day2/day2/srv/detail/robot_command__struct.hpp
[0.262s] -- Up-to-date: /home/yalcinolgac/ros2_ws/install/day2/include/day2/day2/srv/detail/emergency_stop__struct.hpp
[0.262s] -- Up-to-date: /home/yalcinolgac/ros2_ws/install/day2/include/day2/day2/srv/detail/get_robot_status__builder.hpp
[0.262s] -- Up-to-date: /home/yalcinolgac/ros2_ws/install/day2/include/day2/day2/srv/detail/robot_command__type_support.hpp
[0.262s] -- Up-to-date: /home/yalcinolgac/ros2_ws/install/day2/include/day2/day2/srv/detail/robot_command__builder.hpp
[0.262s] -- Up-to-date: /home/yalcinolgac/ros2_ws/install/day2/include/day2/day2/srv/detail/get_robot_status__traits.hpp
[0.262s] -- Up-to-date: /home/yalcinolgac/ros2_ws/install/day2/include/day2/day2/srv/detail/calculate_path__builder.hpp
[0.262s] -- Up-to-date: /home/yalcinolgac/ros2_ws/install/day2/include/day2/day2/srv/detail/emergency_stop__type_support.hpp
[0.262s] -- Up-to-date: /home/yalcinolgac/ros2_ws/install/day2/include/day2/day2/srv/detail/emergency_stop__traits.hpp
[0.262s] -- Up-to-date: /home/yalcinolgac/ros2_ws/install/day2/include/day2/day2/srv/detail/calculate_path__struct.hpp
[0.262s] -- Up-to-date: /home/yalcinolgac/ros2_ws/install/day2/include/day2/day2/srv/detail/get_robot_status__struct.hpp
[0.262s] -- Up-to-date: /home/yalcinolgac/ros2_ws/install/day2/include/day2/day2/srv/detail/calculate_path__type_support.hpp
[0.262s] -- Up-to-date: /home/yalcinolgac/ros2_ws/install/day2/include/day2/day2/srv/detail/robot_command__traits.hpp
[0.262s] -- Up-to-date: /home/yalcinolgac/ros2_ws/install/day2/include/day2/day2/srv/detail/calculate_path__traits.hpp
[0.262s] -- Up-to-date: /home/yalcinolgac/ros2_ws/install/day2/include/day2/day2/srv/robot_command.hpp
[0.262s] -- Up-to-date: /home/yalcinolgac/ros2_ws/install/day2/include/day2/day2/srv/calculate_path.hpp
[0.262s] -- Up-to-date: /home/yalcinolgac/ros2_ws/install/day2/include/day2/day2/srv/emergency_stop.hpp
[0.262s] -- Up-to-date: /home/yalcinolgac/ros2_ws/install/day2/include/day2/day2
[0.262s] -- Up-to-date: /home/yalcinolgac/ros2_ws/install/day2/include/day2/day2/msg
[0.262s] -- Up-to-date: /home/yalcinolgac/ros2_ws/install/day2/include/day2/day2/msg/detail
[0.262s] -- Up-to-date: /home/yalcinolgac/ros2_ws/install/day2/include/day2/day2/msg/detail/robot_array__rosidl_typesupport_fastrtps_cpp.hpp
[0.262s] -- Up-to-date: /home/yalcinolgac/ros2_ws/install/day2/include/day2/day2/msg/detail/motor_status__rosidl_typesupport_fastrtps_cpp.hpp
[0.262s] -- Up-to-date: /home/yalcinolgac/ros2_ws/install/day2/include/day2/day2/msg/detail/sensor_data__rosidl_typesupport_fastrtps_cpp.hpp
[0.262s] -- Up-to-date: /home/yalcinolgac/ros2_ws/install/day2/include/day2/day2/msg/detail/dds_fastrtps
[0.262s] -- Up-to-date: /home/yalcinolgac/ros2_ws/install/day2/include/day2/day2/msg/detail/robot_status__rosidl_typesupport_fastrtps_cpp.hpp
[0.262s] -- Up-to-date: /home/yalcinolgac/ros2_ws/install/day2/include/day2/day2/msg/rosidl_typesupport_fastrtps_cpp__visibility_control.h
[0.262s] -- Up-to-date: /home/yalcinolgac/ros2_ws/install/day2/include/day2/day2/action
[0.262s] -- Up-to-date: /home/yalcinolgac/ros2_ws/install/day2/include/day2/day2/action/detail
[0.262s] -- Up-to-date: /home/yalcinolgac/ros2_ws/install/day2/include/day2/day2/action/detail/dds_fastrtps
[0.262s] -- Up-to-date: /home/yalcinolgac/ros2_ws/install/day2/include/day2/day2/action/detail/map_area__rosidl_typesupport_fastrtps_cpp.hpp
[0.262s] -- Up-to-date: /home/yalcinolgac/ros2_ws/install/day2/include/day2/day2/action/detail/charge_battery__rosidl_typesupport_fastrtps_cpp.hpp
[0.262s] -- Up-to-date: /home/yalcinolgac/ros2_ws/install/day2/include/day2/day2/action/detail/navigate__rosidl_typesupport_fastrtps_cpp.hpp
[0.262s] -- Up-to-date: /home/yalcinolgac/ros2_ws/install/day2/include/day2/day2/action/detail/pick_and_place__rosidl_typesupport_fastrtps_cpp.hpp
[0.263s] -- Up-to-date: /home/yalcinolgac/ros2_ws/install/day2/include/day2/day2/srv
[0.263s] -- Up-to-date: /home/yalcinolgac/ros2_ws/install/day2/include/day2/day2/srv/detail
[0.263s] -- Up-to-date: /home/yalcinolgac/ros2_ws/install/day2/include/day2/day2/srv/detail/get_robot_status__rosidl_typesupport_fastrtps_cpp.hpp
[0.263s] -- Up-to-date: /home/yalcinolgac/ros2_ws/install/day2/include/day2/day2/srv/detail/emergency_stop__rosidl_typesupport_fastrtps_cpp.hpp
[0.263s] -- Up-to-date: /home/yalcinolgac/ros2_ws/install/day2/include/day2/day2/srv/detail/dds_fastrtps
[0.263s] -- Up-to-date: /home/yalcinolgac/ros2_ws/install/day2/include/day2/day2/srv/detail/robot_command__rosidl_typesupport_fastrtps_cpp.hpp
[0.263s] -- Up-to-date: /home/yalcinolgac/ros2_ws/install/day2/include/day2/day2/srv/detail/calculate_path__rosidl_typesupport_fastrtps_cpp.hpp
[0.263s] -- Up-to-date: /home/yalcinolgac/ros2_ws/install/day2/lib/libday2__rosidl_typesupport_fastrtps_cpp.so
[0.263s] -- Up-to-date: /home/yalcinolgac/ros2_ws/install/day2/include/day2/day2
[0.263s] -- Up-to-date: /home/yalcinolgac/ros2_ws/install/day2/include/day2/day2/msg
[0.263s] -- Up-to-date: /home/yalcinolgac/ros2_ws/install/day2/include/day2/day2/msg/detail
[0.263s] -- Up-to-date: /home/yalcinolgac/ros2_ws/install/day2/include/day2/day2/msg/detail/robot_status__rosidl_typesupport_introspection_c.h
[0.263s] -- Installing: /home/yalcinolgac/ros2_ws/install/day2/include/day2/day2/msg/detail/robot_array__type_support.c
[0.263s] -- Installing: /home/yalcinolgac/ros2_ws/install/day2/include/day2/day2/msg/detail/sensor_data__type_support.c
[0.263s] -- Up-to-date: /home/yalcinolgac/ros2_ws/install/day2/include/day2/day2/msg/detail/motor_status__rosidl_typesupport_introspection_c.h
[0.263s] -- Up-to-date: /home/yalcinolgac/ros2_ws/install/day2/include/day2/day2/msg/detail/robot_array__rosidl_typesupport_introspection_c.h
[0.263s] -- Installing: /home/yalcinolgac/ros2_ws/install/day2/include/day2/day2/msg/detail/motor_status__type_support.c
[0.263s] -- Up-to-date: /home/yalcinolgac/ros2_ws/install/day2/include/day2/day2/msg/detail/sensor_data__rosidl_typesupport_introspection_c.h
[0.263s] -- Installing: /home/yalcinolgac/ros2_ws/install/day2/include/day2/day2/msg/detail/robot_status__type_support.c
[0.263s] -- Up-to-date: /home/yalcinolgac/ros2_ws/install/day2/include/day2/day2/msg/rosidl_typesupport_introspection_c__visibility_control.h
[0.263s] -- Up-to-date: /home/yalcinolgac/ros2_ws/install/day2/include/day2/day2/action
[0.263s] -- Up-to-date: /home/yalcinolgac/ros2_ws/install/day2/include/day2/day2/action/detail
[0.263s] -- Installing: /home/yalcinolgac/ros2_ws/install/day2/include/day2/day2/action/detail/map_area__type_support.c
[0.263s] -- Up-to-date: /home/yalcinolgac/ros2_ws/install/day2/include/day2/day2/action/detail/navigate__rosidl_typesupport_introspection_c.h
[0.263s] -- Up-to-date: /home/yalcinolgac/ros2_ws/install/day2/include/day2/day2/action/detail/charge_battery__rosidl_typesupport_introspection_c.h
[0.263s] -- Installing: /home/yalcinolgac/ros2_ws/install/day2/include/day2/day2/action/detail/charge_battery__type_support.c
[0.263s] -- Installing: /home/yalcinolgac/ros2_ws/install/day2/include/day2/day2/action/detail/navigate__type_support.c
[0.263s] -- Installing: /home/yalcinolgac/ros2_ws/install/day2/include/day2/day2/action/detail/pick_and_place__type_support.c
[0.263s] -- Up-to-date: /home/yalcinolgac/ros2_ws/install/day2/include/day2/day2/action/detail/map_area__rosidl_typesupport_introspection_c.h
[0.263s] -- Up-to-date: /home/yalcinolgac/ros2_ws/install/day2/include/day2/day2/action/detail/pick_and_place__rosidl_typesupport_introspection_c.h
[0.263s] -- Up-to-date: /home/yalcinolgac/ros2_ws/install/day2/include/day2/day2/srv
[0.263s] -- Up-to-date: /home/yalcinolgac/ros2_ws/install/day2/include/day2/day2/srv/detail
[0.263s] -- Installing: /home/yalcinolgac/ros2_ws/install/day2/include/day2/day2/srv/detail/robot_command__type_support.c
[0.263s] -- Installing: /home/yalcinolgac/ros2_ws/install/day2/include/day2/day2/srv/detail/calculate_path__type_support.c
[0.263s] -- Up-to-date: /home/yalcinolgac/ros2_ws/install/day2/include/day2/day2/srv/detail/get_robot_status__rosidl_typesupport_introspection_c.h
[0.263s] -- Installing: /home/yalcinolgac/ros2_ws/install/day2/include/day2/day2/srv/detail/emergency_stop__type_support.c
[0.263s] -- Up-to-date: /home/yalcinolgac/ros2_ws/install/day2/include/day2/day2/srv/detail/robot_command__rosidl_typesupport_introspection_c.h
[0.263s] -- Installing: /home/yalcinolgac/ros2_ws/install/day2/include/day2/day2/srv/detail/get_robot_status__type_support.c
[0.263s] -- Up-to-date: /home/yalcinolgac/ros2_ws/install/day2/include/day2/day2/srv/detail/calculate_path__rosidl_typesupport_introspection_c.h
[0.264s] -- Up-to-date: /home/yalcinolgac/ros2_ws/install/day2/include/day2/day2/srv/detail/emergency_stop__rosidl_typesupport_introspection_c.h
[0.264s] -- Up-to-date: /home/yalcinolgac/ros2_ws/install/day2/lib/libday2__rosidl_typesupport_introspection_c.so
[0.264s] -- Up-to-date: /home/yalcinolgac/ros2_ws/install/day2/lib/libday2__rosidl_typesupport_c.so
[0.264s] -- Up-to-date: /home/yalcinolgac/ros2_ws/install/day2/include/day2/day2
[0.264s] -- Up-to-date: /home/yalcinolgac/ros2_ws/install/day2/include/day2/day2/msg
[0.264s] -- Up-to-date: /home/yalcinolgac/ros2_ws/install/day2/include/day2/day2/msg/detail
[0.264s] -- Up-to-date: /home/yalcinolgac/ros2_ws/install/day2/include/day2/day2/msg/detail/motor_status__type_support.cpp
[0.264s] -- Up-to-date: /home/yalcinolgac/ros2_ws/install/day2/include/day2/day2/msg/detail/motor_status__rosidl_typesupport_introspection_cpp.hpp
[0.264s] -- Up-to-date: /home/yalcinolgac/ros2_ws/install/day2/include/day2/day2/msg/detail/sensor_data__rosidl_typesupport_introspection_cpp.hpp
[0.264s] -- Up-to-date: /home/yalcinolgac/ros2_ws/install/day2/include/day2/day2/msg/detail/robot_array__type_support.cpp
[0.264s] -- Up-to-date: /home/yalcinolgac/ros2_ws/install/day2/include/day2/day2/msg/detail/robot_status__type_support.cpp
[0.264s] -- Up-to-date: /home/yalcinolgac/ros2_ws/install/day2/include/day2/day2/msg/detail/robot_array__rosidl_typesupport_introspection_cpp.hpp
[0.264s] -- Up-to-date: /home/yalcinolgac/ros2_ws/install/day2/include/day2/day2/msg/detail/sensor_data__type_support.cpp
[0.264s] -- Up-to-date: /home/yalcinolgac/ros2_ws/install/day2/include/day2/day2/msg/detail/robot_status__rosidl_typesupport_introspection_cpp.hpp
[0.264s] -- Up-to-date: /home/yalcinolgac/ros2_ws/install/day2/include/day2/day2/action
[0.264s] -- Up-to-date: /home/yalcinolgac/ros2_ws/install/day2/include/day2/day2/action/detail
[0.264s] -- Up-to-date: /home/yalcinolgac/ros2_ws/install/day2/include/day2/day2/action/detail/navigate__rosidl_typesupport_introspection_cpp.hpp
[0.264s] -- Up-to-date: /home/yalcinolgac/ros2_ws/install/day2/include/day2/day2/action/detail/map_area__type_support.cpp
[0.264s] -- Up-to-date: /home/yalcinolgac/ros2_ws/install/day2/include/day2/day2/action/detail/navigate__type_support.cpp
[0.264s] -- Up-to-date: /home/yalcinolgac/ros2_ws/install/day2/include/day2/day2/action/detail/charge_battery__type_support.cpp
[0.264s] -- Up-to-date: /home/yalcinolgac/ros2_ws/install/day2/include/day2/day2/action/detail/map_area__rosidl_typesupport_introspection_cpp.hpp
[0.264s] -- Up-to-date: /home/yalcinolgac/ros2_ws/install/day2/include/day2/day2/action/detail/charge_battery__rosidl_typesupport_introspection_cpp.hpp
[0.264s] -- Up-to-date: /home/yalcinolgac/ros2_ws/install/day2/include/day2/day2/action/detail/pick_and_place__rosidl_typesupport_introspection_cpp.hpp
[0.264s] -- Up-to-date: /home/yalcinolgac/ros2_ws/install/day2/include/day2/day2/action/detail/pick_and_place__type_support.cpp
[0.264s] -- Up-to-date: /home/yalcinolgac/ros2_ws/install/day2/include/day2/day2/srv
[0.264s] -- Up-to-date: /home/yalcinolgac/ros2_ws/install/day2/include/day2/day2/srv/detail
[0.264s] -- Up-to-date: /home/yalcinolgac/ros2_ws/install/day2/include/day2/day2/srv/detail/robot_command__type_support.cpp
[0.264s] -- Up-to-date: /home/yalcinolgac/ros2_ws/install/day2/include/day2/day2/srv/detail/calculate_path__rosidl_typesupport_introspection_cpp.hpp
[0.264s] -- Up-to-date: /home/yalcinolgac/ros2_ws/install/day2/include/day2/day2/srv/detail/emergency_stop__rosidl_typesupport_introspection_cpp.hpp
[0.264s] -- Up-to-date: /home/yalcinolgac/ros2_ws/install/day2/include/day2/day2/srv/detail/get_robot_status__type_support.cpp
[0.264s] -- Up-to-date: /home/yalcinolgac/ros2_ws/install/day2/include/day2/day2/srv/detail/robot_command__rosidl_typesupport_introspection_cpp.hpp
[0.264s] -- Up-to-date: /home/yalcinolgac/ros2_ws/install/day2/include/day2/day2/srv/detail/get_robot_status__rosidl_typesupport_introspection_cpp.hpp
[0.264s] -- Up-to-date: /home/yalcinolgac/ros2_ws/install/day2/include/day2/day2/srv/detail/emergency_stop__type_support.cpp
[0.264s] -- Up-to-date: /home/yalcinolgac/ros2_ws/install/day2/include/day2/day2/srv/detail/calculate_path__type_support.cpp
[0.264s] -- Up-to-date: /home/yalcinolgac/ros2_ws/install/day2/lib/libday2__rosidl_typesupport_introspection_cpp.so
[0.264s] -- Up-to-date: /home/yalcinolgac/ros2_ws/install/day2/lib/libday2__rosidl_typesupport_cpp.so
[0.265s] -- Up-to-date: /home/yalcinolgac/ros2_ws/install/day2/share/day2/environment/pythonpath.sh
[0.265s] -- Up-to-date: /home/yalcinolgac/ros2_ws/install/day2/share/day2/environment/pythonpath.dsv
[0.265s] -- Up-to-date: /home/yalcinolgac/ros2_ws/install/day2/lib/python3.12/site-packages/day2-1.0.0-py3.12.egg-info
[0.265s] -- Installing: /home/yalcinolgac/ros2_ws/install/day2/lib/python3.12/site-packages/day2-1.0.0-py3.12.egg-info/PKG-INFO
[0.265s] -- Installing: /home/yalcinolgac/ros2_ws/install/day2/lib/python3.12/site-packages/day2-1.0.0-py3.12.egg-info/SOURCES.txt
[0.265s] -- Installing: /home/yalcinolgac/ros2_ws/install/day2/lib/python3.12/site-packages/day2-1.0.0-py3.12.egg-info/dependency_links.txt
[0.265s] -- Installing: /home/yalcinolgac/ros2_ws/install/day2/lib/python3.12/site-packages/day2-1.0.0-py3.12.egg-info/top_level.txt
[0.265s] -- Up-to-date: /home/yalcinolgac/ros2_ws/install/day2/lib/python3.12/site-packages/day2
[0.265s] -- Up-to-date: /home/yalcinolgac/ros2_ws/install/day2/lib/python3.12/site-packages/day2/_day2_s.ep.rosidl_typesupport_fastrtps_c.c
[0.265s] -- Up-to-date: /home/yalcinolgac/ros2_ws/install/day2/lib/python3.12/site-packages/day2/msg
[0.265s] -- Up-to-date: /home/yalcinolgac/ros2_ws/install/day2/lib/python3.12/site-packages/day2/msg/_robot_status_s.c
[0.265s] -- Up-to-date: /home/yalcinolgac/ros2_ws/install/day2/lib/python3.12/site-packages/day2/msg/_sensor_data.py
[0.265s] -- Up-to-date: /home/yalcinolgac/ros2_ws/install/day2/lib/python3.12/site-packages/day2/msg/_robot_array_s.c
[0.265s] -- Up-to-date: /home/yalcinolgac/ros2_ws/install/day2/lib/python3.12/site-packages/day2/msg/_sensor_data_s.c
[0.265s] -- Up-to-date: /home/yalcinolgac/ros2_ws/install/day2/lib/python3.12/site-packages/day2/msg/_motor_status_s.c
[0.265s] -- Up-to-date: /home/yalcinolgac/ros2_ws/install/day2/lib/python3.12/site-packages/day2/msg/__init__.py
[0.265s] -- Up-to-date: /home/yalcinolgac/ros2_ws/install/day2/lib/python3.12/site-packages/day2/msg/_motor_status.py
[0.265s] -- Up-to-date: /home/yalcinolgac/ros2_ws/install/day2/lib/python3.12/site-packages/day2/msg/_robot_status.py
[0.265s] -- Up-to-date: /home/yalcinolgac/ros2_ws/install/day2/lib/python3.12/site-packages/day2/msg/_robot_array.py
[0.265s] -- Up-to-date: /home/yalcinolgac/ros2_ws/install/day2/lib/python3.12/site-packages/day2/day2_s__rosidl_typesupport_fastrtps_c.so
[0.265s] -- Up-to-date: /home/yalcinolgac/ros2_ws/install/day2/lib/python3.12/site-packages/day2/_day2_s.ep.rosidl_typesupport_introspection_c.c
[0.265s] -- Up-to-date: /home/yalcinolgac/ros2_ws/install/day2/lib/python3.12/site-packages/day2/action
[0.265s] -- Up-to-date: /home/yalcinolgac/ros2_ws/install/day2/lib/python3.12/site-packages/day2/action/_charge_battery_s.c
[0.265s] -- Up-to-date: /home/yalcinolgac/ros2_ws/install/day2/lib/python3.12/site-packages/day2/action/_charge_battery.py
[0.265s] -- Up-to-date: /home/yalcinolgac/ros2_ws/install/day2/lib/python3.12/site-packages/day2/action/_pick_and_place.py
[0.265s] -- Up-to-date: /home/yalcinolgac/ros2_ws/install/day2/lib/python3.12/site-packages/day2/action/_navigate.py
[0.265s] -- Up-to-date: /home/yalcinolgac/ros2_ws/install/day2/lib/python3.12/site-packages/day2/action/_navigate_s.c
[0.265s] -- Up-to-date: /home/yalcinolgac/ros2_ws/install/day2/lib/python3.12/site-packages/day2/action/_pick_and_place_s.c
[0.265s] -- Up-to-date: /home/yalcinolgac/ros2_ws/install/day2/lib/python3.12/site-packages/day2/action/_map_area.py
[0.265s] -- Up-to-date: /home/yalcinolgac/ros2_ws/install/day2/lib/python3.12/site-packages/day2/action/__init__.py
[0.265s] -- Up-to-date: /home/yalcinolgac/ros2_ws/install/day2/lib/python3.12/site-packages/day2/action/_map_area_s.c
[0.265s] -- Up-to-date: /home/yalcinolgac/ros2_ws/install/day2/lib/python3.12/site-packages/day2/__init__.py
[0.265s] -- Up-to-date: /home/yalcinolgac/ros2_ws/install/day2/lib/python3.12/site-packages/day2/day2_s__rosidl_typesupport_c.so
[0.265s] -- Up-to-date: /home/yalcinolgac/ros2_ws/install/day2/lib/python3.12/site-packages/day2/srv
[0.265s] -- Up-to-date: /home/yalcinolgac/ros2_ws/install/day2/lib/python3.12/site-packages/day2/srv/_get_robot_status.py
[0.265s] -- Up-to-date: /home/yalcinolgac/ros2_ws/install/day2/lib/python3.12/site-packages/day2/srv/_robot_command_s.c
[0.265s] -- Up-to-date: /home/yalcinolgac/ros2_ws/install/day2/lib/python3.12/site-packages/day2/srv/_calculate_path.py
[0.265s] -- Up-to-date: /home/yalcinolgac/ros2_ws/install/day2/lib/python3.12/site-packages/day2/srv/_emergency_stop_s.c
[0.265s] -- Up-to-date: /home/yalcinolgac/ros2_ws/install/day2/lib/python3.12/site-packages/day2/srv/__init__.py
[0.266s] -- Up-to-date: /home/yalcinolgac/ros2_ws/install/day2/lib/python3.12/site-packages/day2/srv/_emergency_stop.py
[0.266s] -- Up-to-date: /home/yalcinolgac/ros2_ws/install/day2/lib/python3.12/site-packages/day2/srv/_robot_command.py
[0.266s] -- Up-to-date: /home/yalcinolgac/ros2_ws/install/day2/lib/python3.12/site-packages/day2/srv/_get_robot_status_s.c
[0.266s] -- Up-to-date: /home/yalcinolgac/ros2_ws/install/day2/lib/python3.12/site-packages/day2/srv/_calculate_path_s.c
[0.266s] -- Up-to-date: /home/yalcinolgac/ros2_ws/install/day2/lib/python3.12/site-packages/day2/day2_s__rosidl_typesupport_introspection_c.so
[0.266s] -- Up-to-date: /home/yalcinolgac/ros2_ws/install/day2/lib/python3.12/site-packages/day2/_day2_s.ep.rosidl_typesupport_c.c
[0.279s] Listing '/home/yalcinolgac/ros2_ws/install/day2/lib/python3.12/site-packages/day2'...
[0.279s] Listing '/home/yalcinolgac/ros2_ws/install/day2/lib/python3.12/site-packages/day2/action'...
[0.279s] Listing '/home/yalcinolgac/ros2_ws/install/day2/lib/python3.12/site-packages/day2/msg'...
[0.279s] Listing '/home/yalcinolgac/ros2_ws/install/day2/lib/python3.12/site-packages/day2/srv'...
[0.282s] -- Up-to-date: /home/yalcinolgac/ros2_ws/install/day2/lib/python3.12/site-packages/day2/day2_s__rosidl_typesupport_fastrtps_c.so
[0.282s] -- Up-to-date: /home/yalcinolgac/ros2_ws/install/day2/lib/python3.12/site-packages/day2/day2_s__rosidl_typesupport_introspection_c.so
[0.282s] -- Up-to-date: /home/yalcinolgac/ros2_ws/install/day2/lib/python3.12/site-packages/day2/day2_s__rosidl_typesupport_c.so
[0.282s] -- Up-to-date: /home/yalcinolgac/ros2_ws/install/day2/lib/libday2__rosidl_generator_py.so
[0.282s] -- Up-to-date: /home/yalcinolgac/ros2_ws/install/day2/share/day2/msg/RobotStatus.idl
[0.282s] -- Up-to-date: /home/yalcinolgac/ros2_ws/install/day2/share/day2/msg/SensorData.idl
[0.282s] -- Up-to-date: /home/yalcinolgac/ros2_ws/install/day2/share/day2/msg/MotorStatus.idl
[0.283s] -- Up-to-date: /home/yalcinolgac/ros2_ws/install/day2/share/day2/msg/RobotArray.idl
[0.283s] -- Up-to-date: /home/yalcinolgac/ros2_ws/install/day2/share/day2/srv/RobotCommand.idl
[0.283s] -- Up-to-date: /home/yalcinolgac/ros2_ws/install/day2/share/day2/srv/GetRobotStatus.idl
[0.283s] -- Up-to-date: /home/yalcinolgac/ros2_ws/install/day2/share/day2/srv/CalculatePath.idl
[0.283s] -- Up-to-date: /home/yalcinolgac/ros2_ws/install/day2/share/day2/srv/EmergencyStop.idl
[0.283s] -- Up-to-date: /home/yalcinolgac/ros2_ws/install/day2/share/day2/action/Navigate.idl
[0.283s] -- Up-to-date: /home/yalcinolgac/ros2_ws/install/day2/share/day2/action/PickAndPlace.idl
[0.283s] -- Up-to-date: /home/yalcinolgac/ros2_ws/install/day2/share/day2/action/MapArea.idl
[0.283s] -- Up-to-date: /home/yalcinolgac/ros2_ws/install/day2/share/day2/action/ChargeBattery.idl
[0.283s] -- Up-to-date: /home/yalcinolgac/ros2_ws/install/day2/share/day2/msg/RobotStatus.msg
[0.283s] -- Up-to-date: /home/yalcinolgac/ros2_ws/install/day2/share/day2/msg/SensorData.msg
[0.283s] -- Up-to-date: /home/yalcinolgac/ros2_ws/install/day2/share/day2/msg/MotorStatus.msg
[0.283s] -- Up-to-date: /home/yalcinolgac/ros2_ws/install/day2/share/day2/msg/RobotArray.msg
[0.283s] -- Up-to-date: /home/yalcinolgac/ros2_ws/install/day2/share/day2/srv/RobotCommand.srv
[0.284s] -- Up-to-date: /home/yalcinolgac/ros2_ws/install/day2/share/day2/srv/GetRobotStatus.srv
[0.284s] -- Up-to-date: /home/yalcinolgac/ros2_ws/install/day2/share/day2/srv/CalculatePath.srv
[0.284s] -- Up-to-date: /home/yalcinolgac/ros2_ws/install/day2/share/day2/srv/EmergencyStop.srv
[0.284s] -- Up-to-date: /home/yalcinolgac/ros2_ws/install/day2/share/day2/action/Navigate.action
[0.284s] -- Up-to-date: /home/yalcinolgac/ros2_ws/install/day2/share/day2/action/PickAndPlace.action
[0.284s] -- Up-to-date: /home/yalcinolgac/ros2_ws/install/day2/share/day2/action/MapArea.action
[0.284s] -- Up-to-date: /home/yalcinolgac/ros2_ws/install/day2/share/day2/action/ChargeBattery.action
[0.284s] -- Up-to-date: /home/yalcinolgac/ros2_ws/install/day2/share/ament_index/resource_index/package_run_dependencies/day2
[0.284s] -- Up-to-date: /home/yalcinolgac/ros2_ws/install/day2/share/ament_index/resource_index/parent_prefix_path/day2
[0.284s] -- Up-to-date: /home/yalcinolgac/ros2_ws/install/day2/share/day2/environment/ament_prefix_path.sh
[0.284s] -- Up-to-date: /home/yalcinolgac/ros2_ws/install/day2/share/day2/environment/ament_prefix_path.dsv
[0.284s] -- Up-to-date: /home/yalcinolgac/ros2_ws/install/day2/share/day2/environment/path.sh
[0.284s] -- Up-to-date: /home/yalcinolgac/ros2_ws/install/day2/share/day2/environment/path.dsv
[0.284s] -- Up-to-date: /home/yalcinolgac/ros2_ws/install/day2/share/day2/local_setup.bash
[0.284s] -- Up-to-date: /home/yalcinolgac/ros2_ws/install/day2/share/day2/local_setup.sh
[0.285s] -- Up-to-date: /home/yalcinolgac/ros2_ws/install/day2/share/day2/local_setup.zsh
[0.285s] -- Up-to-date: /home/yalcinolgac/ros2_ws/install/day2/share/day2/local_setup.dsv
[0.285s] -- Installing: /home/yalcinolgac/ros2_ws/install/day2/share/day2/package.dsv
[0.285s] -- Up-to-date: /home/yalcinolgac/ros2_ws/install/day2/share/ament_index/resource_index/packages/day2
[0.285s] -- Up-to-date: /home/yalcinolgac/ros2_ws/install/day2/share/day2/cmake/export_day2__rosidl_generator_cExport.cmake
[0.285s] -- Up-to-date: /home/yalcinolgac/ros2_ws/install/day2/share/day2/cmake/export_day2__rosidl_generator_cExport-noconfig.cmake
[0.285s] -- Up-to-date: /home/yalcinolgac/ros2_ws/install/day2/share/day2/cmake/export_day2__rosidl_typesupport_fastrtps_cExport.cmake
[0.285s] -- Up-to-date: /home/yalcinolgac/ros2_ws/install/day2/share/day2/cmake/export_day2__rosidl_typesupport_fastrtps_cExport-noconfig.cmake
[0.285s] -- Up-to-date: /home/yalcinolgac/ros2_ws/install/day2/share/day2/cmake/export_day2__rosidl_generator_cppExport.cmake
[0.285s] -- Up-to-date: /home/yalcinolgac/ros2_ws/install/day2/share/day2/cmake/export_day2__rosidl_typesupport_fastrtps_cppExport.cmake
[0.285s] -- Up-to-date: /home/yalcinolgac/ros2_ws/install/day2/share/day2/cmake/export_day2__rosidl_typesupport_fastrtps_cppExport-noconfig.cmake
[0.285s] -- Up-to-date: /home/yalcinolgac/ros2_ws/install/day2/share/day2/cmake/day2__rosidl_typesupport_introspection_cExport.cmake
[0.285s] -- Up-to-date: /home/yalcinolgac/ros2_ws/install/day2/share/day2/cmake/day2__rosidl_typesupport_introspection_cExport-noconfig.cmake
[0.285s] -- Up-to-date: /home/yalcinolgac/ros2_ws/install/day2/share/day2/cmake/day2__rosidl_typesupport_cExport.cmake
[0.285s] -- Up-to-date: /home/yalcinolgac/ros2_ws/install/day2/share/day2/cmake/day2__rosidl_typesupport_cExport-noconfig.cmake
[0.285s] -- Up-to-date: /home/yalcinolgac/ros2_ws/install/day2/share/day2/cmake/day2__rosidl_typesupport_introspection_cppExport.cmake
[0.285s] -- Up-to-date: /home/yalcinolgac/ros2_ws/install/day2/share/day2/cmake/day2__rosidl_typesupport_introspection_cppExport-noconfig.cmake
[0.285s] -- Up-to-date: /home/yalcinolgac/ros2_ws/install/day2/share/day2/cmake/day2__rosidl_typesupport_cppExport.cmake
[0.285s] -- Up-to-date: /home/yalcinolgac/ros2_ws/install/day2/share/day2/cmake/day2__rosidl_typesupport_cppExport-noconfig.cmake
[0.285s] -- Up-to-date: /home/yalcinolgac/ros2_ws/install/day2/share/day2/cmake/export_day2__rosidl_generator_pyExport.cmake
[0.285s] -- Up-to-date: /home/yalcinolgac/ros2_ws/install/day2/share/day2/cmake/export_day2__rosidl_generator_pyExport-noconfig.cmake
[0.285s] -- Up-to-date: /home/yalcinolgac/ros2_ws/install/day2/share/day2/cmake/rosidl_cmake-extras.cmake
[0.285s] -- Up-to-date: /home/yalcinolgac/ros2_ws/install/day2/share/day2/cmake/ament_cmake_export_dependencies-extras.cmake
[0.285s] -- Up-to-date: /home/yalcinolgac/ros2_ws/install/day2/share/day2/cmake/ament_cmake_export_include_directories-extras.cmake
[0.285s] -- Up-to-date: /home/yalcinolgac/ros2_ws/install/day2/share/day2/cmake/ament_cmake_export_libraries-extras.cmake
[0.285s] -- Up-to-date: /home/yalcinolgac/ros2_ws/install/day2/share/day2/cmake/ament_cmake_export_targets-extras.cmake
[0.285s] -- Up-to-date: /home/yalcinolgac/ros2_ws/install/day2/share/day2/cmake/rosidl_cmake_export_typesupport_targets-extras.cmake
[0.285s] -- Up-to-date: /home/yalcinolgac/ros2_ws/install/day2/share/day2/cmake/rosidl_cmake_export_typesupport_libraries-extras.cmake
[0.285s] -- Up-to-date: /home/yalcinolgac/ros2_ws/install/day2/share/day2/cmake/day2Config.cmake
[0.285s] -- Up-to-date: /home/yalcinolgac/ros2_ws/install/day2/share/day2/cmake/day2Config-version.cmake
[0.285s] -- Up-to-date: /home/yalcinolgac/ros2_ws/install/day2/share/day2/package.xml
[0.286s] Invoked command in '/home/yalcinolgac/ros2_ws/build/day2' returned '0': CMAKE_PREFIX_PATH=${CMAKE_PREFIX_PATH}:/opt/ros/jazzy DEBUGINFOD_URLS=https://debuginfod.ubuntu.com /usr/bin/cmake --install /home/yalcinolgac/ros2_ws/build/day2
