[0.149s] DEBUG:colcon:Command line arguments: ['/usr/bin/colcon', 'build']
[0.149s] DEBUG:colcon:Parsed command line arguments: Namespace(log_base=None, log_level=None, verb_name='build', build_base='build', install_base='install', merge_install=False, symlink_install=False, test_result_base=None, continue_on_error=False, executor='parallel', parallel_workers=32, event_handlers=None, ignore_user_meta=False, metas=['./colcon.meta'], base_paths=['.'], packages_ignore=None, packages_ignore_regex=None, paths=None, packages_up_to=None, packages_up_to_regex=None, packages_above=None, packages_above_and_dependencies=None, packages_above_depth=None, packages_select_by_dep=None, packages_skip_by_dep=None, packages_skip_up_to=None, packages_select_build_failed=False, packages_skip_build_finished=False, packages_select_test_failures=False, packages_skip_test_passed=False, packages_select=None, packages_skip=None, packages_select_regex=None, packages_skip_regex=None, packages_start=None, packages_end=None, allow_overriding=[], cmake_args=None, cmake_target=None, cmake_target_skip_unavailable=False, cmake_clean_cache=False, cmake_clean_first=False, cmake_force_configure=False, ament_cmake_args=None, catkin_cmake_args=None, catkin_skip_building_tests=False, mixin_files=None, mixin=None, verb_parser=<colcon_mixin.mixin.mixin_argument.MixinArgumentDecorator object at 0x7b87166b4b00>, verb_extension=<colcon_core.verb.build.BuildVerb object at 0x7b87171bf830>, main=<bound method BuildVerb.main of <colcon_core.verb.build.BuildVerb object at 0x7b87171bf830>>, mixin_verb=('build',))
[0.190s] Level 1:colcon.colcon_core.package_discovery:discover_packages(colcon_meta) check parameters
[0.190s] Level 1:colcon.colcon_core.package_discovery:discover_packages(recursive) check parameters
[0.190s] Level 1:colcon.colcon_core.package_discovery:discover_packages(ignore) check parameters
[0.190s] Level 1:colcon.colcon_core.package_discovery:discover_packages(path) check parameters
[0.190s] Level 1:colcon.colcon_core.package_discovery:discover_packages(colcon_meta) discover
[0.190s] Level 1:colcon.colcon_core.package_discovery:discover_packages(recursive) discover
[0.190s] INFO:colcon.colcon_core.package_discovery:Crawling recursively for packages in '/home/yalcinolgac/ros2_ws'
[0.190s] Level 1:colcon.colcon_core.package_identification:_identify(.) by extensions ['ignore', 'ignore_ament_install']
[0.190s] Level 1:colcon.colcon_core.package_identification:_identify(.) by extension 'ignore'
[0.190s] Level 1:colcon.colcon_core.package_identification:_identify(.) by extension 'ignore_ament_install'
[0.190s] Level 1:colcon.colcon_core.package_identification:_identify(.) by extensions ['colcon_pkg']
[0.190s] Level 1:colcon.colcon_core.package_identification:_identify(.) by extension 'colcon_pkg'
[0.190s] Level 1:colcon.colcon_core.package_identification:_identify(.) by extensions ['colcon_meta']
[0.190s] Level 1:colcon.colcon_core.package_identification:_identify(.) by extension 'colcon_meta'
[0.190s] Level 1:colcon.colcon_core.package_identification:_identify(.) by extensions ['ros']
[0.190s] Level 1:colcon.colcon_core.package_identification:_identify(.) by extension 'ros'
[0.210s] Level 1:colcon.colcon_core.package_identification:_identify(.) by extensions ['cmake', 'python']
[0.211s] Level 1:colcon.colcon_core.package_identification:_identify(.) by extension 'cmake'
[0.211s] Level 1:colcon.colcon_core.package_identification:_identify(.) by extension 'python'
[0.211s] Level 1:colcon.colcon_core.package_identification:_identify(.) by extensions ['python_setup_py']
[0.211s] Level 1:colcon.colcon_core.package_identification:_identify(.) by extension 'python_setup_py'
[0.211s] Level 1:colcon.colcon_core.package_identification:_identify(build) by extensions ['ignore', 'ignore_ament_install']
[0.211s] Level 1:colcon.colcon_core.package_identification:_identify(build) by extension 'ignore'
[0.211s] Level 1:colcon.colcon_core.package_identification:_identify(build) ignored
[0.211s] Level 1:colcon.colcon_core.package_identification:_identify(install) by extensions ['ignore', 'ignore_ament_install']
[0.211s] Level 1:colcon.colcon_core.package_identification:_identify(install) by extension 'ignore'
[0.211s] Level 1:colcon.colcon_core.package_identification:_identify(install) ignored
[0.211s] Level 1:colcon.colcon_core.package_identification:_identify(log) by extensions ['ignore', 'ignore_ament_install']
[0.211s] Level 1:colcon.colcon_core.package_identification:_identify(log) by extension 'ignore'
[0.212s] Level 1:colcon.colcon_core.package_identification:_identify(log) ignored
[0.212s] Level 1:colcon.colcon_core.package_identification:_identify(src) by extensions ['ignore', 'ignore_ament_install']
[0.212s] Level 1:colcon.colcon_core.package_identification:_identify(src) by extension 'ignore'
[0.212s] Level 1:colcon.colcon_core.package_identification:_identify(src) by extension 'ignore_ament_install'
[0.212s] Level 1:colcon.colcon_core.package_identification:_identify(src) by extensions ['colcon_pkg']
[0.212s] Level 1:colcon.colcon_core.package_identification:_identify(src) by extension 'colcon_pkg'
[0.212s] Level 1:colcon.colcon_core.package_identification:_identify(src) by extensions ['colcon_meta']
[0.212s] Level 1:colcon.colcon_core.package_identification:_identify(src) by extension 'colcon_meta'
[0.212s] Level 1:colcon.colcon_core.package_identification:_identify(src) by extensions ['ros']
[0.212s] Level 1:colcon.colcon_core.package_identification:_identify(src) by extension 'ros'
[0.212s] Level 1:colcon.colcon_core.package_identification:_identify(src) by extensions ['cmake', 'python']
[0.212s] Level 1:colcon.colcon_core.package_identification:_identify(src) by extension 'cmake'
[0.212s] Level 1:colcon.colcon_core.package_identification:_identify(src) by extension 'python'
[0.212s] Level 1:colcon.colcon_core.package_identification:_identify(src) by extensions ['python_setup_py']
[0.212s] Level 1:colcon.colcon_core.package_identification:_identify(src) by extension 'python_setup_py'
[0.212s] Level 1:colcon.colcon_core.package_identification:_identify(src/day1) by extensions ['ignore', 'ignore_ament_install']
[0.212s] Level 1:colcon.colcon_core.package_identification:_identify(src/day1) by extension 'ignore'
[0.212s] Level 1:colcon.colcon_core.package_identification:_identify(src/day1) by extension 'ignore_ament_install'
[0.212s] Level 1:colcon.colcon_core.package_identification:_identify(src/day1) by extensions ['colcon_pkg']
[0.212s] Level 1:colcon.colcon_core.package_identification:_identify(src/day1) by extension 'colcon_pkg'
[0.212s] Level 1:colcon.colcon_core.package_identification:_identify(src/day1) by extensions ['colcon_meta']
[0.212s] Level 1:colcon.colcon_core.package_identification:_identify(src/day1) by extension 'colcon_meta'
[0.212s] Level 1:colcon.colcon_core.package_identification:_identify(src/day1) by extensions ['ros']
[0.212s] Level 1:colcon.colcon_core.package_identification:_identify(src/day1) by extension 'ros'
[0.214s] DEBUG:colcon.colcon_core.package_identification:Package 'src/day1' with type 'ros.ament_cmake' and name 'day1'
[0.214s] Level 1:colcon.colcon_core.package_identification:_identify(src/day2) by extensions ['ignore', 'ignore_ament_install']
[0.214s] Level 1:colcon.colcon_core.package_identification:_identify(src/day2) by extension 'ignore'
[0.214s] Level 1:colcon.colcon_core.package_identification:_identify(src/day2) by extension 'ignore_ament_install'
[0.214s] Level 1:colcon.colcon_core.package_identification:_identify(src/day2) by extensions ['colcon_pkg']
[0.214s] Level 1:colcon.colcon_core.package_identification:_identify(src/day2) by extension 'colcon_pkg'
[0.214s] Level 1:colcon.colcon_core.package_identification:_identify(src/day2) by extensions ['colcon_meta']
[0.214s] Level 1:colcon.colcon_core.package_identification:_identify(src/day2) by extension 'colcon_meta'
[0.214s] Level 1:colcon.colcon_core.package_identification:_identify(src/day2) by extensions ['ros']
[0.214s] Level 1:colcon.colcon_core.package_identification:_identify(src/day2) by extension 'ros'
[0.215s] DEBUG:colcon.colcon_core.package_identification:Package 'src/day2' with type 'ros.ament_cmake' and name 'day2'
[0.215s] Level 1:colcon.colcon_core.package_identification:_identify(src/day2_2) by extensions ['ignore', 'ignore_ament_install']
[0.215s] Level 1:colcon.colcon_core.package_identification:_identify(src/day2_2) by extension 'ignore'
[0.215s] Level 1:colcon.colcon_core.package_identification:_identify(src/day2_2) by extension 'ignore_ament_install'
[0.215s] Level 1:colcon.colcon_core.package_identification:_identify(src/day2_2) by extensions ['colcon_pkg']
[0.215s] Level 1:colcon.colcon_core.package_identification:_identify(src/day2_2) by extension 'colcon_pkg'
[0.215s] Level 1:colcon.colcon_core.package_identification:_identify(src/day2_2) by extensions ['colcon_meta']
[0.215s] Level 1:colcon.colcon_core.package_identification:_identify(src/day2_2) by extension 'colcon_meta'
[0.215s] Level 1:colcon.colcon_core.package_identification:_identify(src/day2_2) by extensions ['ros']
[0.215s] Level 1:colcon.colcon_core.package_identification:_identify(src/day2_2) by extension 'ros'
[0.216s] DEBUG:colcon.colcon_core.package_identification:Package 'src/day2_2' with type 'ros.ament_cmake' and name 'day2_2'
[0.216s] Level 1:colcon.colcon_core.package_discovery:discover_packages(recursive) using defaults
[0.216s] Level 1:colcon.colcon_core.package_discovery:discover_packages(ignore) discover
[0.216s] Level 1:colcon.colcon_core.package_discovery:discover_packages(ignore) using defaults
[0.216s] Level 1:colcon.colcon_core.package_discovery:discover_packages(path) discover
[0.216s] Level 1:colcon.colcon_core.package_discovery:discover_packages(path) using defaults
[0.233s] Level 1:colcon.colcon_core.package_discovery:discover_packages(prefix_path) check parameters
[0.233s] Level 1:colcon.colcon_core.package_discovery:discover_packages(prefix_path) discover
[0.236s] DEBUG:colcon.colcon_installed_package_information.package_discovery:Found 3 installed packages in /home/yalcinolgac/ros2_ws/install
[0.238s] DEBUG:colcon.colcon_installed_package_information.package_discovery:Found 496 installed packages in /opt/ros/jazzy
[0.239s] Level 1:colcon.colcon_core.package_discovery:discover_packages(prefix_path) using defaults
[0.338s] Level 5:colcon.colcon_core.verb:set package 'day1' build argument 'cmake_args' from command line to 'None'
[0.338s] Level 5:colcon.colcon_core.verb:set package 'day1' build argument 'cmake_target' from command line to 'None'
[0.338s] Level 5:colcon.colcon_core.verb:set package 'day1' build argument 'cmake_target_skip_unavailable' from command line to 'False'
[0.338s] Level 5:colcon.colcon_core.verb:set package 'day1' build argument 'cmake_clean_cache' from command line to 'False'
[0.338s] Level 5:colcon.colcon_core.verb:set package 'day1' build argument 'cmake_clean_first' from command line to 'False'
[0.338s] Level 5:colcon.colcon_core.verb:set package 'day1' build argument 'cmake_force_configure' from command line to 'False'
[0.338s] Level 5:colcon.colcon_core.verb:set package 'day1' build argument 'ament_cmake_args' from command line to 'None'
[0.338s] Level 5:colcon.colcon_core.verb:set package 'day1' build argument 'catkin_cmake_args' from command line to 'None'
[0.338s] Level 5:colcon.colcon_core.verb:set package 'day1' build argument 'catkin_skip_building_tests' from command line to 'False'
[0.338s] DEBUG:colcon.colcon_core.verb:Building package 'day1' with the following arguments: {'ament_cmake_args': None, 'build_base': '/home/yalcinolgac/ros2_ws/build/day1', 'catkin_cmake_args': None, 'catkin_skip_building_tests': False, 'cmake_args': None, 'cmake_clean_cache': False, 'cmake_clean_first': False, 'cmake_force_configure': False, 'cmake_target': None, 'cmake_target_skip_unavailable': False, 'install_base': '/home/yalcinolgac/ros2_ws/install/day1', 'merge_install': False, 'path': '/home/yalcinolgac/ros2_ws/src/day1', 'symlink_install': False, 'test_result_base': None}
[0.338s] Level 5:colcon.colcon_core.verb:set package 'day2' build argument 'cmake_args' from command line to 'None'
[0.338s] Level 5:colcon.colcon_core.verb:set package 'day2' build argument 'cmake_target' from command line to 'None'
[0.338s] Level 5:colcon.colcon_core.verb:set package 'day2' build argument 'cmake_target_skip_unavailable' from command line to 'False'
[0.338s] Level 5:colcon.colcon_core.verb:set package 'day2' build argument 'cmake_clean_cache' from command line to 'False'
[0.338s] Level 5:colcon.colcon_core.verb:set package 'day2' build argument 'cmake_clean_first' from command line to 'False'
[0.338s] Level 5:colcon.colcon_core.verb:set package 'day2' build argument 'cmake_force_configure' from command line to 'False'
[0.338s] Level 5:colcon.colcon_core.verb:set package 'day2' build argument 'ament_cmake_args' from command line to 'None'
[0.338s] Level 5:colcon.colcon_core.verb:set package 'day2' build argument 'catkin_cmake_args' from command line to 'None'
[0.338s] Level 5:colcon.colcon_core.verb:set package 'day2' build argument 'catkin_skip_building_tests' from command line to 'False'
[0.338s] DEBUG:colcon.colcon_core.verb:Building package 'day2' with the following arguments: {'ament_cmake_args': None, 'build_base': '/home/yalcinolgac/ros2_ws/build/day2', 'catkin_cmake_args': None, 'catkin_skip_building_tests': False, 'cmake_args': None, 'cmake_clean_cache': False, 'cmake_clean_first': False, 'cmake_force_configure': False, 'cmake_target': None, 'cmake_target_skip_unavailable': False, 'install_base': '/home/yalcinolgac/ros2_ws/install/day2', 'merge_install': False, 'path': '/home/yalcinolgac/ros2_ws/src/day2', 'symlink_install': False, 'test_result_base': None}
[0.338s] Level 5:colcon.colcon_core.verb:set package 'day2_2' build argument 'cmake_args' from command line to 'None'
[0.338s] Level 5:colcon.colcon_core.verb:set package 'day2_2' build argument 'cmake_target' from command line to 'None'
[0.338s] Level 5:colcon.colcon_core.verb:set package 'day2_2' build argument 'cmake_target_skip_unavailable' from command line to 'False'
[0.338s] Level 5:colcon.colcon_core.verb:set package 'day2_2' build argument 'cmake_clean_cache' from command line to 'False'
[0.338s] Level 5:colcon.colcon_core.verb:set package 'day2_2' build argument 'cmake_clean_first' from command line to 'False'
[0.338s] Level 5:colcon.colcon_core.verb:set package 'day2_2' build argument 'cmake_force_configure' from command line to 'False'
[0.338s] Level 5:colcon.colcon_core.verb:set package 'day2_2' build argument 'ament_cmake_args' from command line to 'None'
[0.338s] Level 5:colcon.colcon_core.verb:set package 'day2_2' build argument 'catkin_cmake_args' from command line to 'None'
[0.338s] Level 5:colcon.colcon_core.verb:set package 'day2_2' build argument 'catkin_skip_building_tests' from command line to 'False'
[0.338s] DEBUG:colcon.colcon_core.verb:Building package 'day2_2' with the following arguments: {'ament_cmake_args': None, 'build_base': '/home/yalcinolgac/ros2_ws/build/day2_2', 'catkin_cmake_args': None, 'catkin_skip_building_tests': False, 'cmake_args': None, 'cmake_clean_cache': False, 'cmake_clean_first': False, 'cmake_force_configure': False, 'cmake_target': None, 'cmake_target_skip_unavailable': False, 'install_base': '/home/yalcinolgac/ros2_ws/install/day2_2', 'merge_install': False, 'path': '/home/yalcinolgac/ros2_ws/src/day2_2', 'symlink_install': False, 'test_result_base': None}
[0.338s] INFO:colcon.colcon_core.executor:Executing jobs using 'parallel' executor
[0.339s] DEBUG:colcon.colcon_parallel_executor.executor.parallel:run_until_complete
[0.339s] INFO:colcon.colcon_ros.task.ament_cmake.build:Building ROS package in '/home/yalcinolgac/ros2_ws/src/day2' with build type 'ament_cmake'
[0.339s] INFO:colcon.colcon_cmake.task.cmake.build:Building CMake package in '/home/yalcinolgac/ros2_ws/src/day2'
[0.343s] INFO:colcon.colcon_core.plugin_system:Skipping extension 'colcon_core.shell.bat': Not used on non-Windows systems
[0.343s] INFO:colcon.colcon_core.shell:Skip shell extension 'powershell' for command environment: Not usable outside of PowerShell
[0.343s] DEBUG:colcon.colcon_core.shell:Skip shell extension 'dsv' for command environment
[0.345s] INFO:colcon.colcon_ros.task.ament_cmake.build:Building ROS package in '/home/yalcinolgac/ros2_ws/src/day1' with build type 'ament_cmake'
[0.346s] INFO:colcon.colcon_cmake.task.cmake.build:Building CMake package in '/home/yalcinolgac/ros2_ws/src/day1'
[0.346s] INFO:colcon.colcon_core.shell:Skip shell extension 'powershell' for command environment: Not usable outside of PowerShell
[0.346s] DEBUG:colcon.colcon_core.shell:Skip shell extension 'dsv' for command environment
[0.350s] DEBUG:colcon.colcon_core.event_handler.log_command:Invoking command in '/home/yalcinolgac/ros2_ws/build/day2': CMAKE_PREFIX_PATH=${CMAKE_PREFIX_PATH}:/opt/ros/jazzy DEBUGINFOD_URLS=https://debuginfod.ubuntu.com /usr/bin/cmake --build /home/yalcinolgac/ros2_ws/build/day2 -- -j32 -l32
[0.361s] DEBUG:colcon.colcon_core.event_handler.log_command:Invoking command in '/home/yalcinolgac/ros2_ws/build/day1': CMAKE_PREFIX_PATH=${CMAKE_PREFIX_PATH}:/opt/ros/jazzy DEBUGINFOD_URLS=https://debuginfod.ubuntu.com /usr/bin/cmake --build /home/yalcinolgac/ros2_ws/build/day1 -- -j32 -l32
[0.423s] DEBUG:colcon.colcon_core.event_handler.log_command:Invoked command in '/home/yalcinolgac/ros2_ws/build/day1' returned '0': CMAKE_PREFIX_PATH=${CMAKE_PREFIX_PATH}:/opt/ros/jazzy DEBUGINFOD_URLS=https://debuginfod.ubuntu.com /usr/bin/cmake --build /home/yalcinolgac/ros2_ws/build/day1 -- -j32 -l32
[0.429s] DEBUG:colcon.colcon_core.event_handler.log_command:Invoking command in '/home/yalcinolgac/ros2_ws/build/day1': CMAKE_PREFIX_PATH=${CMAKE_PREFIX_PATH}:/opt/ros/jazzy DEBUGINFOD_URLS=https://debuginfod.ubuntu.com /usr/bin/cmake --install /home/yalcinolgac/ros2_ws/build/day1
[0.438s] Level 1:colcon.colcon_core.environment:create_environment_scripts_only(day1)
[0.439s] DEBUG:colcon.colcon_core.event_handler.log_command:Invoked command in '/home/yalcinolgac/ros2_ws/build/day1' returned '0': CMAKE_PREFIX_PATH=${CMAKE_PREFIX_PATH}:/opt/ros/jazzy DEBUGINFOD_URLS=https://debuginfod.ubuntu.com /usr/bin/cmake --install /home/yalcinolgac/ros2_ws/build/day1
[0.445s] Level 1:colcon.colcon_core.environment:checking '/home/yalcinolgac/ros2_ws/install/day1' for CMake module files
[0.445s] Level 1:colcon.colcon_core.environment:checking '/home/yalcinolgac/ros2_ws/install/day1' for CMake config files
[0.446s] Level 1:colcon.colcon_core.shell:create_environment_hook('day1', 'cmake_prefix_path')
[0.446s] INFO:colcon.colcon_core.shell:Creating environment hook '/home/yalcinolgac/ros2_ws/install/day1/share/day1/hook/cmake_prefix_path.ps1'
[0.447s] INFO:colcon.colcon_core.shell:Creating environment descriptor '/home/yalcinolgac/ros2_ws/install/day1/share/day1/hook/cmake_prefix_path.dsv'
[0.447s] INFO:colcon.colcon_core.shell:Creating environment hook '/home/yalcinolgac/ros2_ws/install/day1/share/day1/hook/cmake_prefix_path.sh'
[0.448s] Level 1:colcon.colcon_core.environment:checking '/home/yalcinolgac/ros2_ws/install/day1/lib'
[0.448s] Level 1:colcon.colcon_core.environment:checking '/home/yalcinolgac/ros2_ws/install/day1/bin'
[0.448s] Level 1:colcon.colcon_core.environment:checking '/home/yalcinolgac/ros2_ws/install/day1/lib/pkgconfig/day1.pc'
[0.448s] Level 1:colcon.colcon_core.environment:checking '/home/yalcinolgac/ros2_ws/install/day1/lib/python3.12/site-packages'
[0.449s] Level 1:colcon.colcon_core.environment:checking '/home/yalcinolgac/ros2_ws/install/day1/bin'
[0.449s] INFO:colcon.colcon_core.shell:Creating package script '/home/yalcinolgac/ros2_ws/install/day1/share/day1/package.ps1'
[0.449s] INFO:colcon.colcon_core.shell:Creating package descriptor '/home/yalcinolgac/ros2_ws/install/day1/share/day1/package.dsv'
[0.450s] INFO:colcon.colcon_core.shell:Creating package script '/home/yalcinolgac/ros2_ws/install/day1/share/day1/package.sh'
[0.450s] INFO:colcon.colcon_core.shell:Creating package script '/home/yalcinolgac/ros2_ws/install/day1/share/day1/package.bash'
[0.451s] INFO:colcon.colcon_core.shell:Creating package script '/home/yalcinolgac/ros2_ws/install/day1/share/day1/package.zsh'
[0.451s] Level 1:colcon.colcon_core.environment:create_file_with_runtime_dependencies(/home/yalcinolgac/ros2_ws/install/day1/share/colcon-core/packages/day1)
[0.452s] Level 1:colcon.colcon_core.environment:create_environment_scripts_only(day1)
[0.452s] Level 1:colcon.colcon_core.environment:checking '/home/yalcinolgac/ros2_ws/install/day1' for CMake module files
[0.452s] Level 1:colcon.colcon_core.environment:checking '/home/yalcinolgac/ros2_ws/install/day1' for CMake config files
[0.452s] Level 1:colcon.colcon_core.shell:create_environment_hook('day1', 'cmake_prefix_path')
[0.452s] INFO:colcon.colcon_core.shell:Creating environment hook '/home/yalcinolgac/ros2_ws/install/day1/share/day1/hook/cmake_prefix_path.ps1'
[0.452s] INFO:colcon.colcon_core.shell:Creating environment descriptor '/home/yalcinolgac/ros2_ws/install/day1/share/day1/hook/cmake_prefix_path.dsv'
[0.452s] INFO:colcon.colcon_core.shell:Creating environment hook '/home/yalcinolgac/ros2_ws/install/day1/share/day1/hook/cmake_prefix_path.sh'
[0.453s] Level 1:colcon.colcon_core.environment:checking '/home/yalcinolgac/ros2_ws/install/day1/lib'
[0.453s] Level 1:colcon.colcon_core.environment:checking '/home/yalcinolgac/ros2_ws/install/day1/bin'
[0.453s] Level 1:colcon.colcon_core.environment:checking '/home/yalcinolgac/ros2_ws/install/day1/lib/pkgconfig/day1.pc'
[0.453s] Level 1:colcon.colcon_core.environment:checking '/home/yalcinolgac/ros2_ws/install/day1/lib/python3.12/site-packages'
[0.453s] Level 1:colcon.colcon_core.environment:checking '/home/yalcinolgac/ros2_ws/install/day1/bin'
[0.453s] INFO:colcon.colcon_core.shell:Creating package script '/home/yalcinolgac/ros2_ws/install/day1/share/day1/package.ps1'
[0.454s] INFO:colcon.colcon_core.shell:Creating package descriptor '/home/yalcinolgac/ros2_ws/install/day1/share/day1/package.dsv'
[0.454s] INFO:colcon.colcon_core.shell:Creating package script '/home/yalcinolgac/ros2_ws/install/day1/share/day1/package.sh'
[0.454s] INFO:colcon.colcon_core.shell:Creating package script '/home/yalcinolgac/ros2_ws/install/day1/share/day1/package.bash'
[0.454s] INFO:colcon.colcon_core.shell:Creating package script '/home/yalcinolgac/ros2_ws/install/day1/share/day1/package.zsh'
[0.454s] Level 1:colcon.colcon_core.environment:create_file_with_runtime_dependencies(/home/yalcinolgac/ros2_ws/install/day1/share/colcon-core/packages/day1)
[0.611s] DEBUG:colcon.colcon_core.event_handler.log_command:Invoked command in '/home/yalcinolgac/ros2_ws/build/day2' returned '0': CMAKE_PREFIX_PATH=${CMAKE_PREFIX_PATH}:/opt/ros/jazzy DEBUGINFOD_URLS=https://debuginfod.ubuntu.com /usr/bin/cmake --build /home/yalcinolgac/ros2_ws/build/day2 -- -j32 -l32
[0.612s] DEBUG:colcon.colcon_core.event_handler.log_command:Invoking command in '/home/yalcinolgac/ros2_ws/build/day2': CMAKE_PREFIX_PATH=${CMAKE_PREFIX_PATH}:/opt/ros/jazzy DEBUGINFOD_URLS=https://debuginfod.ubuntu.com /usr/bin/cmake --install /home/yalcinolgac/ros2_ws/build/day2
[0.667s] Level 1:colcon.colcon_core.environment:create_environment_scripts_only(day2)
[0.668s] DEBUG:colcon.colcon_core.event_handler.log_command:Invoked command in '/home/yalcinolgac/ros2_ws/build/day2' returned '0': CMAKE_PREFIX_PATH=${CMAKE_PREFIX_PATH}:/opt/ros/jazzy DEBUGINFOD_URLS=https://debuginfod.ubuntu.com /usr/bin/cmake --install /home/yalcinolgac/ros2_ws/build/day2
[0.668s] Level 1:colcon.colcon_core.environment:checking '/home/yalcinolgac/ros2_ws/install/day2' for CMake module files
[0.668s] Level 1:colcon.colcon_core.environment:checking '/home/yalcinolgac/ros2_ws/install/day2' for CMake config files
[0.669s] Level 1:colcon.colcon_core.shell:create_environment_hook('day2', 'cmake_prefix_path')
[0.669s] INFO:colcon.colcon_core.shell:Creating environment hook '/home/yalcinolgac/ros2_ws/install/day2/share/day2/hook/cmake_prefix_path.ps1'
[0.670s] INFO:colcon.colcon_core.shell:Creating environment descriptor '/home/yalcinolgac/ros2_ws/install/day2/share/day2/hook/cmake_prefix_path.dsv'
[0.670s] INFO:colcon.colcon_core.shell:Creating environment hook '/home/yalcinolgac/ros2_ws/install/day2/share/day2/hook/cmake_prefix_path.sh'
[0.670s] Level 1:colcon.colcon_core.environment:checking '/home/yalcinolgac/ros2_ws/install/day2/lib'
[0.670s] Level 1:colcon.colcon_core.shell:create_environment_hook('day2', 'ld_library_path_lib')
[0.670s] INFO:colcon.colcon_core.shell:Creating environment hook '/home/yalcinolgac/ros2_ws/install/day2/share/day2/hook/ld_library_path_lib.ps1'
[0.671s] INFO:colcon.colcon_core.shell:Creating environment descriptor '/home/yalcinolgac/ros2_ws/install/day2/share/day2/hook/ld_library_path_lib.dsv'
[0.671s] INFO:colcon.colcon_core.shell:Creating environment hook '/home/yalcinolgac/ros2_ws/install/day2/share/day2/hook/ld_library_path_lib.sh'
[0.671s] Level 1:colcon.colcon_core.environment:checking '/home/yalcinolgac/ros2_ws/install/day2/bin'
[0.671s] Level 1:colcon.colcon_core.environment:checking '/home/yalcinolgac/ros2_ws/install/day2/lib/pkgconfig/day2.pc'
[0.671s] Level 1:colcon.colcon_core.environment:checking '/home/yalcinolgac/ros2_ws/install/day2/lib/python3.12/site-packages'
[0.671s] Level 1:colcon.colcon_core.shell:create_environment_hook('day2', 'pythonpath')
[0.671s] INFO:colcon.colcon_core.shell:Creating environment hook '/home/yalcinolgac/ros2_ws/install/day2/share/day2/hook/pythonpath.ps1'
[0.671s] INFO:colcon.colcon_core.shell:Creating environment descriptor '/home/yalcinolgac/ros2_ws/install/day2/share/day2/hook/pythonpath.dsv'
[0.671s] INFO:colcon.colcon_core.shell:Creating environment hook '/home/yalcinolgac/ros2_ws/install/day2/share/day2/hook/pythonpath.sh'
[0.672s] Level 1:colcon.colcon_core.environment:checking '/home/yalcinolgac/ros2_ws/install/day2/bin'
[0.672s] INFO:colcon.colcon_core.shell:Creating package script '/home/yalcinolgac/ros2_ws/install/day2/share/day2/package.ps1'
[0.672s] INFO:colcon.colcon_core.shell:Creating package descriptor '/home/yalcinolgac/ros2_ws/install/day2/share/day2/package.dsv'
[0.672s] INFO:colcon.colcon_core.shell:Creating package script '/home/yalcinolgac/ros2_ws/install/day2/share/day2/package.sh'
[0.672s] INFO:colcon.colcon_core.shell:Creating package script '/home/yalcinolgac/ros2_ws/install/day2/share/day2/package.bash'
[0.672s] INFO:colcon.colcon_core.shell:Creating package script '/home/yalcinolgac/ros2_ws/install/day2/share/day2/package.zsh'
[0.673s] Level 1:colcon.colcon_core.environment:create_file_with_runtime_dependencies(/home/yalcinolgac/ros2_ws/install/day2/share/colcon-core/packages/day2)
[0.673s] Level 1:colcon.colcon_core.environment:create_environment_scripts_only(day2)
[0.673s] Level 1:colcon.colcon_core.environment:checking '/home/yalcinolgac/ros2_ws/install/day2' for CMake module files
[0.673s] Level 1:colcon.colcon_core.environment:checking '/home/yalcinolgac/ros2_ws/install/day2' for CMake config files
[0.673s] Level 1:colcon.colcon_core.shell:create_environment_hook('day2', 'cmake_prefix_path')
[0.673s] INFO:colcon.colcon_core.shell:Creating environment hook '/home/yalcinolgac/ros2_ws/install/day2/share/day2/hook/cmake_prefix_path.ps1'
[0.673s] INFO:colcon.colcon_core.shell:Creating environment descriptor '/home/yalcinolgac/ros2_ws/install/day2/share/day2/hook/cmake_prefix_path.dsv'
[0.673s] INFO:colcon.colcon_core.shell:Creating environment hook '/home/yalcinolgac/ros2_ws/install/day2/share/day2/hook/cmake_prefix_path.sh'
[0.674s] Level 1:colcon.colcon_core.environment:checking '/home/yalcinolgac/ros2_ws/install/day2/lib'
[0.674s] Level 1:colcon.colcon_core.shell:create_environment_hook('day2', 'ld_library_path_lib')
[0.674s] INFO:colcon.colcon_core.shell:Creating environment hook '/home/yalcinolgac/ros2_ws/install/day2/share/day2/hook/ld_library_path_lib.ps1'
[0.674s] INFO:colcon.colcon_core.shell:Creating environment descriptor '/home/yalcinolgac/ros2_ws/install/day2/share/day2/hook/ld_library_path_lib.dsv'
[0.674s] INFO:colcon.colcon_core.shell:Creating environment hook '/home/yalcinolgac/ros2_ws/install/day2/share/day2/hook/ld_library_path_lib.sh'
[0.674s] Level 1:colcon.colcon_core.environment:checking '/home/yalcinolgac/ros2_ws/install/day2/bin'
[0.674s] Level 1:colcon.colcon_core.environment:checking '/home/yalcinolgac/ros2_ws/install/day2/lib/pkgconfig/day2.pc'
[0.674s] Level 1:colcon.colcon_core.environment:checking '/home/yalcinolgac/ros2_ws/install/day2/lib/python3.12/site-packages'
[0.675s] Level 1:colcon.colcon_core.shell:create_environment_hook('day2', 'pythonpath')
[0.675s] INFO:colcon.colcon_core.shell:Creating environment hook '/home/yalcinolgac/ros2_ws/install/day2/share/day2/hook/pythonpath.ps1'
[0.675s] INFO:colcon.colcon_core.shell:Creating environment descriptor '/home/yalcinolgac/ros2_ws/install/day2/share/day2/hook/pythonpath.dsv'
[0.675s] INFO:colcon.colcon_core.shell:Creating environment hook '/home/yalcinolgac/ros2_ws/install/day2/share/day2/hook/pythonpath.sh'
[0.675s] Level 1:colcon.colcon_core.environment:checking '/home/yalcinolgac/ros2_ws/install/day2/bin'
[0.675s] INFO:colcon.colcon_core.shell:Creating package script '/home/yalcinolgac/ros2_ws/install/day2/share/day2/package.ps1'
[0.675s] INFO:colcon.colcon_core.shell:Creating package descriptor '/home/yalcinolgac/ros2_ws/install/day2/share/day2/package.dsv'
[0.676s] INFO:colcon.colcon_core.shell:Creating package script '/home/yalcinolgac/ros2_ws/install/day2/share/day2/package.sh'
[0.676s] INFO:colcon.colcon_core.shell:Creating package script '/home/yalcinolgac/ros2_ws/install/day2/share/day2/package.bash'
[0.676s] INFO:colcon.colcon_core.shell:Creating package script '/home/yalcinolgac/ros2_ws/install/day2/share/day2/package.zsh'
[0.676s] Level 1:colcon.colcon_core.environment:create_file_with_runtime_dependencies(/home/yalcinolgac/ros2_ws/install/day2/share/colcon-core/packages/day2)
[0.676s] INFO:colcon.colcon_ros.task.ament_cmake.build:Building ROS package in '/home/yalcinolgac/ros2_ws/src/day2_2' with build type 'ament_cmake'
[0.676s] INFO:colcon.colcon_cmake.task.cmake.build:Building CMake package in '/home/yalcinolgac/ros2_ws/src/day2_2'
[0.676s] INFO:colcon.colcon_core.shell:Skip shell extension 'powershell' for command environment: Not usable outside of PowerShell
[0.676s] DEBUG:colcon.colcon_core.shell:Skip shell extension 'dsv' for command environment
[0.685s] DEBUG:colcon.colcon_core.event_handler.log_command:Invoking command in '/home/yalcinolgac/ros2_ws/build/day2_2': CMAKE_PREFIX_PATH=/home/yalcinolgac/ros2_ws/install/day2:/home/yalcinolgac/ros2_ws/install/day2_2:/home/yalcinolgac/ros2_ws/install/day1:/opt/ros/jazzy/opt/gz_sim_vendor:/opt/ros/jazzy/opt/gz_sensors_vendor:/opt/ros/jazzy/opt/gz_physics_vendor:/opt/ros/jazzy/opt/sdformat_vendor:/opt/ros/jazzy/opt/gz_gui_vendor:/opt/ros/jazzy/opt/gz_transport_vendor:/opt/ros/jazzy/opt/gz_rendering_vendor:/opt/ros/jazzy/opt/gz_plugin_vendor:/opt/ros/jazzy/opt/gz_fuel_tools_vendor:/opt/ros/jazzy/opt/gz_msgs_vendor:/opt/ros/jazzy/opt/gz_common_vendor:/opt/ros/jazzy/opt/gz_math_vendor:/opt/ros/jazzy/opt/gz_utils_vendor:/opt/ros/jazzy/opt/gz_tools_vendor:/opt/ros/jazzy/opt/gz_ogre_next_vendor:/opt/ros/jazzy/opt/gz_dartsim_vendor:/opt/ros/jazzy/opt/gz_cmake_vendor:/opt/ros/jazzy DEBUGINFOD_URLS=https://debuginfod.ubuntu.com /usr/bin/cmake --build /home/yalcinolgac/ros2_ws/build/day2_2 -- -j32 -l32
[7.876s] DEBUG:colcon.colcon_core.event_handler.log_command:Invoked command in '/home/yalcinolgac/ros2_ws/build/day2_2' returned '2': CMAKE_PREFIX_PATH=/home/yalcinolgac/ros2_ws/install/day2:/home/yalcinolgac/ros2_ws/install/day2_2:/home/yalcinolgac/ros2_ws/install/day1:/opt/ros/jazzy/opt/gz_sim_vendor:/opt/ros/jazzy/opt/gz_sensors_vendor:/opt/ros/jazzy/opt/gz_physics_vendor:/opt/ros/jazzy/opt/sdformat_vendor:/opt/ros/jazzy/opt/gz_gui_vendor:/opt/ros/jazzy/opt/gz_transport_vendor:/opt/ros/jazzy/opt/gz_rendering_vendor:/opt/ros/jazzy/opt/gz_plugin_vendor:/opt/ros/jazzy/opt/gz_fuel_tools_vendor:/opt/ros/jazzy/opt/gz_msgs_vendor:/opt/ros/jazzy/opt/gz_common_vendor:/opt/ros/jazzy/opt/gz_math_vendor:/opt/ros/jazzy/opt/gz_utils_vendor:/opt/ros/jazzy/opt/gz_tools_vendor:/opt/ros/jazzy/opt/gz_ogre_next_vendor:/opt/ros/jazzy/opt/gz_dartsim_vendor:/opt/ros/jazzy/opt/gz_cmake_vendor:/opt/ros/jazzy DEBUGINFOD_URLS=https://debuginfod.ubuntu.com /usr/bin/cmake --build /home/yalcinolgac/ros2_ws/build/day2_2 -- -j32 -l32
[7.877s] Level 1:colcon.colcon_core.environment:create_environment_scripts_only(day2_2)
[7.877s] Level 1:colcon.colcon_core.environment:checking '/home/yalcinolgac/ros2_ws/install/day2_2' for CMake module files
[7.878s] Level 1:colcon.colcon_core.environment:checking '/home/yalcinolgac/ros2_ws/install/day2_2' for CMake config files
[7.879s] Level 1:colcon.colcon_core.shell:create_environment_hook('day2_2', 'cmake_prefix_path')
[7.879s] INFO:colcon.colcon_core.shell:Creating environment hook '/home/yalcinolgac/ros2_ws/install/day2_2/share/day2_2/hook/cmake_prefix_path.ps1'
[7.879s] INFO:colcon.colcon_core.shell:Creating environment descriptor '/home/yalcinolgac/ros2_ws/install/day2_2/share/day2_2/hook/cmake_prefix_path.dsv'
[7.879s] INFO:colcon.colcon_core.shell:Creating environment hook '/home/yalcinolgac/ros2_ws/install/day2_2/share/day2_2/hook/cmake_prefix_path.sh'
[7.880s] Level 1:colcon.colcon_core.environment:checking '/home/yalcinolgac/ros2_ws/install/day2_2/lib'
[7.880s] Level 1:colcon.colcon_core.environment:checking '/home/yalcinolgac/ros2_ws/install/day2_2/bin'
[7.880s] Level 1:colcon.colcon_core.environment:checking '/home/yalcinolgac/ros2_ws/install/day2_2/lib/pkgconfig/day2_2.pc'
[7.880s] Level 1:colcon.colcon_core.environment:checking '/home/yalcinolgac/ros2_ws/install/day2_2/lib/python3.12/site-packages'
[7.880s] Level 1:colcon.colcon_core.environment:checking '/home/yalcinolgac/ros2_ws/install/day2_2/bin'
[7.880s] INFO:colcon.colcon_core.shell:Creating package script '/home/yalcinolgac/ros2_ws/install/day2_2/share/day2_2/package.ps1'
[7.880s] INFO:colcon.colcon_core.shell:Creating package descriptor '/home/yalcinolgac/ros2_ws/install/day2_2/share/day2_2/package.dsv'
[7.880s] INFO:colcon.colcon_core.shell:Creating package script '/home/yalcinolgac/ros2_ws/install/day2_2/share/day2_2/package.sh'
[7.881s] INFO:colcon.colcon_core.shell:Creating package script '/home/yalcinolgac/ros2_ws/install/day2_2/share/day2_2/package.bash'
[7.881s] INFO:colcon.colcon_core.shell:Creating package script '/home/yalcinolgac/ros2_ws/install/day2_2/share/day2_2/package.zsh'
[7.881s] Level 1:colcon.colcon_core.environment:create_file_with_runtime_dependencies(/home/yalcinolgac/ros2_ws/install/day2_2/share/colcon-core/packages/day2_2)
[7.881s] DEBUG:colcon.colcon_parallel_executor.executor.parallel:closing loop
[7.882s] DEBUG:colcon.colcon_parallel_executor.executor.parallel:loop closed
[7.882s] DEBUG:colcon.colcon_parallel_executor.executor.parallel:run_until_complete finished with '2'
[7.882s] DEBUG:colcon.colcon_core.event_reactor:joining thread
[7.890s] INFO:colcon.colcon_core.plugin_system:Skipping extension 'colcon_notification.desktop_notification.notify_send': Could not find 'notify-send'
[7.890s] INFO:colcon.colcon_core.plugin_system:Skipping extension 'colcon_notification.desktop_notification.terminal_notifier': Not used on non-Darwin systems
[7.890s] INFO:colcon.colcon_core.plugin_system:Skipping extension 'colcon_notification.desktop_notification.win32': Not used on non-Windows systems
[7.890s] INFO:colcon.colcon_notification.desktop_notification:Sending desktop notification using 'notify2'
[7.892s] DEBUG:colcon.colcon_notification.desktop_notification.notify2:Failed to initialize notify2: org.freedesktop.DBus.Error.ServiceUnknown: The name org.freedesktop.Notifications was not provided by any .service files
[7.892s] DEBUG:colcon.colcon_core.event_reactor:joined thread
[7.892s] INFO:colcon.colcon_core.shell:Creating prefix script '/home/yalcinolgac/ros2_ws/install/local_setup.ps1'
[7.893s] INFO:colcon.colcon_core.shell:Creating prefix util module '/home/yalcinolgac/ros2_ws/install/_local_setup_util_ps1.py'
[7.893s] INFO:colcon.colcon_core.shell:Creating prefix chain script '/home/yalcinolgac/ros2_ws/install/setup.ps1'
[7.894s] INFO:colcon.colcon_core.shell:Creating prefix script '/home/yalcinolgac/ros2_ws/install/local_setup.sh'
[7.894s] INFO:colcon.colcon_core.shell:Creating prefix util module '/home/yalcinolgac/ros2_ws/install/_local_setup_util_sh.py'
[7.895s] INFO:colcon.colcon_core.shell:Creating prefix chain script '/home/yalcinolgac/ros2_ws/install/setup.sh'
[7.895s] INFO:colcon.colcon_core.shell:Creating prefix script '/home/yalcinolgac/ros2_ws/install/local_setup.bash'
[7.896s] INFO:colcon.colcon_core.shell:Creating prefix chain script '/home/yalcinolgac/ros2_ws/install/setup.bash'
[7.896s] INFO:colcon.colcon_core.shell:Creating prefix script '/home/yalcinolgac/ros2_ws/install/local_setup.zsh'
[7.897s] INFO:colcon.colcon_core.shell:Creating prefix chain script '/home/yalcinolgac/ros2_ws/install/setup.zsh'
