[0.006s] Invoking command in '/home/yalcinolgac/ros2_ws/build/day2': CMAKE_PREFIX_PATH=${CMAKE_PREFIX_PATH}:/opt/ros/jazzy DEBUGINFOD_URLS=https://debuginfod.ubuntu.com /usr/bin/cmake --build /home/yalcinolgac/ros2_ws/build/day2 -- -j32 -l32
[0.024s] -- Found ament_cmake: 2.5.4 (/opt/ros/jazzy/share/ament_cmake/cmake)
[0.040s] -- Found Python3: /usr/bin/python3 (found version "3.12.3") found components: Interpreter 
[0.083s] -- Found builtin_interfaces: 2.0.2 (/opt/ros/jazzy/share/builtin_interfaces/cmake)
[0.099s] -- Found rosidl_generator_c: 4.6.5 (/opt/ros/jazzy/share/rosidl_generator_c/cmake)
[0.103s] -- Found rosidl_generator_cpp: 4.6.5 (/opt/ros/jazzy/share/rosidl_generator_cpp/cmake)
[0.109s] -- Using all available rosidl_typesupport_c: rosidl_typesupport_fastrtps_c;rosidl_typesupport_introspection_c
[0.116s] -- Using all available rosidl_typesupport_cpp: rosidl_typesupport_fastrtps_cpp;rosidl_typesupport_introspection_cpp
[0.122s] -- Found std_msgs: 5.3.6 (/opt/ros/jazzy/share/std_msgs/cmake)
[0.129s] -- Found geometry_msgs: 5.3.6 (/opt/ros/jazzy/share/geometry_msgs/cmake)
[0.136s] -- Found rosidl_default_generators: 1.6.0 (/opt/ros/jazzy/share/rosidl_default_generators/cmake)
[0.140s] -- Found rosidl_adapter: 4.6.5 (/opt/ros/jazzy/share/rosidl_adapter/cmake)
[0.379s] -- Found ament_cmake_ros: 0.12.0 (/opt/ros/jazzy/share/ament_cmake_ros/cmake)
[0.526s] -- Using all available rosidl_typesupport_c: rosidl_typesupport_fastrtps_c;rosidl_typesupport_introspection_c
[0.585s] -- Using all available rosidl_typesupport_cpp: rosidl_typesupport_fastrtps_cpp;rosidl_typesupport_introspection_cpp
[0.585s] -- Found python_cmake_module: 0.11.1 (/opt/ros/jazzy/share/python_cmake_module/cmake)
[0.723s] -- Found Python3: /usr/bin/python3 (found version "3.12.3") found components: Interpreter Development NumPy Development.Module Development.Embed 
[0.742s] -- Found ament_lint_auto: 0.17.2 (/opt/ros/jazzy/share/ament_lint_auto/cmake)
[0.746s] -- Added test 'copyright' to check source files copyright and LICENSE
[0.747s] -- Added test 'lint_cmake' to check CMake code style
[0.748s] -- Added test 'xmllint' to check XML markup files
[0.749s] -- Configuring done (0.7s)
[0.781s] -- Generating done (0.0s)
[0.789s] -- Build files have been written to: /home/yalcinolgac/ros2_ws/build/day2
[0.811s] [  1%] Built target day2__rosidl_generator_type_description
[0.818s] [  1%] Built target ament_cmake_python_copy_day2
[0.823s] [  1%] Built target day2__cpp
[0.832s] [ 27%] Built target day2__rosidl_generator_c
[0.849s] [ 37%] Built target day2__rosidl_typesupport_c
[0.853s] [ 46%] Built target day2__rosidl_typesupport_cpp
[0.853s] [ 56%] Built target day2__rosidl_typesupport_introspection_c
[0.855s] [ 65%] Built target day2__rosidl_typesupport_introspection_cpp
[0.855s] [ 75%] Built target day2__rosidl_typesupport_fastrtps_cpp
[0.856s] [ 85%] Built target day2__rosidl_typesupport_fastrtps_c
[0.869s] [ 85%] Built target day2
[0.881s] [ 86%] Built target day2__py
[0.900s] [ 95%] Built target day2__rosidl_generator_py
[0.914s] [ 96%] Built target day2_s__rosidl_typesupport_fastrtps_c
[0.914s] [ 98%] Built target day2_s__rosidl_typesupport_c
[0.914s] [100%] Built target day2_s__rosidl_typesupport_introspection_c
[0.934s] running egg_info
[0.943s] writing day2.egg-info/PKG-INFO
[0.943s] writing dependency_links to day2.egg-info/dependency_links.txt
[0.944s] writing top-level names to day2.egg-info/top_level.txt
[0.974s] reading manifest file 'day2.egg-info/SOURCES.txt'
[0.975s] writing manifest file 'day2.egg-info/SOURCES.txt'
[0.990s] [100%] Built target ament_cmake_python_build_day2_egg
[0.997s] Invoked command in '/home/yalcinolgac/ros2_ws/build/day2' returned '0': CMAKE_PREFIX_PATH=${CMAKE_PREFIX_PATH}:/opt/ros/jazzy DEBUGINFOD_URLS=https://debuginfod.ubuntu.com /usr/bin/cmake --build /home/yalcinolgac/ros2_ws/build/day2 -- -j32 -l32
[0.998s] Invoking command in '/home/yalcinolgac/ros2_ws/build/day2': CMAKE_PREFIX_PATH=${CMAKE_PREFIX_PATH}:/opt/ros/jazzy DEBUGINFOD_URLS=https://debuginfod.ubuntu.com /usr/bin/cmake --install /home/yalcinolgac/ros2_ws/build/day2
[1.003s] -- Install configuration: ""
[1.003s] -- Up-to-date: /home/yalcinolgac/ros2_ws/install/day2/share/ament_index/resource_index/rosidl_interfaces/day2
[1.003s] -- Up-to-date: /home/yalcinolgac/ros2_ws/install/day2/share/day2/msg/RobotStatus.json
[1.003s] -- Up-to-date: /home/yalcinolgac/ros2_ws/install/day2/share/day2/msg/SensorData.json
[1.004s] -- Up-to-date: /home/yalcinolgac/ros2_ws/install/day2/share/day2/msg/MotorStatus.json
[1.004s] -- Up-to-date: /home/yalcinolgac/ros2_ws/install/day2/share/day2/msg/RobotArray.json
[1.004s] -- Up-to-date: /home/yalcinolgac/ros2_ws/install/day2/share/day2/srv/RobotCommand.json
[1.004s] -- Up-to-date: /home/yalcinolgac/ros2_ws/install/day2/share/day2/srv/GetRobotStatus.json
[1.004s] -- Up-to-date: /home/yalcinolgac/ros2_ws/install/day2/share/day2/srv/CalculatePath.json
[1.004s] -- Up-to-date: /home/yalcinolgac/ros2_ws/install/day2/share/day2/srv/EmergencyStop.json
[1.004s] -- Up-to-date: /home/yalcinolgac/ros2_ws/install/day2/share/day2/action/Navigate.json
[1.004s] -- Up-to-date: /home/yalcinolgac/ros2_ws/install/day2/share/day2/action/PickAndPlace.json
[1.004s] -- Up-to-date: /home/yalcinolgac/ros2_ws/install/day2/share/day2/action/MapArea.json
[1.004s] -- Up-to-date: /home/yalcinolgac/ros2_ws/install/day2/share/day2/action/ChargeBattery.json
[1.004s] -- Up-to-date: /home/yalcinolgac/ros2_ws/install/day2/include/day2/day2
[1.005s] -- Up-to-date: /home/yalcinolgac/ros2_ws/install/day2/include/day2/day2/msg
[1.005s] -- Up-to-date: /home/yalcinolgac/ros2_ws/install/day2/include/day2/day2/msg/detail
[1.005s] -- Up-to-date: /home/yalcinolgac/ros2_ws/install/day2/include/day2/day2/msg/detail/motor_status__functions.h
[1.005s] -- Up-to-date: /home/yalcinolgac/ros2_ws/install/day2/include/day2/day2/msg/detail/robot_array__struct.h
[1.005s] -- Up-to-date: /home/yalcinolgac/ros2_ws/install/day2/include/day2/day2/msg/detail/robot_array__functions.h
[1.005s] -- Up-to-date: /home/yalcinolgac/ros2_ws/install/day2/include/day2/day2/msg/detail/robot_status__functions.h
[1.005s] -- Up-to-date: /home/yalcinolgac/ros2_ws/install/day2/include/day2/day2/msg/detail/sensor_data__functions.h
[1.005s] -- Installing: /home/yalcinolgac/ros2_ws/install/day2/include/day2/day2/msg/detail/robot_array__type_support.c
[1.005s] -- Up-to-date: /home/yalcinolgac/ros2_ws/install/day2/include/day2/day2/msg/detail/motor_status__description.c
[1.005s] -- Up-to-date: /home/yalcinolgac/ros2_ws/install/day2/include/day2/day2/msg/detail/motor_status__struct.h
[1.005s] -- Up-to-date: /home/yalcinolgac/ros2_ws/install/day2/include/day2/day2/msg/detail/sensor_data__functions.c
[1.005s] -- Up-to-date: /home/yalcinolgac/ros2_ws/install/day2/include/day2/day2/msg/detail/robot_status__description.c
[1.005s] -- Installing: /home/yalcinolgac/ros2_ws/install/day2/include/day2/day2/msg/detail/sensor_data__type_support.c
[1.006s] -- Up-to-date: /home/yalcinolgac/ros2_ws/install/day2/include/day2/day2/msg/detail/robot_status__type_support.h
[1.006s] -- Up-to-date: /home/yalcinolgac/ros2_ws/install/day2/include/day2/day2/msg/detail/robot_array__description.c
[1.006s] -- Up-to-date: /home/yalcinolgac/ros2_ws/install/day2/include/day2/day2/msg/detail/robot_status__struct.h
[1.006s] -- Up-to-date: /home/yalcinolgac/ros2_ws/install/day2/include/day2/day2/msg/detail/robot_array__functions.c
[1.006s] -- Up-to-date: /home/yalcinolgac/ros2_ws/install/day2/include/day2/day2/msg/detail/motor_status__type_support.h
[1.006s] -- Installing: /home/yalcinolgac/ros2_ws/install/day2/include/day2/day2/msg/detail/motor_status__type_support.c
[1.006s] -- Up-to-date: /home/yalcinolgac/ros2_ws/install/day2/include/day2/day2/msg/detail/robot_status__functions.c
[1.006s] -- Up-to-date: /home/yalcinolgac/ros2_ws/install/day2/include/day2/day2/msg/detail/sensor_data__type_support.h
[1.006s] -- Up-to-date: /home/yalcinolgac/ros2_ws/install/day2/include/day2/day2/msg/detail/motor_status__functions.c
[1.006s] -- Installing: /home/yalcinolgac/ros2_ws/install/day2/include/day2/day2/msg/detail/robot_status__type_support.c
[1.006s] -- Up-to-date: /home/yalcinolgac/ros2_ws/install/day2/include/day2/day2/msg/detail/sensor_data__description.c
[1.006s] -- Up-to-date: /home/yalcinolgac/ros2_ws/install/day2/include/day2/day2/msg/detail/sensor_data__struct.h
[1.006s] -- Up-to-date: /home/yalcinolgac/ros2_ws/install/day2/include/day2/day2/msg/detail/robot_array__type_support.h
[1.006s] -- Up-to-date: /home/yalcinolgac/ros2_ws/install/day2/include/day2/day2/msg/motor_status.h
[1.007s] -- Up-to-date: /home/yalcinolgac/ros2_ws/install/day2/include/day2/day2/msg/robot_array.h
[1.007s] -- Up-to-date: /home/yalcinolgac/ros2_ws/install/day2/include/day2/day2/msg/sensor_data.h
[1.007s] -- Up-to-date: /home/yalcinolgac/ros2_ws/install/day2/include/day2/day2/msg/robot_status.h
[1.007s] -- Up-to-date: /home/yalcinolgac/ros2_ws/install/day2/include/day2/day2/msg/rosidl_generator_c__visibility_control.h
[1.007s] -- Up-to-date: /home/yalcinolgac/ros2_ws/install/day2/include/day2/day2/action
[1.007s] -- Up-to-date: /home/yalcinolgac/ros2_ws/install/day2/include/day2/day2/action/detail
[1.007s] -- Up-to-date: /home/yalcinolgac/ros2_ws/install/day2/include/day2/day2/action/detail/map_area__description.c
[1.007s] -- Up-to-date: /home/yalcinolgac/ros2_ws/install/day2/include/day2/day2/action/detail/map_area__struct.h
[1.007s] -- Up-to-date: /home/yalcinolgac/ros2_ws/install/day2/include/day2/day2/action/detail/map_area__type_support.h
[1.007s] -- Up-to-date: /home/yalcinolgac/ros2_ws/install/day2/include/day2/day2/action/detail/pick_and_place__description.c
[1.007s] -- Up-to-date: /home/yalcinolgac/ros2_ws/install/day2/include/day2/day2/action/detail/navigate__type_support.h
[1.007s] -- Up-to-date: /home/yalcinolgac/ros2_ws/install/day2/include/day2/day2/action/detail/navigate__struct.h
[1.008s] -- Up-to-date: /home/yalcinolgac/ros2_ws/install/day2/include/day2/day2/action/detail/charge_battery__functions.c
[1.008s] -- Up-to-date: /home/yalcinolgac/ros2_ws/install/day2/include/day2/day2/action/detail/navigate__functions.h
[1.008s] -- Up-to-date: /home/yalcinolgac/ros2_ws/install/day2/include/day2/day2/action/detail/charge_battery__description.c
[1.008s] -- Up-to-date: /home/yalcinolgac/ros2_ws/install/day2/include/day2/day2/action/detail/navigate__functions.c
[1.008s] -- Up-to-date: /home/yalcinolgac/ros2_ws/install/day2/include/day2/day2/action/detail/pick_and_place__type_support.h
[1.008s] -- Installing: /home/yalcinolgac/ros2_ws/install/day2/include/day2/day2/action/detail/map_area__type_support.c
[1.008s] -- Up-to-date: /home/yalcinolgac/ros2_ws/install/day2/include/day2/day2/action/detail/pick_and_place__struct.h
[1.008s] -- Installing: /home/yalcinolgac/ros2_ws/install/day2/include/day2/day2/action/detail/charge_battery__type_support.c
[1.008s] -- Up-to-date: /home/yalcinolgac/ros2_ws/install/day2/include/day2/day2/action/detail/charge_battery__functions.h
[1.008s] -- Installing: /home/yalcinolgac/ros2_ws/install/day2/include/day2/day2/action/detail/navigate__type_support.c
[1.008s] -- Up-to-date: /home/yalcinolgac/ros2_ws/install/day2/include/day2/day2/action/detail/pick_and_place__functions.c
[1.008s] -- Up-to-date: /home/yalcinolgac/ros2_ws/install/day2/include/day2/day2/action/detail/navigate__description.c
[1.008s] -- Up-to-date: /home/yalcinolgac/ros2_ws/install/day2/include/day2/day2/action/detail/pick_and_place__functions.h
[1.008s] -- Up-to-date: /home/yalcinolgac/ros2_ws/install/day2/include/day2/day2/action/detail/map_area__functions.c
[1.009s] -- Installing: /home/yalcinolgac/ros2_ws/install/day2/include/day2/day2/action/detail/pick_and_place__type_support.c
[1.009s] -- Up-to-date: /home/yalcinolgac/ros2_ws/install/day2/include/day2/day2/action/detail/map_area__functions.h
[1.009s] -- Up-to-date: /home/yalcinolgac/ros2_ws/install/day2/include/day2/day2/action/detail/charge_battery__struct.h
[1.009s] -- Up-to-date: /home/yalcinolgac/ros2_ws/install/day2/include/day2/day2/action/detail/charge_battery__type_support.h
[1.009s] -- Up-to-date: /home/yalcinolgac/ros2_ws/install/day2/include/day2/day2/action/pick_and_place.h
[1.009s] -- Up-to-date: /home/yalcinolgac/ros2_ws/install/day2/include/day2/day2/action/charge_battery.h
[1.009s] -- Up-to-date: /home/yalcinolgac/ros2_ws/install/day2/include/day2/day2/action/map_area.h
[1.009s] -- Up-to-date: /home/yalcinolgac/ros2_ws/install/day2/include/day2/day2/action/navigate.h
[1.009s] -- Up-to-date: /home/yalcinolgac/ros2_ws/install/day2/include/day2/day2/srv
[1.009s] -- Up-to-date: /home/yalcinolgac/ros2_ws/install/day2/include/day2/day2/srv/detail
[1.009s] -- Installing: /home/yalcinolgac/ros2_ws/install/day2/include/day2/day2/srv/detail/robot_command__type_support.c
[1.009s] -- Up-to-date: /home/yalcinolgac/ros2_ws/install/day2/include/day2/day2/srv/detail/calculate_path__struct.h
[1.009s] -- Installing: /home/yalcinolgac/ros2_ws/install/day2/include/day2/day2/srv/detail/calculate_path__type_support.c
[1.010s] -- Up-to-date: /home/yalcinolgac/ros2_ws/install/day2/include/day2/day2/srv/detail/robot_command__type_support.h
[1.010s] -- Up-to-date: /home/yalcinolgac/ros2_ws/install/day2/include/day2/day2/srv/detail/get_robot_status__description.c
[1.010s] -- Up-to-date: /home/yalcinolgac/ros2_ws/install/day2/include/day2/day2/srv/detail/get_robot_status__type_support.h
[1.010s] -- Up-to-date: /home/yalcinolgac/ros2_ws/install/day2/include/day2/day2/srv/detail/calculate_path__description.c
[1.010s] -- Up-to-date: /home/yalcinolgac/ros2_ws/install/day2/include/day2/day2/srv/detail/robot_command__description.c
[1.010s] -- Up-to-date: /home/yalcinolgac/ros2_ws/install/day2/include/day2/day2/srv/detail/emergency_stop__struct.h
[1.010s] -- Up-to-date: /home/yalcinolgac/ros2_ws/install/day2/include/day2/day2/srv/detail/robot_command__struct.h
[1.010s] -- Up-to-date: /home/yalcinolgac/ros2_ws/install/day2/include/day2/day2/srv/detail/get_robot_status__functions.h
[1.010s] -- Installing: /home/yalcinolgac/ros2_ws/install/day2/include/day2/day2/srv/detail/emergency_stop__type_support.c
[1.011s] -- Up-to-date: /home/yalcinolgac/ros2_ws/install/day2/include/day2/day2/srv/detail/robot_command__functions.h
[1.011s] -- Up-to-date: /home/yalcinolgac/ros2_ws/install/day2/include/day2/day2/srv/detail/calculate_path__functions.h
[1.011s] -- Installing: /home/yalcinolgac/ros2_ws/install/day2/include/day2/day2/srv/detail/get_robot_status__type_support.c
[1.011s] -- Up-to-date: /home/yalcinolgac/ros2_ws/install/day2/include/day2/day2/srv/detail/emergency_stop__description.c
[1.011s] -- Up-to-date: /home/yalcinolgac/ros2_ws/install/day2/include/day2/day2/srv/detail/calculate_path__type_support.h
[1.011s] -- Up-to-date: /home/yalcinolgac/ros2_ws/install/day2/include/day2/day2/srv/detail/robot_command__functions.c
[1.011s] -- Up-to-date: /home/yalcinolgac/ros2_ws/install/day2/include/day2/day2/srv/detail/get_robot_status__functions.c
[1.011s] -- Up-to-date: /home/yalcinolgac/ros2_ws/install/day2/include/day2/day2/srv/detail/emergency_stop__type_support.h
[1.011s] -- Up-to-date: /home/yalcinolgac/ros2_ws/install/day2/include/day2/day2/srv/detail/calculate_path__functions.c
[1.011s] -- Up-to-date: /home/yalcinolgac/ros2_ws/install/day2/include/day2/day2/srv/detail/emergency_stop__functions.h
[1.011s] -- Up-to-date: /home/yalcinolgac/ros2_ws/install/day2/include/day2/day2/srv/detail/get_robot_status__struct.h
[1.011s] -- Up-to-date: /home/yalcinolgac/ros2_ws/install/day2/include/day2/day2/srv/detail/emergency_stop__functions.c
[1.011s] -- Up-to-date: /home/yalcinolgac/ros2_ws/install/day2/include/day2/day2/srv/get_robot_status.h
[1.011s] -- Up-to-date: /home/yalcinolgac/ros2_ws/install/day2/include/day2/day2/srv/robot_command.h
[1.011s] -- Up-to-date: /home/yalcinolgac/ros2_ws/install/day2/include/day2/day2/srv/calculate_path.h
[1.011s] -- Up-to-date: /home/yalcinolgac/ros2_ws/install/day2/include/day2/day2/srv/emergency_stop.h
[1.011s] -- Up-to-date: /home/yalcinolgac/ros2_ws/install/day2/share/day2/environment/library_path.sh
[1.011s] -- Up-to-date: /home/yalcinolgac/ros2_ws/install/day2/share/day2/environment/library_path.dsv
[1.011s] -- Up-to-date: /home/yalcinolgac/ros2_ws/install/day2/lib/libday2__rosidl_generator_c.so
[1.011s] -- Up-to-date: /home/yalcinolgac/ros2_ws/install/day2/include/day2/day2
[1.011s] -- Up-to-date: /home/yalcinolgac/ros2_ws/install/day2/include/day2/day2/msg
[1.011s] -- Up-to-date: /home/yalcinolgac/ros2_ws/install/day2/include/day2/day2/msg/detail
[1.012s] -- Up-to-date: /home/yalcinolgac/ros2_ws/install/day2/include/day2/day2/msg/detail/sensor_data__rosidl_typesupport_fastrtps_c.h
[1.012s] -- Up-to-date: /home/yalcinolgac/ros2_ws/install/day2/include/day2/day2/msg/detail/robot_array__rosidl_typesupport_fastrtps_c.h
[1.012s] -- Up-to-date: /home/yalcinolgac/ros2_ws/install/day2/include/day2/day2/msg/detail/motor_status__rosidl_typesupport_fastrtps_c.h
[1.012s] -- Up-to-date: /home/yalcinolgac/ros2_ws/install/day2/include/day2/day2/msg/detail/robot_status__rosidl_typesupport_fastrtps_c.h
[1.012s] -- Up-to-date: /home/yalcinolgac/ros2_ws/install/day2/include/day2/day2/msg/rosidl_typesupport_fastrtps_c__visibility_control.h
[1.012s] -- Up-to-date: /home/yalcinolgac/ros2_ws/install/day2/include/day2/day2/action
[1.012s] -- Up-to-date: /home/yalcinolgac/ros2_ws/install/day2/include/day2/day2/action/detail
[1.012s] -- Up-to-date: /home/yalcinolgac/ros2_ws/install/day2/include/day2/day2/action/detail/pick_and_place__rosidl_typesupport_fastrtps_c.h
[1.012s] -- Up-to-date: /home/yalcinolgac/ros2_ws/install/day2/include/day2/day2/action/detail/charge_battery__rosidl_typesupport_fastrtps_c.h
[1.012s] -- Up-to-date: /home/yalcinolgac/ros2_ws/install/day2/include/day2/day2/action/detail/navigate__rosidl_typesupport_fastrtps_c.h
[1.012s] -- Up-to-date: /home/yalcinolgac/ros2_ws/install/day2/include/day2/day2/action/detail/map_area__rosidl_typesupport_fastrtps_c.h
[1.012s] -- Up-to-date: /home/yalcinolgac/ros2_ws/install/day2/include/day2/day2/srv
[1.012s] -- Up-to-date: /home/yalcinolgac/ros2_ws/install/day2/include/day2/day2/srv/detail
[1.012s] -- Up-to-date: /home/yalcinolgac/ros2_ws/install/day2/include/day2/day2/srv/detail/robot_command__rosidl_typesupport_fastrtps_c.h
[1.012s] -- Up-to-date: /home/yalcinolgac/ros2_ws/install/day2/include/day2/day2/srv/detail/emergency_stop__rosidl_typesupport_fastrtps_c.h
[1.012s] -- Up-to-date: /home/yalcinolgac/ros2_ws/install/day2/include/day2/day2/srv/detail/get_robot_status__rosidl_typesupport_fastrtps_c.h
[1.013s] -- Up-to-date: /home/yalcinolgac/ros2_ws/install/day2/include/day2/day2/srv/detail/calculate_path__rosidl_typesupport_fastrtps_c.h
[1.013s] -- Up-to-date: /home/yalcinolgac/ros2_ws/install/day2/lib/libday2__rosidl_typesupport_fastrtps_c.so
[1.013s] -- Up-to-date: /home/yalcinolgac/ros2_ws/install/day2/include/day2/day2
[1.013s] -- Up-to-date: /home/yalcinolgac/ros2_ws/install/day2/include/day2/day2/msg
[1.013s] -- Up-to-date: /home/yalcinolgac/ros2_ws/install/day2/include/day2/day2/msg/sensor_data.hpp
[1.013s] -- Up-to-date: /home/yalcinolgac/ros2_ws/install/day2/include/day2/day2/msg/robot_array.hpp
[1.013s] -- Up-to-date: /home/yalcinolgac/ros2_ws/install/day2/include/day2/day2/msg/detail
[1.013s] -- Up-to-date: /home/yalcinolgac/ros2_ws/install/day2/include/day2/day2/msg/detail/robot_status__builder.hpp
[1.013s] -- Up-to-date: /home/yalcinolgac/ros2_ws/install/day2/include/day2/day2/msg/detail/motor_status__traits.hpp
[1.013s] -- Up-to-date: /home/yalcinolgac/ros2_ws/install/day2/include/day2/day2/msg/detail/robot_array__traits.hpp
[1.013s] -- Up-to-date: /home/yalcinolgac/ros2_ws/install/day2/include/day2/day2/msg/detail/robot_array__builder.hpp
[1.013s] -- Up-to-date: /home/yalcinolgac/ros2_ws/install/day2/include/day2/day2/msg/detail/sensor_data__builder.hpp
[1.013s] -- Up-to-date: /home/yalcinolgac/ros2_ws/install/day2/include/day2/day2/msg/detail/robot_array__struct.hpp
[1.013s] -- Up-to-date: /home/yalcinolgac/ros2_ws/install/day2/include/day2/day2/msg/detail/sensor_data__struct.hpp
[1.014s] -- Up-to-date: /home/yalcinolgac/ros2_ws/install/day2/include/day2/day2/msg/detail/motor_status__builder.hpp
[1.014s] -- Up-to-date: /home/yalcinolgac/ros2_ws/install/day2/include/day2/day2/msg/detail/sensor_data__type_support.hpp
[1.014s] -- Up-to-date: /home/yalcinolgac/ros2_ws/install/day2/include/day2/day2/msg/detail/motor_status__type_support.hpp
[1.014s] -- Up-to-date: /home/yalcinolgac/ros2_ws/install/day2/include/day2/day2/msg/detail/robot_array__type_support.hpp
[1.014s] -- Up-to-date: /home/yalcinolgac/ros2_ws/install/day2/include/day2/day2/msg/detail/sensor_data__traits.hpp
[1.014s] -- Up-to-date: /home/yalcinolgac/ros2_ws/install/day2/include/day2/day2/msg/detail/robot_status__traits.hpp
[1.014s] -- Up-to-date: /home/yalcinolgac/ros2_ws/install/day2/include/day2/day2/msg/detail/motor_status__struct.hpp
[1.014s] -- Up-to-date: /home/yalcinolgac/ros2_ws/install/day2/include/day2/day2/msg/detail/robot_status__struct.hpp
[1.014s] -- Up-to-date: /home/yalcinolgac/ros2_ws/install/day2/include/day2/day2/msg/detail/robot_status__type_support.hpp
[1.014s] -- Up-to-date: /home/yalcinolgac/ros2_ws/install/day2/include/day2/day2/msg/motor_status.hpp
[1.014s] -- Up-to-date: /home/yalcinolgac/ros2_ws/install/day2/include/day2/day2/msg/rosidl_generator_cpp__visibility_control.hpp
[1.014s] -- Up-to-date: /home/yalcinolgac/ros2_ws/install/day2/include/day2/day2/msg/robot_status.hpp
[1.014s] -- Up-to-date: /home/yalcinolgac/ros2_ws/install/day2/include/day2/day2/action
[1.014s] -- Up-to-date: /home/yalcinolgac/ros2_ws/install/day2/include/day2/day2/action/charge_battery.hpp
[1.014s] -- Up-to-date: /home/yalcinolgac/ros2_ws/install/day2/include/day2/day2/action/detail
[1.014s] -- Up-to-date: /home/yalcinolgac/ros2_ws/install/day2/include/day2/day2/action/detail/pick_and_place__type_support.hpp
[1.014s] -- Up-to-date: /home/yalcinolgac/ros2_ws/install/day2/include/day2/day2/action/detail/map_area__type_support.hpp
[1.015s] -- Up-to-date: /home/yalcinolgac/ros2_ws/install/day2/include/day2/day2/action/detail/pick_and_place__traits.hpp
[1.015s] -- Up-to-date: /home/yalcinolgac/ros2_ws/install/day2/include/day2/day2/action/detail/navigate__type_support.hpp
[1.015s] -- Up-to-date: /home/yalcinolgac/ros2_ws/install/day2/include/day2/day2/action/detail/charge_battery__builder.hpp
[1.015s] -- Up-to-date: /home/yalcinolgac/ros2_ws/install/day2/include/day2/day2/action/detail/navigate__builder.hpp
[1.015s] -- Up-to-date: /home/yalcinolgac/ros2_ws/install/day2/include/day2/day2/action/detail/navigate__struct.hpp
[1.015s] -- Up-to-date: /home/yalcinolgac/ros2_ws/install/day2/include/day2/day2/action/detail/map_area__traits.hpp
[1.015s] -- Up-to-date: /home/yalcinolgac/ros2_ws/install/day2/include/day2/day2/action/detail/charge_battery__struct.hpp
[1.015s] -- Up-to-date: /home/yalcinolgac/ros2_ws/install/day2/include/day2/day2/action/detail/pick_and_place__builder.hpp
[1.015s] -- Up-to-date: /home/yalcinolgac/ros2_ws/install/day2/include/day2/day2/action/detail/pick_and_place__struct.hpp
[1.015s] -- Up-to-date: /home/yalcinolgac/ros2_ws/install/day2/include/day2/day2/action/detail/navigate__traits.hpp
[1.015s] -- Up-to-date: /home/yalcinolgac/ros2_ws/install/day2/include/day2/day2/action/detail/charge_battery__traits.hpp
[1.015s] -- Up-to-date: /home/yalcinolgac/ros2_ws/install/day2/include/day2/day2/action/detail/charge_battery__type_support.hpp
[1.015s] -- Up-to-date: /home/yalcinolgac/ros2_ws/install/day2/include/day2/day2/action/detail/map_area__struct.hpp
[1.015s] -- Up-to-date: /home/yalcinolgac/ros2_ws/install/day2/include/day2/day2/action/detail/map_area__builder.hpp
[1.015s] -- Up-to-date: /home/yalcinolgac/ros2_ws/install/day2/include/day2/day2/action/map_area.hpp
[1.015s] -- Up-to-date: /home/yalcinolgac/ros2_ws/install/day2/include/day2/day2/action/navigate.hpp
[1.015s] -- Up-to-date: /home/yalcinolgac/ros2_ws/install/day2/include/day2/day2/action/pick_and_place.hpp
[1.015s] -- Up-to-date: /home/yalcinolgac/ros2_ws/install/day2/include/day2/day2/srv
[1.015s] -- Up-to-date: /home/yalcinolgac/ros2_ws/install/day2/include/day2/day2/srv/get_robot_status.hpp
[1.015s] -- Up-to-date: /home/yalcinolgac/ros2_ws/install/day2/include/day2/day2/srv/detail
[1.015s] -- Up-to-date: /home/yalcinolgac/ros2_ws/install/day2/include/day2/day2/srv/detail/get_robot_status__type_support.hpp
[1.015s] -- Up-to-date: /home/yalcinolgac/ros2_ws/install/day2/include/day2/day2/srv/detail/emergency_stop__builder.hpp
[1.015s] -- Up-to-date: /home/yalcinolgac/ros2_ws/install/day2/include/day2/day2/srv/detail/robot_command__struct.hpp
[1.015s] -- Up-to-date: /home/yalcinolgac/ros2_ws/install/day2/include/day2/day2/srv/detail/emergency_stop__struct.hpp
[1.015s] -- Up-to-date: /home/yalcinolgac/ros2_ws/install/day2/include/day2/day2/srv/detail/get_robot_status__builder.hpp
[1.015s] -- Up-to-date: /home/yalcinolgac/ros2_ws/install/day2/include/day2/day2/srv/detail/robot_command__type_support.hpp
[1.015s] -- Up-to-date: /home/yalcinolgac/ros2_ws/install/day2/include/day2/day2/srv/detail/robot_command__builder.hpp
[1.015s] -- Up-to-date: /home/yalcinolgac/ros2_ws/install/day2/include/day2/day2/srv/detail/get_robot_status__traits.hpp
[1.015s] -- Up-to-date: /home/yalcinolgac/ros2_ws/install/day2/include/day2/day2/srv/detail/calculate_path__builder.hpp
[1.015s] -- Up-to-date: /home/yalcinolgac/ros2_ws/install/day2/include/day2/day2/srv/detail/emergency_stop__type_support.hpp
[1.015s] -- Up-to-date: /home/yalcinolgac/ros2_ws/install/day2/include/day2/day2/srv/detail/emergency_stop__traits.hpp
[1.015s] -- Up-to-date: /home/yalcinolgac/ros2_ws/install/day2/include/day2/day2/srv/detail/calculate_path__struct.hpp
[1.015s] -- Up-to-date: /home/yalcinolgac/ros2_ws/install/day2/include/day2/day2/srv/detail/get_robot_status__struct.hpp
[1.016s] -- Up-to-date: /home/yalcinolgac/ros2_ws/install/day2/include/day2/day2/srv/detail/calculate_path__type_support.hpp
[1.016s] -- Up-to-date: /home/yalcinolgac/ros2_ws/install/day2/include/day2/day2/srv/detail/robot_command__traits.hpp
[1.016s] -- Up-to-date: /home/yalcinolgac/ros2_ws/install/day2/include/day2/day2/srv/detail/calculate_path__traits.hpp
[1.016s] -- Up-to-date: /home/yalcinolgac/ros2_ws/install/day2/include/day2/day2/srv/robot_command.hpp
[1.016s] -- Up-to-date: /home/yalcinolgac/ros2_ws/install/day2/include/day2/day2/srv/calculate_path.hpp
[1.016s] -- Up-to-date: /home/yalcinolgac/ros2_ws/install/day2/include/day2/day2/srv/emergency_stop.hpp
[1.016s] -- Up-to-date: /home/yalcinolgac/ros2_ws/install/day2/include/day2/day2
[1.016s] -- Up-to-date: /home/yalcinolgac/ros2_ws/install/day2/include/day2/day2/msg
[1.016s] -- Up-to-date: /home/yalcinolgac/ros2_ws/install/day2/include/day2/day2/msg/detail
[1.016s] -- Up-to-date: /home/yalcinolgac/ros2_ws/install/day2/include/day2/day2/msg/detail/robot_array__rosidl_typesupport_fastrtps_cpp.hpp
[1.016s] -- Up-to-date: /home/yalcinolgac/ros2_ws/install/day2/include/day2/day2/msg/detail/motor_status__rosidl_typesupport_fastrtps_cpp.hpp
[1.016s] -- Up-to-date: /home/yalcinolgac/ros2_ws/install/day2/include/day2/day2/msg/detail/sensor_data__rosidl_typesupport_fastrtps_cpp.hpp
[1.016s] -- Up-to-date: /home/yalcinolgac/ros2_ws/install/day2/include/day2/day2/msg/detail/dds_fastrtps
[1.016s] -- Up-to-date: /home/yalcinolgac/ros2_ws/install/day2/include/day2/day2/msg/detail/robot_status__rosidl_typesupport_fastrtps_cpp.hpp
[1.016s] -- Up-to-date: /home/yalcinolgac/ros2_ws/install/day2/include/day2/day2/msg/rosidl_typesupport_fastrtps_cpp__visibility_control.h
[1.016s] -- Up-to-date: /home/yalcinolgac/ros2_ws/install/day2/include/day2/day2/action
[1.016s] -- Up-to-date: /home/yalcinolgac/ros2_ws/install/day2/include/day2/day2/action/detail
[1.016s] -- Up-to-date: /home/yalcinolgac/ros2_ws/install/day2/include/day2/day2/action/detail/dds_fastrtps
[1.016s] -- Up-to-date: /home/yalcinolgac/ros2_ws/install/day2/include/day2/day2/action/detail/map_area__rosidl_typesupport_fastrtps_cpp.hpp
[1.016s] -- Up-to-date: /home/yalcinolgac/ros2_ws/install/day2/include/day2/day2/action/detail/charge_battery__rosidl_typesupport_fastrtps_cpp.hpp
[1.016s] -- Up-to-date: /home/yalcinolgac/ros2_ws/install/day2/include/day2/day2/action/detail/navigate__rosidl_typesupport_fastrtps_cpp.hpp
[1.016s] -- Up-to-date: /home/yalcinolgac/ros2_ws/install/day2/include/day2/day2/action/detail/pick_and_place__rosidl_typesupport_fastrtps_cpp.hpp
[1.016s] -- Up-to-date: /home/yalcinolgac/ros2_ws/install/day2/include/day2/day2/srv
[1.016s] -- Up-to-date: /home/yalcinolgac/ros2_ws/install/day2/include/day2/day2/srv/detail
[1.016s] -- Up-to-date: /home/yalcinolgac/ros2_ws/install/day2/include/day2/day2/srv/detail/get_robot_status__rosidl_typesupport_fastrtps_cpp.hpp
[1.016s] -- Up-to-date: /home/yalcinolgac/ros2_ws/install/day2/include/day2/day2/srv/detail/emergency_stop__rosidl_typesupport_fastrtps_cpp.hpp
[1.016s] -- Up-to-date: /home/yalcinolgac/ros2_ws/install/day2/include/day2/day2/srv/detail/dds_fastrtps
[1.016s] -- Up-to-date: /home/yalcinolgac/ros2_ws/install/day2/include/day2/day2/srv/detail/robot_command__rosidl_typesupport_fastrtps_cpp.hpp
[1.016s] -- Up-to-date: /home/yalcinolgac/ros2_ws/install/day2/include/day2/day2/srv/detail/calculate_path__rosidl_typesupport_fastrtps_cpp.hpp
[1.016s] -- Up-to-date: /home/yalcinolgac/ros2_ws/install/day2/lib/libday2__rosidl_typesupport_fastrtps_cpp.so
[1.016s] -- Up-to-date: /home/yalcinolgac/ros2_ws/install/day2/include/day2/day2
[1.016s] -- Up-to-date: /home/yalcinolgac/ros2_ws/install/day2/include/day2/day2/msg
[1.016s] -- Up-to-date: /home/yalcinolgac/ros2_ws/install/day2/include/day2/day2/msg/detail
[1.016s] -- Up-to-date: /home/yalcinolgac/ros2_ws/install/day2/include/day2/day2/msg/detail/robot_status__rosidl_typesupport_introspection_c.h
[1.016s] -- Installing: /home/yalcinolgac/ros2_ws/install/day2/include/day2/day2/msg/detail/robot_array__type_support.c
[1.016s] -- Installing: /home/yalcinolgac/ros2_ws/install/day2/include/day2/day2/msg/detail/sensor_data__type_support.c
[1.016s] -- Up-to-date: /home/yalcinolgac/ros2_ws/install/day2/include/day2/day2/msg/detail/motor_status__rosidl_typesupport_introspection_c.h
[1.016s] -- Up-to-date: /home/yalcinolgac/ros2_ws/install/day2/include/day2/day2/msg/detail/robot_array__rosidl_typesupport_introspection_c.h
[1.017s] -- Installing: /home/yalcinolgac/ros2_ws/install/day2/include/day2/day2/msg/detail/motor_status__type_support.c
[1.017s] -- Up-to-date: /home/yalcinolgac/ros2_ws/install/day2/include/day2/day2/msg/detail/sensor_data__rosidl_typesupport_introspection_c.h
[1.017s] -- Installing: /home/yalcinolgac/ros2_ws/install/day2/include/day2/day2/msg/detail/robot_status__type_support.c
[1.017s] -- Up-to-date: /home/yalcinolgac/ros2_ws/install/day2/include/day2/day2/msg/rosidl_typesupport_introspection_c__visibility_control.h
[1.017s] -- Up-to-date: /home/yalcinolgac/ros2_ws/install/day2/include/day2/day2/action
[1.017s] -- Up-to-date: /home/yalcinolgac/ros2_ws/install/day2/include/day2/day2/action/detail
[1.017s] -- Installing: /home/yalcinolgac/ros2_ws/install/day2/include/day2/day2/action/detail/map_area__type_support.c
[1.017s] -- Up-to-date: /home/yalcinolgac/ros2_ws/install/day2/include/day2/day2/action/detail/navigate__rosidl_typesupport_introspection_c.h
[1.017s] -- Up-to-date: /home/yalcinolgac/ros2_ws/install/day2/include/day2/day2/action/detail/charge_battery__rosidl_typesupport_introspection_c.h
[1.017s] -- Installing: /home/yalcinolgac/ros2_ws/install/day2/include/day2/day2/action/detail/charge_battery__type_support.c
[1.017s] -- Installing: /home/yalcinolgac/ros2_ws/install/day2/include/day2/day2/action/detail/navigate__type_support.c
[1.017s] -- Installing: /home/yalcinolgac/ros2_ws/install/day2/include/day2/day2/action/detail/pick_and_place__type_support.c
[1.017s] -- Up-to-date: /home/yalcinolgac/ros2_ws/install/day2/include/day2/day2/action/detail/map_area__rosidl_typesupport_introspection_c.h
[1.017s] -- Up-to-date: /home/yalcinolgac/ros2_ws/install/day2/include/day2/day2/action/detail/pick_and_place__rosidl_typesupport_introspection_c.h
[1.017s] -- Up-to-date: /home/yalcinolgac/ros2_ws/install/day2/include/day2/day2/srv
[1.017s] -- Up-to-date: /home/yalcinolgac/ros2_ws/install/day2/include/day2/day2/srv/detail
[1.017s] -- Installing: /home/yalcinolgac/ros2_ws/install/day2/include/day2/day2/srv/detail/robot_command__type_support.c
[1.017s] -- Installing: /home/yalcinolgac/ros2_ws/install/day2/include/day2/day2/srv/detail/calculate_path__type_support.c
[1.017s] -- Up-to-date: /home/yalcinolgac/ros2_ws/install/day2/include/day2/day2/srv/detail/get_robot_status__rosidl_typesupport_introspection_c.h
[1.017s] -- Installing: /home/yalcinolgac/ros2_ws/install/day2/include/day2/day2/srv/detail/emergency_stop__type_support.c
[1.017s] -- Up-to-date: /home/yalcinolgac/ros2_ws/install/day2/include/day2/day2/srv/detail/robot_command__rosidl_typesupport_introspection_c.h
[1.017s] -- Installing: /home/yalcinolgac/ros2_ws/install/day2/include/day2/day2/srv/detail/get_robot_status__type_support.c
[1.017s] -- Up-to-date: /home/yalcinolgac/ros2_ws/install/day2/include/day2/day2/srv/detail/calculate_path__rosidl_typesupport_introspection_c.h
[1.017s] -- Up-to-date: /home/yalcinolgac/ros2_ws/install/day2/include/day2/day2/srv/detail/emergency_stop__rosidl_typesupport_introspection_c.h
[1.017s] -- Up-to-date: /home/yalcinolgac/ros2_ws/install/day2/lib/libday2__rosidl_typesupport_introspection_c.so
[1.017s] -- Up-to-date: /home/yalcinolgac/ros2_ws/install/day2/lib/libday2__rosidl_typesupport_c.so
[1.017s] -- Up-to-date: /home/yalcinolgac/ros2_ws/install/day2/include/day2/day2
[1.017s] -- Up-to-date: /home/yalcinolgac/ros2_ws/install/day2/include/day2/day2/msg
[1.017s] -- Up-to-date: /home/yalcinolgac/ros2_ws/install/day2/include/day2/day2/msg/detail
[1.017s] -- Up-to-date: /home/yalcinolgac/ros2_ws/install/day2/include/day2/day2/msg/detail/motor_status__type_support.cpp
[1.017s] -- Up-to-date: /home/yalcinolgac/ros2_ws/install/day2/include/day2/day2/msg/detail/motor_status__rosidl_typesupport_introspection_cpp.hpp
[1.017s] -- Up-to-date: /home/yalcinolgac/ros2_ws/install/day2/include/day2/day2/msg/detail/sensor_data__rosidl_typesupport_introspection_cpp.hpp
[1.018s] -- Up-to-date: /home/yalcinolgac/ros2_ws/install/day2/include/day2/day2/msg/detail/robot_array__type_support.cpp
[1.018s] -- Up-to-date: /home/yalcinolgac/ros2_ws/install/day2/include/day2/day2/msg/detail/robot_status__type_support.cpp
[1.018s] -- Up-to-date: /home/yalcinolgac/ros2_ws/install/day2/include/day2/day2/msg/detail/robot_array__rosidl_typesupport_introspection_cpp.hpp
[1.018s] -- Up-to-date: /home/yalcinolgac/ros2_ws/install/day2/include/day2/day2/msg/detail/sensor_data__type_support.cpp
[1.018s] -- Up-to-date: /home/yalcinolgac/ros2_ws/install/day2/include/day2/day2/msg/detail/robot_status__rosidl_typesupport_introspection_cpp.hpp
[1.018s] -- Up-to-date: /home/yalcinolgac/ros2_ws/install/day2/include/day2/day2/action
[1.018s] -- Up-to-date: /home/yalcinolgac/ros2_ws/install/day2/include/day2/day2/action/detail
[1.018s] -- Up-to-date: /home/yalcinolgac/ros2_ws/install/day2/include/day2/day2/action/detail/navigate__rosidl_typesupport_introspection_cpp.hpp
[1.018s] -- Up-to-date: /home/yalcinolgac/ros2_ws/install/day2/include/day2/day2/action/detail/map_area__type_support.cpp
[1.018s] -- Up-to-date: /home/yalcinolgac/ros2_ws/install/day2/include/day2/day2/action/detail/navigate__type_support.cpp
[1.018s] -- Up-to-date: /home/yalcinolgac/ros2_ws/install/day2/include/day2/day2/action/detail/charge_battery__type_support.cpp
[1.018s] -- Up-to-date: /home/yalcinolgac/ros2_ws/install/day2/include/day2/day2/action/detail/map_area__rosidl_typesupport_introspection_cpp.hpp
[1.018s] -- Up-to-date: /home/yalcinolgac/ros2_ws/install/day2/include/day2/day2/action/detail/charge_battery__rosidl_typesupport_introspection_cpp.hpp
[1.018s] -- Up-to-date: /home/yalcinolgac/ros2_ws/install/day2/include/day2/day2/action/detail/pick_and_place__rosidl_typesupport_introspection_cpp.hpp
[1.018s] -- Up-to-date: /home/yalcinolgac/ros2_ws/install/day2/include/day2/day2/action/detail/pick_and_place__type_support.cpp
[1.018s] -- Up-to-date: /home/yalcinolgac/ros2_ws/install/day2/include/day2/day2/srv
[1.018s] -- Up-to-date: /home/yalcinolgac/ros2_ws/install/day2/include/day2/day2/srv/detail
[1.018s] -- Up-to-date: /home/yalcinolgac/ros2_ws/install/day2/include/day2/day2/srv/detail/robot_command__type_support.cpp
[1.018s] -- Up-to-date: /home/yalcinolgac/ros2_ws/install/day2/include/day2/day2/srv/detail/calculate_path__rosidl_typesupport_introspection_cpp.hpp
[1.018s] -- Up-to-date: /home/yalcinolgac/ros2_ws/install/day2/include/day2/day2/srv/detail/emergency_stop__rosidl_typesupport_introspection_cpp.hpp
[1.018s] -- Up-to-date: /home/yalcinolgac/ros2_ws/install/day2/include/day2/day2/srv/detail/get_robot_status__type_support.cpp
[1.018s] -- Up-to-date: /home/yalcinolgac/ros2_ws/install/day2/include/day2/day2/srv/detail/robot_command__rosidl_typesupport_introspection_cpp.hpp
[1.018s] -- Up-to-date: /home/yalcinolgac/ros2_ws/install/day2/include/day2/day2/srv/detail/get_robot_status__rosidl_typesupport_introspection_cpp.hpp
[1.018s] -- Up-to-date: /home/yalcinolgac/ros2_ws/install/day2/include/day2/day2/srv/detail/emergency_stop__type_support.cpp
[1.018s] -- Up-to-date: /home/yalcinolgac/ros2_ws/install/day2/include/day2/day2/srv/detail/calculate_path__type_support.cpp
[1.018s] -- Up-to-date: /home/yalcinolgac/ros2_ws/install/day2/lib/libday2__rosidl_typesupport_introspection_cpp.so
[1.018s] -- Up-to-date: /home/yalcinolgac/ros2_ws/install/day2/lib/libday2__rosidl_typesupport_cpp.so
[1.018s] -- Up-to-date: /home/yalcinolgac/ros2_ws/install/day2/share/day2/environment/pythonpath.sh
[1.018s] -- Up-to-date: /home/yalcinolgac/ros2_ws/install/day2/share/day2/environment/pythonpath.dsv
[1.018s] -- Up-to-date: /home/yalcinolgac/ros2_ws/install/day2/lib/python3.12/site-packages/day2-1.0.0-py3.12.egg-info
[1.018s] -- Installing: /home/yalcinolgac/ros2_ws/install/day2/lib/python3.12/site-packages/day2-1.0.0-py3.12.egg-info/PKG-INFO
[1.019s] -- Installing: /home/yalcinolgac/ros2_ws/install/day2/lib/python3.12/site-packages/day2-1.0.0-py3.12.egg-info/SOURCES.txt
[1.019s] -- Installing: /home/yalcinolgac/ros2_ws/install/day2/lib/python3.12/site-packages/day2-1.0.0-py3.12.egg-info/dependency_links.txt
[1.019s] -- Installing: /home/yalcinolgac/ros2_ws/install/day2/lib/python3.12/site-packages/day2-1.0.0-py3.12.egg-info/top_level.txt
[1.019s] -- Up-to-date: /home/yalcinolgac/ros2_ws/install/day2/lib/python3.12/site-packages/day2
[1.019s] -- Up-to-date: /home/yalcinolgac/ros2_ws/install/day2/lib/python3.12/site-packages/day2/_day2_s.ep.rosidl_typesupport_fastrtps_c.c
[1.019s] -- Up-to-date: /home/yalcinolgac/ros2_ws/install/day2/lib/python3.12/site-packages/day2/msg
[1.019s] -- Up-to-date: /home/yalcinolgac/ros2_ws/install/day2/lib/python3.12/site-packages/day2/msg/_robot_status_s.c
[1.019s] -- Up-to-date: /home/yalcinolgac/ros2_ws/install/day2/lib/python3.12/site-packages/day2/msg/_sensor_data.py
[1.019s] -- Up-to-date: /home/yalcinolgac/ros2_ws/install/day2/lib/python3.12/site-packages/day2/msg/_robot_array_s.c
[1.019s] -- Up-to-date: /home/yalcinolgac/ros2_ws/install/day2/lib/python3.12/site-packages/day2/msg/_sensor_data_s.c
[1.019s] -- Up-to-date: /home/yalcinolgac/ros2_ws/install/day2/lib/python3.12/site-packages/day2/msg/_motor_status_s.c
[1.019s] -- Up-to-date: /home/yalcinolgac/ros2_ws/install/day2/lib/python3.12/site-packages/day2/msg/__init__.py
[1.019s] -- Up-to-date: /home/yalcinolgac/ros2_ws/install/day2/lib/python3.12/site-packages/day2/msg/_motor_status.py
[1.019s] -- Up-to-date: /home/yalcinolgac/ros2_ws/install/day2/lib/python3.12/site-packages/day2/msg/_robot_status.py
[1.019s] -- Up-to-date: /home/yalcinolgac/ros2_ws/install/day2/lib/python3.12/site-packages/day2/msg/_robot_array.py
[1.019s] -- Up-to-date: /home/yalcinolgac/ros2_ws/install/day2/lib/python3.12/site-packages/day2/day2_s__rosidl_typesupport_fastrtps_c.so
[1.019s] -- Up-to-date: /home/yalcinolgac/ros2_ws/install/day2/lib/python3.12/site-packages/day2/_day2_s.ep.rosidl_typesupport_introspection_c.c
[1.019s] -- Up-to-date: /home/yalcinolgac/ros2_ws/install/day2/lib/python3.12/site-packages/day2/action
[1.019s] -- Up-to-date: /home/yalcinolgac/ros2_ws/install/day2/lib/python3.12/site-packages/day2/action/_charge_battery_s.c
[1.019s] -- Up-to-date: /home/yalcinolgac/ros2_ws/install/day2/lib/python3.12/site-packages/day2/action/_charge_battery.py
[1.019s] -- Up-to-date: /home/yalcinolgac/ros2_ws/install/day2/lib/python3.12/site-packages/day2/action/_pick_and_place.py
[1.019s] -- Up-to-date: /home/yalcinolgac/ros2_ws/install/day2/lib/python3.12/site-packages/day2/action/_navigate.py
[1.019s] -- Up-to-date: /home/yalcinolgac/ros2_ws/install/day2/lib/python3.12/site-packages/day2/action/_navigate_s.c
[1.019s] -- Up-to-date: /home/yalcinolgac/ros2_ws/install/day2/lib/python3.12/site-packages/day2/action/_pick_and_place_s.c
[1.019s] -- Up-to-date: /home/yalcinolgac/ros2_ws/install/day2/lib/python3.12/site-packages/day2/action/_map_area.py
[1.019s] -- Up-to-date: /home/yalcinolgac/ros2_ws/install/day2/lib/python3.12/site-packages/day2/action/__init__.py
[1.019s] -- Up-to-date: /home/yalcinolgac/ros2_ws/install/day2/lib/python3.12/site-packages/day2/action/_map_area_s.c
[1.019s] -- Installing: /home/yalcinolgac/ros2_ws/install/day2/lib/python3.12/site-packages/day2/__init__.py
[1.019s] -- Up-to-date: /home/yalcinolgac/ros2_ws/install/day2/lib/python3.12/site-packages/day2/day2_s__rosidl_typesupport_c.so
[1.019s] -- Up-to-date: /home/yalcinolgac/ros2_ws/install/day2/lib/python3.12/site-packages/day2/srv
[1.019s] -- Up-to-date: /home/yalcinolgac/ros2_ws/install/day2/lib/python3.12/site-packages/day2/srv/_get_robot_status.py
[1.019s] -- Up-to-date: /home/yalcinolgac/ros2_ws/install/day2/lib/python3.12/site-packages/day2/srv/_robot_command_s.c
[1.019s] -- Up-to-date: /home/yalcinolgac/ros2_ws/install/day2/lib/python3.12/site-packages/day2/srv/_calculate_path.py
[1.019s] -- Up-to-date: /home/yalcinolgac/ros2_ws/install/day2/lib/python3.12/site-packages/day2/srv/_emergency_stop_s.c
[1.019s] -- Up-to-date: /home/yalcinolgac/ros2_ws/install/day2/lib/python3.12/site-packages/day2/srv/__init__.py
[1.019s] -- Up-to-date: /home/yalcinolgac/ros2_ws/install/day2/lib/python3.12/site-packages/day2/srv/_emergency_stop.py
[1.019s] -- Up-to-date: /home/yalcinolgac/ros2_ws/install/day2/lib/python3.12/site-packages/day2/srv/_robot_command.py
[1.020s] -- Up-to-date: /home/yalcinolgac/ros2_ws/install/day2/lib/python3.12/site-packages/day2/srv/_get_robot_status_s.c
[1.020s] -- Up-to-date: /home/yalcinolgac/ros2_ws/install/day2/lib/python3.12/site-packages/day2/srv/_calculate_path_s.c
[1.020s] -- Up-to-date: /home/yalcinolgac/ros2_ws/install/day2/lib/python3.12/site-packages/day2/day2_s__rosidl_typesupport_introspection_c.so
[1.020s] -- Up-to-date: /home/yalcinolgac/ros2_ws/install/day2/lib/python3.12/site-packages/day2/_day2_s.ep.rosidl_typesupport_c.c
[1.035s] Listing '/home/yalcinolgac/ros2_ws/install/day2/lib/python3.12/site-packages/day2'...
[1.035s] Compiling '/home/yalcinolgac/ros2_ws/install/day2/lib/python3.12/site-packages/day2/__init__.py'...
[1.035s] Listing '/home/yalcinolgac/ros2_ws/install/day2/lib/python3.12/site-packages/day2/action'...
[1.035s] Listing '/home/yalcinolgac/ros2_ws/install/day2/lib/python3.12/site-packages/day2/msg'...
[1.035s] Listing '/home/yalcinolgac/ros2_ws/install/day2/lib/python3.12/site-packages/day2/srv'...
[1.038s] -- Up-to-date: /home/yalcinolgac/ros2_ws/install/day2/lib/python3.12/site-packages/day2/day2_s__rosidl_typesupport_fastrtps_c.so
[1.038s] -- Up-to-date: /home/yalcinolgac/ros2_ws/install/day2/lib/python3.12/site-packages/day2/day2_s__rosidl_typesupport_introspection_c.so
[1.039s] -- Up-to-date: /home/yalcinolgac/ros2_ws/install/day2/lib/python3.12/site-packages/day2/day2_s__rosidl_typesupport_c.so
[1.039s] -- Up-to-date: /home/yalcinolgac/ros2_ws/install/day2/lib/libday2__rosidl_generator_py.so
[1.039s] -- Up-to-date: /home/yalcinolgac/ros2_ws/install/day2/share/day2/msg/RobotStatus.idl
[1.039s] -- Up-to-date: /home/yalcinolgac/ros2_ws/install/day2/share/day2/msg/SensorData.idl
[1.039s] -- Up-to-date: /home/yalcinolgac/ros2_ws/install/day2/share/day2/msg/MotorStatus.idl
[1.039s] -- Up-to-date: /home/yalcinolgac/ros2_ws/install/day2/share/day2/msg/RobotArray.idl
[1.039s] -- Up-to-date: /home/yalcinolgac/ros2_ws/install/day2/share/day2/srv/RobotCommand.idl
[1.039s] -- Up-to-date: /home/yalcinolgac/ros2_ws/install/day2/share/day2/srv/GetRobotStatus.idl
[1.039s] -- Up-to-date: /home/yalcinolgac/ros2_ws/install/day2/share/day2/srv/CalculatePath.idl
[1.039s] -- Up-to-date: /home/yalcinolgac/ros2_ws/install/day2/share/day2/srv/EmergencyStop.idl
[1.039s] -- Up-to-date: /home/yalcinolgac/ros2_ws/install/day2/share/day2/action/Navigate.idl
[1.040s] -- Up-to-date: /home/yalcinolgac/ros2_ws/install/day2/share/day2/action/PickAndPlace.idl
[1.040s] -- Up-to-date: /home/yalcinolgac/ros2_ws/install/day2/share/day2/action/MapArea.idl
[1.040s] -- Up-to-date: /home/yalcinolgac/ros2_ws/install/day2/share/day2/action/ChargeBattery.idl
[1.040s] -- Up-to-date: /home/yalcinolgac/ros2_ws/install/day2/share/day2/msg/RobotStatus.msg
[1.040s] -- Up-to-date: /home/yalcinolgac/ros2_ws/install/day2/share/day2/msg/SensorData.msg
[1.040s] -- Up-to-date: /home/yalcinolgac/ros2_ws/install/day2/share/day2/msg/MotorStatus.msg
[1.040s] -- Up-to-date: /home/yalcinolgac/ros2_ws/install/day2/share/day2/msg/RobotArray.msg
[1.040s] -- Up-to-date: /home/yalcinolgac/ros2_ws/install/day2/share/day2/srv/RobotCommand.srv
[1.040s] -- Up-to-date: /home/yalcinolgac/ros2_ws/install/day2/share/day2/srv/GetRobotStatus.srv
[1.040s] -- Up-to-date: /home/yalcinolgac/ros2_ws/install/day2/share/day2/srv/CalculatePath.srv
[1.040s] -- Up-to-date: /home/yalcinolgac/ros2_ws/install/day2/share/day2/srv/EmergencyStop.srv
[1.041s] -- Up-to-date: /home/yalcinolgac/ros2_ws/install/day2/share/day2/action/Navigate.action
[1.041s] -- Up-to-date: /home/yalcinolgac/ros2_ws/install/day2/share/day2/action/PickAndPlace.action
[1.041s] -- Up-to-date: /home/yalcinolgac/ros2_ws/install/day2/share/day2/action/MapArea.action
[1.041s] -- Up-to-date: /home/yalcinolgac/ros2_ws/install/day2/share/day2/action/ChargeBattery.action
[1.041s] -- Installing: /home/yalcinolgac/ros2_ws/install/day2/share/ament_index/resource_index/package_run_dependencies/day2
[1.041s] -- Up-to-date: /home/yalcinolgac/ros2_ws/install/day2/share/ament_index/resource_index/parent_prefix_path/day2
[1.041s] -- Up-to-date: /home/yalcinolgac/ros2_ws/install/day2/share/day2/environment/ament_prefix_path.sh
[1.041s] -- Up-to-date: /home/yalcinolgac/ros2_ws/install/day2/share/day2/environment/ament_prefix_path.dsv
[1.041s] -- Up-to-date: /home/yalcinolgac/ros2_ws/install/day2/share/day2/environment/path.sh
[1.041s] -- Up-to-date: /home/yalcinolgac/ros2_ws/install/day2/share/day2/environment/path.dsv
[1.041s] -- Up-to-date: /home/yalcinolgac/ros2_ws/install/day2/share/day2/local_setup.bash
[1.041s] -- Up-to-date: /home/yalcinolgac/ros2_ws/install/day2/share/day2/local_setup.sh
[1.042s] -- Up-to-date: /home/yalcinolgac/ros2_ws/install/day2/share/day2/local_setup.zsh
[1.042s] -- Up-to-date: /home/yalcinolgac/ros2_ws/install/day2/share/day2/local_setup.dsv
[1.042s] -- Installing: /home/yalcinolgac/ros2_ws/install/day2/share/day2/package.dsv
[1.042s] -- Up-to-date: /home/yalcinolgac/ros2_ws/install/day2/share/ament_index/resource_index/packages/day2
[1.042s] -- Up-to-date: /home/yalcinolgac/ros2_ws/install/day2/share/day2/cmake/export_day2__rosidl_generator_cExport.cmake
[1.042s] -- Up-to-date: /home/yalcinolgac/ros2_ws/install/day2/share/day2/cmake/export_day2__rosidl_generator_cExport-noconfig.cmake
[1.042s] -- Up-to-date: /home/yalcinolgac/ros2_ws/install/day2/share/day2/cmake/export_day2__rosidl_typesupport_fastrtps_cExport.cmake
[1.042s] -- Up-to-date: /home/yalcinolgac/ros2_ws/install/day2/share/day2/cmake/export_day2__rosidl_typesupport_fastrtps_cExport-noconfig.cmake
[1.042s] -- Up-to-date: /home/yalcinolgac/ros2_ws/install/day2/share/day2/cmake/export_day2__rosidl_generator_cppExport.cmake
[1.042s] -- Up-to-date: /home/yalcinolgac/ros2_ws/install/day2/share/day2/cmake/export_day2__rosidl_typesupport_fastrtps_cppExport.cmake
[1.042s] -- Up-to-date: /home/yalcinolgac/ros2_ws/install/day2/share/day2/cmake/export_day2__rosidl_typesupport_fastrtps_cppExport-noconfig.cmake
[1.042s] -- Up-to-date: /home/yalcinolgac/ros2_ws/install/day2/share/day2/cmake/day2__rosidl_typesupport_introspection_cExport.cmake
[1.042s] -- Up-to-date: /home/yalcinolgac/ros2_ws/install/day2/share/day2/cmake/day2__rosidl_typesupport_introspection_cExport-noconfig.cmake
[1.042s] -- Up-to-date: /home/yalcinolgac/ros2_ws/install/day2/share/day2/cmake/day2__rosidl_typesupport_cExport.cmake
[1.042s] -- Up-to-date: /home/yalcinolgac/ros2_ws/install/day2/share/day2/cmake/day2__rosidl_typesupport_cExport-noconfig.cmake
[1.042s] -- Up-to-date: /home/yalcinolgac/ros2_ws/install/day2/share/day2/cmake/day2__rosidl_typesupport_introspection_cppExport.cmake
[1.043s] -- Up-to-date: /home/yalcinolgac/ros2_ws/install/day2/share/day2/cmake/day2__rosidl_typesupport_introspection_cppExport-noconfig.cmake
[1.043s] -- Up-to-date: /home/yalcinolgac/ros2_ws/install/day2/share/day2/cmake/day2__rosidl_typesupport_cppExport.cmake
[1.043s] -- Up-to-date: /home/yalcinolgac/ros2_ws/install/day2/share/day2/cmake/day2__rosidl_typesupport_cppExport-noconfig.cmake
[1.043s] -- Up-to-date: /home/yalcinolgac/ros2_ws/install/day2/share/day2/cmake/export_day2__rosidl_generator_pyExport.cmake
[1.043s] -- Up-to-date: /home/yalcinolgac/ros2_ws/install/day2/share/day2/cmake/export_day2__rosidl_generator_pyExport-noconfig.cmake
[1.043s] -- Up-to-date: /home/yalcinolgac/ros2_ws/install/day2/share/day2/cmake/rosidl_cmake-extras.cmake
[1.043s] -- Up-to-date: /home/yalcinolgac/ros2_ws/install/day2/share/day2/cmake/ament_cmake_export_dependencies-extras.cmake
[1.043s] -- Up-to-date: /home/yalcinolgac/ros2_ws/install/day2/share/day2/cmake/ament_cmake_export_include_directories-extras.cmake
[1.043s] -- Up-to-date: /home/yalcinolgac/ros2_ws/install/day2/share/day2/cmake/ament_cmake_export_libraries-extras.cmake
[1.043s] -- Up-to-date: /home/yalcinolgac/ros2_ws/install/day2/share/day2/cmake/ament_cmake_export_targets-extras.cmake
[1.044s] -- Up-to-date: /home/yalcinolgac/ros2_ws/install/day2/share/day2/cmake/rosidl_cmake_export_typesupport_targets-extras.cmake
[1.044s] -- Up-to-date: /home/yalcinolgac/ros2_ws/install/day2/share/day2/cmake/rosidl_cmake_export_typesupport_libraries-extras.cmake
[1.044s] -- Up-to-date: /home/yalcinolgac/ros2_ws/install/day2/share/day2/cmake/day2Config.cmake
[1.044s] -- Up-to-date: /home/yalcinolgac/ros2_ws/install/day2/share/day2/cmake/day2Config-version.cmake
[1.044s] -- Installing: /home/yalcinolgac/ros2_ws/install/day2/share/day2/package.xml
[1.045s] Invoked command in '/home/yalcinolgac/ros2_ws/build/day2' returned '0': CMAKE_PREFIX_PATH=${CMAKE_PREFIX_PATH}:/opt/ros/jazzy DEBUGINFOD_URLS=https://debuginfod.ubuntu.com /usr/bin/cmake --install /home/yalcinolgac/ros2_ws/build/day2
