[100%] Built target subscriber_node
[100%] Built target publisher_node
-- Install configuration: ""
-- Up-to-date: /home/yalcinolgac/ros2_ws/install/day1/lib/day1/publisher_node
-- Up-to-date: /home/yalcinolgac/ros2_ws/install/day1/lib/day1/subscriber_node
-- Up-to-date: /home/yalcinolgac/ros2_ws/install/day1/share/ament_index/resource_index/package_run_dependencies/day1
-- Up-to-date: /home/yalcinolgac/ros2_ws/install/day1/share/ament_index/resource_index/parent_prefix_path/day1
-- Up-to-date: /home/yalcinolgac/ros2_ws/install/day1/share/day1/environment/ament_prefix_path.sh
-- Up-to-date: /home/yalcinolgac/ros2_ws/install/day1/share/day1/environment/ament_prefix_path.dsv
-- Up-to-date: /home/yalcinolgac/ros2_ws/install/day1/share/day1/environment/path.sh
-- Up-to-date: /home/yalcinolgac/ros2_ws/install/day1/share/day1/environment/path.dsv
-- Up-to-date: /home/yalcinolgac/ros2_ws/install/day1/share/day1/local_setup.bash
-- Up-to-date: /home/yalcinolgac/ros2_ws/install/day1/share/day1/local_setup.sh
-- Up-to-date: /home/yalcinolgac/ros2_ws/install/day1/share/day1/local_setup.zsh
-- Up-to-date: /home/yalcinolgac/ros2_ws/install/day1/share/day1/local_setup.dsv
-- Installing: /home/yalcinolgac/ros2_ws/install/day1/share/day1/package.dsv
-- Up-to-date: /home/yalcinolgac/ros2_ws/install/day1/share/ament_index/resource_index/packages/day1
-- Up-to-date: /home/yalcinolgac/ros2_ws/install/day1/share/day1/cmake/day1Config.cmake
-- Up-to-date: /home/yalcinolgac/ros2_ws/install/day1/share/day1/cmake/day1Config-version.cmake
-- Up-to-date: /home/yalcinolgac/ros2_ws/install/day1/share/day1/package.xml
