-- Found ament_cmake: 2.5.4 (/opt/ros/jazzy/share/ament_cmake/cmake)
-- Found rclcpp: 28.1.9 (/opt/ros/jazzy/share/rclcpp/cmake)
-- Found rosidl_generator_c: 4.6.5 (/opt/ros/jazzy/share/rosidl_generator_c/cmake)
-- Found rosidl_generator_cpp: 4.6.5 (/opt/ros/jazzy/share/rosidl_generator_cpp/cmake)
-- Using all available rosidl_typesupport_c: rosidl_typesupport_fastrtps_c;rosidl_typesupport_introspection_c
-- Using all available rosidl_typesupport_cpp: rosidl_typesupport_fastrtps_cpp;rosidl_typesupport_introspection_cpp
-- Found rmw_implementation_cmake: 7.3.2 (/opt/ros/jazzy/share/rmw_implementation_cmake/cmake)
-- Found rmw_fastrtps_cpp: 8.4.2 (/opt/ros/jazzy/share/rmw_fastrtps_cpp/cmake)
-- Using RMW implementation 'rmw_fastrtps_cpp' as default
-- Found std_msgs: 5.3.6 (/opt/ros/jazzy/share/std_msgs/cmake)
-- Found geometry_msgs: 5.3.6 (/opt/ros/jazzy/share/geometry_msgs/cmake)
-- Found day2: 1.0.0 (/home/yalcinolgac/ros2_ws/install/day2/share/day2/cmake)
-- Configuring done (0.5s)
-- Generating done (0.0s)
-- Build files have been written to: /home/yalcinolgac/ros2_ws/build/day2_2
[  5%] [32mBuilding CXX object CMakeFiles/performance_test_node.dir/src/performance_test.cpp.o[0m
[ 11%] [32mBuilding CXX object CMakeFiles/filtering_subscriber_node.dir/src/filtering_subscriber.cpp.o[0m
[ 16%] [32mBuilding CXX object CMakeFiles/robot_command_client_node.dir/src/robot_command_client.cpp.o[0m
[ 22%] [32mBuilding CXX object CMakeFiles/robot_command_server_node.dir/src/robot_command_server.cpp.o[0m
[ 27%] [32mBuilding CXX object CMakeFiles/robot_status_service_node.dir/src/robot_status_service.cpp.o[0m
[ 38%] [32mBuilding CXX object CMakeFiles/robot_subscriber_node.dir/src/robot_subscriber.cpp.o[0m
[ 38%] [32mBuilding CXX object CMakeFiles/message_analyzer_node.dir/src/message_analyzer.cpp.o[0m
[ 44%] [32mBuilding CXX object CMakeFiles/sensor_simulator_node.dir/src/sensor_simulator.cpp.o[0m
[ 50%] [32mBuilding CXX object CMakeFiles/robot_publisher_node.dir/src/robot_publisher.cpp.o[0m
[ 55%] [32m[1mLinking CXX executable robot_command_client_node[0m
[ 55%] Built target robot_command_client_node
[ 61%] [32m[1mLinking CXX executable robot_publisher_node[0m
[ 66%] [32m[1mLinking CXX executable sensor_simulator_node[0m
[ 66%] Built target robot_publisher_node
[ 66%] Built target sensor_simulator_node
[ 72%] [32m[1mLinking CXX executable robot_subscriber_node[0m
[ 77%] [32m[1mLinking CXX executable filtering_subscriber_node[0m
[ 77%] Built target robot_subscriber_node
[ 77%] Built target filtering_subscriber_node
[ 83%] [32m[1mLinking CXX executable message_analyzer_node[0m
[ 83%] Built target message_analyzer_node
