[ 22%] Built target sensor_simulator_node
[ 22%] Built target robot_subscriber_node
[ 33%] Built target robot_command_server_node
[ 44%] Built target robot_status_service_node
[ 55%] Built target filtering_subscriber_node
[ 66%] Built target message_analyzer_node
[ 77%] Built target performance_test_node
[ 88%] Built target robot_command_client_node
[100%] Built target robot_publisher_node
-- Install configuration: ""
-- Up-to-date: /home/yalcinolgac/ros2_ws/install/day2_2/lib/day2_2/robot_publisher_node
-- Up-to-date: /home/yalcinolgac/ros2_ws/install/day2_2/lib/day2_2/robot_subscriber_node
-- Up-to-date: /home/yalcinolgac/ros2_ws/install/day2_2/lib/day2_2/sensor_simulator_node
-- Up-to-date: /home/yalcinolgac/ros2_ws/install/day2_2/lib/day2_2/message_analyzer_node
-- Up-to-date: /home/yalcinolgac/ros2_ws/install/day2_2/lib/day2_2/filtering_subscriber_node
-- Up-to-date: /home/yalcinolgac/ros2_ws/install/day2_2/lib/day2_2/performance_test_node
-- Up-to-date: /home/yalcinolgac/ros2_ws/install/day2_2/lib/day2_2/robot_command_server_node
-- Up-to-date: /home/yalcinolgac/ros2_ws/install/day2_2/lib/day2_2/robot_command_client_node
-- Up-to-date: /home/yalcinolgac/ros2_ws/install/day2_2/lib/day2_2/robot_status_service_node
-- Up-to-date: /home/yalcinolgac/ros2_ws/install/day2_2/share/day2_2/launch
-- Installing: /home/yalcinolgac/ros2_ws/install/day2_2/share/day2_2/launch/day2_3.launch.py
-- Up-to-date: /home/yalcinolgac/ros2_ws/install/day2_2/share/day2_2/launch/day2_2.launch.py
-- Up-to-date: /home/yalcinolgac/ros2_ws/install/day2_2/share/ament_index/resource_index/package_run_dependencies/day2_2
-- Up-to-date: /home/yalcinolgac/ros2_ws/install/day2_2/share/ament_index/resource_index/parent_prefix_path/day2_2
-- Up-to-date: /home/yalcinolgac/ros2_ws/install/day2_2/share/day2_2/environment/ament_prefix_path.sh
-- Up-to-date: /home/yalcinolgac/ros2_ws/install/day2_2/share/day2_2/environment/ament_prefix_path.dsv
-- Up-to-date: /home/yalcinolgac/ros2_ws/install/day2_2/share/day2_2/environment/path.sh
-- Up-to-date: /home/yalcinolgac/ros2_ws/install/day2_2/share/day2_2/environment/path.dsv
-- Up-to-date: /home/yalcinolgac/ros2_ws/install/day2_2/share/day2_2/local_setup.bash
-- Up-to-date: /home/yalcinolgac/ros2_ws/install/day2_2/share/day2_2/local_setup.sh
-- Up-to-date: /home/yalcinolgac/ros2_ws/install/day2_2/share/day2_2/local_setup.zsh
-- Up-to-date: /home/yalcinolgac/ros2_ws/install/day2_2/share/day2_2/local_setup.dsv
-- Installing: /home/yalcinolgac/ros2_ws/install/day2_2/share/day2_2/package.dsv
-- Up-to-date: /home/yalcinolgac/ros2_ws/install/day2_2/share/ament_index/resource_index/packages/day2_2
-- Up-to-date: /home/yalcinolgac/ros2_ws/install/day2_2/share/day2_2/cmake/day2_2Config.cmake
-- Up-to-date: /home/yalcinolgac/ros2_ws/install/day2_2/share/day2_2/cmake/day2_2Config-version.cmake
-- Up-to-date: /home/yalcinolgac/ros2_ws/install/day2_2/share/day2_2/package.xml
