[0.009s] Invoking command in '/home/yalcinolgac/ros2_ws/build/day2_2': CMAKE_PREFIX_PATH=/home/yalcinolgac/ros2_ws/install/day2:/home/yalcinolgac/ros2_ws/install/day2_2:/home/yalcinolgac/ros2_ws/install/day1:/opt/ros/jazzy/opt/gz_sim_vendor:/opt/ros/jazzy/opt/gz_sensors_vendor:/opt/ros/jazzy/opt/gz_physics_vendor:/opt/ros/jazzy/opt/sdformat_vendor:/opt/ros/jazzy/opt/gz_gui_vendor:/opt/ros/jazzy/opt/gz_transport_vendor:/opt/ros/jazzy/opt/gz_rendering_vendor:/opt/ros/jazzy/opt/gz_plugin_vendor:/opt/ros/jazzy/opt/gz_fuel_tools_vendor:/opt/ros/jazzy/opt/gz_msgs_vendor:/opt/ros/jazzy/opt/gz_common_vendor:/opt/ros/jazzy/opt/gz_math_vendor:/opt/ros/jazzy/opt/gz_utils_vendor:/opt/ros/jazzy/opt/gz_tools_vendor:/opt/ros/jazzy/opt/gz_ogre_next_vendor:/opt/ros/jazzy/opt/gz_dartsim_vendor:/opt/ros/jazzy/opt/gz_cmake_vendor:/opt/ros/jazzy DEBUGINFOD_URLS=https://debuginfod.ubuntu.com /usr/bin/cmake --build /home/yalcinolgac/ros2_ws/build/day2_2 -- -j32 -l32
[0.044s] [ 22%] Built target sensor_simulator_node
[0.044s] [ 22%] Built target robot_subscriber_node
[0.045s] [ 33%] Built target robot_command_server_node
[0.045s] [ 44%] Built target robot_status_service_node
[0.045s] [ 55%] Built target filtering_subscriber_node
[0.046s] [ 66%] Built target message_analyzer_node
[0.046s] [ 77%] Built target performance_test_node
[0.046s] [ 88%] Built target robot_command_client_node
[0.049s] [100%] Built target robot_publisher_node
[0.055s] Invoked command in '/home/yalcinolgac/ros2_ws/build/day2_2' returned '0': CMAKE_PREFIX_PATH=/home/yalcinolgac/ros2_ws/install/day2:/home/yalcinolgac/ros2_ws/install/day2_2:/home/yalcinolgac/ros2_ws/install/day1:/opt/ros/jazzy/opt/gz_sim_vendor:/opt/ros/jazzy/opt/gz_sensors_vendor:/opt/ros/jazzy/opt/gz_physics_vendor:/opt/ros/jazzy/opt/sdformat_vendor:/opt/ros/jazzy/opt/gz_gui_vendor:/opt/ros/jazzy/opt/gz_transport_vendor:/opt/ros/jazzy/opt/gz_rendering_vendor:/opt/ros/jazzy/opt/gz_plugin_vendor:/opt/ros/jazzy/opt/gz_fuel_tools_vendor:/opt/ros/jazzy/opt/gz_msgs_vendor:/opt/ros/jazzy/opt/gz_common_vendor:/opt/ros/jazzy/opt/gz_math_vendor:/opt/ros/jazzy/opt/gz_utils_vendor:/opt/ros/jazzy/opt/gz_tools_vendor:/opt/ros/jazzy/opt/gz_ogre_next_vendor:/opt/ros/jazzy/opt/gz_dartsim_vendor:/opt/ros/jazzy/opt/gz_cmake_vendor:/opt/ros/jazzy DEBUGINFOD_URLS=https://debuginfod.ubuntu.com /usr/bin/cmake --build /home/yalcinolgac/ros2_ws/build/day2_2 -- -j32 -l32
[0.060s] Invoking command in '/home/yalcinolgac/ros2_ws/build/day2_2': CMAKE_PREFIX_PATH=/home/yalcinolgac/ros2_ws/install/day2:/home/yalcinolgac/ros2_ws/install/day2_2:/home/yalcinolgac/ros2_ws/install/day1:/opt/ros/jazzy/opt/gz_sim_vendor:/opt/ros/jazzy/opt/gz_sensors_vendor:/opt/ros/jazzy/opt/gz_physics_vendor:/opt/ros/jazzy/opt/sdformat_vendor:/opt/ros/jazzy/opt/gz_gui_vendor:/opt/ros/jazzy/opt/gz_transport_vendor:/opt/ros/jazzy/opt/gz_rendering_vendor:/opt/ros/jazzy/opt/gz_plugin_vendor:/opt/ros/jazzy/opt/gz_fuel_tools_vendor:/opt/ros/jazzy/opt/gz_msgs_vendor:/opt/ros/jazzy/opt/gz_common_vendor:/opt/ros/jazzy/opt/gz_math_vendor:/opt/ros/jazzy/opt/gz_utils_vendor:/opt/ros/jazzy/opt/gz_tools_vendor:/opt/ros/jazzy/opt/gz_ogre_next_vendor:/opt/ros/jazzy/opt/gz_dartsim_vendor:/opt/ros/jazzy/opt/gz_cmake_vendor:/opt/ros/jazzy DEBUGINFOD_URLS=https://debuginfod.ubuntu.com /usr/bin/cmake --install /home/yalcinolgac/ros2_ws/build/day2_2
[0.067s] -- Install configuration: ""
[0.067s] -- Up-to-date: /home/yalcinolgac/ros2_ws/install/day2_2/lib/day2_2/robot_publisher_node
[0.067s] -- Up-to-date: /home/yalcinolgac/ros2_ws/install/day2_2/lib/day2_2/robot_subscriber_node
[0.067s] -- Up-to-date: /home/yalcinolgac/ros2_ws/install/day2_2/lib/day2_2/sensor_simulator_node
[0.067s] -- Up-to-date: /home/yalcinolgac/ros2_ws/install/day2_2/lib/day2_2/message_analyzer_node
[0.067s] -- Up-to-date: /home/yalcinolgac/ros2_ws/install/day2_2/lib/day2_2/filtering_subscriber_node
[0.067s] -- Up-to-date: /home/yalcinolgac/ros2_ws/install/day2_2/lib/day2_2/performance_test_node
[0.067s] -- Up-to-date: /home/yalcinolgac/ros2_ws/install/day2_2/lib/day2_2/robot_command_server_node
[0.068s] -- Up-to-date: /home/yalcinolgac/ros2_ws/install/day2_2/lib/day2_2/robot_command_client_node
[0.068s] -- Up-to-date: /home/yalcinolgac/ros2_ws/install/day2_2/lib/day2_2/robot_status_service_node
[0.068s] -- Up-to-date: /home/yalcinolgac/ros2_ws/install/day2_2/share/day2_2/launch
[0.068s] -- Installing: /home/yalcinolgac/ros2_ws/install/day2_2/share/day2_2/launch/day2_3.launch.py
[0.068s] -- Up-to-date: /home/yalcinolgac/ros2_ws/install/day2_2/share/day2_2/launch/day2_2.launch.py
[0.068s] -- Up-to-date: /home/yalcinolgac/ros2_ws/install/day2_2/share/ament_index/resource_index/package_run_dependencies/day2_2
[0.068s] -- Up-to-date: /home/yalcinolgac/ros2_ws/install/day2_2/share/ament_index/resource_index/parent_prefix_path/day2_2
[0.068s] -- Up-to-date: /home/yalcinolgac/ros2_ws/install/day2_2/share/day2_2/environment/ament_prefix_path.sh
[0.068s] -- Up-to-date: /home/yalcinolgac/ros2_ws/install/day2_2/share/day2_2/environment/ament_prefix_path.dsv
[0.068s] -- Up-to-date: /home/yalcinolgac/ros2_ws/install/day2_2/share/day2_2/environment/path.sh
[0.068s] -- Up-to-date: /home/yalcinolgac/ros2_ws/install/day2_2/share/day2_2/environment/path.dsv
[0.068s] -- Up-to-date: /home/yalcinolgac/ros2_ws/install/day2_2/share/day2_2/local_setup.bash
[0.068s] -- Up-to-date: /home/yalcinolgac/ros2_ws/install/day2_2/share/day2_2/local_setup.sh
[0.069s] -- Up-to-date: /home/yalcinolgac/ros2_ws/install/day2_2/share/day2_2/local_setup.zsh
[0.069s] -- Up-to-date: /home/yalcinolgac/ros2_ws/install/day2_2/share/day2_2/local_setup.dsv
[0.069s] -- Installing: /home/yalcinolgac/ros2_ws/install/day2_2/share/day2_2/package.dsv
[0.069s] -- Up-to-date: /home/yalcinolgac/ros2_ws/install/day2_2/share/ament_index/resource_index/packages/day2_2
[0.069s] -- Up-to-date: /home/yalcinolgac/ros2_ws/install/day2_2/share/day2_2/cmake/day2_2Config.cmake
[0.069s] -- Up-to-date: /home/yalcinolgac/ros2_ws/install/day2_2/share/day2_2/cmake/day2_2Config-version.cmake
[0.069s] -- Up-to-date: /home/yalcinolgac/ros2_ws/install/day2_2/share/day2_2/package.xml
[0.070s] Invoked command in '/home/yalcinolgac/ros2_ws/build/day2_2' returned '0': CMAKE_PREFIX_PATH=/home/yalcinolgac/ros2_ws/install/day2:/home/yalcinolgac/ros2_ws/install/day2_2:/home/yalcinolgac/ros2_ws/install/day1:/opt/ros/jazzy/opt/gz_sim_vendor:/opt/ros/jazzy/opt/gz_sensors_vendor:/opt/ros/jazzy/opt/gz_physics_vendor:/opt/ros/jazzy/opt/sdformat_vendor:/opt/ros/jazzy/opt/gz_gui_vendor:/opt/ros/jazzy/opt/gz_transport_vendor:/opt/ros/jazzy/opt/gz_rendering_vendor:/opt/ros/jazzy/opt/gz_plugin_vendor:/opt/ros/jazzy/opt/gz_fuel_tools_vendor:/opt/ros/jazzy/opt/gz_msgs_vendor:/opt/ros/jazzy/opt/gz_common_vendor:/opt/ros/jazzy/opt/gz_math_vendor:/opt/ros/jazzy/opt/gz_utils_vendor:/opt/ros/jazzy/opt/gz_tools_vendor:/opt/ros/jazzy/opt/gz_ogre_next_vendor:/opt/ros/jazzy/opt/gz_dartsim_vendor:/opt/ros/jazzy/opt/gz_cmake_vendor:/opt/ros/jazzy DEBUGINFOD_URLS=https://debuginfod.ubuntu.com /usr/bin/cmake --install /home/yalcinolgac/ros2_ws/build/day2_2
