[0.014s] Invoking command in '/home/yalcinolgac/ros2_ws/build/day1': CMAKE_PREFIX_PATH=${CMAKE_PREFIX_PATH}:/opt/ros/jazzy /usr/bin/cmake --build /home/yalcinolgac/ros2_ws/build/day1 -- -j32 -l32
[0.048s] [100%] Built target subscriber_node
[0.048s] [100%] Built target publisher_node
[0.055s] Invoked command in '/home/yalcinolgac/ros2_ws/build/day1' returned '0': CMAKE_PREFIX_PATH=${CMAKE_PREFIX_PATH}:/opt/ros/jazzy /usr/bin/cmake --build /home/yalcinolgac/ros2_ws/build/day1 -- -j32 -l32
[0.060s] Invoking command in '/home/yalcinolgac/ros2_ws/build/day1': CMAKE_PREFIX_PATH=${CMAKE_PREFIX_PATH}:/opt/ros/jazzy /usr/bin/cmake --install /home/yalcinolgac/ros2_ws/build/day1
[0.065s] -- Install configuration: ""
[0.065s] -- Up-to-date: /home/yalcinolgac/ros2_ws/install/day1/lib/day1/publisher_node
[0.065s] -- Up-to-date: /home/yalcinolgac/ros2_ws/install/day1/lib/day1/subscriber_node
[0.065s] -- Up-to-date: /home/yalcinolgac/ros2_ws/install/day1/share/ament_index/resource_index/package_run_dependencies/day1
[0.066s] -- Up-to-date: /home/yalcinolgac/ros2_ws/install/day1/share/ament_index/resource_index/parent_prefix_path/day1
[0.066s] -- Up-to-date: /home/yalcinolgac/ros2_ws/install/day1/share/day1/environment/ament_prefix_path.sh
[0.066s] -- Up-to-date: /home/yalcinolgac/ros2_ws/install/day1/share/day1/environment/ament_prefix_path.dsv
[0.066s] -- Up-to-date: /home/yalcinolgac/ros2_ws/install/day1/share/day1/environment/path.sh
[0.066s] -- Up-to-date: /home/yalcinolgac/ros2_ws/install/day1/share/day1/environment/path.dsv
[0.066s] -- Up-to-date: /home/yalcinolgac/ros2_ws/install/day1/share/day1/local_setup.bash
[0.066s] -- Up-to-date: /home/yalcinolgac/ros2_ws/install/day1/share/day1/local_setup.sh
[0.066s] -- Up-to-date: /home/yalcinolgac/ros2_ws/install/day1/share/day1/local_setup.zsh
[0.066s] -- Up-to-date: /home/yalcinolgac/ros2_ws/install/day1/share/day1/local_setup.dsv
[0.066s] -- Installing: /home/yalcinolgac/ros2_ws/install/day1/share/day1/package.dsv
[0.066s] -- Up-to-date: /home/yalcinolgac/ros2_ws/install/day1/share/ament_index/resource_index/packages/day1
[0.066s] -- Up-to-date: /home/yalcinolgac/ros2_ws/install/day1/share/day1/cmake/day1Config.cmake
[0.066s] -- Up-to-date: /home/yalcinolgac/ros2_ws/install/day1/share/day1/cmake/day1Config-version.cmake
[0.066s] -- Up-to-date: /home/yalcinolgac/ros2_ws/install/day1/share/day1/package.xml
[0.067s] Invoked command in '/home/yalcinolgac/ros2_ws/build/day1' returned '0': CMAKE_PREFIX_PATH=${CMAKE_PREFIX_PATH}:/opt/ros/jazzy /usr/bin/cmake --install /home/yalcinolgac/ros2_ws/build/day1
