[0.057s] DEBUG:colcon:Command line arguments: ['/usr/bin/colcon', 'build']
[0.057s] DEBUG:colcon:Parsed command line arguments: Namespace(log_base=None, log_level=None, verb_name='build', build_base='build', install_base='install', merge_install=False, symlink_install=False, test_result_base=None, continue_on_error=False, executor='parallel', parallel_workers=32, event_handlers=None, ignore_user_meta=False, metas=['./colcon.meta'], base_paths=['.'], packages_ignore=None, packages_ignore_regex=None, paths=None, packages_up_to=None, packages_up_to_regex=None, packages_above=None, packages_above_and_dependencies=None, packages_above_depth=None, packages_select_by_dep=None, packages_skip_by_dep=None, packages_skip_up_to=None, packages_select_build_failed=False, packages_skip_build_finished=False, packages_select_test_failures=False, packages_skip_test_passed=False, packages_select=None, packages_skip=None, packages_select_regex=None, packages_skip_regex=None, packages_start=None, packages_end=None, allow_overriding=[], cmake_args=None, cmake_target=None, cmake_target_skip_unavailable=False, cmake_clean_cache=False, cmake_clean_first=False, cmake_force_configure=False, ament_cmake_args=None, catkin_cmake_args=None, catkin_skip_building_tests=False, mixin_files=None, mixin=None, verb_parser=<colcon_mixin.mixin.mixin_argument.MixinArgumentDecorator object at 0x74fbd889ca10>, verb_extension=<colcon_core.verb.build.BuildVerb object at 0x74fbd887fc50>, main=<bound method BuildVerb.main of <colcon_core.verb.build.BuildVerb object at 0x74fbd887fc50>>, mixin_verb=('build',))
[0.079s] Level 1:colcon.colcon_core.package_discovery:discover_packages(colcon_meta) check parameters
[0.079s] Level 1:colcon.colcon_core.package_discovery:discover_packages(recursive) check parameters
[0.079s] Level 1:colcon.colcon_core.package_discovery:discover_packages(ignore) check parameters
[0.079s] Level 1:colcon.colcon_core.package_discovery:discover_packages(path) check parameters
[0.079s] Level 1:colcon.colcon_core.package_discovery:discover_packages(colcon_meta) discover
[0.079s] Level 1:colcon.colcon_core.package_discovery:discover_packages(recursive) discover
[0.079s] INFO:colcon.colcon_core.package_discovery:Crawling recursively for packages in '/home/yalcinolgac/ros2_ws'
[0.079s] Level 1:colcon.colcon_core.package_identification:_identify(.) by extensions ['ignore', 'ignore_ament_install']
[0.079s] Level 1:colcon.colcon_core.package_identification:_identify(.) by extension 'ignore'
[0.080s] Level 1:colcon.colcon_core.package_identification:_identify(.) by extension 'ignore_ament_install'
[0.080s] Level 1:colcon.colcon_core.package_identification:_identify(.) by extensions ['colcon_pkg']
[0.080s] Level 1:colcon.colcon_core.package_identification:_identify(.) by extension 'colcon_pkg'
[0.080s] Level 1:colcon.colcon_core.package_identification:_identify(.) by extensions ['colcon_meta']
[0.080s] Level 1:colcon.colcon_core.package_identification:_identify(.) by extension 'colcon_meta'
[0.080s] Level 1:colcon.colcon_core.package_identification:_identify(.) by extensions ['ros']
[0.080s] Level 1:colcon.colcon_core.package_identification:_identify(.) by extension 'ros'
[0.096s] Level 1:colcon.colcon_core.package_identification:_identify(.) by extensions ['cmake', 'python']
[0.096s] Level 1:colcon.colcon_core.package_identification:_identify(.) by extension 'cmake'
[0.096s] Level 1:colcon.colcon_core.package_identification:_identify(.) by extension 'python'
[0.096s] Level 1:colcon.colcon_core.package_identification:_identify(.) by extensions ['python_setup_py']
[0.096s] Level 1:colcon.colcon_core.package_identification:_identify(.) by extension 'python_setup_py'
[0.096s] Level 1:colcon.colcon_core.package_identification:_identify(build) by extensions ['ignore', 'ignore_ament_install']
[0.096s] Level 1:colcon.colcon_core.package_identification:_identify(build) by extension 'ignore'
[0.096s] Level 1:colcon.colcon_core.package_identification:_identify(build) ignored
[0.096s] Level 1:colcon.colcon_core.package_identification:_identify(install) by extensions ['ignore', 'ignore_ament_install']
[0.096s] Level 1:colcon.colcon_core.package_identification:_identify(install) by extension 'ignore'
[0.096s] Level 1:colcon.colcon_core.package_identification:_identify(install) ignored
[0.096s] Level 1:colcon.colcon_core.package_identification:_identify(log) by extensions ['ignore', 'ignore_ament_install']
[0.096s] Level 1:colcon.colcon_core.package_identification:_identify(log) by extension 'ignore'
[0.096s] Level 1:colcon.colcon_core.package_identification:_identify(log) ignored
[0.096s] Level 1:colcon.colcon_core.package_identification:_identify(src) by extensions ['ignore', 'ignore_ament_install']
[0.096s] Level 1:colcon.colcon_core.package_identification:_identify(src) by extension 'ignore'
[0.096s] Level 1:colcon.colcon_core.package_identification:_identify(src) by extension 'ignore_ament_install'
[0.096s] Level 1:colcon.colcon_core.package_identification:_identify(src) by extensions ['colcon_pkg']
[0.096s] Level 1:colcon.colcon_core.package_identification:_identify(src) by extension 'colcon_pkg'
[0.096s] Level 1:colcon.colcon_core.package_identification:_identify(src) by extensions ['colcon_meta']
[0.096s] Level 1:colcon.colcon_core.package_identification:_identify(src) by extension 'colcon_meta'
[0.096s] Level 1:colcon.colcon_core.package_identification:_identify(src) by extensions ['ros']
[0.096s] Level 1:colcon.colcon_core.package_identification:_identify(src) by extension 'ros'
[0.096s] Level 1:colcon.colcon_core.package_identification:_identify(src) by extensions ['cmake', 'python']
[0.097s] Level 1:colcon.colcon_core.package_identification:_identify(src) by extension 'cmake'
[0.097s] Level 1:colcon.colcon_core.package_identification:_identify(src) by extension 'python'
[0.097s] Level 1:colcon.colcon_core.package_identification:_identify(src) by extensions ['python_setup_py']
[0.097s] Level 1:colcon.colcon_core.package_identification:_identify(src) by extension 'python_setup_py'
[0.097s] Level 1:colcon.colcon_core.package_identification:_identify(src/day1) by extensions ['ignore', 'ignore_ament_install']
[0.097s] Level 1:colcon.colcon_core.package_identification:_identify(src/day1) by extension 'ignore'
[0.097s] Level 1:colcon.colcon_core.package_identification:_identify(src/day1) by extension 'ignore_ament_install'
[0.097s] Level 1:colcon.colcon_core.package_identification:_identify(src/day1) by extensions ['colcon_pkg']
[0.097s] Level 1:colcon.colcon_core.package_identification:_identify(src/day1) by extension 'colcon_pkg'
[0.097s] Level 1:colcon.colcon_core.package_identification:_identify(src/day1) by extensions ['colcon_meta']
[0.097s] Level 1:colcon.colcon_core.package_identification:_identify(src/day1) by extension 'colcon_meta'
[0.097s] Level 1:colcon.colcon_core.package_identification:_identify(src/day1) by extensions ['ros']
[0.097s] Level 1:colcon.colcon_core.package_identification:_identify(src/day1) by extension 'ros'
[0.098s] DEBUG:colcon.colcon_core.package_identification:Package 'src/day1' with type 'ros.ament_cmake' and name 'day1'
[0.099s] Level 1:colcon.colcon_core.package_identification:_identify(src/day2) by extensions ['ignore', 'ignore_ament_install']
[0.099s] Level 1:colcon.colcon_core.package_identification:_identify(src/day2) by extension 'ignore'
[0.099s] Level 1:colcon.colcon_core.package_identification:_identify(src/day2) by extension 'ignore_ament_install'
[0.099s] Level 1:colcon.colcon_core.package_identification:_identify(src/day2) by extensions ['colcon_pkg']
[0.099s] Level 1:colcon.colcon_core.package_identification:_identify(src/day2) by extension 'colcon_pkg'
[0.099s] Level 1:colcon.colcon_core.package_identification:_identify(src/day2) by extensions ['colcon_meta']
[0.099s] Level 1:colcon.colcon_core.package_identification:_identify(src/day2) by extension 'colcon_meta'
[0.099s] Level 1:colcon.colcon_core.package_identification:_identify(src/day2) by extensions ['ros']
[0.099s] Level 1:colcon.colcon_core.package_identification:_identify(src/day2) by extension 'ros'
[0.099s] DEBUG:colcon.colcon_core.package_identification:Package 'src/day2' with type 'ros.ament_cmake' and name 'day2'
[0.099s] Level 1:colcon.colcon_core.package_identification:_identify(src/day2_2) by extensions ['ignore', 'ignore_ament_install']
[0.099s] Level 1:colcon.colcon_core.package_identification:_identify(src/day2_2) by extension 'ignore'
[0.099s] Level 1:colcon.colcon_core.package_identification:_identify(src/day2_2) by extension 'ignore_ament_install'
[0.099s] Level 1:colcon.colcon_core.package_identification:_identify(src/day2_2) by extensions ['colcon_pkg']
[0.099s] Level 1:colcon.colcon_core.package_identification:_identify(src/day2_2) by extension 'colcon_pkg'
[0.099s] Level 1:colcon.colcon_core.package_identification:_identify(src/day2_2) by extensions ['colcon_meta']
[0.099s] Level 1:colcon.colcon_core.package_identification:_identify(src/day2_2) by extension 'colcon_meta'
[0.099s] Level 1:colcon.colcon_core.package_identification:_identify(src/day2_2) by extensions ['ros']
[0.099s] Level 1:colcon.colcon_core.package_identification:_identify(src/day2_2) by extension 'ros'
[0.100s] DEBUG:colcon.colcon_core.package_identification:Package 'src/day2_2' with type 'ros.ament_cmake' and name 'day2_2'
[0.100s] Level 1:colcon.colcon_core.package_discovery:discover_packages(recursive) using defaults
[0.100s] Level 1:colcon.colcon_core.package_discovery:discover_packages(ignore) discover
[0.100s] Level 1:colcon.colcon_core.package_discovery:discover_packages(ignore) using defaults
[0.100s] Level 1:colcon.colcon_core.package_discovery:discover_packages(path) discover
[0.100s] Level 1:colcon.colcon_core.package_discovery:discover_packages(path) using defaults
[0.110s] Level 1:colcon.colcon_core.package_discovery:discover_packages(prefix_path) check parameters
[0.110s] Level 1:colcon.colcon_core.package_discovery:discover_packages(prefix_path) discover
[0.111s] DEBUG:colcon.colcon_installed_package_information.package_discovery:Found 3 installed packages in /home/yalcinolgac/ros2_ws/install
[0.112s] DEBUG:colcon.colcon_installed_package_information.package_discovery:Found 496 installed packages in /opt/ros/jazzy
[0.113s] Level 1:colcon.colcon_core.package_discovery:discover_packages(prefix_path) using defaults
[0.142s] Level 5:colcon.colcon_core.verb:set package 'day1' build argument 'cmake_args' from command line to 'None'
[0.142s] Level 5:colcon.colcon_core.verb:set package 'day1' build argument 'cmake_target' from command line to 'None'
[0.142s] Level 5:colcon.colcon_core.verb:set package 'day1' build argument 'cmake_target_skip_unavailable' from command line to 'False'
[0.142s] Level 5:colcon.colcon_core.verb:set package 'day1' build argument 'cmake_clean_cache' from command line to 'False'
[0.142s] Level 5:colcon.colcon_core.verb:set package 'day1' build argument 'cmake_clean_first' from command line to 'False'
[0.142s] Level 5:colcon.colcon_core.verb:set package 'day1' build argument 'cmake_force_configure' from command line to 'False'
[0.142s] Level 5:colcon.colcon_core.verb:set package 'day1' build argument 'ament_cmake_args' from command line to 'None'
[0.142s] Level 5:colcon.colcon_core.verb:set package 'day1' build argument 'catkin_cmake_args' from command line to 'None'
[0.142s] Level 5:colcon.colcon_core.verb:set package 'day1' build argument 'catkin_skip_building_tests' from command line to 'False'
[0.142s] DEBUG:colcon.colcon_core.verb:Building package 'day1' with the following arguments: {'ament_cmake_args': None, 'build_base': '/home/yalcinolgac/ros2_ws/build/day1', 'catkin_cmake_args': None, 'catkin_skip_building_tests': False, 'cmake_args': None, 'cmake_clean_cache': False, 'cmake_clean_first': False, 'cmake_force_configure': False, 'cmake_target': None, 'cmake_target_skip_unavailable': False, 'install_base': '/home/yalcinolgac/ros2_ws/install/day1', 'merge_install': False, 'path': '/home/yalcinolgac/ros2_ws/src/day1', 'symlink_install': False, 'test_result_base': None}
[0.142s] Level 5:colcon.colcon_core.verb:set package 'day2' build argument 'cmake_args' from command line to 'None'
[0.142s] Level 5:colcon.colcon_core.verb:set package 'day2' build argument 'cmake_target' from command line to 'None'
[0.142s] Level 5:colcon.colcon_core.verb:set package 'day2' build argument 'cmake_target_skip_unavailable' from command line to 'False'
[0.142s] Level 5:colcon.colcon_core.verb:set package 'day2' build argument 'cmake_clean_cache' from command line to 'False'
[0.142s] Level 5:colcon.colcon_core.verb:set package 'day2' build argument 'cmake_clean_first' from command line to 'False'
[0.142s] Level 5:colcon.colcon_core.verb:set package 'day2' build argument 'cmake_force_configure' from command line to 'False'
[0.142s] Level 5:colcon.colcon_core.verb:set package 'day2' build argument 'ament_cmake_args' from command line to 'None'
[0.142s] Level 5:colcon.colcon_core.verb:set package 'day2' build argument 'catkin_cmake_args' from command line to 'None'
[0.142s] Level 5:colcon.colcon_core.verb:set package 'day2' build argument 'catkin_skip_building_tests' from command line to 'False'
[0.142s] DEBUG:colcon.colcon_core.verb:Building package 'day2' with the following arguments: {'ament_cmake_args': None, 'build_base': '/home/yalcinolgac/ros2_ws/build/day2', 'catkin_cmake_args': None, 'catkin_skip_building_tests': False, 'cmake_args': None, 'cmake_clean_cache': False, 'cmake_clean_first': False, 'cmake_force_configure': False, 'cmake_target': None, 'cmake_target_skip_unavailable': False, 'install_base': '/home/yalcinolgac/ros2_ws/install/day2', 'merge_install': False, 'path': '/home/yalcinolgac/ros2_ws/src/day2', 'symlink_install': False, 'test_result_base': None}
[0.143s] Level 5:colcon.colcon_core.verb:set package 'day2_2' build argument 'cmake_args' from command line to 'None'
[0.143s] Level 5:colcon.colcon_core.verb:set package 'day2_2' build argument 'cmake_target' from command line to 'None'
[0.143s] Level 5:colcon.colcon_core.verb:set package 'day2_2' build argument 'cmake_target_skip_unavailable' from command line to 'False'
[0.143s] Level 5:colcon.colcon_core.verb:set package 'day2_2' build argument 'cmake_clean_cache' from command line to 'False'
[0.143s] Level 5:colcon.colcon_core.verb:set package 'day2_2' build argument 'cmake_clean_first' from command line to 'False'
[0.143s] Level 5:colcon.colcon_core.verb:set package 'day2_2' build argument 'cmake_force_configure' from command line to 'False'
[0.143s] Level 5:colcon.colcon_core.verb:set package 'day2_2' build argument 'ament_cmake_args' from command line to 'None'
[0.143s] Level 5:colcon.colcon_core.verb:set package 'day2_2' build argument 'catkin_cmake_args' from command line to 'None'
[0.143s] Level 5:colcon.colcon_core.verb:set package 'day2_2' build argument 'catkin_skip_building_tests' from command line to 'False'
[0.143s] DEBUG:colcon.colcon_core.verb:Building package 'day2_2' with the following arguments: {'ament_cmake_args': None, 'build_base': '/home/yalcinolgac/ros2_ws/build/day2_2', 'catkin_cmake_args': None, 'catkin_skip_building_tests': False, 'cmake_args': None, 'cmake_clean_cache': False, 'cmake_clean_first': False, 'cmake_force_configure': False, 'cmake_target': None, 'cmake_target_skip_unavailable': False, 'install_base': '/home/yalcinolgac/ros2_ws/install/day2_2', 'merge_install': False, 'path': '/home/yalcinolgac/ros2_ws/src/day2_2', 'symlink_install': False, 'test_result_base': None}
[0.143s] INFO:colcon.colcon_core.executor:Executing jobs using 'parallel' executor
[0.144s] DEBUG:colcon.colcon_parallel_executor.executor.parallel:run_until_complete
[0.144s] INFO:colcon.colcon_ros.task.ament_cmake.build:Building ROS package in '/home/yalcinolgac/ros2_ws/src/day2' with build type 'ament_cmake'
[0.144s] INFO:colcon.colcon_cmake.task.cmake.build:Building CMake package in '/home/yalcinolgac/ros2_ws/src/day2'
[0.145s] INFO:colcon.colcon_core.plugin_system:Skipping extension 'colcon_core.shell.bat': Not used on non-Windows systems
[0.145s] INFO:colcon.colcon_core.shell:Skip shell extension 'powershell' for command environment: Not usable outside of PowerShell
[0.145s] DEBUG:colcon.colcon_core.shell:Skip shell extension 'dsv' for command environment
[0.147s] INFO:colcon.colcon_ros.task.ament_cmake.build:Building ROS package in '/home/yalcinolgac/ros2_ws/src/day1' with build type 'ament_cmake'
[0.147s] INFO:colcon.colcon_cmake.task.cmake.build:Building CMake package in '/home/yalcinolgac/ros2_ws/src/day1'
[0.147s] INFO:colcon.colcon_core.shell:Skip shell extension 'powershell' for command environment: Not usable outside of PowerShell
[0.147s] DEBUG:colcon.colcon_core.shell:Skip shell extension 'dsv' for command environment
[0.152s] DEBUG:colcon.colcon_core.event_handler.log_command:Invoking command in '/home/yalcinolgac/ros2_ws/build/day2': CMAKE_PREFIX_PATH=${CMAKE_PREFIX_PATH}:/opt/ros/jazzy DEBUGINFOD_URLS=https://debuginfod.ubuntu.com /usr/bin/cmake --build /home/yalcinolgac/ros2_ws/build/day2 -- -j32 -l32
[0.161s] DEBUG:colcon.colcon_core.event_handler.log_command:Invoking command in '/home/yalcinolgac/ros2_ws/build/day1': CMAKE_PREFIX_PATH=${CMAKE_PREFIX_PATH}:/opt/ros/jazzy DEBUGINFOD_URLS=https://debuginfod.ubuntu.com /usr/bin/cmake --build /home/yalcinolgac/ros2_ws/build/day1 -- -j32 -l32
[0.201s] DEBUG:colcon.colcon_core.event_handler.log_command:Invoked command in '/home/yalcinolgac/ros2_ws/build/day1' returned '0': CMAKE_PREFIX_PATH=${CMAKE_PREFIX_PATH}:/opt/ros/jazzy DEBUGINFOD_URLS=https://debuginfod.ubuntu.com /usr/bin/cmake --build /home/yalcinolgac/ros2_ws/build/day1 -- -j32 -l32
[0.206s] DEBUG:colcon.colcon_core.event_handler.log_command:Invoking command in '/home/yalcinolgac/ros2_ws/build/day1': CMAKE_PREFIX_PATH=${CMAKE_PREFIX_PATH}:/opt/ros/jazzy DEBUGINFOD_URLS=https://debuginfod.ubuntu.com /usr/bin/cmake --install /home/yalcinolgac/ros2_ws/build/day1
[0.213s] Level 1:colcon.colcon_core.environment:create_environment_scripts_only(day1)
[0.213s] DEBUG:colcon.colcon_core.event_handler.log_command:Invoked command in '/home/yalcinolgac/ros2_ws/build/day1' returned '0': CMAKE_PREFIX_PATH=${CMAKE_PREFIX_PATH}:/opt/ros/jazzy DEBUGINFOD_URLS=https://debuginfod.ubuntu.com /usr/bin/cmake --install /home/yalcinolgac/ros2_ws/build/day1
[0.214s] Level 1:colcon.colcon_core.environment:checking '/home/yalcinolgac/ros2_ws/install/day1' for CMake module files
[0.214s] Level 1:colcon.colcon_core.environment:checking '/home/yalcinolgac/ros2_ws/install/day1' for CMake config files
[0.214s] Level 1:colcon.colcon_core.shell:create_environment_hook('day1', 'cmake_prefix_path')
[0.215s] INFO:colcon.colcon_core.shell:Creating environment hook '/home/yalcinolgac/ros2_ws/install/day1/share/day1/hook/cmake_prefix_path.ps1'
[0.215s] INFO:colcon.colcon_core.shell:Creating environment descriptor '/home/yalcinolgac/ros2_ws/install/day1/share/day1/hook/cmake_prefix_path.dsv'
[0.215s] INFO:colcon.colcon_core.shell:Creating environment hook '/home/yalcinolgac/ros2_ws/install/day1/share/day1/hook/cmake_prefix_path.sh'
[0.215s] Level 1:colcon.colcon_core.environment:checking '/home/yalcinolgac/ros2_ws/install/day1/lib'
[0.215s] Level 1:colcon.colcon_core.environment:checking '/home/yalcinolgac/ros2_ws/install/day1/bin'
[0.215s] Level 1:colcon.colcon_core.environment:checking '/home/yalcinolgac/ros2_ws/install/day1/lib/pkgconfig/day1.pc'
[0.216s] Level 1:colcon.colcon_core.environment:checking '/home/yalcinolgac/ros2_ws/install/day1/lib/python3.12/site-packages'
[0.216s] Level 1:colcon.colcon_core.environment:checking '/home/yalcinolgac/ros2_ws/install/day1/bin'
[0.216s] INFO:colcon.colcon_core.shell:Creating package script '/home/yalcinolgac/ros2_ws/install/day1/share/day1/package.ps1'
[0.216s] INFO:colcon.colcon_core.shell:Creating package descriptor '/home/yalcinolgac/ros2_ws/install/day1/share/day1/package.dsv'
[0.216s] INFO:colcon.colcon_core.shell:Creating package script '/home/yalcinolgac/ros2_ws/install/day1/share/day1/package.sh'
[0.217s] INFO:colcon.colcon_core.shell:Creating package script '/home/yalcinolgac/ros2_ws/install/day1/share/day1/package.bash'
[0.217s] INFO:colcon.colcon_core.shell:Creating package script '/home/yalcinolgac/ros2_ws/install/day1/share/day1/package.zsh'
[0.217s] Level 1:colcon.colcon_core.environment:create_file_with_runtime_dependencies(/home/yalcinolgac/ros2_ws/install/day1/share/colcon-core/packages/day1)
[0.217s] Level 1:colcon.colcon_core.environment:create_environment_scripts_only(day1)
[0.217s] Level 1:colcon.colcon_core.environment:checking '/home/yalcinolgac/ros2_ws/install/day1' for CMake module files
[0.218s] Level 1:colcon.colcon_core.environment:checking '/home/yalcinolgac/ros2_ws/install/day1' for CMake config files
[0.218s] Level 1:colcon.colcon_core.shell:create_environment_hook('day1', 'cmake_prefix_path')
[0.218s] INFO:colcon.colcon_core.shell:Creating environment hook '/home/yalcinolgac/ros2_ws/install/day1/share/day1/hook/cmake_prefix_path.ps1'
[0.218s] INFO:colcon.colcon_core.shell:Creating environment descriptor '/home/yalcinolgac/ros2_ws/install/day1/share/day1/hook/cmake_prefix_path.dsv'
[0.218s] INFO:colcon.colcon_core.shell:Creating environment hook '/home/yalcinolgac/ros2_ws/install/day1/share/day1/hook/cmake_prefix_path.sh'
[0.218s] Level 1:colcon.colcon_core.environment:checking '/home/yalcinolgac/ros2_ws/install/day1/lib'
[0.218s] Level 1:colcon.colcon_core.environment:checking '/home/yalcinolgac/ros2_ws/install/day1/bin'
[0.218s] Level 1:colcon.colcon_core.environment:checking '/home/yalcinolgac/ros2_ws/install/day1/lib/pkgconfig/day1.pc'
[0.218s] Level 1:colcon.colcon_core.environment:checking '/home/yalcinolgac/ros2_ws/install/day1/lib/python3.12/site-packages'
[0.219s] Level 1:colcon.colcon_core.environment:checking '/home/yalcinolgac/ros2_ws/install/day1/bin'
[0.219s] INFO:colcon.colcon_core.shell:Creating package script '/home/yalcinolgac/ros2_ws/install/day1/share/day1/package.ps1'
[0.219s] INFO:colcon.colcon_core.shell:Creating package descriptor '/home/yalcinolgac/ros2_ws/install/day1/share/day1/package.dsv'
[0.219s] INFO:colcon.colcon_core.shell:Creating package script '/home/yalcinolgac/ros2_ws/install/day1/share/day1/package.sh'
[0.219s] INFO:colcon.colcon_core.shell:Creating package script '/home/yalcinolgac/ros2_ws/install/day1/share/day1/package.bash'
[0.219s] INFO:colcon.colcon_core.shell:Creating package script '/home/yalcinolgac/ros2_ws/install/day1/share/day1/package.zsh'
[0.220s] Level 1:colcon.colcon_core.environment:create_file_with_runtime_dependencies(/home/yalcinolgac/ros2_ws/install/day1/share/colcon-core/packages/day1)
[9.074s] DEBUG:colcon.colcon_core.event_handler.log_command:Invoked command in '/home/yalcinolgac/ros2_ws/build/day2' returned '0': CMAKE_PREFIX_PATH=${CMAKE_PREFIX_PATH}:/opt/ros/jazzy DEBUGINFOD_URLS=https://debuginfod.ubuntu.com /usr/bin/cmake --build /home/yalcinolgac/ros2_ws/build/day2 -- -j32 -l32
[9.075s] DEBUG:colcon.colcon_core.event_handler.log_command:Invoking command in '/home/yalcinolgac/ros2_ws/build/day2': CMAKE_PREFIX_PATH=${CMAKE_PREFIX_PATH}:/opt/ros/jazzy DEBUGINFOD_URLS=https://debuginfod.ubuntu.com /usr/bin/cmake --install /home/yalcinolgac/ros2_ws/build/day2
[9.161s] Level 1:colcon.colcon_core.environment:create_environment_scripts_only(day2)
[9.161s] Level 1:colcon.colcon_core.environment:checking '/home/yalcinolgac/ros2_ws/install/day2' for CMake module files
[9.161s] DEBUG:colcon.colcon_core.event_handler.log_command:Invoked command in '/home/yalcinolgac/ros2_ws/build/day2' returned '0': CMAKE_PREFIX_PATH=${CMAKE_PREFIX_PATH}:/opt/ros/jazzy DEBUGINFOD_URLS=https://debuginfod.ubuntu.com /usr/bin/cmake --install /home/yalcinolgac/ros2_ws/build/day2
[9.162s] Level 1:colcon.colcon_core.environment:checking '/home/yalcinolgac/ros2_ws/install/day2' for CMake config files
[9.162s] Level 1:colcon.colcon_core.shell:create_environment_hook('day2', 'cmake_prefix_path')
[9.162s] INFO:colcon.colcon_core.shell:Creating environment hook '/home/yalcinolgac/ros2_ws/install/day2/share/day2/hook/cmake_prefix_path.ps1'
[9.162s] INFO:colcon.colcon_core.shell:Creating environment descriptor '/home/yalcinolgac/ros2_ws/install/day2/share/day2/hook/cmake_prefix_path.dsv'
[9.162s] INFO:colcon.colcon_core.shell:Creating environment hook '/home/yalcinolgac/ros2_ws/install/day2/share/day2/hook/cmake_prefix_path.sh'
[9.163s] Level 1:colcon.colcon_core.environment:checking '/home/yalcinolgac/ros2_ws/install/day2/lib'
[9.163s] Level 1:colcon.colcon_core.shell:create_environment_hook('day2', 'ld_library_path_lib')
[9.163s] INFO:colcon.colcon_core.shell:Creating environment hook '/home/yalcinolgac/ros2_ws/install/day2/share/day2/hook/ld_library_path_lib.ps1'
[9.163s] INFO:colcon.colcon_core.shell:Creating environment descriptor '/home/yalcinolgac/ros2_ws/install/day2/share/day2/hook/ld_library_path_lib.dsv'
[9.163s] INFO:colcon.colcon_core.shell:Creating environment hook '/home/yalcinolgac/ros2_ws/install/day2/share/day2/hook/ld_library_path_lib.sh'
[9.163s] Level 1:colcon.colcon_core.environment:checking '/home/yalcinolgac/ros2_ws/install/day2/bin'
[9.163s] Level 1:colcon.colcon_core.environment:checking '/home/yalcinolgac/ros2_ws/install/day2/lib/pkgconfig/day2.pc'
[9.163s] Level 1:colcon.colcon_core.environment:checking '/home/yalcinolgac/ros2_ws/install/day2/lib/python3.12/site-packages'
[9.163s] Level 1:colcon.colcon_core.shell:create_environment_hook('day2', 'pythonpath')
[9.163s] INFO:colcon.colcon_core.shell:Creating environment hook '/home/yalcinolgac/ros2_ws/install/day2/share/day2/hook/pythonpath.ps1'
[9.164s] INFO:colcon.colcon_core.shell:Creating environment descriptor '/home/yalcinolgac/ros2_ws/install/day2/share/day2/hook/pythonpath.dsv'
[9.164s] INFO:colcon.colcon_core.shell:Creating environment hook '/home/yalcinolgac/ros2_ws/install/day2/share/day2/hook/pythonpath.sh'
[9.164s] Level 1:colcon.colcon_core.environment:checking '/home/yalcinolgac/ros2_ws/install/day2/bin'
[9.164s] INFO:colcon.colcon_core.shell:Creating package script '/home/yalcinolgac/ros2_ws/install/day2/share/day2/package.ps1'
[9.164s] INFO:colcon.colcon_core.shell:Creating package descriptor '/home/yalcinolgac/ros2_ws/install/day2/share/day2/package.dsv'
[9.165s] INFO:colcon.colcon_core.shell:Creating package script '/home/yalcinolgac/ros2_ws/install/day2/share/day2/package.sh'
[9.165s] INFO:colcon.colcon_core.shell:Creating package script '/home/yalcinolgac/ros2_ws/install/day2/share/day2/package.bash'
[9.165s] INFO:colcon.colcon_core.shell:Creating package script '/home/yalcinolgac/ros2_ws/install/day2/share/day2/package.zsh'
[9.165s] Level 1:colcon.colcon_core.environment:create_file_with_runtime_dependencies(/home/yalcinolgac/ros2_ws/install/day2/share/colcon-core/packages/day2)
[9.165s] Level 1:colcon.colcon_core.environment:create_environment_scripts_only(day2)
[9.165s] Level 1:colcon.colcon_core.environment:checking '/home/yalcinolgac/ros2_ws/install/day2' for CMake module files
[9.166s] Level 1:colcon.colcon_core.environment:checking '/home/yalcinolgac/ros2_ws/install/day2' for CMake config files
[9.166s] Level 1:colcon.colcon_core.shell:create_environment_hook('day2', 'cmake_prefix_path')
[9.166s] INFO:colcon.colcon_core.shell:Creating environment hook '/home/yalcinolgac/ros2_ws/install/day2/share/day2/hook/cmake_prefix_path.ps1'
[9.166s] INFO:colcon.colcon_core.shell:Creating environment descriptor '/home/yalcinolgac/ros2_ws/install/day2/share/day2/hook/cmake_prefix_path.dsv'
[9.166s] INFO:colcon.colcon_core.shell:Creating environment hook '/home/yalcinolgac/ros2_ws/install/day2/share/day2/hook/cmake_prefix_path.sh'
[9.166s] Level 1:colcon.colcon_core.environment:checking '/home/yalcinolgac/ros2_ws/install/day2/lib'
[9.167s] Level 1:colcon.colcon_core.shell:create_environment_hook('day2', 'ld_library_path_lib')
[9.167s] INFO:colcon.colcon_core.shell:Creating environment hook '/home/yalcinolgac/ros2_ws/install/day2/share/day2/hook/ld_library_path_lib.ps1'
[9.167s] INFO:colcon.colcon_core.shell:Creating environment descriptor '/home/yalcinolgac/ros2_ws/install/day2/share/day2/hook/ld_library_path_lib.dsv'
[9.167s] INFO:colcon.colcon_core.shell:Creating environment hook '/home/yalcinolgac/ros2_ws/install/day2/share/day2/hook/ld_library_path_lib.sh'
[9.167s] Level 1:colcon.colcon_core.environment:checking '/home/yalcinolgac/ros2_ws/install/day2/bin'
[9.167s] Level 1:colcon.colcon_core.environment:checking '/home/yalcinolgac/ros2_ws/install/day2/lib/pkgconfig/day2.pc'
[9.167s] Level 1:colcon.colcon_core.environment:checking '/home/yalcinolgac/ros2_ws/install/day2/lib/python3.12/site-packages'
[9.167s] Level 1:colcon.colcon_core.shell:create_environment_hook('day2', 'pythonpath')
[9.167s] INFO:colcon.colcon_core.shell:Creating environment hook '/home/yalcinolgac/ros2_ws/install/day2/share/day2/hook/pythonpath.ps1'
[9.168s] INFO:colcon.colcon_core.shell:Creating environment descriptor '/home/yalcinolgac/ros2_ws/install/day2/share/day2/hook/pythonpath.dsv'
[9.168s] INFO:colcon.colcon_core.shell:Creating environment hook '/home/yalcinolgac/ros2_ws/install/day2/share/day2/hook/pythonpath.sh'
[9.168s] Level 1:colcon.colcon_core.environment:checking '/home/yalcinolgac/ros2_ws/install/day2/bin'
[9.168s] INFO:colcon.colcon_core.shell:Creating package script '/home/yalcinolgac/ros2_ws/install/day2/share/day2/package.ps1'
[9.168s] INFO:colcon.colcon_core.shell:Creating package descriptor '/home/yalcinolgac/ros2_ws/install/day2/share/day2/package.dsv'
[9.169s] INFO:colcon.colcon_core.shell:Creating package script '/home/yalcinolgac/ros2_ws/install/day2/share/day2/package.sh'
[9.169s] INFO:colcon.colcon_core.shell:Creating package script '/home/yalcinolgac/ros2_ws/install/day2/share/day2/package.bash'
[9.169s] INFO:colcon.colcon_core.shell:Creating package script '/home/yalcinolgac/ros2_ws/install/day2/share/day2/package.zsh'
[9.169s] Level 1:colcon.colcon_core.environment:create_file_with_runtime_dependencies(/home/yalcinolgac/ros2_ws/install/day2/share/colcon-core/packages/day2)
[9.169s] INFO:colcon.colcon_ros.task.ament_cmake.build:Building ROS package in '/home/yalcinolgac/ros2_ws/src/day2_2' with build type 'ament_cmake'
[9.169s] INFO:colcon.colcon_cmake.task.cmake.build:Building CMake package in '/home/yalcinolgac/ros2_ws/src/day2_2'
[9.170s] INFO:colcon.colcon_core.shell:Skip shell extension 'powershell' for command environment: Not usable outside of PowerShell
[9.170s] DEBUG:colcon.colcon_core.shell:Skip shell extension 'dsv' for command environment
[9.179s] DEBUG:colcon.colcon_core.event_handler.log_command:Invoking command in '/home/yalcinolgac/ros2_ws/build/day2_2': CMAKE_PREFIX_PATH=/home/yalcinolgac/ros2_ws/install/day2:/home/yalcinolgac/ros2_ws/install/day2_2:/home/yalcinolgac/ros2_ws/install/day1:/opt/ros/jazzy/opt/gz_sim_vendor:/opt/ros/jazzy/opt/gz_sensors_vendor:/opt/ros/jazzy/opt/gz_physics_vendor:/opt/ros/jazzy/opt/sdformat_vendor:/opt/ros/jazzy/opt/gz_gui_vendor:/opt/ros/jazzy/opt/gz_transport_vendor:/opt/ros/jazzy/opt/gz_rendering_vendor:/opt/ros/jazzy/opt/gz_plugin_vendor:/opt/ros/jazzy/opt/gz_fuel_tools_vendor:/opt/ros/jazzy/opt/gz_msgs_vendor:/opt/ros/jazzy/opt/gz_common_vendor:/opt/ros/jazzy/opt/gz_math_vendor:/opt/ros/jazzy/opt/gz_utils_vendor:/opt/ros/jazzy/opt/gz_tools_vendor:/opt/ros/jazzy/opt/gz_ogre_next_vendor:/opt/ros/jazzy/opt/gz_dartsim_vendor:/opt/ros/jazzy/opt/gz_cmake_vendor:/opt/ros/jazzy DEBUGINFOD_URLS=https://debuginfod.ubuntu.com /usr/bin/cmake --build /home/yalcinolgac/ros2_ws/build/day2_2 -- -j32 -l32
[9.558s] DEBUG:colcon.colcon_core.event_handler.log_command:Invoked command in '/home/yalcinolgac/ros2_ws/build/day2_2' returned '2': CMAKE_PREFIX_PATH=/home/yalcinolgac/ros2_ws/install/day2:/home/yalcinolgac/ros2_ws/install/day2_2:/home/yalcinolgac/ros2_ws/install/day1:/opt/ros/jazzy/opt/gz_sim_vendor:/opt/ros/jazzy/opt/gz_sensors_vendor:/opt/ros/jazzy/opt/gz_physics_vendor:/opt/ros/jazzy/opt/sdformat_vendor:/opt/ros/jazzy/opt/gz_gui_vendor:/opt/ros/jazzy/opt/gz_transport_vendor:/opt/ros/jazzy/opt/gz_rendering_vendor:/opt/ros/jazzy/opt/gz_plugin_vendor:/opt/ros/jazzy/opt/gz_fuel_tools_vendor:/opt/ros/jazzy/opt/gz_msgs_vendor:/opt/ros/jazzy/opt/gz_common_vendor:/opt/ros/jazzy/opt/gz_math_vendor:/opt/ros/jazzy/opt/gz_utils_vendor:/opt/ros/jazzy/opt/gz_tools_vendor:/opt/ros/jazzy/opt/gz_ogre_next_vendor:/opt/ros/jazzy/opt/gz_dartsim_vendor:/opt/ros/jazzy/opt/gz_cmake_vendor:/opt/ros/jazzy DEBUGINFOD_URLS=https://debuginfod.ubuntu.com /usr/bin/cmake --build /home/yalcinolgac/ros2_ws/build/day2_2 -- -j32 -l32
[9.559s] Level 1:colcon.colcon_core.environment:create_environment_scripts_only(day2_2)
[9.559s] Level 1:colcon.colcon_core.environment:checking '/home/yalcinolgac/ros2_ws/install/day2_2' for CMake module files
[9.560s] Level 1:colcon.colcon_core.environment:checking '/home/yalcinolgac/ros2_ws/install/day2_2' for CMake config files
[9.560s] Level 1:colcon.colcon_core.shell:create_environment_hook('day2_2', 'cmake_prefix_path')
[9.560s] INFO:colcon.colcon_core.shell:Creating environment hook '/home/yalcinolgac/ros2_ws/install/day2_2/share/day2_2/hook/cmake_prefix_path.ps1'
[9.560s] INFO:colcon.colcon_core.shell:Creating environment descriptor '/home/yalcinolgac/ros2_ws/install/day2_2/share/day2_2/hook/cmake_prefix_path.dsv'
[9.560s] INFO:colcon.colcon_core.shell:Creating environment hook '/home/yalcinolgac/ros2_ws/install/day2_2/share/day2_2/hook/cmake_prefix_path.sh'
[9.561s] Level 1:colcon.colcon_core.environment:checking '/home/yalcinolgac/ros2_ws/install/day2_2/lib'
[9.561s] Level 1:colcon.colcon_core.environment:checking '/home/yalcinolgac/ros2_ws/install/day2_2/bin'
[9.561s] Level 1:colcon.colcon_core.environment:checking '/home/yalcinolgac/ros2_ws/install/day2_2/lib/pkgconfig/day2_2.pc'
[9.561s] Level 1:colcon.colcon_core.environment:checking '/home/yalcinolgac/ros2_ws/install/day2_2/lib/python3.12/site-packages'
[9.561s] Level 1:colcon.colcon_core.environment:checking '/home/yalcinolgac/ros2_ws/install/day2_2/bin'
[9.561s] INFO:colcon.colcon_core.shell:Creating package script '/home/yalcinolgac/ros2_ws/install/day2_2/share/day2_2/package.ps1'
[9.561s] INFO:colcon.colcon_core.shell:Creating package descriptor '/home/yalcinolgac/ros2_ws/install/day2_2/share/day2_2/package.dsv'
[9.561s] INFO:colcon.colcon_core.shell:Creating package script '/home/yalcinolgac/ros2_ws/install/day2_2/share/day2_2/package.sh'
[9.562s] INFO:colcon.colcon_core.shell:Creating package script '/home/yalcinolgac/ros2_ws/install/day2_2/share/day2_2/package.bash'
[9.562s] INFO:colcon.colcon_core.shell:Creating package script '/home/yalcinolgac/ros2_ws/install/day2_2/share/day2_2/package.zsh'
[9.562s] Level 1:colcon.colcon_core.environment:create_file_with_runtime_dependencies(/home/yalcinolgac/ros2_ws/install/day2_2/share/colcon-core/packages/day2_2)
[9.573s] DEBUG:colcon.colcon_parallel_executor.executor.parallel:closing loop
[9.573s] DEBUG:colcon.colcon_parallel_executor.executor.parallel:loop closed
[9.573s] DEBUG:colcon.colcon_parallel_executor.executor.parallel:run_until_complete finished with '2'
[9.573s] DEBUG:colcon.colcon_core.event_reactor:joining thread
[9.577s] INFO:colcon.colcon_core.plugin_system:Skipping extension 'colcon_notification.desktop_notification.notify_send': Could not find 'notify-send'
[9.577s] INFO:colcon.colcon_core.plugin_system:Skipping extension 'colcon_notification.desktop_notification.terminal_notifier': Not used on non-Darwin systems
[9.577s] INFO:colcon.colcon_core.plugin_system:Skipping extension 'colcon_notification.desktop_notification.win32': Not used on non-Windows systems
[9.577s] INFO:colcon.colcon_notification.desktop_notification:Sending desktop notification using 'notify2'
[9.578s] DEBUG:colcon.colcon_notification.desktop_notification.notify2:Failed to initialize notify2: org.freedesktop.DBus.Error.ServiceUnknown: The name org.freedesktop.Notifications was not provided by any .service files
[9.578s] DEBUG:colcon.colcon_core.event_reactor:joined thread
[9.578s] INFO:colcon.colcon_core.shell:Creating prefix script '/home/yalcinolgac/ros2_ws/install/local_setup.ps1'
[9.579s] INFO:colcon.colcon_core.shell:Creating prefix util module '/home/yalcinolgac/ros2_ws/install/_local_setup_util_ps1.py'
[9.579s] INFO:colcon.colcon_core.shell:Creating prefix chain script '/home/yalcinolgac/ros2_ws/install/setup.ps1'
[9.580s] INFO:colcon.colcon_core.shell:Creating prefix script '/home/yalcinolgac/ros2_ws/install/local_setup.sh'
[9.580s] INFO:colcon.colcon_core.shell:Creating prefix util module '/home/yalcinolgac/ros2_ws/install/_local_setup_util_sh.py'
[9.580s] INFO:colcon.colcon_core.shell:Creating prefix chain script '/home/yalcinolgac/ros2_ws/install/setup.sh'
[9.581s] INFO:colcon.colcon_core.shell:Creating prefix script '/home/yalcinolgac/ros2_ws/install/local_setup.bash'
[9.581s] INFO:colcon.colcon_core.shell:Creating prefix chain script '/home/yalcinolgac/ros2_ws/install/setup.bash'
[9.581s] INFO:colcon.colcon_core.shell:Creating prefix script '/home/yalcinolgac/ros2_ws/install/local_setup.zsh'
[9.582s] INFO:colcon.colcon_core.shell:Creating prefix chain script '/home/yalcinolgac/ros2_ws/install/setup.zsh'
