[0.008s] Invoking command in '/home/yalcinolgac/ros2_ws/build/day2': CMAKE_PREFIX_PATH=${CMAKE_PREFIX_PATH}:/opt/ros/jazzy DEBUGINFOD_URLS=https://debuginfod.ubuntu.com /usr/bin/cmake --build /home/yalcinolgac/ros2_ws/build/day2 -- -j32 -l32
[0.025s] -- Found ament_cmake: 2.5.4 (/opt/ros/jazzy/share/ament_cmake/cmake)
[0.087s] -- Found builtin_interfaces: 2.0.2 (/opt/ros/jazzy/share/builtin_interfaces/cmake)
[0.105s] -- Found rosidl_generator_c: 4.6.5 (/opt/ros/jazzy/share/rosidl_generator_c/cmake)
[0.110s] -- Found rosidl_generator_cpp: 4.6.5 (/opt/ros/jazzy/share/rosidl_generator_cpp/cmake)
[0.116s] -- Using all available rosidl_typesupport_c: rosidl_typesupport_fastrtps_c;rosidl_typesupport_introspection_c
[0.123s] -- Using all available rosidl_typesupport_cpp: rosidl_typesupport_fastrtps_cpp;rosidl_typesupport_introspection_cpp
[0.129s] -- Found std_msgs: 5.3.6 (/opt/ros/jazzy/share/std_msgs/cmake)
[0.137s] -- Found geometry_msgs: 5.3.6 (/opt/ros/jazzy/share/geometry_msgs/cmake)
[0.146s] -- Found rosidl_default_generators: 1.6.0 (/opt/ros/jazzy/share/rosidl_default_generators/cmake)
[0.149s] -- Found rosidl_adapter: 4.6.5 (/opt/ros/jazzy/share/rosidl_adapter/cmake)
[0.264s] [31mCMake Error at /opt/ros/jazzy/share/rosidl_adapter/cmake/rosidl_adapt_interfaces.cmake:57 (message):
[0.264s]   execute_process(/usr/bin/python3 -m rosidl_adapter --package-name day2
[0.264s]   --arguments-file
[0.264s]   /home/yalcinolgac/ros2_ws/build/day2/rosidl_adapter__arguments__day2.json
[0.264s]   --output-dir /home/yalcinolgac/ros2_ws/build/day2/rosidl_adapter/day2
[0.264s]   --output-file
[0.264s]   /home/yalcinolgac/ros2_ws/build/day2/rosidl_adapter/day2.idls) returned
[0.264s]   error code 1:
[0.264s] 
[0.264s]   Error processing 'geometry_msgs/Point[][] alternative_paths' of
[0.265s]   'day2/CalculatePath_Response': ''Point[]' is an invalid message name.  It
[0.265s]   should have the pattern '^[A-Z][A-Za-z0-9]*$''
[0.265s] 
[0.265s]   Traceback (most recent call last):
[0.265s] 
[0.265s]     File "<frozen runpy>", line 198, in _run_module_as_main
[0.265s]     File "<frozen runpy>", line 88, in _run_code
[0.265s]     File "/opt/ros/jazzy/lib/python3.12/site-packages/rosidl_adapter/__main__.py", line 19, in <module>
[0.265s]       sys.exit(main())
[0.265s]                ^^^^^^
[0.265s]     File "/opt/ros/jazzy/lib/python3.12/site-packages/rosidl_adapter/main.py", line 53, in main
[0.265s]       abs_idl_file = convert_to_idl(
[0.265s]                      ^^^^^^^^^^^^^^^
[0.265s]     File "/opt/ros/jazzy/lib/python3.12/site-packages/rosidl_adapter/__init__.py", line 24, in convert_to_idl
[0.265s]       return convert_srv_to_idl(
[0.265s]              ^^^^^^^^^^^^^^^^^^^
[0.265s]     File "/opt/ros/jazzy/lib/python3.12/site-packages/rosidl_adapter/srv/__init__.py", line 28, in convert_srv_to_idl
[0.265s]       srv = parse_service_string(package_name, input_file.stem, content)
[0.265s]             ^^^^^^^^^^^^^^^^^^^^^^^^^^^^^^^^^^^^^^^^^^^^^^^^^^^^^^^^^^^^
[0.265s]     File "/opt/ros/jazzy/lib/python3.12/site-packages/rosidl_adapter/parser.py", line 864, in parse_service_string
[0.265s]       response_message = parse_message_string(
[0.265s]                          ^^^^^^^^^^^^^^^^^^^^^
[0.265s]     File "/opt/ros/jazzy/lib/python3.12/site-packages/rosidl_adapter/parser.py", line 521, in parse_message_string
[0.265s]       Type(type_string, context_package_name=pkg_name),
[0.265s]       ^^^^^^^^^^^^^^^^^^^^^^^^^^^^^^^^^^^^^^^^^^^^^^^^
[0.265s]     File "/opt/ros/jazzy/lib/python3.12/site-packages/rosidl_adapter/parser.py", line 278, in __init__
[0.265s]       super(Type, self).__init__(
[0.265s]     File "/opt/ros/jazzy/lib/python3.12/site-packages/rosidl_adapter/parser.py", line 206, in __init__
[0.265s]       raise InvalidResourceName(
[0.265s] 
[0.265s]   rosidl_adapter.parser.InvalidResourceName: 'Point[]' is an invalid message
[0.265s]   name.  It should have the pattern '^[A-Z][A-Za-z0-9]*$'
[0.265s] 
[0.265s] Call Stack (most recent call first):
[0.265s]   /opt/ros/jazzy/share/rosidl_cmake/cmake/rosidl_generate_interfaces.cmake:132 (rosidl_adapt_interfaces)
[0.265s]   CMakeLists.txt:38 (rosidl_generate_interfaces)
[0.265s] 
[0.265s] [0m
[0.265s] -- Configuring incomplete, errors occurred!
[0.268s] gmake: *** [Makefile:1085: cmake_check_build_system] Error 1
[0.269s] Invoked command in '/home/yalcinolgac/ros2_ws/build/day2' returned '2': CMAKE_PREFIX_PATH=${CMAKE_PREFIX_PATH}:/opt/ros/jazzy DEBUGINFOD_URLS=https://debuginfod.ubuntu.com /usr/bin/cmake --build /home/yalcinolgac/ros2_ws/build/day2 -- -j32 -l32
