[0.006s] Invoking command in '/home/yalcinolgac/ros2_ws/build/day2_2': CMAKE_PREFIX_PATH=/home/yalcinolgac/ros2_ws/install/day2:/home/yalcinolgac/ros2_ws/install/day2_2:/home/yalcinolgac/ros2_ws/install/day1:/opt/ros/jazzy/opt/gz_sim_vendor:/opt/ros/jazzy/opt/gz_sensors_vendor:/opt/ros/jazzy/opt/gz_physics_vendor:/opt/ros/jazzy/opt/sdformat_vendor:/opt/ros/jazzy/opt/gz_gui_vendor:/opt/ros/jazzy/opt/gz_transport_vendor:/opt/ros/jazzy/opt/gz_rendering_vendor:/opt/ros/jazzy/opt/gz_plugin_vendor:/opt/ros/jazzy/opt/gz_fuel_tools_vendor:/opt/ros/jazzy/opt/gz_msgs_vendor:/opt/ros/jazzy/opt/gz_common_vendor:/opt/ros/jazzy/opt/gz_math_vendor:/opt/ros/jazzy/opt/gz_utils_vendor:/opt/ros/jazzy/opt/gz_tools_vendor:/opt/ros/jazzy/opt/gz_ogre_next_vendor:/opt/ros/jazzy/opt/gz_dartsim_vendor:/opt/ros/jazzy/opt/gz_cmake_vendor:/opt/ros/jazzy DEBUGINFOD_URLS=https://debuginfod.ubuntu.com /usr/bin/cmake --build /home/yalcinolgac/ros2_ws/build/day2_2 -- -j32 -l32
[0.041s] [  9%] Built target robot_publisher_node
[0.041s] [ 18%] Built target robot_subscriber_node
[0.041s] [ 27%] Built target filtering_subscriber_node
[0.042s] [ 36%] Built target performance_test_node
[0.043s] [ 45%] Built target sensor_simulator_node
[0.043s] [ 54%] Built target robot_command_client_node
[0.044s] [ 63%] Built target message_analyzer_node
[0.045s] [ 72%] Built target robot_status_service_node
[0.046s] [ 81%] Built target robot_command_server_node
[0.051s] [ 86%] [32mBuilding CXX object CMakeFiles/navigate_action_client.dir/src/navigate_action_client.cpp.o[0m
[0.052s] [ 90%] [32mBuilding CXX object CMakeFiles/navigate_action_server.dir/src/navigate_action_server.cpp.o[0m
[2.445s] [ 95%] [32m[1mLinking CXX executable navigate_action_server[0m
[2.574s] [100%] [32m[1mLinking CXX executable navigate_action_client[0m
[2.625s] [100%] Built target navigate_action_server
[2.677s] [100%] Built target navigate_action_client
[2.683s] Invoked command in '/home/yalcinolgac/ros2_ws/build/day2_2' returned '0': CMAKE_PREFIX_PATH=/home/yalcinolgac/ros2_ws/install/day2:/home/yalcinolgac/ros2_ws/install/day2_2:/home/yalcinolgac/ros2_ws/install/day1:/opt/ros/jazzy/opt/gz_sim_vendor:/opt/ros/jazzy/opt/gz_sensors_vendor:/opt/ros/jazzy/opt/gz_physics_vendor:/opt/ros/jazzy/opt/sdformat_vendor:/opt/ros/jazzy/opt/gz_gui_vendor:/opt/ros/jazzy/opt/gz_transport_vendor:/opt/ros/jazzy/opt/gz_rendering_vendor:/opt/ros/jazzy/opt/gz_plugin_vendor:/opt/ros/jazzy/opt/gz_fuel_tools_vendor:/opt/ros/jazzy/opt/gz_msgs_vendor:/opt/ros/jazzy/opt/gz_common_vendor:/opt/ros/jazzy/opt/gz_math_vendor:/opt/ros/jazzy/opt/gz_utils_vendor:/opt/ros/jazzy/opt/gz_tools_vendor:/opt/ros/jazzy/opt/gz_ogre_next_vendor:/opt/ros/jazzy/opt/gz_dartsim_vendor:/opt/ros/jazzy/opt/gz_cmake_vendor:/opt/ros/jazzy DEBUGINFOD_URLS=https://debuginfod.ubuntu.com /usr/bin/cmake --build /home/yalcinolgac/ros2_ws/build/day2_2 -- -j32 -l32
[2.684s] Invoking command in '/home/yalcinolgac/ros2_ws/build/day2_2': CMAKE_PREFIX_PATH=/home/yalcinolgac/ros2_ws/install/day2:/home/yalcinolgac/ros2_ws/install/day2_2:/home/yalcinolgac/ros2_ws/install/day1:/opt/ros/jazzy/opt/gz_sim_vendor:/opt/ros/jazzy/opt/gz_sensors_vendor:/opt/ros/jazzy/opt/gz_physics_vendor:/opt/ros/jazzy/opt/sdformat_vendor:/opt/ros/jazzy/opt/gz_gui_vendor:/opt/ros/jazzy/opt/gz_transport_vendor:/opt/ros/jazzy/opt/gz_rendering_vendor:/opt/ros/jazzy/opt/gz_plugin_vendor:/opt/ros/jazzy/opt/gz_fuel_tools_vendor:/opt/ros/jazzy/opt/gz_msgs_vendor:/opt/ros/jazzy/opt/gz_common_vendor:/opt/ros/jazzy/opt/gz_math_vendor:/opt/ros/jazzy/opt/gz_utils_vendor:/opt/ros/jazzy/opt/gz_tools_vendor:/opt/ros/jazzy/opt/gz_ogre_next_vendor:/opt/ros/jazzy/opt/gz_dartsim_vendor:/opt/ros/jazzy/opt/gz_cmake_vendor:/opt/ros/jazzy DEBUGINFOD_URLS=https://debuginfod.ubuntu.com /usr/bin/cmake --install /home/yalcinolgac/ros2_ws/build/day2_2
[2.689s] -- Install configuration: ""
[2.690s] -- Installing: /home/yalcinolgac/ros2_ws/install/day2_2/lib/day2_2/robot_publisher_node
[2.691s] -- Set non-toolchain portion of runtime path of "/home/yalcinolgac/ros2_ws/install/day2_2/lib/day2_2/robot_publisher_node" to ""
[2.692s] -- Installing: /home/yalcinolgac/ros2_ws/install/day2_2/lib/day2_2/robot_subscriber_node
[2.695s] -- Set non-toolchain portion of runtime path of "/home/yalcinolgac/ros2_ws/install/day2_2/lib/day2_2/robot_subscriber_node" to ""
[2.696s] -- Installing: /home/yalcinolgac/ros2_ws/install/day2_2/lib/day2_2/sensor_simulator_node
[2.697s] -- Set non-toolchain portion of runtime path of "/home/yalcinolgac/ros2_ws/install/day2_2/lib/day2_2/sensor_simulator_node" to ""
[2.697s] -- Installing: /home/yalcinolgac/ros2_ws/install/day2_2/lib/day2_2/message_analyzer_node
[2.702s] -- Set non-toolchain portion of runtime path of "/home/yalcinolgac/ros2_ws/install/day2_2/lib/day2_2/message_analyzer_node" to ""
[2.702s] -- Installing: /home/yalcinolgac/ros2_ws/install/day2_2/lib/day2_2/filtering_subscriber_node
[2.705s] -- Set non-toolchain portion of runtime path of "/home/yalcinolgac/ros2_ws/install/day2_2/lib/day2_2/filtering_subscriber_node" to ""
[2.706s] -- Installing: /home/yalcinolgac/ros2_ws/install/day2_2/lib/day2_2/performance_test_node
[2.708s] -- Set non-toolchain portion of runtime path of "/home/yalcinolgac/ros2_ws/install/day2_2/lib/day2_2/performance_test_node" to ""
[2.709s] -- Installing: /home/yalcinolgac/ros2_ws/install/day2_2/lib/day2_2/robot_command_server_node
[2.710s] -- Set non-toolchain portion of runtime path of "/home/yalcinolgac/ros2_ws/install/day2_2/lib/day2_2/robot_command_server_node" to ""
[2.711s] -- Installing: /home/yalcinolgac/ros2_ws/install/day2_2/lib/day2_2/robot_command_client_node
[2.712s] -- Set non-toolchain portion of runtime path of "/home/yalcinolgac/ros2_ws/install/day2_2/lib/day2_2/robot_command_client_node" to ""
[2.712s] -- Installing: /home/yalcinolgac/ros2_ws/install/day2_2/lib/day2_2/robot_status_service_node
[2.717s] -- Set non-toolchain portion of runtime path of "/home/yalcinolgac/ros2_ws/install/day2_2/lib/day2_2/robot_status_service_node" to ""
[2.717s] -- Installing: /home/yalcinolgac/ros2_ws/install/day2_2/lib/day2_2/navigate_action_server
[2.717s] -- Set non-toolchain portion of runtime path of "/home/yalcinolgac/ros2_ws/install/day2_2/lib/day2_2/navigate_action_server" to ""
[2.717s] -- Installing: /home/yalcinolgac/ros2_ws/install/day2_2/lib/day2_2/navigate_action_client
[2.718s] -- Set non-toolchain portion of runtime path of "/home/yalcinolgac/ros2_ws/install/day2_2/lib/day2_2/navigate_action_client" to ""
[2.718s] -- Up-to-date: /home/yalcinolgac/ros2_ws/install/day2_2/share/day2_2/launch
[2.718s] -- Up-to-date: /home/yalcinolgac/ros2_ws/install/day2_2/share/day2_2/launch/day2_3.launch.py
[2.718s] -- Up-to-date: /home/yalcinolgac/ros2_ws/install/day2_2/share/day2_2/launch/day2_2.launch.py
[2.718s] -- Installing: /home/yalcinolgac/ros2_ws/install/day2_2/share/ament_index/resource_index/package_run_dependencies/day2_2
[2.719s] -- Up-to-date: /home/yalcinolgac/ros2_ws/install/day2_2/share/ament_index/resource_index/parent_prefix_path/day2_2
[2.719s] -- Up-to-date: /home/yalcinolgac/ros2_ws/install/day2_2/share/day2_2/environment/ament_prefix_path.sh
[2.719s] -- Up-to-date: /home/yalcinolgac/ros2_ws/install/day2_2/share/day2_2/environment/ament_prefix_path.dsv
[2.719s] -- Up-to-date: /home/yalcinolgac/ros2_ws/install/day2_2/share/day2_2/environment/path.sh
[2.719s] -- Up-to-date: /home/yalcinolgac/ros2_ws/install/day2_2/share/day2_2/environment/path.dsv
[2.719s] -- Up-to-date: /home/yalcinolgac/ros2_ws/install/day2_2/share/day2_2/local_setup.bash
[2.719s] -- Up-to-date: /home/yalcinolgac/ros2_ws/install/day2_2/share/day2_2/local_setup.sh
[2.719s] -- Up-to-date: /home/yalcinolgac/ros2_ws/install/day2_2/share/day2_2/local_setup.zsh
[2.719s] -- Up-to-date: /home/yalcinolgac/ros2_ws/install/day2_2/share/day2_2/local_setup.dsv
[2.719s] -- Installing: /home/yalcinolgac/ros2_ws/install/day2_2/share/day2_2/package.dsv
[2.720s] -- Up-to-date: /home/yalcinolgac/ros2_ws/install/day2_2/share/ament_index/resource_index/packages/day2_2
[2.720s] -- Up-to-date: /home/yalcinolgac/ros2_ws/install/day2_2/share/day2_2/cmake/day2_2Config.cmake
[2.720s] -- Up-to-date: /home/yalcinolgac/ros2_ws/install/day2_2/share/day2_2/cmake/day2_2Config-version.cmake
[2.720s] -- Installing: /home/yalcinolgac/ros2_ws/install/day2_2/share/day2_2/package.xml
[2.721s] Invoked command in '/home/yalcinolgac/ros2_ws/build/day2_2' returned '0': CMAKE_PREFIX_PATH=/home/yalcinolgac/ros2_ws/install/day2:/home/yalcinolgac/ros2_ws/install/day2_2:/home/yalcinolgac/ros2_ws/install/day1:/opt/ros/jazzy/opt/gz_sim_vendor:/opt/ros/jazzy/opt/gz_sensors_vendor:/opt/ros/jazzy/opt/gz_physics_vendor:/opt/ros/jazzy/opt/sdformat_vendor:/opt/ros/jazzy/opt/gz_gui_vendor:/opt/ros/jazzy/opt/gz_transport_vendor:/opt/ros/jazzy/opt/gz_rendering_vendor:/opt/ros/jazzy/opt/gz_plugin_vendor:/opt/ros/jazzy/opt/gz_fuel_tools_vendor:/opt/ros/jazzy/opt/gz_msgs_vendor:/opt/ros/jazzy/opt/gz_common_vendor:/opt/ros/jazzy/opt/gz_math_vendor:/opt/ros/jazzy/opt/gz_utils_vendor:/opt/ros/jazzy/opt/gz_tools_vendor:/opt/ros/jazzy/opt/gz_ogre_next_vendor:/opt/ros/jazzy/opt/gz_dartsim_vendor:/opt/ros/jazzy/opt/gz_cmake_vendor:/opt/ros/jazzy DEBUGINFOD_URLS=https://debuginfod.ubuntu.com /usr/bin/cmake --install /home/yalcinolgac/ros2_ws/build/day2_2
