[  1%] Built target day2__rosidl_generator_type_description
[  1%] Built target ament_cmake_python_copy_day2
[  1%] Built target day2__cpp
[ 27%] Built target day2__rosidl_generator_c
[ 37%] Built target day2__rosidl_typesupport_c
[ 47%] Built target day2__rosidl_typesupport_fastrtps_cpp
[ 56%] Built target day2__rosidl_typesupport_cpp
[ 66%] Built target day2__rosidl_typesupport_introspection_c
[ 76%] Built target day2__rosidl_typesupport_fastrtps_c
[ 85%] Built target day2__rosidl_typesupport_introspection_cpp
[ 85%] Built target day2
[ 86%] Built target day2__py
[ 95%] Built target day2__rosidl_generator_py
[ 97%] Built target day2_s__rosidl_typesupport_fastrtps_c
[ 98%] Built target day2_s__rosidl_typesupport_c
[100%] Built target day2_s__rosidl_typesupport_introspection_c
running egg_info
writing day2.egg-info/PKG-INFO
writing dependency_links to day2.egg-info/dependency_links.txt
writing top-level names to day2.egg-info/top_level.txt
reading manifest file 'day2.egg-info/SOURCES.txt'
writing manifest file 'day2.egg-info/SOURCES.txt'
[100%] Built target ament_cmake_python_build_day2_egg
-- Install configuration: ""
-- Up-to-date: /home/yalcinolgac/ros2_ws/install/day2/share/ament_index/resource_index/rosidl_interfaces/day2
-- Up-to-date: /home/yalcinolgac/ros2_ws/install/day2/share/day2/msg/RobotStatus.json
-- Up-to-date: /home/yalcinolgac/ros2_ws/install/day2/share/day2/msg/SensorData.json
-- Up-to-date: /home/yalcinolgac/ros2_ws/install/day2/share/day2/msg/MotorStatus.json
-- Up-to-date: /home/yalcinolgac/ros2_ws/install/day2/share/day2/msg/RobotArray.json
-- Up-to-date: /home/yalcinolgac/ros2_ws/install/day2/share/day2/srv/RobotCommand.json
-- Up-to-date: /home/yalcinolgac/ros2_ws/install/day2/share/day2/srv/GetRobotStatus.json
-- Up-to-date: /home/yalcinolgac/ros2_ws/install/day2/share/day2/srv/CalculatePath.json
-- Up-to-date: /home/yalcinolgac/ros2_ws/install/day2/share/day2/srv/EmergencyStop.json
-- Up-to-date: /home/yalcinolgac/ros2_ws/install/day2/share/day2/action/Navigate.json
-- Up-to-date: /home/yalcinolgac/ros2_ws/install/day2/share/day2/action/PickAndPlace.json
-- Up-to-date: /home/yalcinolgac/ros2_ws/install/day2/share/day2/action/MapArea.json
-- Up-to-date: /home/yalcinolgac/ros2_ws/install/day2/share/day2/action/ChargeBattery.json
-- Up-to-date: /home/yalcinolgac/ros2_ws/install/day2/include/day2/day2
-- Up-to-date: /home/yalcinolgac/ros2_ws/install/day2/include/day2/day2/msg
-- Up-to-date: /home/yalcinolgac/ros2_ws/install/day2/include/day2/day2/msg/detail
-- Up-to-date: /home/yalcinolgac/ros2_ws/install/day2/include/day2/day2/msg/detail/motor_status__functions.h
-- Up-to-date: /home/yalcinolgac/ros2_ws/install/day2/include/day2/day2/msg/detail/robot_array__struct.h
-- Up-to-date: /home/yalcinolgac/ros2_ws/install/day2/include/day2/day2/msg/detail/robot_array__functions.h
-- Up-to-date: /home/yalcinolgac/ros2_ws/install/day2/include/day2/day2/msg/detail/robot_status__functions.h
-- Up-to-date: /home/yalcinolgac/ros2_ws/install/day2/include/day2/day2/msg/detail/sensor_data__functions.h
-- Installing: /home/yalcinolgac/ros2_ws/install/day2/include/day2/day2/msg/detail/robot_array__type_support.c
-- Up-to-date: /home/yalcinolgac/ros2_ws/install/day2/include/day2/day2/msg/detail/motor_status__description.c
-- Up-to-date: /home/yalcinolgac/ros2_ws/install/day2/include/day2/day2/msg/detail/motor_status__struct.h
-- Up-to-date: /home/yalcinolgac/ros2_ws/install/day2/include/day2/day2/msg/detail/sensor_data__functions.c
-- Up-to-date: /home/yalcinolgac/ros2_ws/install/day2/include/day2/day2/msg/detail/robot_status__description.c
-- Installing: /home/yalcinolgac/ros2_ws/install/day2/include/day2/day2/msg/detail/sensor_data__type_support.c
-- Up-to-date: /home/yalcinolgac/ros2_ws/install/day2/include/day2/day2/msg/detail/robot_status__type_support.h
-- Up-to-date: /home/yalcinolgac/ros2_ws/install/day2/include/day2/day2/msg/detail/robot_array__description.c
-- Up-to-date: /home/yalcinolgac/ros2_ws/install/day2/include/day2/day2/msg/detail/robot_status__struct.h
-- Up-to-date: /home/yalcinolgac/ros2_ws/install/day2/include/day2/day2/msg/detail/robot_array__functions.c
-- Up-to-date: /home/yalcinolgac/ros2_ws/install/day2/include/day2/day2/msg/detail/motor_status__type_support.h
-- Installing: /home/yalcinolgac/ros2_ws/install/day2/include/day2/day2/msg/detail/motor_status__type_support.c
-- Up-to-date: /home/yalcinolgac/ros2_ws/install/day2/include/day2/day2/msg/detail/robot_status__functions.c
-- Up-to-date: /home/yalcinolgac/ros2_ws/install/day2/include/day2/day2/msg/detail/sensor_data__type_support.h
-- Up-to-date: /home/yalcinolgac/ros2_ws/install/day2/include/day2/day2/msg/detail/motor_status__functions.c
-- Installing: /home/yalcinolgac/ros2_ws/install/day2/include/day2/day2/msg/detail/robot_status__type_support.c
-- Up-to-date: /home/yalcinolgac/ros2_ws/install/day2/include/day2/day2/msg/detail/sensor_data__description.c
-- Up-to-date: /home/yalcinolgac/ros2_ws/install/day2/include/day2/day2/msg/detail/sensor_data__struct.h
-- Up-to-date: /home/yalcinolgac/ros2_ws/install/day2/include/day2/day2/msg/detail/robot_array__type_support.h
-- Up-to-date: /home/yalcinolgac/ros2_ws/install/day2/include/day2/day2/msg/motor_status.h
-- Up-to-date: /home/yalcinolgac/ros2_ws/install/day2/include/day2/day2/msg/robot_array.h
-- Up-to-date: /home/yalcinolgac/ros2_ws/install/day2/include/day2/day2/msg/sensor_data.h
-- Up-to-date: /home/yalcinolgac/ros2_ws/install/day2/include/day2/day2/msg/robot_status.h
-- Up-to-date: /home/yalcinolgac/ros2_ws/install/day2/include/day2/day2/msg/rosidl_generator_c__visibility_control.h
-- Up-to-date: /home/yalcinolgac/ros2_ws/install/day2/include/day2/day2/action
-- Up-to-date: /home/yalcinolgac/ros2_ws/install/day2/include/day2/day2/action/detail
-- Up-to-date: /home/yalcinolgac/ros2_ws/install/day2/include/day2/day2/action/detail/map_area__description.c
-- Up-to-date: /home/yalcinolgac/ros2_ws/install/day2/include/day2/day2/action/detail/map_area__struct.h
-- Up-to-date: /home/yalcinolgac/ros2_ws/install/day2/include/day2/day2/action/detail/map_area__type_support.h
-- Up-to-date: /home/yalcinolgac/ros2_ws/install/day2/include/day2/day2/action/detail/pick_and_place__description.c
-- Up-to-date: /home/yalcinolgac/ros2_ws/install/day2/include/day2/day2/action/detail/navigate__type_support.h
-- Up-to-date: /home/yalcinolgac/ros2_ws/install/day2/include/day2/day2/action/detail/navigate__struct.h
-- Up-to-date: /home/yalcinolgac/ros2_ws/install/day2/include/day2/day2/action/detail/charge_battery__functions.c
-- Up-to-date: /home/yalcinolgac/ros2_ws/install/day2/include/day2/day2/action/detail/navigate__functions.h
-- Up-to-date: /home/yalcinolgac/ros2_ws/install/day2/include/day2/day2/action/detail/charge_battery__description.c
-- Up-to-date: /home/yalcinolgac/ros2_ws/install/day2/include/day2/day2/action/detail/navigate__functions.c
-- Up-to-date: /home/yalcinolgac/ros2_ws/install/day2/include/day2/day2/action/detail/pick_and_place__type_support.h
-- Installing: /home/yalcinolgac/ros2_ws/install/day2/include/day2/day2/action/detail/map_area__type_support.c
-- Up-to-date: /home/yalcinolgac/ros2_ws/install/day2/include/day2/day2/action/detail/pick_and_place__struct.h
-- Installing: /home/yalcinolgac/ros2_ws/install/day2/include/day2/day2/action/detail/charge_battery__type_support.c
-- Up-to-date: /home/yalcinolgac/ros2_ws/install/day2/include/day2/day2/action/detail/charge_battery__functions.h
-- Installing: /home/yalcinolgac/ros2_ws/install/day2/include/day2/day2/action/detail/navigate__type_support.c
-- Up-to-date: /home/yalcinolgac/ros2_ws/install/day2/include/day2/day2/action/detail/pick_and_place__functions.c
-- Up-to-date: /home/yalcinolgac/ros2_ws/install/day2/include/day2/day2/action/detail/navigate__description.c
-- Up-to-date: /home/yalcinolgac/ros2_ws/install/day2/include/day2/day2/action/detail/pick_and_place__functions.h
-- Up-to-date: /home/yalcinolgac/ros2_ws/install/day2/include/day2/day2/action/detail/map_area__functions.c
-- Installing: /home/yalcinolgac/ros2_ws/install/day2/include/day2/day2/action/detail/pick_and_place__type_support.c
-- Up-to-date: /home/yalcinolgac/ros2_ws/install/day2/include/day2/day2/action/detail/map_area__functions.h
-- Up-to-date: /home/yalcinolgac/ros2_ws/install/day2/include/day2/day2/action/detail/charge_battery__struct.h
-- Up-to-date: /home/yalcinolgac/ros2_ws/install/day2/include/day2/day2/action/detail/charge_battery__type_support.h
-- Up-to-date: /home/yalcinolgac/ros2_ws/install/day2/include/day2/day2/action/pick_and_place.h
-- Up-to-date: /home/yalcinolgac/ros2_ws/install/day2/include/day2/day2/action/charge_battery.h
-- Up-to-date: /home/yalcinolgac/ros2_ws/install/day2/include/day2/day2/action/map_area.h
-- Up-to-date: /home/yalcinolgac/ros2_ws/install/day2/include/day2/day2/action/navigate.h
-- Up-to-date: /home/yalcinolgac/ros2_ws/install/day2/include/day2/day2/srv
-- Up-to-date: /home/yalcinolgac/ros2_ws/install/day2/include/day2/day2/srv/detail
-- Installing: /home/yalcinolgac/ros2_ws/install/day2/include/day2/day2/srv/detail/robot_command__type_support.c
-- Up-to-date: /home/yalcinolgac/ros2_ws/install/day2/include/day2/day2/srv/detail/calculate_path__struct.h
-- Installing: /home/yalcinolgac/ros2_ws/install/day2/include/day2/day2/srv/detail/calculate_path__type_support.c
-- Up-to-date: /home/yalcinolgac/ros2_ws/install/day2/include/day2/day2/srv/detail/robot_command__type_support.h
-- Up-to-date: /home/yalcinolgac/ros2_ws/install/day2/include/day2/day2/srv/detail/get_robot_status__description.c
-- Up-to-date: /home/yalcinolgac/ros2_ws/install/day2/include/day2/day2/srv/detail/get_robot_status__type_support.h
-- Up-to-date: /home/yalcinolgac/ros2_ws/install/day2/include/day2/day2/srv/detail/calculate_path__description.c
-- Up-to-date: /home/yalcinolgac/ros2_ws/install/day2/include/day2/day2/srv/detail/robot_command__description.c
-- Up-to-date: /home/yalcinolgac/ros2_ws/install/day2/include/day2/day2/srv/detail/emergency_stop__struct.h
-- Up-to-date: /home/yalcinolgac/ros2_ws/install/day2/include/day2/day2/srv/detail/robot_command__struct.h
-- Up-to-date: /home/yalcinolgac/ros2_ws/install/day2/include/day2/day2/srv/detail/get_robot_status__functions.h
-- Installing: /home/yalcinolgac/ros2_ws/install/day2/include/day2/day2/srv/detail/emergency_stop__type_support.c
-- Up-to-date: /home/yalcinolgac/ros2_ws/install/day2/include/day2/day2/srv/detail/robot_command__functions.h
-- Up-to-date: /home/yalcinolgac/ros2_ws/install/day2/include/day2/day2/srv/detail/calculate_path__functions.h
-- Installing: /home/yalcinolgac/ros2_ws/install/day2/include/day2/day2/srv/detail/get_robot_status__type_support.c
-- Up-to-date: /home/yalcinolgac/ros2_ws/install/day2/include/day2/day2/srv/detail/emergency_stop__description.c
-- Up-to-date: /home/yalcinolgac/ros2_ws/install/day2/include/day2/day2/srv/detail/calculate_path__type_support.h
-- Up-to-date: /home/yalcinolgac/ros2_ws/install/day2/include/day2/day2/srv/detail/robot_command__functions.c
-- Up-to-date: /home/yalcinolgac/ros2_ws/install/day2/include/day2/day2/srv/detail/get_robot_status__functions.c
-- Up-to-date: /home/yalcinolgac/ros2_ws/install/day2/include/day2/day2/srv/detail/emergency_stop__type_support.h
-- Up-to-date: /home/yalcinolgac/ros2_ws/install/day2/include/day2/day2/srv/detail/calculate_path__functions.c
-- Up-to-date: /home/yalcinolgac/ros2_ws/install/day2/include/day2/day2/srv/detail/emergency_stop__functions.h
-- Up-to-date: /home/yalcinolgac/ros2_ws/install/day2/include/day2/day2/srv/detail/get_robot_status__struct.h
-- Up-to-date: /home/yalcinolgac/ros2_ws/install/day2/include/day2/day2/srv/detail/emergency_stop__functions.c
-- Up-to-date: /home/yalcinolgac/ros2_ws/install/day2/include/day2/day2/srv/get_robot_status.h
-- Up-to-date: /home/yalcinolgac/ros2_ws/install/day2/include/day2/day2/srv/robot_command.h
-- Up-to-date: /home/yalcinolgac/ros2_ws/install/day2/include/day2/day2/srv/calculate_path.h
-- Up-to-date: /home/yalcinolgac/ros2_ws/install/day2/include/day2/day2/srv/emergency_stop.h
-- Up-to-date: /home/yalcinolgac/ros2_ws/install/day2/share/day2/environment/library_path.sh
-- Up-to-date: /home/yalcinolgac/ros2_ws/install/day2/share/day2/environment/library_path.dsv
-- Up-to-date: /home/yalcinolgac/ros2_ws/install/day2/lib/libday2__rosidl_generator_c.so
-- Up-to-date: /home/yalcinolgac/ros2_ws/install/day2/include/day2/day2
-- Up-to-date: /home/yalcinolgac/ros2_ws/install/day2/include/day2/day2/msg
-- Up-to-date: /home/yalcinolgac/ros2_ws/install/day2/include/day2/day2/msg/detail
-- Up-to-date: /home/yalcinolgac/ros2_ws/install/day2/include/day2/day2/msg/detail/sensor_data__rosidl_typesupport_fastrtps_c.h
-- Up-to-date: /home/yalcinolgac/ros2_ws/install/day2/include/day2/day2/msg/detail/robot_array__rosidl_typesupport_fastrtps_c.h
-- Up-to-date: /home/yalcinolgac/ros2_ws/install/day2/include/day2/day2/msg/detail/motor_status__rosidl_typesupport_fastrtps_c.h
-- Up-to-date: /home/yalcinolgac/ros2_ws/install/day2/include/day2/day2/msg/detail/robot_status__rosidl_typesupport_fastrtps_c.h
-- Up-to-date: /home/yalcinolgac/ros2_ws/install/day2/include/day2/day2/msg/rosidl_typesupport_fastrtps_c__visibility_control.h
-- Up-to-date: /home/yalcinolgac/ros2_ws/install/day2/include/day2/day2/action
-- Up-to-date: /home/yalcinolgac/ros2_ws/install/day2/include/day2/day2/action/detail
-- Up-to-date: /home/yalcinolgac/ros2_ws/install/day2/include/day2/day2/action/detail/pick_and_place__rosidl_typesupport_fastrtps_c.h
-- Up-to-date: /home/yalcinolgac/ros2_ws/install/day2/include/day2/day2/action/detail/charge_battery__rosidl_typesupport_fastrtps_c.h
-- Up-to-date: /home/yalcinolgac/ros2_ws/install/day2/include/day2/day2/action/detail/navigate__rosidl_typesupport_fastrtps_c.h
-- Up-to-date: /home/yalcinolgac/ros2_ws/install/day2/include/day2/day2/action/detail/map_area__rosidl_typesupport_fastrtps_c.h
-- Up-to-date: /home/yalcinolgac/ros2_ws/install/day2/include/day2/day2/srv
-- Up-to-date: /home/yalcinolgac/ros2_ws/install/day2/include/day2/day2/srv/detail
-- Up-to-date: /home/yalcinolgac/ros2_ws/install/day2/include/day2/day2/srv/detail/robot_command__rosidl_typesupport_fastrtps_c.h
-- Up-to-date: /home/yalcinolgac/ros2_ws/install/day2/include/day2/day2/srv/detail/emergency_stop__rosidl_typesupport_fastrtps_c.h
-- Up-to-date: /home/yalcinolgac/ros2_ws/install/day2/include/day2/day2/srv/detail/get_robot_status__rosidl_typesupport_fastrtps_c.h
-- Up-to-date: /home/yalcinolgac/ros2_ws/install/day2/include/day2/day2/srv/detail/calculate_path__rosidl_typesupport_fastrtps_c.h
-- Up-to-date: /home/yalcinolgac/ros2_ws/install/day2/lib/libday2__rosidl_typesupport_fastrtps_c.so
-- Up-to-date: /home/yalcinolgac/ros2_ws/install/day2/include/day2/day2
-- Up-to-date: /home/yalcinolgac/ros2_ws/install/day2/include/day2/day2/msg
-- Up-to-date: /home/yalcinolgac/ros2_ws/install/day2/include/day2/day2/msg/sensor_data.hpp
-- Up-to-date: /home/yalcinolgac/ros2_ws/install/day2/include/day2/day2/msg/robot_array.hpp
-- Up-to-date: /home/yalcinolgac/ros2_ws/install/day2/include/day2/day2/msg/detail
-- Up-to-date: /home/yalcinolgac/ros2_ws/install/day2/include/day2/day2/msg/detail/robot_status__builder.hpp
-- Up-to-date: /home/yalcinolgac/ros2_ws/install/day2/include/day2/day2/msg/detail/motor_status__traits.hpp
-- Up-to-date: /home/yalcinolgac/ros2_ws/install/day2/include/day2/day2/msg/detail/robot_array__traits.hpp
-- Up-to-date: /home/yalcinolgac/ros2_ws/install/day2/include/day2/day2/msg/detail/robot_array__builder.hpp
-- Up-to-date: /home/yalcinolgac/ros2_ws/install/day2/include/day2/day2/msg/detail/sensor_data__builder.hpp
-- Up-to-date: /home/yalcinolgac/ros2_ws/install/day2/include/day2/day2/msg/detail/robot_array__struct.hpp
-- Up-to-date: /home/yalcinolgac/ros2_ws/install/day2/include/day2/day2/msg/detail/sensor_data__struct.hpp
-- Up-to-date: /home/yalcinolgac/ros2_ws/install/day2/include/day2/day2/msg/detail/motor_status__builder.hpp
-- Up-to-date: /home/yalcinolgac/ros2_ws/install/day2/include/day2/day2/msg/detail/sensor_data__type_support.hpp
-- Up-to-date: /home/yalcinolgac/ros2_ws/install/day2/include/day2/day2/msg/detail/motor_status__type_support.hpp
-- Up-to-date: /home/yalcinolgac/ros2_ws/install/day2/include/day2/day2/msg/detail/robot_array__type_support.hpp
-- Up-to-date: /home/yalcinolgac/ros2_ws/install/day2/include/day2/day2/msg/detail/sensor_data__traits.hpp
-- Up-to-date: /home/yalcinolgac/ros2_ws/install/day2/include/day2/day2/msg/detail/robot_status__traits.hpp
-- Up-to-date: /home/yalcinolgac/ros2_ws/install/day2/include/day2/day2/msg/detail/motor_status__struct.hpp
-- Up-to-date: /home/yalcinolgac/ros2_ws/install/day2/include/day2/day2/msg/detail/robot_status__struct.hpp
-- Up-to-date: /home/yalcinolgac/ros2_ws/install/day2/include/day2/day2/msg/detail/robot_status__type_support.hpp
-- Up-to-date: /home/yalcinolgac/ros2_ws/install/day2/include/day2/day2/msg/motor_status.hpp
-- Up-to-date: /home/yalcinolgac/ros2_ws/install/day2/include/day2/day2/msg/rosidl_generator_cpp__visibility_control.hpp
-- Up-to-date: /home/yalcinolgac/ros2_ws/install/day2/include/day2/day2/msg/robot_status.hpp
-- Up-to-date: /home/yalcinolgac/ros2_ws/install/day2/include/day2/day2/action
-- Up-to-date: /home/yalcinolgac/ros2_ws/install/day2/include/day2/day2/action/charge_battery.hpp
-- Up-to-date: /home/yalcinolgac/ros2_ws/install/day2/include/day2/day2/action/detail
-- Up-to-date: /home/yalcinolgac/ros2_ws/install/day2/include/day2/day2/action/detail/pick_and_place__type_support.hpp
-- Up-to-date: /home/yalcinolgac/ros2_ws/install/day2/include/day2/day2/action/detail/map_area__type_support.hpp
-- Up-to-date: /home/yalcinolgac/ros2_ws/install/day2/include/day2/day2/action/detail/pick_and_place__traits.hpp
-- Up-to-date: /home/yalcinolgac/ros2_ws/install/day2/include/day2/day2/action/detail/navigate__type_support.hpp
-- Up-to-date: /home/yalcinolgac/ros2_ws/install/day2/include/day2/day2/action/detail/charge_battery__builder.hpp
-- Up-to-date: /home/yalcinolgac/ros2_ws/install/day2/include/day2/day2/action/detail/navigate__builder.hpp
-- Up-to-date: /home/yalcinolgac/ros2_ws/install/day2/include/day2/day2/action/detail/navigate__struct.hpp
-- Up-to-date: /home/yalcinolgac/ros2_ws/install/day2/include/day2/day2/action/detail/map_area__traits.hpp
-- Up-to-date: /home/yalcinolgac/ros2_ws/install/day2/include/day2/day2/action/detail/charge_battery__struct.hpp
-- Up-to-date: /home/yalcinolgac/ros2_ws/install/day2/include/day2/day2/action/detail/pick_and_place__builder.hpp
-- Up-to-date: /home/yalcinolgac/ros2_ws/install/day2/include/day2/day2/action/detail/pick_and_place__struct.hpp
-- Up-to-date: /home/yalcinolgac/ros2_ws/install/day2/include/day2/day2/action/detail/navigate__traits.hpp
-- Up-to-date: /home/yalcinolgac/ros2_ws/install/day2/include/day2/day2/action/detail/charge_battery__traits.hpp
-- Up-to-date: /home/yalcinolgac/ros2_ws/install/day2/include/day2/day2/action/detail/charge_battery__type_support.hpp
-- Up-to-date: /home/yalcinolgac/ros2_ws/install/day2/include/day2/day2/action/detail/map_area__struct.hpp
-- Up-to-date: /home/yalcinolgac/ros2_ws/install/day2/include/day2/day2/action/detail/map_area__builder.hpp
-- Up-to-date: /home/yalcinolgac/ros2_ws/install/day2/include/day2/day2/action/map_area.hpp
-- Up-to-date: /home/yalcinolgac/ros2_ws/install/day2/include/day2/day2/action/navigate.hpp
-- Up-to-date: /home/yalcinolgac/ros2_ws/install/day2/include/day2/day2/action/pick_and_place.hpp
-- Up-to-date: /home/yalcinolgac/ros2_ws/install/day2/include/day2/day2/srv
-- Up-to-date: /home/yalcinolgac/ros2_ws/install/day2/include/day2/day2/srv/get_robot_status.hpp
-- Up-to-date: /home/yalcinolgac/ros2_ws/install/day2/include/day2/day2/srv/detail
-- Up-to-date: /home/yalcinolgac/ros2_ws/install/day2/include/day2/day2/srv/detail/get_robot_status__type_support.hpp
-- Up-to-date: /home/yalcinolgac/ros2_ws/install/day2/include/day2/day2/srv/detail/emergency_stop__builder.hpp
-- Up-to-date: /home/yalcinolgac/ros2_ws/install/day2/include/day2/day2/srv/detail/robot_command__struct.hpp
-- Up-to-date: /home/yalcinolgac/ros2_ws/install/day2/include/day2/day2/srv/detail/emergency_stop__struct.hpp
-- Up-to-date: /home/yalcinolgac/ros2_ws/install/day2/include/day2/day2/srv/detail/get_robot_status__builder.hpp
-- Up-to-date: /home/yalcinolgac/ros2_ws/install/day2/include/day2/day2/srv/detail/robot_command__type_support.hpp
-- Up-to-date: /home/yalcinolgac/ros2_ws/install/day2/include/day2/day2/srv/detail/robot_command__builder.hpp
-- Up-to-date: /home/yalcinolgac/ros2_ws/install/day2/include/day2/day2/srv/detail/get_robot_status__traits.hpp
-- Up-to-date: /home/yalcinolgac/ros2_ws/install/day2/include/day2/day2/srv/detail/calculate_path__builder.hpp
-- Up-to-date: /home/yalcinolgac/ros2_ws/install/day2/include/day2/day2/srv/detail/emergency_stop__type_support.hpp
-- Up-to-date: /home/yalcinolgac/ros2_ws/install/day2/include/day2/day2/srv/detail/emergency_stop__traits.hpp
-- Up-to-date: /home/yalcinolgac/ros2_ws/install/day2/include/day2/day2/srv/detail/calculate_path__struct.hpp
-- Up-to-date: /home/yalcinolgac/ros2_ws/install/day2/include/day2/day2/srv/detail/get_robot_status__struct.hpp
-- Up-to-date: /home/yalcinolgac/ros2_ws/install/day2/include/day2/day2/srv/detail/calculate_path__type_support.hpp
-- Up-to-date: /home/yalcinolgac/ros2_ws/install/day2/include/day2/day2/srv/detail/robot_command__traits.hpp
-- Up-to-date: /home/yalcinolgac/ros2_ws/install/day2/include/day2/day2/srv/detail/calculate_path__traits.hpp
-- Up-to-date: /home/yalcinolgac/ros2_ws/install/day2/include/day2/day2/srv/robot_command.hpp
-- Up-to-date: /home/yalcinolgac/ros2_ws/install/day2/include/day2/day2/srv/calculate_path.hpp
-- Up-to-date: /home/yalcinolgac/ros2_ws/install/day2/include/day2/day2/srv/emergency_stop.hpp
-- Up-to-date: /home/yalcinolgac/ros2_ws/install/day2/include/day2/day2
-- Up-to-date: /home/yalcinolgac/ros2_ws/install/day2/include/day2/day2/msg
-- Up-to-date: /home/yalcinolgac/ros2_ws/install/day2/include/day2/day2/msg/detail
-- Up-to-date: /home/yalcinolgac/ros2_ws/install/day2/include/day2/day2/msg/detail/robot_array__rosidl_typesupport_fastrtps_cpp.hpp
-- Up-to-date: /home/yalcinolgac/ros2_ws/install/day2/include/day2/day2/msg/detail/motor_status__rosidl_typesupport_fastrtps_cpp.hpp
-- Up-to-date: /home/yalcinolgac/ros2_ws/install/day2/include/day2/day2/msg/detail/sensor_data__rosidl_typesupport_fastrtps_cpp.hpp
-- Up-to-date: /home/yalcinolgac/ros2_ws/install/day2/include/day2/day2/msg/detail/dds_fastrtps
-- Up-to-date: /home/yalcinolgac/ros2_ws/install/day2/include/day2/day2/msg/detail/robot_status__rosidl_typesupport_fastrtps_cpp.hpp
-- Up-to-date: /home/yalcinolgac/ros2_ws/install/day2/include/day2/day2/msg/rosidl_typesupport_fastrtps_cpp__visibility_control.h
-- Up-to-date: /home/yalcinolgac/ros2_ws/install/day2/include/day2/day2/action
-- Up-to-date: /home/yalcinolgac/ros2_ws/install/day2/include/day2/day2/action/detail
-- Up-to-date: /home/yalcinolgac/ros2_ws/install/day2/include/day2/day2/action/detail/dds_fastrtps
-- Up-to-date: /home/yalcinolgac/ros2_ws/install/day2/include/day2/day2/action/detail/map_area__rosidl_typesupport_fastrtps_cpp.hpp
-- Up-to-date: /home/yalcinolgac/ros2_ws/install/day2/include/day2/day2/action/detail/charge_battery__rosidl_typesupport_fastrtps_cpp.hpp
-- Up-to-date: /home/yalcinolgac/ros2_ws/install/day2/include/day2/day2/action/detail/navigate__rosidl_typesupport_fastrtps_cpp.hpp
-- Up-to-date: /home/yalcinolgac/ros2_ws/install/day2/include/day2/day2/action/detail/pick_and_place__rosidl_typesupport_fastrtps_cpp.hpp
-- Up-to-date: /home/yalcinolgac/ros2_ws/install/day2/include/day2/day2/srv
-- Up-to-date: /home/yalcinolgac/ros2_ws/install/day2/include/day2/day2/srv/detail
-- Up-to-date: /home/yalcinolgac/ros2_ws/install/day2/include/day2/day2/srv/detail/get_robot_status__rosidl_typesupport_fastrtps_cpp.hpp
-- Up-to-date: /home/yalcinolgac/ros2_ws/install/day2/include/day2/day2/srv/detail/emergency_stop__rosidl_typesupport_fastrtps_cpp.hpp
-- Up-to-date: /home/yalcinolgac/ros2_ws/install/day2/include/day2/day2/srv/detail/dds_fastrtps
-- Up-to-date: /home/yalcinolgac/ros2_ws/install/day2/include/day2/day2/srv/detail/robot_command__rosidl_typesupport_fastrtps_cpp.hpp
-- Up-to-date: /home/yalcinolgac/ros2_ws/install/day2/include/day2/day2/srv/detail/calculate_path__rosidl_typesupport_fastrtps_cpp.hpp
-- Up-to-date: /home/yalcinolgac/ros2_ws/install/day2/lib/libday2__rosidl_typesupport_fastrtps_cpp.so
-- Up-to-date: /home/yalcinolgac/ros2_ws/install/day2/include/day2/day2
-- Up-to-date: /home/yalcinolgac/ros2_ws/install/day2/include/day2/day2/msg
-- Up-to-date: /home/yalcinolgac/ros2_ws/install/day2/include/day2/day2/msg/detail
-- Up-to-date: /home/yalcinolgac/ros2_ws/install/day2/include/day2/day2/msg/detail/robot_status__rosidl_typesupport_introspection_c.h
-- Installing: /home/yalcinolgac/ros2_ws/install/day2/include/day2/day2/msg/detail/robot_array__type_support.c
-- Installing: /home/yalcinolgac/ros2_ws/install/day2/include/day2/day2/msg/detail/sensor_data__type_support.c
-- Up-to-date: /home/yalcinolgac/ros2_ws/install/day2/include/day2/day2/msg/detail/motor_status__rosidl_typesupport_introspection_c.h
-- Up-to-date: /home/yalcinolgac/ros2_ws/install/day2/include/day2/day2/msg/detail/robot_array__rosidl_typesupport_introspection_c.h
-- Installing: /home/yalcinolgac/ros2_ws/install/day2/include/day2/day2/msg/detail/motor_status__type_support.c
-- Up-to-date: /home/yalcinolgac/ros2_ws/install/day2/include/day2/day2/msg/detail/sensor_data__rosidl_typesupport_introspection_c.h
-- Installing: /home/yalcinolgac/ros2_ws/install/day2/include/day2/day2/msg/detail/robot_status__type_support.c
-- Up-to-date: /home/yalcinolgac/ros2_ws/install/day2/include/day2/day2/msg/rosidl_typesupport_introspection_c__visibility_control.h
-- Up-to-date: /home/yalcinolgac/ros2_ws/install/day2/include/day2/day2/action
-- Up-to-date: /home/yalcinolgac/ros2_ws/install/day2/include/day2/day2/action/detail
-- Installing: /home/yalcinolgac/ros2_ws/install/day2/include/day2/day2/action/detail/map_area__type_support.c
-- Up-to-date: /home/yalcinolgac/ros2_ws/install/day2/include/day2/day2/action/detail/navigate__rosidl_typesupport_introspection_c.h
-- Up-to-date: /home/yalcinolgac/ros2_ws/install/day2/include/day2/day2/action/detail/charge_battery__rosidl_typesupport_introspection_c.h
-- Installing: /home/yalcinolgac/ros2_ws/install/day2/include/day2/day2/action/detail/charge_battery__type_support.c
-- Installing: /home/yalcinolgac/ros2_ws/install/day2/include/day2/day2/action/detail/navigate__type_support.c
-- Installing: /home/yalcinolgac/ros2_ws/install/day2/include/day2/day2/action/detail/pick_and_place__type_support.c
-- Up-to-date: /home/yalcinolgac/ros2_ws/install/day2/include/day2/day2/action/detail/map_area__rosidl_typesupport_introspection_c.h
-- Up-to-date: /home/yalcinolgac/ros2_ws/install/day2/include/day2/day2/action/detail/pick_and_place__rosidl_typesupport_introspection_c.h
-- Up-to-date: /home/yalcinolgac/ros2_ws/install/day2/include/day2/day2/srv
-- Up-to-date: /home/yalcinolgac/ros2_ws/install/day2/include/day2/day2/srv/detail
-- Installing: /home/yalcinolgac/ros2_ws/install/day2/include/day2/day2/srv/detail/robot_command__type_support.c
-- Installing: /home/yalcinolgac/ros2_ws/install/day2/include/day2/day2/srv/detail/calculate_path__type_support.c
-- Up-to-date: /home/yalcinolgac/ros2_ws/install/day2/include/day2/day2/srv/detail/get_robot_status__rosidl_typesupport_introspection_c.h
-- Installing: /home/yalcinolgac/ros2_ws/install/day2/include/day2/day2/srv/detail/emergency_stop__type_support.c
-- Up-to-date: /home/yalcinolgac/ros2_ws/install/day2/include/day2/day2/srv/detail/robot_command__rosidl_typesupport_introspection_c.h
-- Installing: /home/yalcinolgac/ros2_ws/install/day2/include/day2/day2/srv/detail/get_robot_status__type_support.c
-- Up-to-date: /home/yalcinolgac/ros2_ws/install/day2/include/day2/day2/srv/detail/calculate_path__rosidl_typesupport_introspection_c.h
-- Up-to-date: /home/yalcinolgac/ros2_ws/install/day2/include/day2/day2/srv/detail/emergency_stop__rosidl_typesupport_introspection_c.h
-- Up-to-date: /home/yalcinolgac/ros2_ws/install/day2/lib/libday2__rosidl_typesupport_introspection_c.so
-- Up-to-date: /home/yalcinolgac/ros2_ws/install/day2/lib/libday2__rosidl_typesupport_c.so
-- Up-to-date: /home/yalcinolgac/ros2_ws/install/day2/include/day2/day2
-- Up-to-date: /home/yalcinolgac/ros2_ws/install/day2/include/day2/day2/msg
-- Up-to-date: /home/yalcinolgac/ros2_ws/install/day2/include/day2/day2/msg/detail
-- Up-to-date: /home/yalcinolgac/ros2_ws/install/day2/include/day2/day2/msg/detail/motor_status__type_support.cpp
-- Up-to-date: /home/yalcinolgac/ros2_ws/install/day2/include/day2/day2/msg/detail/motor_status__rosidl_typesupport_introspection_cpp.hpp
-- Up-to-date: /home/yalcinolgac/ros2_ws/install/day2/include/day2/day2/msg/detail/sensor_data__rosidl_typesupport_introspection_cpp.hpp
-- Up-to-date: /home/yalcinolgac/ros2_ws/install/day2/include/day2/day2/msg/detail/robot_array__type_support.cpp
-- Up-to-date: /home/yalcinolgac/ros2_ws/install/day2/include/day2/day2/msg/detail/robot_status__type_support.cpp
-- Up-to-date: /home/yalcinolgac/ros2_ws/install/day2/include/day2/day2/msg/detail/robot_array__rosidl_typesupport_introspection_cpp.hpp
-- Up-to-date: /home/yalcinolgac/ros2_ws/install/day2/include/day2/day2/msg/detail/sensor_data__type_support.cpp
-- Up-to-date: /home/yalcinolgac/ros2_ws/install/day2/include/day2/day2/msg/detail/robot_status__rosidl_typesupport_introspection_cpp.hpp
-- Up-to-date: /home/yalcinolgac/ros2_ws/install/day2/include/day2/day2/action
-- Up-to-date: /home/yalcinolgac/ros2_ws/install/day2/include/day2/day2/action/detail
-- Up-to-date: /home/yalcinolgac/ros2_ws/install/day2/include/day2/day2/action/detail/navigate__rosidl_typesupport_introspection_cpp.hpp
-- Up-to-date: /home/yalcinolgac/ros2_ws/install/day2/include/day2/day2/action/detail/map_area__type_support.cpp
-- Up-to-date: /home/yalcinolgac/ros2_ws/install/day2/include/day2/day2/action/detail/navigate__type_support.cpp
-- Up-to-date: /home/yalcinolgac/ros2_ws/install/day2/include/day2/day2/action/detail/charge_battery__type_support.cpp
-- Up-to-date: /home/yalcinolgac/ros2_ws/install/day2/include/day2/day2/action/detail/map_area__rosidl_typesupport_introspection_cpp.hpp
-- Up-to-date: /home/yalcinolgac/ros2_ws/install/day2/include/day2/day2/action/detail/charge_battery__rosidl_typesupport_introspection_cpp.hpp
-- Up-to-date: /home/yalcinolgac/ros2_ws/install/day2/include/day2/day2/action/detail/pick_and_place__rosidl_typesupport_introspection_cpp.hpp
-- Up-to-date: /home/yalcinolgac/ros2_ws/install/day2/include/day2/day2/action/detail/pick_and_place__type_support.cpp
-- Up-to-date: /home/yalcinolgac/ros2_ws/install/day2/include/day2/day2/srv
-- Up-to-date: /home/yalcinolgac/ros2_ws/install/day2/include/day2/day2/srv/detail
-- Up-to-date: /home/yalcinolgac/ros2_ws/install/day2/include/day2/day2/srv/detail/robot_command__type_support.cpp
-- Up-to-date: /home/yalcinolgac/ros2_ws/install/day2/include/day2/day2/srv/detail/calculate_path__rosidl_typesupport_introspection_cpp.hpp
-- Up-to-date: /home/yalcinolgac/ros2_ws/install/day2/include/day2/day2/srv/detail/emergency_stop__rosidl_typesupport_introspection_cpp.hpp
-- Up-to-date: /home/yalcinolgac/ros2_ws/install/day2/include/day2/day2/srv/detail/get_robot_status__type_support.cpp
-- Up-to-date: /home/yalcinolgac/ros2_ws/install/day2/include/day2/day2/srv/detail/robot_command__rosidl_typesupport_introspection_cpp.hpp
-- Up-to-date: /home/yalcinolgac/ros2_ws/install/day2/include/day2/day2/srv/detail/get_robot_status__rosidl_typesupport_introspection_cpp.hpp
-- Up-to-date: /home/yalcinolgac/ros2_ws/install/day2/include/day2/day2/srv/detail/emergency_stop__type_support.cpp
-- Up-to-date: /home/yalcinolgac/ros2_ws/install/day2/include/day2/day2/srv/detail/calculate_path__type_support.cpp
-- Up-to-date: /home/yalcinolgac/ros2_ws/install/day2/lib/libday2__rosidl_typesupport_introspection_cpp.so
-- Up-to-date: /home/yalcinolgac/ros2_ws/install/day2/lib/libday2__rosidl_typesupport_cpp.so
-- Up-to-date: /home/yalcinolgac/ros2_ws/install/day2/share/day2/environment/pythonpath.sh
-- Up-to-date: /home/yalcinolgac/ros2_ws/install/day2/share/day2/environment/pythonpath.dsv
-- Up-to-date: /home/yalcinolgac/ros2_ws/install/day2/lib/python3.12/site-packages/day2-1.0.0-py3.12.egg-info
-- Installing: /home/yalcinolgac/ros2_ws/install/day2/lib/python3.12/site-packages/day2-1.0.0-py3.12.egg-info/PKG-INFO
-- Installing: /home/yalcinolgac/ros2_ws/install/day2/lib/python3.12/site-packages/day2-1.0.0-py3.12.egg-info/SOURCES.txt
-- Installing: /home/yalcinolgac/ros2_ws/install/day2/lib/python3.12/site-packages/day2-1.0.0-py3.12.egg-info/dependency_links.txt
-- Installing: /home/yalcinolgac/ros2_ws/install/day2/lib/python3.12/site-packages/day2-1.0.0-py3.12.egg-info/top_level.txt
-- Up-to-date: /home/yalcinolgac/ros2_ws/install/day2/lib/python3.12/site-packages/day2
-- Up-to-date: /home/yalcinolgac/ros2_ws/install/day2/lib/python3.12/site-packages/day2/_day2_s.ep.rosidl_typesupport_fastrtps_c.c
-- Up-to-date: /home/yalcinolgac/ros2_ws/install/day2/lib/python3.12/site-packages/day2/msg
-- Up-to-date: /home/yalcinolgac/ros2_ws/install/day2/lib/python3.12/site-packages/day2/msg/_robot_status_s.c
-- Up-to-date: /home/yalcinolgac/ros2_ws/install/day2/lib/python3.12/site-packages/day2/msg/_sensor_data.py
-- Up-to-date: /home/yalcinolgac/ros2_ws/install/day2/lib/python3.12/site-packages/day2/msg/_robot_array_s.c
-- Up-to-date: /home/yalcinolgac/ros2_ws/install/day2/lib/python3.12/site-packages/day2/msg/_sensor_data_s.c
-- Up-to-date: /home/yalcinolgac/ros2_ws/install/day2/lib/python3.12/site-packages/day2/msg/_motor_status_s.c
-- Up-to-date: /home/yalcinolgac/ros2_ws/install/day2/lib/python3.12/site-packages/day2/msg/__init__.py
-- Up-to-date: /home/yalcinolgac/ros2_ws/install/day2/lib/python3.12/site-packages/day2/msg/_motor_status.py
-- Up-to-date: /home/yalcinolgac/ros2_ws/install/day2/lib/python3.12/site-packages/day2/msg/_robot_status.py
-- Up-to-date: /home/yalcinolgac/ros2_ws/install/day2/lib/python3.12/site-packages/day2/msg/_robot_array.py
-- Up-to-date: /home/yalcinolgac/ros2_ws/install/day2/lib/python3.12/site-packages/day2/day2_s__rosidl_typesupport_fastrtps_c.so
-- Up-to-date: /home/yalcinolgac/ros2_ws/install/day2/lib/python3.12/site-packages/day2/_day2_s.ep.rosidl_typesupport_introspection_c.c
-- Up-to-date: /home/yalcinolgac/ros2_ws/install/day2/lib/python3.12/site-packages/day2/action
-- Up-to-date: /home/yalcinolgac/ros2_ws/install/day2/lib/python3.12/site-packages/day2/action/_charge_battery_s.c
-- Up-to-date: /home/yalcinolgac/ros2_ws/install/day2/lib/python3.12/site-packages/day2/action/_charge_battery.py
-- Up-to-date: /home/yalcinolgac/ros2_ws/install/day2/lib/python3.12/site-packages/day2/action/_pick_and_place.py
-- Up-to-date: /home/yalcinolgac/ros2_ws/install/day2/lib/python3.12/site-packages/day2/action/_navigate.py
-- Up-to-date: /home/yalcinolgac/ros2_ws/install/day2/lib/python3.12/site-packages/day2/action/_navigate_s.c
-- Up-to-date: /home/yalcinolgac/ros2_ws/install/day2/lib/python3.12/site-packages/day2/action/_pick_and_place_s.c
-- Up-to-date: /home/yalcinolgac/ros2_ws/install/day2/lib/python3.12/site-packages/day2/action/_map_area.py
-- Up-to-date: /home/yalcinolgac/ros2_ws/install/day2/lib/python3.12/site-packages/day2/action/__init__.py
-- Up-to-date: /home/yalcinolgac/ros2_ws/install/day2/lib/python3.12/site-packages/day2/action/_map_area_s.c
-- Up-to-date: /home/yalcinolgac/ros2_ws/install/day2/lib/python3.12/site-packages/day2/__init__.py
-- Up-to-date: /home/yalcinolgac/ros2_ws/install/day2/lib/python3.12/site-packages/day2/day2_s__rosidl_typesupport_c.so
-- Up-to-date: /home/yalcinolgac/ros2_ws/install/day2/lib/python3.12/site-packages/day2/srv
-- Up-to-date: /home/yalcinolgac/ros2_ws/install/day2/lib/python3.12/site-packages/day2/srv/_get_robot_status.py
-- Up-to-date: /home/yalcinolgac/ros2_ws/install/day2/lib/python3.12/site-packages/day2/srv/_robot_command_s.c
-- Up-to-date: /home/yalcinolgac/ros2_ws/install/day2/lib/python3.12/site-packages/day2/srv/_calculate_path.py
-- Up-to-date: /home/yalcinolgac/ros2_ws/install/day2/lib/python3.12/site-packages/day2/srv/_emergency_stop_s.c
-- Up-to-date: /home/yalcinolgac/ros2_ws/install/day2/lib/python3.12/site-packages/day2/srv/__init__.py
-- Up-to-date: /home/yalcinolgac/ros2_ws/install/day2/lib/python3.12/site-packages/day2/srv/_emergency_stop.py
-- Up-to-date: /home/yalcinolgac/ros2_ws/install/day2/lib/python3.12/site-packages/day2/srv/_robot_command.py
-- Up-to-date: /home/yalcinolgac/ros2_ws/install/day2/lib/python3.12/site-packages/day2/srv/_get_robot_status_s.c
-- Up-to-date: /home/yalcinolgac/ros2_ws/install/day2/lib/python3.12/site-packages/day2/srv/_calculate_path_s.c
-- Up-to-date: /home/yalcinolgac/ros2_ws/install/day2/lib/python3.12/site-packages/day2/day2_s__rosidl_typesupport_introspection_c.so
-- Up-to-date: /home/yalcinolgac/ros2_ws/install/day2/lib/python3.12/site-packages/day2/_day2_s.ep.rosidl_typesupport_c.c
Listing '/home/yalcinolgac/ros2_ws/install/day2/lib/python3.12/site-packages/day2'...
Listing '/home/yalcinolgac/ros2_ws/install/day2/lib/python3.12/site-packages/day2/action'...
Listing '/home/yalcinolgac/ros2_ws/install/day2/lib/python3.12/site-packages/day2/msg'...
Listing '/home/yalcinolgac/ros2_ws/install/day2/lib/python3.12/site-packages/day2/srv'...
-- Up-to-date: /home/yalcinolgac/ros2_ws/install/day2/lib/python3.12/site-packages/day2/day2_s__rosidl_typesupport_fastrtps_c.so
-- Up-to-date: /home/yalcinolgac/ros2_ws/install/day2/lib/python3.12/site-packages/day2/day2_s__rosidl_typesupport_introspection_c.so
-- Up-to-date: /home/yalcinolgac/ros2_ws/install/day2/lib/python3.12/site-packages/day2/day2_s__rosidl_typesupport_c.so
-- Up-to-date: /home/yalcinolgac/ros2_ws/install/day2/lib/libday2__rosidl_generator_py.so
-- Up-to-date: /home/yalcinolgac/ros2_ws/install/day2/share/day2/msg/RobotStatus.idl
-- Up-to-date: /home/yalcinolgac/ros2_ws/install/day2/share/day2/msg/SensorData.idl
-- Up-to-date: /home/yalcinolgac/ros2_ws/install/day2/share/day2/msg/MotorStatus.idl
-- Up-to-date: /home/yalcinolgac/ros2_ws/install/day2/share/day2/msg/RobotArray.idl
-- Up-to-date: /home/yalcinolgac/ros2_ws/install/day2/share/day2/srv/RobotCommand.idl
-- Up-to-date: /home/yalcinolgac/ros2_ws/install/day2/share/day2/srv/GetRobotStatus.idl
-- Up-to-date: /home/yalcinolgac/ros2_ws/install/day2/share/day2/srv/CalculatePath.idl
-- Up-to-date: /home/yalcinolgac/ros2_ws/install/day2/share/day2/srv/EmergencyStop.idl
-- Up-to-date: /home/yalcinolgac/ros2_ws/install/day2/share/day2/action/Navigate.idl
-- Up-to-date: /home/yalcinolgac/ros2_ws/install/day2/share/day2/action/PickAndPlace.idl
-- Up-to-date: /home/yalcinolgac/ros2_ws/install/day2/share/day2/action/MapArea.idl
-- Up-to-date: /home/yalcinolgac/ros2_ws/install/day2/share/day2/action/ChargeBattery.idl
-- Up-to-date: /home/yalcinolgac/ros2_ws/install/day2/share/day2/msg/RobotStatus.msg
-- Up-to-date: /home/yalcinolgac/ros2_ws/install/day2/share/day2/msg/SensorData.msg
-- Up-to-date: /home/yalcinolgac/ros2_ws/install/day2/share/day2/msg/MotorStatus.msg
-- Up-to-date: /home/yalcinolgac/ros2_ws/install/day2/share/day2/msg/RobotArray.msg
-- Up-to-date: /home/yalcinolgac/ros2_ws/install/day2/share/day2/srv/RobotCommand.srv
-- Up-to-date: /home/yalcinolgac/ros2_ws/install/day2/share/day2/srv/GetRobotStatus.srv
-- Up-to-date: /home/yalcinolgac/ros2_ws/install/day2/share/day2/srv/CalculatePath.srv
-- Up-to-date: /home/yalcinolgac/ros2_ws/install/day2/share/day2/srv/EmergencyStop.srv
-- Up-to-date: /home/yalcinolgac/ros2_ws/install/day2/share/day2/action/Navigate.action
-- Up-to-date: /home/yalcinolgac/ros2_ws/install/day2/share/day2/action/PickAndPlace.action
-- Up-to-date: /home/yalcinolgac/ros2_ws/install/day2/share/day2/action/MapArea.action
-- Up-to-date: /home/yalcinolgac/ros2_ws/install/day2/share/day2/action/ChargeBattery.action
-- Up-to-date: /home/yalcinolgac/ros2_ws/install/day2/share/ament_index/resource_index/package_run_dependencies/day2
-- Up-to-date: /home/yalcinolgac/ros2_ws/install/day2/share/ament_index/resource_index/parent_prefix_path/day2
-- Up-to-date: /home/yalcinolgac/ros2_ws/install/day2/share/day2/environment/ament_prefix_path.sh
-- Up-to-date: /home/yalcinolgac/ros2_ws/install/day2/share/day2/environment/ament_prefix_path.dsv
-- Up-to-date: /home/yalcinolgac/ros2_ws/install/day2/share/day2/environment/path.sh
-- Up-to-date: /home/yalcinolgac/ros2_ws/install/day2/share/day2/environment/path.dsv
-- Up-to-date: /home/yalcinolgac/ros2_ws/install/day2/share/day2/local_setup.bash
-- Up-to-date: /home/yalcinolgac/ros2_ws/install/day2/share/day2/local_setup.sh
-- Up-to-date: /home/yalcinolgac/ros2_ws/install/day2/share/day2/local_setup.zsh
-- Up-to-date: /home/yalcinolgac/ros2_ws/install/day2/share/day2/local_setup.dsv
-- Installing: /home/yalcinolgac/ros2_ws/install/day2/share/day2/package.dsv
-- Up-to-date: /home/yalcinolgac/ros2_ws/install/day2/share/ament_index/resource_index/packages/day2
-- Up-to-date: /home/yalcinolgac/ros2_ws/install/day2/share/day2/cmake/export_day2__rosidl_generator_cExport.cmake
-- Up-to-date: /home/yalcinolgac/ros2_ws/install/day2/share/day2/cmake/export_day2__rosidl_generator_cExport-noconfig.cmake
-- Up-to-date: /home/yalcinolgac/ros2_ws/install/day2/share/day2/cmake/export_day2__rosidl_typesupport_fastrtps_cExport.cmake
-- Up-to-date: /home/yalcinolgac/ros2_ws/install/day2/share/day2/cmake/export_day2__rosidl_typesupport_fastrtps_cExport-noconfig.cmake
-- Up-to-date: /home/yalcinolgac/ros2_ws/install/day2/share/day2/cmake/export_day2__rosidl_generator_cppExport.cmake
-- Up-to-date: /home/yalcinolgac/ros2_ws/install/day2/share/day2/cmake/export_day2__rosidl_typesupport_fastrtps_cppExport.cmake
-- Up-to-date: /home/yalcinolgac/ros2_ws/install/day2/share/day2/cmake/export_day2__rosidl_typesupport_fastrtps_cppExport-noconfig.cmake
-- Up-to-date: /home/yalcinolgac/ros2_ws/install/day2/share/day2/cmake/day2__rosidl_typesupport_introspection_cExport.cmake
-- Up-to-date: /home/yalcinolgac/ros2_ws/install/day2/share/day2/cmake/day2__rosidl_typesupport_introspection_cExport-noconfig.cmake
-- Up-to-date: /home/yalcinolgac/ros2_ws/install/day2/share/day2/cmake/day2__rosidl_typesupport_cExport.cmake
-- Up-to-date: /home/yalcinolgac/ros2_ws/install/day2/share/day2/cmake/day2__rosidl_typesupport_cExport-noconfig.cmake
-- Up-to-date: /home/yalcinolgac/ros2_ws/install/day2/share/day2/cmake/day2__rosidl_typesupport_introspection_cppExport.cmake
-- Up-to-date: /home/yalcinolgac/ros2_ws/install/day2/share/day2/cmake/day2__rosidl_typesupport_introspection_cppExport-noconfig.cmake
-- Up-to-date: /home/yalcinolgac/ros2_ws/install/day2/share/day2/cmake/day2__rosidl_typesupport_cppExport.cmake
-- Up-to-date: /home/yalcinolgac/ros2_ws/install/day2/share/day2/cmake/day2__rosidl_typesupport_cppExport-noconfig.cmake
-- Up-to-date: /home/yalcinolgac/ros2_ws/install/day2/share/day2/cmake/export_day2__rosidl_generator_pyExport.cmake
-- Up-to-date: /home/yalcinolgac/ros2_ws/install/day2/share/day2/cmake/export_day2__rosidl_generator_pyExport-noconfig.cmake
-- Up-to-date: /home/yalcinolgac/ros2_ws/install/day2/share/day2/cmake/rosidl_cmake-extras.cmake
-- Up-to-date: /home/yalcinolgac/ros2_ws/install/day2/share/day2/cmake/ament_cmake_export_dependencies-extras.cmake
-- Up-to-date: /home/yalcinolgac/ros2_ws/install/day2/share/day2/cmake/ament_cmake_export_include_directories-extras.cmake
-- Up-to-date: /home/yalcinolgac/ros2_ws/install/day2/share/day2/cmake/ament_cmake_export_libraries-extras.cmake
-- Up-to-date: /home/yalcinolgac/ros2_ws/install/day2/share/day2/cmake/ament_cmake_export_targets-extras.cmake
-- Up-to-date: /home/yalcinolgac/ros2_ws/install/day2/share/day2/cmake/rosidl_cmake_export_typesupport_targets-extras.cmake
-- Up-to-date: /home/yalcinolgac/ros2_ws/install/day2/share/day2/cmake/rosidl_cmake_export_typesupport_libraries-extras.cmake
-- Up-to-date: /home/yalcinolgac/ros2_ws/install/day2/share/day2/cmake/day2Config.cmake
-- Up-to-date: /home/yalcinolgac/ros2_ws/install/day2/share/day2/cmake/day2Config-version.cmake
-- Up-to-date: /home/yalcinolgac/ros2_ws/install/day2/share/day2/package.xml
