[0.138s] DEBUG:colcon:Command line arguments: ['/usr/bin/colcon', 'build']
[0.138s] DEBUG:colcon:Parsed command line arguments: Namespace(log_base=None, log_level=None, verb_name='build', build_base='build', install_base='install', merge_install=False, symlink_install=False, test_result_base=None, continue_on_error=False, executor='parallel', parallel_workers=32, event_handlers=None, ignore_user_meta=False, metas=['./colcon.meta'], base_paths=['.'], packages_ignore=None, packages_ignore_regex=None, paths=None, packages_up_to=None, packages_up_to_regex=None, packages_above=None, packages_above_and_dependencies=None, packages_above_depth=None, packages_select_by_dep=None, packages_skip_by_dep=None, packages_skip_up_to=None, packages_select_build_failed=False, packages_skip_build_finished=False, packages_select_test_failures=False, packages_skip_test_passed=False, packages_select=None, packages_skip=None, packages_select_regex=None, packages_skip_regex=None, packages_start=None, packages_end=None, allow_overriding=[], cmake_args=None, cmake_target=None, cmake_target_skip_unavailable=False, cmake_clean_cache=False, cmake_clean_first=False, cmake_force_configure=False, ament_cmake_args=None, catkin_cmake_args=None, catkin_skip_building_tests=False, mixin_files=None, mixin=None, verb_parser=<colcon_mixin.mixin.mixin_argument.MixinArgumentDecorator object at 0x7fe176db0aa0>, verb_extension=<colcon_core.verb.build.BuildVerb object at 0x7fe176db0770>, main=<bound method BuildVerb.main of <colcon_core.verb.build.BuildVerb object at 0x7fe176db0770>>, mixin_verb=('build',))
[0.178s] Level 1:colcon.colcon_core.package_discovery:discover_packages(colcon_meta) check parameters
[0.178s] Level 1:colcon.colcon_core.package_discovery:discover_packages(recursive) check parameters
[0.178s] Level 1:colcon.colcon_core.package_discovery:discover_packages(ignore) check parameters
[0.178s] Level 1:colcon.colcon_core.package_discovery:discover_packages(path) check parameters
[0.178s] Level 1:colcon.colcon_core.package_discovery:discover_packages(colcon_meta) discover
[0.178s] Level 1:colcon.colcon_core.package_discovery:discover_packages(recursive) discover
[0.178s] INFO:colcon.colcon_core.package_discovery:Crawling recursively for packages in '/home/yalcinolgac/ros2_ws'
[0.179s] Level 1:colcon.colcon_core.package_identification:_identify(.) by extensions ['ignore', 'ignore_ament_install']
[0.179s] Level 1:colcon.colcon_core.package_identification:_identify(.) by extension 'ignore'
[0.179s] Level 1:colcon.colcon_core.package_identification:_identify(.) by extension 'ignore_ament_install'
[0.179s] Level 1:colcon.colcon_core.package_identification:_identify(.) by extensions ['colcon_pkg']
[0.179s] Level 1:colcon.colcon_core.package_identification:_identify(.) by extension 'colcon_pkg'
[0.179s] Level 1:colcon.colcon_core.package_identification:_identify(.) by extensions ['colcon_meta']
[0.179s] Level 1:colcon.colcon_core.package_identification:_identify(.) by extension 'colcon_meta'
[0.179s] Level 1:colcon.colcon_core.package_identification:_identify(.) by extensions ['ros']
[0.179s] Level 1:colcon.colcon_core.package_identification:_identify(.) by extension 'ros'
[0.199s] Level 1:colcon.colcon_core.package_identification:_identify(.) by extensions ['cmake', 'python']
[0.199s] Level 1:colcon.colcon_core.package_identification:_identify(.) by extension 'cmake'
[0.199s] Level 1:colcon.colcon_core.package_identification:_identify(.) by extension 'python'
[0.199s] Level 1:colcon.colcon_core.package_identification:_identify(.) by extensions ['python_setup_py']
[0.199s] Level 1:colcon.colcon_core.package_identification:_identify(.) by extension 'python_setup_py'
[0.200s] Level 1:colcon.colcon_core.package_identification:_identify(build) by extensions ['ignore', 'ignore_ament_install']
[0.200s] Level 1:colcon.colcon_core.package_identification:_identify(build) by extension 'ignore'
[0.200s] Level 1:colcon.colcon_core.package_identification:_identify(build) ignored
[0.200s] Level 1:colcon.colcon_core.package_identification:_identify(install) by extensions ['ignore', 'ignore_ament_install']
[0.200s] Level 1:colcon.colcon_core.package_identification:_identify(install) by extension 'ignore'
[0.200s] Level 1:colcon.colcon_core.package_identification:_identify(install) ignored
[0.200s] Level 1:colcon.colcon_core.package_identification:_identify(log) by extensions ['ignore', 'ignore_ament_install']
[0.200s] Level 1:colcon.colcon_core.package_identification:_identify(log) by extension 'ignore'
[0.200s] Level 1:colcon.colcon_core.package_identification:_identify(log) ignored
[0.200s] Level 1:colcon.colcon_core.package_identification:_identify(src) by extensions ['ignore', 'ignore_ament_install']
[0.200s] Level 1:colcon.colcon_core.package_identification:_identify(src) by extension 'ignore'
[0.200s] Level 1:colcon.colcon_core.package_identification:_identify(src) by extension 'ignore_ament_install'
[0.200s] Level 1:colcon.colcon_core.package_identification:_identify(src) by extensions ['colcon_pkg']
[0.200s] Level 1:colcon.colcon_core.package_identification:_identify(src) by extension 'colcon_pkg'
[0.200s] Level 1:colcon.colcon_core.package_identification:_identify(src) by extensions ['colcon_meta']
[0.200s] Level 1:colcon.colcon_core.package_identification:_identify(src) by extension 'colcon_meta'
[0.201s] Level 1:colcon.colcon_core.package_identification:_identify(src) by extensions ['ros']
[0.201s] Level 1:colcon.colcon_core.package_identification:_identify(src) by extension 'ros'
[0.201s] Level 1:colcon.colcon_core.package_identification:_identify(src) by extensions ['cmake', 'python']
[0.201s] Level 1:colcon.colcon_core.package_identification:_identify(src) by extension 'cmake'
[0.201s] Level 1:colcon.colcon_core.package_identification:_identify(src) by extension 'python'
[0.201s] Level 1:colcon.colcon_core.package_identification:_identify(src) by extensions ['python_setup_py']
[0.201s] Level 1:colcon.colcon_core.package_identification:_identify(src) by extension 'python_setup_py'
[0.201s] Level 1:colcon.colcon_core.package_identification:_identify(src/day1) by extensions ['ignore', 'ignore_ament_install']
[0.201s] Level 1:colcon.colcon_core.package_identification:_identify(src/day1) by extension 'ignore'
[0.201s] Level 1:colcon.colcon_core.package_identification:_identify(src/day1) by extension 'ignore_ament_install'
[0.201s] Level 1:colcon.colcon_core.package_identification:_identify(src/day1) by extensions ['colcon_pkg']
[0.201s] Level 1:colcon.colcon_core.package_identification:_identify(src/day1) by extension 'colcon_pkg'
[0.201s] Level 1:colcon.colcon_core.package_identification:_identify(src/day1) by extensions ['colcon_meta']
[0.201s] Level 1:colcon.colcon_core.package_identification:_identify(src/day1) by extension 'colcon_meta'
[0.201s] Level 1:colcon.colcon_core.package_identification:_identify(src/day1) by extensions ['ros']
[0.201s] Level 1:colcon.colcon_core.package_identification:_identify(src/day1) by extension 'ros'
[0.203s] DEBUG:colcon.colcon_core.package_identification:Package 'src/day1' with type 'ros.ament_cmake' and name 'day1'
[0.203s] Level 1:colcon.colcon_core.package_identification:_identify(src/day2) by extensions ['ignore', 'ignore_ament_install']
[0.203s] Level 1:colcon.colcon_core.package_identification:_identify(src/day2) by extension 'ignore'
[0.203s] Level 1:colcon.colcon_core.package_identification:_identify(src/day2) by extension 'ignore_ament_install'
[0.203s] Level 1:colcon.colcon_core.package_identification:_identify(src/day2) by extensions ['colcon_pkg']
[0.203s] Level 1:colcon.colcon_core.package_identification:_identify(src/day2) by extension 'colcon_pkg'
[0.203s] Level 1:colcon.colcon_core.package_identification:_identify(src/day2) by extensions ['colcon_meta']
[0.203s] Level 1:colcon.colcon_core.package_identification:_identify(src/day2) by extension 'colcon_meta'
[0.203s] Level 1:colcon.colcon_core.package_identification:_identify(src/day2) by extensions ['ros']
[0.203s] Level 1:colcon.colcon_core.package_identification:_identify(src/day2) by extension 'ros'
[0.204s] DEBUG:colcon.colcon_core.package_identification:Package 'src/day2' with type 'ros.ament_cmake' and name 'day2'
[0.204s] Level 1:colcon.colcon_core.package_identification:_identify(src/day2_2) by extensions ['ignore', 'ignore_ament_install']
[0.204s] Level 1:colcon.colcon_core.package_identification:_identify(src/day2_2) by extension 'ignore'
[0.204s] Level 1:colcon.colcon_core.package_identification:_identify(src/day2_2) by extension 'ignore_ament_install'
[0.204s] Level 1:colcon.colcon_core.package_identification:_identify(src/day2_2) by extensions ['colcon_pkg']
[0.204s] Level 1:colcon.colcon_core.package_identification:_identify(src/day2_2) by extension 'colcon_pkg'
[0.204s] Level 1:colcon.colcon_core.package_identification:_identify(src/day2_2) by extensions ['colcon_meta']
[0.204s] Level 1:colcon.colcon_core.package_identification:_identify(src/day2_2) by extension 'colcon_meta'
[0.204s] Level 1:colcon.colcon_core.package_identification:_identify(src/day2_2) by extensions ['ros']
[0.204s] Level 1:colcon.colcon_core.package_identification:_identify(src/day2_2) by extension 'ros'
[0.205s] DEBUG:colcon.colcon_core.package_identification:Package 'src/day2_2' with type 'ros.ament_cmake' and name 'day2_2'
[0.205s] Level 1:colcon.colcon_core.package_discovery:discover_packages(recursive) using defaults
[0.205s] Level 1:colcon.colcon_core.package_discovery:discover_packages(ignore) discover
[0.205s] Level 1:colcon.colcon_core.package_discovery:discover_packages(ignore) using defaults
[0.205s] Level 1:colcon.colcon_core.package_discovery:discover_packages(path) discover
[0.205s] Level 1:colcon.colcon_core.package_discovery:discover_packages(path) using defaults
[0.223s] Level 1:colcon.colcon_core.package_discovery:discover_packages(prefix_path) check parameters
[0.223s] Level 1:colcon.colcon_core.package_discovery:discover_packages(prefix_path) discover
[0.226s] DEBUG:colcon.colcon_installed_package_information.package_discovery:Found 3 installed packages in /home/yalcinolgac/ros2_ws/install
[0.228s] DEBUG:colcon.colcon_installed_package_information.package_discovery:Found 496 installed packages in /opt/ros/jazzy
[0.229s] Level 1:colcon.colcon_core.package_discovery:discover_packages(prefix_path) using defaults
[0.325s] Level 5:colcon.colcon_core.verb:set package 'day1' build argument 'cmake_args' from command line to 'None'
[0.325s] Level 5:colcon.colcon_core.verb:set package 'day1' build argument 'cmake_target' from command line to 'None'
[0.325s] Level 5:colcon.colcon_core.verb:set package 'day1' build argument 'cmake_target_skip_unavailable' from command line to 'False'
[0.325s] Level 5:colcon.colcon_core.verb:set package 'day1' build argument 'cmake_clean_cache' from command line to 'False'
[0.325s] Level 5:colcon.colcon_core.verb:set package 'day1' build argument 'cmake_clean_first' from command line to 'False'
[0.325s] Level 5:colcon.colcon_core.verb:set package 'day1' build argument 'cmake_force_configure' from command line to 'False'
[0.325s] Level 5:colcon.colcon_core.verb:set package 'day1' build argument 'ament_cmake_args' from command line to 'None'
[0.325s] Level 5:colcon.colcon_core.verb:set package 'day1' build argument 'catkin_cmake_args' from command line to 'None'
[0.325s] Level 5:colcon.colcon_core.verb:set package 'day1' build argument 'catkin_skip_building_tests' from command line to 'False'
[0.325s] DEBUG:colcon.colcon_core.verb:Building package 'day1' with the following arguments: {'ament_cmake_args': None, 'build_base': '/home/yalcinolgac/ros2_ws/build/day1', 'catkin_cmake_args': None, 'catkin_skip_building_tests': False, 'cmake_args': None, 'cmake_clean_cache': False, 'cmake_clean_first': False, 'cmake_force_configure': False, 'cmake_target': None, 'cmake_target_skip_unavailable': False, 'install_base': '/home/yalcinolgac/ros2_ws/install/day1', 'merge_install': False, 'path': '/home/yalcinolgac/ros2_ws/src/day1', 'symlink_install': False, 'test_result_base': None}
[0.325s] Level 5:colcon.colcon_core.verb:set package 'day2' build argument 'cmake_args' from command line to 'None'
[0.325s] Level 5:colcon.colcon_core.verb:set package 'day2' build argument 'cmake_target' from command line to 'None'
[0.325s] Level 5:colcon.colcon_core.verb:set package 'day2' build argument 'cmake_target_skip_unavailable' from command line to 'False'
[0.325s] Level 5:colcon.colcon_core.verb:set package 'day2' build argument 'cmake_clean_cache' from command line to 'False'
[0.325s] Level 5:colcon.colcon_core.verb:set package 'day2' build argument 'cmake_clean_first' from command line to 'False'
[0.325s] Level 5:colcon.colcon_core.verb:set package 'day2' build argument 'cmake_force_configure' from command line to 'False'
[0.325s] Level 5:colcon.colcon_core.verb:set package 'day2' build argument 'ament_cmake_args' from command line to 'None'
[0.326s] Level 5:colcon.colcon_core.verb:set package 'day2' build argument 'catkin_cmake_args' from command line to 'None'
[0.326s] Level 5:colcon.colcon_core.verb:set package 'day2' build argument 'catkin_skip_building_tests' from command line to 'False'
[0.326s] DEBUG:colcon.colcon_core.verb:Building package 'day2' with the following arguments: {'ament_cmake_args': None, 'build_base': '/home/yalcinolgac/ros2_ws/build/day2', 'catkin_cmake_args': None, 'catkin_skip_building_tests': False, 'cmake_args': None, 'cmake_clean_cache': False, 'cmake_clean_first': False, 'cmake_force_configure': False, 'cmake_target': None, 'cmake_target_skip_unavailable': False, 'install_base': '/home/yalcinolgac/ros2_ws/install/day2', 'merge_install': False, 'path': '/home/yalcinolgac/ros2_ws/src/day2', 'symlink_install': False, 'test_result_base': None}
[0.326s] Level 5:colcon.colcon_core.verb:set package 'day2_2' build argument 'cmake_args' from command line to 'None'
[0.326s] Level 5:colcon.colcon_core.verb:set package 'day2_2' build argument 'cmake_target' from command line to 'None'
[0.326s] Level 5:colcon.colcon_core.verb:set package 'day2_2' build argument 'cmake_target_skip_unavailable' from command line to 'False'
[0.326s] Level 5:colcon.colcon_core.verb:set package 'day2_2' build argument 'cmake_clean_cache' from command line to 'False'
[0.326s] Level 5:colcon.colcon_core.verb:set package 'day2_2' build argument 'cmake_clean_first' from command line to 'False'
[0.326s] Level 5:colcon.colcon_core.verb:set package 'day2_2' build argument 'cmake_force_configure' from command line to 'False'
[0.326s] Level 5:colcon.colcon_core.verb:set package 'day2_2' build argument 'ament_cmake_args' from command line to 'None'
[0.326s] Level 5:colcon.colcon_core.verb:set package 'day2_2' build argument 'catkin_cmake_args' from command line to 'None'
[0.326s] Level 5:colcon.colcon_core.verb:set package 'day2_2' build argument 'catkin_skip_building_tests' from command line to 'False'
[0.326s] DEBUG:colcon.colcon_core.verb:Building package 'day2_2' with the following arguments: {'ament_cmake_args': None, 'build_base': '/home/yalcinolgac/ros2_ws/build/day2_2', 'catkin_cmake_args': None, 'catkin_skip_building_tests': False, 'cmake_args': None, 'cmake_clean_cache': False, 'cmake_clean_first': False, 'cmake_force_configure': False, 'cmake_target': None, 'cmake_target_skip_unavailable': False, 'install_base': '/home/yalcinolgac/ros2_ws/install/day2_2', 'merge_install': False, 'path': '/home/yalcinolgac/ros2_ws/src/day2_2', 'symlink_install': False, 'test_result_base': None}
[0.326s] INFO:colcon.colcon_core.executor:Executing jobs using 'parallel' executor
[0.327s] DEBUG:colcon.colcon_parallel_executor.executor.parallel:run_until_complete
[0.327s] INFO:colcon.colcon_ros.task.ament_cmake.build:Building ROS package in '/home/yalcinolgac/ros2_ws/src/day2' with build type 'ament_cmake'
[0.327s] INFO:colcon.colcon_cmake.task.cmake.build:Building CMake package in '/home/yalcinolgac/ros2_ws/src/day2'
[0.331s] INFO:colcon.colcon_core.plugin_system:Skipping extension 'colcon_core.shell.bat': Not used on non-Windows systems
[0.331s] INFO:colcon.colcon_core.shell:Skip shell extension 'powershell' for command environment: Not usable outside of PowerShell
[0.331s] DEBUG:colcon.colcon_core.shell:Skip shell extension 'dsv' for command environment
[0.334s] INFO:colcon.colcon_ros.task.ament_cmake.build:Building ROS package in '/home/yalcinolgac/ros2_ws/src/day1' with build type 'ament_cmake'
[0.334s] INFO:colcon.colcon_cmake.task.cmake.build:Building CMake package in '/home/yalcinolgac/ros2_ws/src/day1'
[0.334s] INFO:colcon.colcon_core.shell:Skip shell extension 'powershell' for command environment: Not usable outside of PowerShell
[0.334s] DEBUG:colcon.colcon_core.shell:Skip shell extension 'dsv' for command environment
[0.340s] DEBUG:colcon.colcon_core.event_handler.log_command:Invoking command in '/home/yalcinolgac/ros2_ws/build/day2': CMAKE_PREFIX_PATH=${CMAKE_PREFIX_PATH}:/opt/ros/jazzy DEBUGINFOD_URLS=https://debuginfod.ubuntu.com /usr/bin/cmake --build /home/yalcinolgac/ros2_ws/build/day2 -- -j32 -l32
[0.351s] DEBUG:colcon.colcon_core.event_handler.log_command:Invoking command in '/home/yalcinolgac/ros2_ws/build/day1': CMAKE_PREFIX_PATH=${CMAKE_PREFIX_PATH}:/opt/ros/jazzy DEBUGINFOD_URLS=https://debuginfod.ubuntu.com /usr/bin/cmake --build /home/yalcinolgac/ros2_ws/build/day1 -- -j32 -l32
[0.416s] DEBUG:colcon.colcon_core.event_handler.log_command:Invoked command in '/home/yalcinolgac/ros2_ws/build/day1' returned '0': CMAKE_PREFIX_PATH=${CMAKE_PREFIX_PATH}:/opt/ros/jazzy DEBUGINFOD_URLS=https://debuginfod.ubuntu.com /usr/bin/cmake --build /home/yalcinolgac/ros2_ws/build/day1 -- -j32 -l32
[0.423s] DEBUG:colcon.colcon_core.event_handler.log_command:Invoking command in '/home/yalcinolgac/ros2_ws/build/day1': CMAKE_PREFIX_PATH=${CMAKE_PREFIX_PATH}:/opt/ros/jazzy DEBUGINFOD_URLS=https://debuginfod.ubuntu.com /usr/bin/cmake --install /home/yalcinolgac/ros2_ws/build/day1
[0.434s] Level 1:colcon.colcon_core.environment:create_environment_scripts_only(day1)
[0.434s] DEBUG:colcon.colcon_core.event_handler.log_command:Invoked command in '/home/yalcinolgac/ros2_ws/build/day1' returned '0': CMAKE_PREFIX_PATH=${CMAKE_PREFIX_PATH}:/opt/ros/jazzy DEBUGINFOD_URLS=https://debuginfod.ubuntu.com /usr/bin/cmake --install /home/yalcinolgac/ros2_ws/build/day1
[0.439s] Level 1:colcon.colcon_core.environment:checking '/home/yalcinolgac/ros2_ws/install/day1' for CMake module files
[0.440s] Level 1:colcon.colcon_core.environment:checking '/home/yalcinolgac/ros2_ws/install/day1' for CMake config files
[0.441s] Level 1:colcon.colcon_core.shell:create_environment_hook('day1', 'cmake_prefix_path')
[0.441s] INFO:colcon.colcon_core.shell:Creating environment hook '/home/yalcinolgac/ros2_ws/install/day1/share/day1/hook/cmake_prefix_path.ps1'
[0.442s] INFO:colcon.colcon_core.shell:Creating environment descriptor '/home/yalcinolgac/ros2_ws/install/day1/share/day1/hook/cmake_prefix_path.dsv'
[0.443s] INFO:colcon.colcon_core.shell:Creating environment hook '/home/yalcinolgac/ros2_ws/install/day1/share/day1/hook/cmake_prefix_path.sh'
[0.444s] Level 1:colcon.colcon_core.environment:checking '/home/yalcinolgac/ros2_ws/install/day1/lib'
[0.444s] Level 1:colcon.colcon_core.environment:checking '/home/yalcinolgac/ros2_ws/install/day1/bin'
[0.444s] Level 1:colcon.colcon_core.environment:checking '/home/yalcinolgac/ros2_ws/install/day1/lib/pkgconfig/day1.pc'
[0.445s] Level 1:colcon.colcon_core.environment:checking '/home/yalcinolgac/ros2_ws/install/day1/lib/python3.12/site-packages'
[0.445s] Level 1:colcon.colcon_core.environment:checking '/home/yalcinolgac/ros2_ws/install/day1/bin'
[0.445s] INFO:colcon.colcon_core.shell:Creating package script '/home/yalcinolgac/ros2_ws/install/day1/share/day1/package.ps1'
[0.446s] INFO:colcon.colcon_core.shell:Creating package descriptor '/home/yalcinolgac/ros2_ws/install/day1/share/day1/package.dsv'
[0.446s] INFO:colcon.colcon_core.shell:Creating package script '/home/yalcinolgac/ros2_ws/install/day1/share/day1/package.sh'
[0.447s] INFO:colcon.colcon_core.shell:Creating package script '/home/yalcinolgac/ros2_ws/install/day1/share/day1/package.bash'
[0.447s] INFO:colcon.colcon_core.shell:Creating package script '/home/yalcinolgac/ros2_ws/install/day1/share/day1/package.zsh'
[0.448s] Level 1:colcon.colcon_core.environment:create_file_with_runtime_dependencies(/home/yalcinolgac/ros2_ws/install/day1/share/colcon-core/packages/day1)
[0.448s] Level 1:colcon.colcon_core.environment:create_environment_scripts_only(day1)
[0.448s] Level 1:colcon.colcon_core.environment:checking '/home/yalcinolgac/ros2_ws/install/day1' for CMake module files
[0.448s] Level 1:colcon.colcon_core.environment:checking '/home/yalcinolgac/ros2_ws/install/day1' for CMake config files
[0.449s] Level 1:colcon.colcon_core.shell:create_environment_hook('day1', 'cmake_prefix_path')
[0.449s] INFO:colcon.colcon_core.shell:Creating environment hook '/home/yalcinolgac/ros2_ws/install/day1/share/day1/hook/cmake_prefix_path.ps1'
[0.449s] INFO:colcon.colcon_core.shell:Creating environment descriptor '/home/yalcinolgac/ros2_ws/install/day1/share/day1/hook/cmake_prefix_path.dsv'
[0.449s] INFO:colcon.colcon_core.shell:Creating environment hook '/home/yalcinolgac/ros2_ws/install/day1/share/day1/hook/cmake_prefix_path.sh'
[0.449s] Level 1:colcon.colcon_core.environment:checking '/home/yalcinolgac/ros2_ws/install/day1/lib'
[0.449s] Level 1:colcon.colcon_core.environment:checking '/home/yalcinolgac/ros2_ws/install/day1/bin'
[0.449s] Level 1:colcon.colcon_core.environment:checking '/home/yalcinolgac/ros2_ws/install/day1/lib/pkgconfig/day1.pc'
[0.449s] Level 1:colcon.colcon_core.environment:checking '/home/yalcinolgac/ros2_ws/install/day1/lib/python3.12/site-packages'
[0.449s] Level 1:colcon.colcon_core.environment:checking '/home/yalcinolgac/ros2_ws/install/day1/bin'
[0.450s] INFO:colcon.colcon_core.shell:Creating package script '/home/yalcinolgac/ros2_ws/install/day1/share/day1/package.ps1'
[0.450s] INFO:colcon.colcon_core.shell:Creating package descriptor '/home/yalcinolgac/ros2_ws/install/day1/share/day1/package.dsv'
[0.450s] INFO:colcon.colcon_core.shell:Creating package script '/home/yalcinolgac/ros2_ws/install/day1/share/day1/package.sh'
[0.450s] INFO:colcon.colcon_core.shell:Creating package script '/home/yalcinolgac/ros2_ws/install/day1/share/day1/package.bash'
[0.450s] INFO:colcon.colcon_core.shell:Creating package script '/home/yalcinolgac/ros2_ws/install/day1/share/day1/package.zsh'
[0.451s] Level 1:colcon.colcon_core.environment:create_file_with_runtime_dependencies(/home/yalcinolgac/ros2_ws/install/day1/share/colcon-core/packages/day1)
[0.607s] DEBUG:colcon.colcon_core.event_handler.log_command:Invoked command in '/home/yalcinolgac/ros2_ws/build/day2' returned '0': CMAKE_PREFIX_PATH=${CMAKE_PREFIX_PATH}:/opt/ros/jazzy DEBUGINFOD_URLS=https://debuginfod.ubuntu.com /usr/bin/cmake --build /home/yalcinolgac/ros2_ws/build/day2 -- -j32 -l32
[0.608s] DEBUG:colcon.colcon_core.event_handler.log_command:Invoking command in '/home/yalcinolgac/ros2_ws/build/day2': CMAKE_PREFIX_PATH=${CMAKE_PREFIX_PATH}:/opt/ros/jazzy DEBUGINFOD_URLS=https://debuginfod.ubuntu.com /usr/bin/cmake --install /home/yalcinolgac/ros2_ws/build/day2
[1.733s] Level 1:colcon.colcon_core.environment:create_environment_scripts_only(day2)
[1.734s] DEBUG:colcon.colcon_core.event_handler.log_command:Invoked command in '/home/yalcinolgac/ros2_ws/build/day2' returned '0': CMAKE_PREFIX_PATH=${CMAKE_PREFIX_PATH}:/opt/ros/jazzy DEBUGINFOD_URLS=https://debuginfod.ubuntu.com /usr/bin/cmake --install /home/yalcinolgac/ros2_ws/build/day2
[1.734s] Level 1:colcon.colcon_core.environment:checking '/home/yalcinolgac/ros2_ws/install/day2' for CMake module files
[1.734s] Level 1:colcon.colcon_core.environment:checking '/home/yalcinolgac/ros2_ws/install/day2' for CMake config files
[1.736s] Level 1:colcon.colcon_core.shell:create_environment_hook('day2', 'cmake_prefix_path')
[1.736s] INFO:colcon.colcon_core.shell:Creating environment hook '/home/yalcinolgac/ros2_ws/install/day2/share/day2/hook/cmake_prefix_path.ps1'
[1.736s] INFO:colcon.colcon_core.shell:Creating environment descriptor '/home/yalcinolgac/ros2_ws/install/day2/share/day2/hook/cmake_prefix_path.dsv'
[1.736s] INFO:colcon.colcon_core.shell:Creating environment hook '/home/yalcinolgac/ros2_ws/install/day2/share/day2/hook/cmake_prefix_path.sh'
[1.736s] Level 1:colcon.colcon_core.environment:checking '/home/yalcinolgac/ros2_ws/install/day2/lib'
[1.737s] Level 1:colcon.colcon_core.shell:create_environment_hook('day2', 'ld_library_path_lib')
[1.737s] INFO:colcon.colcon_core.shell:Creating environment hook '/home/yalcinolgac/ros2_ws/install/day2/share/day2/hook/ld_library_path_lib.ps1'
[1.737s] INFO:colcon.colcon_core.shell:Creating environment descriptor '/home/yalcinolgac/ros2_ws/install/day2/share/day2/hook/ld_library_path_lib.dsv'
[1.737s] INFO:colcon.colcon_core.shell:Creating environment hook '/home/yalcinolgac/ros2_ws/install/day2/share/day2/hook/ld_library_path_lib.sh'
[1.737s] Level 1:colcon.colcon_core.environment:checking '/home/yalcinolgac/ros2_ws/install/day2/bin'
[1.737s] Level 1:colcon.colcon_core.environment:checking '/home/yalcinolgac/ros2_ws/install/day2/lib/pkgconfig/day2.pc'
[1.737s] Level 1:colcon.colcon_core.environment:checking '/home/yalcinolgac/ros2_ws/install/day2/lib/python3.12/site-packages'
[1.737s] Level 1:colcon.colcon_core.shell:create_environment_hook('day2', 'pythonpath')
[1.737s] INFO:colcon.colcon_core.shell:Creating environment hook '/home/yalcinolgac/ros2_ws/install/day2/share/day2/hook/pythonpath.ps1'
[1.738s] INFO:colcon.colcon_core.shell:Creating environment descriptor '/home/yalcinolgac/ros2_ws/install/day2/share/day2/hook/pythonpath.dsv'
[1.738s] INFO:colcon.colcon_core.shell:Creating environment hook '/home/yalcinolgac/ros2_ws/install/day2/share/day2/hook/pythonpath.sh'
[1.738s] Level 1:colcon.colcon_core.environment:checking '/home/yalcinolgac/ros2_ws/install/day2/bin'
[1.738s] INFO:colcon.colcon_core.shell:Creating package script '/home/yalcinolgac/ros2_ws/install/day2/share/day2/package.ps1'
[1.738s] INFO:colcon.colcon_core.shell:Creating package descriptor '/home/yalcinolgac/ros2_ws/install/day2/share/day2/package.dsv'
[1.738s] INFO:colcon.colcon_core.shell:Creating package script '/home/yalcinolgac/ros2_ws/install/day2/share/day2/package.sh'
[1.739s] INFO:colcon.colcon_core.shell:Creating package script '/home/yalcinolgac/ros2_ws/install/day2/share/day2/package.bash'
[1.739s] INFO:colcon.colcon_core.shell:Creating package script '/home/yalcinolgac/ros2_ws/install/day2/share/day2/package.zsh'
[1.739s] Level 1:colcon.colcon_core.environment:create_file_with_runtime_dependencies(/home/yalcinolgac/ros2_ws/install/day2/share/colcon-core/packages/day2)
[1.739s] Level 1:colcon.colcon_core.environment:create_environment_scripts_only(day2)
[1.739s] Level 1:colcon.colcon_core.environment:checking '/home/yalcinolgac/ros2_ws/install/day2' for CMake module files
[1.739s] Level 1:colcon.colcon_core.environment:checking '/home/yalcinolgac/ros2_ws/install/day2' for CMake config files
[1.740s] Level 1:colcon.colcon_core.shell:create_environment_hook('day2', 'cmake_prefix_path')
[1.740s] INFO:colcon.colcon_core.shell:Creating environment hook '/home/yalcinolgac/ros2_ws/install/day2/share/day2/hook/cmake_prefix_path.ps1'
[1.740s] INFO:colcon.colcon_core.shell:Creating environment descriptor '/home/yalcinolgac/ros2_ws/install/day2/share/day2/hook/cmake_prefix_path.dsv'
[1.740s] INFO:colcon.colcon_core.shell:Creating environment hook '/home/yalcinolgac/ros2_ws/install/day2/share/day2/hook/cmake_prefix_path.sh'
[1.740s] Level 1:colcon.colcon_core.environment:checking '/home/yalcinolgac/ros2_ws/install/day2/lib'
[1.740s] Level 1:colcon.colcon_core.shell:create_environment_hook('day2', 'ld_library_path_lib')
[1.740s] INFO:colcon.colcon_core.shell:Creating environment hook '/home/yalcinolgac/ros2_ws/install/day2/share/day2/hook/ld_library_path_lib.ps1'
[1.740s] INFO:colcon.colcon_core.shell:Creating environment descriptor '/home/yalcinolgac/ros2_ws/install/day2/share/day2/hook/ld_library_path_lib.dsv'
[1.740s] INFO:colcon.colcon_core.shell:Creating environment hook '/home/yalcinolgac/ros2_ws/install/day2/share/day2/hook/ld_library_path_lib.sh'
[1.741s] Level 1:colcon.colcon_core.environment:checking '/home/yalcinolgac/ros2_ws/install/day2/bin'
[1.741s] Level 1:colcon.colcon_core.environment:checking '/home/yalcinolgac/ros2_ws/install/day2/lib/pkgconfig/day2.pc'
[1.741s] Level 1:colcon.colcon_core.environment:checking '/home/yalcinolgac/ros2_ws/install/day2/lib/python3.12/site-packages'
[1.741s] Level 1:colcon.colcon_core.shell:create_environment_hook('day2', 'pythonpath')
[1.741s] INFO:colcon.colcon_core.shell:Creating environment hook '/home/yalcinolgac/ros2_ws/install/day2/share/day2/hook/pythonpath.ps1'
[1.741s] INFO:colcon.colcon_core.shell:Creating environment descriptor '/home/yalcinolgac/ros2_ws/install/day2/share/day2/hook/pythonpath.dsv'
[1.741s] INFO:colcon.colcon_core.shell:Creating environment hook '/home/yalcinolgac/ros2_ws/install/day2/share/day2/hook/pythonpath.sh'
[1.741s] Level 1:colcon.colcon_core.environment:checking '/home/yalcinolgac/ros2_ws/install/day2/bin'
[1.742s] INFO:colcon.colcon_core.shell:Creating package script '/home/yalcinolgac/ros2_ws/install/day2/share/day2/package.ps1'
[1.742s] INFO:colcon.colcon_core.shell:Creating package descriptor '/home/yalcinolgac/ros2_ws/install/day2/share/day2/package.dsv'
[1.742s] INFO:colcon.colcon_core.shell:Creating package script '/home/yalcinolgac/ros2_ws/install/day2/share/day2/package.sh'
[1.742s] INFO:colcon.colcon_core.shell:Creating package script '/home/yalcinolgac/ros2_ws/install/day2/share/day2/package.bash'
[1.742s] INFO:colcon.colcon_core.shell:Creating package script '/home/yalcinolgac/ros2_ws/install/day2/share/day2/package.zsh'
[1.743s] Level 1:colcon.colcon_core.environment:create_file_with_runtime_dependencies(/home/yalcinolgac/ros2_ws/install/day2/share/colcon-core/packages/day2)
[1.743s] INFO:colcon.colcon_ros.task.ament_cmake.build:Building ROS package in '/home/yalcinolgac/ros2_ws/src/day2_2' with build type 'ament_cmake'
[1.743s] INFO:colcon.colcon_cmake.task.cmake.build:Building CMake package in '/home/yalcinolgac/ros2_ws/src/day2_2'
[1.743s] INFO:colcon.colcon_core.shell:Skip shell extension 'powershell' for command environment: Not usable outside of PowerShell
[1.743s] DEBUG:colcon.colcon_core.shell:Skip shell extension 'dsv' for command environment
[1.752s] DEBUG:colcon.colcon_core.event_handler.log_command:Invoking command in '/home/yalcinolgac/ros2_ws/build/day2_2': CMAKE_PREFIX_PATH=/home/yalcinolgac/ros2_ws/install/day2:/home/yalcinolgac/ros2_ws/install/day2_2:/home/yalcinolgac/ros2_ws/install/day1:/opt/ros/jazzy/opt/gz_sim_vendor:/opt/ros/jazzy/opt/gz_sensors_vendor:/opt/ros/jazzy/opt/gz_physics_vendor:/opt/ros/jazzy/opt/sdformat_vendor:/opt/ros/jazzy/opt/gz_gui_vendor:/opt/ros/jazzy/opt/gz_transport_vendor:/opt/ros/jazzy/opt/gz_rendering_vendor:/opt/ros/jazzy/opt/gz_plugin_vendor:/opt/ros/jazzy/opt/gz_fuel_tools_vendor:/opt/ros/jazzy/opt/gz_msgs_vendor:/opt/ros/jazzy/opt/gz_common_vendor:/opt/ros/jazzy/opt/gz_math_vendor:/opt/ros/jazzy/opt/gz_utils_vendor:/opt/ros/jazzy/opt/gz_tools_vendor:/opt/ros/jazzy/opt/gz_ogre_next_vendor:/opt/ros/jazzy/opt/gz_dartsim_vendor:/opt/ros/jazzy/opt/gz_cmake_vendor:/opt/ros/jazzy DEBUGINFOD_URLS=https://debuginfod.ubuntu.com /usr/bin/cmake --build /home/yalcinolgac/ros2_ws/build/day2_2 -- -j32 -l32
[8.037s] DEBUG:colcon.colcon_core.event_handler.log_command:Invoked command in '/home/yalcinolgac/ros2_ws/build/day2_2' returned '2': CMAKE_PREFIX_PATH=/home/yalcinolgac/ros2_ws/install/day2:/home/yalcinolgac/ros2_ws/install/day2_2:/home/yalcinolgac/ros2_ws/install/day1:/opt/ros/jazzy/opt/gz_sim_vendor:/opt/ros/jazzy/opt/gz_sensors_vendor:/opt/ros/jazzy/opt/gz_physics_vendor:/opt/ros/jazzy/opt/sdformat_vendor:/opt/ros/jazzy/opt/gz_gui_vendor:/opt/ros/jazzy/opt/gz_transport_vendor:/opt/ros/jazzy/opt/gz_rendering_vendor:/opt/ros/jazzy/opt/gz_plugin_vendor:/opt/ros/jazzy/opt/gz_fuel_tools_vendor:/opt/ros/jazzy/opt/gz_msgs_vendor:/opt/ros/jazzy/opt/gz_common_vendor:/opt/ros/jazzy/opt/gz_math_vendor:/opt/ros/jazzy/opt/gz_utils_vendor:/opt/ros/jazzy/opt/gz_tools_vendor:/opt/ros/jazzy/opt/gz_ogre_next_vendor:/opt/ros/jazzy/opt/gz_dartsim_vendor:/opt/ros/jazzy/opt/gz_cmake_vendor:/opt/ros/jazzy DEBUGINFOD_URLS=https://debuginfod.ubuntu.com /usr/bin/cmake --build /home/yalcinolgac/ros2_ws/build/day2_2 -- -j32 -l32
[8.038s] Level 1:colcon.colcon_core.environment:create_environment_scripts_only(day2_2)
[8.039s] Level 1:colcon.colcon_core.environment:checking '/home/yalcinolgac/ros2_ws/install/day2_2' for CMake module files
[8.040s] Level 1:colcon.colcon_core.environment:checking '/home/yalcinolgac/ros2_ws/install/day2_2' for CMake config files
[8.042s] Level 1:colcon.colcon_core.shell:create_environment_hook('day2_2', 'cmake_prefix_path')
[8.042s] INFO:colcon.colcon_core.shell:Creating environment hook '/home/yalcinolgac/ros2_ws/install/day2_2/share/day2_2/hook/cmake_prefix_path.ps1'
[8.043s] INFO:colcon.colcon_core.shell:Creating environment descriptor '/home/yalcinolgac/ros2_ws/install/day2_2/share/day2_2/hook/cmake_prefix_path.dsv'
[8.043s] INFO:colcon.colcon_core.shell:Creating environment hook '/home/yalcinolgac/ros2_ws/install/day2_2/share/day2_2/hook/cmake_prefix_path.sh'
[8.043s] Level 1:colcon.colcon_core.environment:checking '/home/yalcinolgac/ros2_ws/install/day2_2/lib'
[8.044s] Level 1:colcon.colcon_core.environment:checking '/home/yalcinolgac/ros2_ws/install/day2_2/bin'
[8.044s] Level 1:colcon.colcon_core.environment:checking '/home/yalcinolgac/ros2_ws/install/day2_2/lib/pkgconfig/day2_2.pc'
[8.044s] Level 1:colcon.colcon_core.environment:checking '/home/yalcinolgac/ros2_ws/install/day2_2/lib/python3.12/site-packages'
[8.044s] Level 1:colcon.colcon_core.environment:checking '/home/yalcinolgac/ros2_ws/install/day2_2/bin'
[8.044s] INFO:colcon.colcon_core.shell:Creating package script '/home/yalcinolgac/ros2_ws/install/day2_2/share/day2_2/package.ps1'
[8.045s] INFO:colcon.colcon_core.shell:Creating package descriptor '/home/yalcinolgac/ros2_ws/install/day2_2/share/day2_2/package.dsv'
[8.045s] INFO:colcon.colcon_core.shell:Creating package script '/home/yalcinolgac/ros2_ws/install/day2_2/share/day2_2/package.sh'
[8.045s] INFO:colcon.colcon_core.shell:Creating package script '/home/yalcinolgac/ros2_ws/install/day2_2/share/day2_2/package.bash'
[8.046s] INFO:colcon.colcon_core.shell:Creating package script '/home/yalcinolgac/ros2_ws/install/day2_2/share/day2_2/package.zsh'
[8.046s] Level 1:colcon.colcon_core.environment:create_file_with_runtime_dependencies(/home/yalcinolgac/ros2_ws/install/day2_2/share/colcon-core/packages/day2_2)
[8.056s] DEBUG:colcon.colcon_parallel_executor.executor.parallel:closing loop
[8.056s] DEBUG:colcon.colcon_parallel_executor.executor.parallel:loop closed
[8.056s] DEBUG:colcon.colcon_parallel_executor.executor.parallel:run_until_complete finished with '2'
[8.057s] DEBUG:colcon.colcon_core.event_reactor:joining thread
[8.065s] INFO:colcon.colcon_core.plugin_system:Skipping extension 'colcon_notification.desktop_notification.notify_send': Could not find 'notify-send'
[8.065s] INFO:colcon.colcon_core.plugin_system:Skipping extension 'colcon_notification.desktop_notification.terminal_notifier': Not used on non-Darwin systems
[8.065s] INFO:colcon.colcon_core.plugin_system:Skipping extension 'colcon_notification.desktop_notification.win32': Not used on non-Windows systems
[8.065s] INFO:colcon.colcon_notification.desktop_notification:Sending desktop notification using 'notify2'
[8.067s] DEBUG:colcon.colcon_notification.desktop_notification.notify2:Failed to initialize notify2: org.freedesktop.DBus.Error.ServiceUnknown: The name org.freedesktop.Notifications was not provided by any .service files
[8.067s] DEBUG:colcon.colcon_core.event_reactor:joined thread
[8.067s] INFO:colcon.colcon_core.shell:Creating prefix script '/home/yalcinolgac/ros2_ws/install/local_setup.ps1'
[8.068s] INFO:colcon.colcon_core.shell:Creating prefix util module '/home/yalcinolgac/ros2_ws/install/_local_setup_util_ps1.py'
[8.069s] INFO:colcon.colcon_core.shell:Creating prefix chain script '/home/yalcinolgac/ros2_ws/install/setup.ps1'
[8.069s] INFO:colcon.colcon_core.shell:Creating prefix script '/home/yalcinolgac/ros2_ws/install/local_setup.sh'
[8.070s] INFO:colcon.colcon_core.shell:Creating prefix util module '/home/yalcinolgac/ros2_ws/install/_local_setup_util_sh.py'
[8.070s] INFO:colcon.colcon_core.shell:Creating prefix chain script '/home/yalcinolgac/ros2_ws/install/setup.sh'
[8.071s] INFO:colcon.colcon_core.shell:Creating prefix script '/home/yalcinolgac/ros2_ws/install/local_setup.bash'
[8.071s] INFO:colcon.colcon_core.shell:Creating prefix chain script '/home/yalcinolgac/ros2_ws/install/setup.bash'
[8.072s] INFO:colcon.colcon_core.shell:Creating prefix script '/home/yalcinolgac/ros2_ws/install/local_setup.zsh'
[8.072s] INFO:colcon.colcon_core.shell:Creating prefix chain script '/home/yalcinolgac/ros2_ws/install/setup.zsh'
