[0.007s] Invoking command in '/home/yalcinolgac/ros2_ws/build/day2_2': CMAKE_PREFIX_PATH=/home/yalcinolgac/ros2_ws/install/day2:/home/yalcinolgac/ros2_ws/install/day2_2:/home/yalcinolgac/ros2_ws/install/day1:/opt/ros/jazzy/opt/gz_sim_vendor:/opt/ros/jazzy/opt/gz_sensors_vendor:/opt/ros/jazzy/opt/gz_physics_vendor:/opt/ros/jazzy/opt/sdformat_vendor:/opt/ros/jazzy/opt/gz_gui_vendor:/opt/ros/jazzy/opt/gz_transport_vendor:/opt/ros/jazzy/opt/gz_rendering_vendor:/opt/ros/jazzy/opt/gz_plugin_vendor:/opt/ros/jazzy/opt/gz_fuel_tools_vendor:/opt/ros/jazzy/opt/gz_msgs_vendor:/opt/ros/jazzy/opt/gz_common_vendor:/opt/ros/jazzy/opt/gz_math_vendor:/opt/ros/jazzy/opt/gz_utils_vendor:/opt/ros/jazzy/opt/gz_tools_vendor:/opt/ros/jazzy/opt/gz_ogre_next_vendor:/opt/ros/jazzy/opt/gz_dartsim_vendor:/opt/ros/jazzy/opt/gz_cmake_vendor:/opt/ros/jazzy /usr/bin/cmake --build /home/yalcinolgac/ros2_ws/build/day2_2 -- -j32 -l32
[0.043s] [ 37%] Built target robot_publisher_node
[0.043s] [ 62%] Built target sensor_simulator_node
[0.043s] [ 75%] Built target robot_subscriber_node
[0.044s] [ 87%] [32mBuilding CXX object CMakeFiles/message_analyzer_node.dir/src/message_analyzer.cpp.o[0m
[1.293s] In file included from [01m[K/opt/ros/jazzy/include/rclcpp/rclcpp/copy_all_parameter_values.hpp:27[m[K,
[1.293s]                  from [01m[K/opt/ros/jazzy/include/rclcpp/rclcpp/rclcpp.hpp:171[m[K,
[1.293s]                  from [01m[K/home/yalcinolgac/ros2_ws/src/day2_2/src/message_analyzer.cpp:8[m[K:
[1.293s] [01m[K/home/yalcinolgac/ros2_ws/src/day2_2/src/message_analyzer.cpp:[m[K In member function ‘[01m[Kvoid MessageAnalyzer::[01;32m[Kgenerate_report[m[K()[m[K’:
[1.293s] [01m[K/home/yalcinolgac/ros2_ws/src/day2_2/src/message_analyzer.cpp:138:40:[m[K [01;31m[Kerror: [m[Kno match for ‘[01m[Koperator+[m[K’ (operand types are ‘[01m[Krclcpp::Logger[m[K’ and ‘[01m[Kconst char [2][m[K’)
[1.293s]   138 |         RCLCPP_INFO([01;31m[Kthis->get_logger() + "\n"[m[K + create_analysis_report().c_str());
[1.293s]       |                     [01;31m[K~~~~~~~~~~~~~~~~~~~^~~~~~[m[K
[1.293s] In file included from [01m[K/opt/ros/jazzy/include/rclcpp/rclcpp/time.hpp:24[m[K,
[1.293s]                  from [01m[K/opt/ros/jazzy/include/rclcpp/rclcpp/clock.hpp:24[m[K,
[1.294s]                  from [01m[K/opt/ros/jazzy/include/rclcpp/rclcpp/client.hpp:38[m[K,
[1.294s]                  from [01m[K/opt/ros/jazzy/include/rclcpp/rclcpp/callback_group.hpp:24[m[K,
[1.294s]                  from [01m[K/opt/ros/jazzy/include/rclcpp/rclcpp/any_executable.hpp:20[m[K,
[1.294s]                  from [01m[K/opt/ros/jazzy/include/rclcpp/rclcpp/memory_strategy.hpp:25[m[K,
[1.294s]                  from [01m[K/opt/ros/jazzy/include/rclcpp/rclcpp/memory_strategies.hpp:18[m[K,
[1.294s]                  from [01m[K/opt/ros/jazzy/include/rclcpp/rclcpp/executor_options.hpp:22[m[K,
[1.294s]                  from [01m[K/opt/ros/jazzy/include/rclcpp/rclcpp/executor.hpp:38[m[K,
[1.294s]                  from [01m[K/opt/ros/jazzy/include/rclcpp/rclcpp/executors/multi_threaded_executor.hpp:25[m[K,
[1.294s]                  from [01m[K/opt/ros/jazzy/include/rclcpp/rclcpp/executors.hpp:21[m[K,
[1.294s]                  from [01m[K/opt/ros/jazzy/include/rclcpp/rclcpp/rclcpp.hpp:172[m[K:
[1.294s] [01m[K/opt/ros/jazzy/include/rclcpp/rclcpp/duration.hpp:164:1:[m[K [01;36m[Knote: [m[Kcandidate: ‘[01m[Kbuiltin_interfaces::msg::Time rclcpp::[01;32m[Koperator+[m[K(const builtin_interfaces::msg::Time&, const Duration&)[m[K’
[1.294s]   164 | [01;36m[Koperator[m[K+(const builtin_interfaces::msg::Time & lhs, const rclcpp::Duration & rhs);
[1.294s]       | [01;36m[K^~~~~~~~[m[K
[1.294s] [01m[K/opt/ros/jazzy/include/rclcpp/rclcpp/duration.hpp:164:49:[m[K [01;36m[Knote: [m[K  no known conversion for argument 1 from ‘[01m[Krclcpp::Logger[m[K’ to ‘[01m[Kconst builtin_interfaces::msg::Time&[m[K’ {aka ‘[01m[Kconst builtin_interfaces::msg::Time_<std::allocator<void> >&[m[K’}
[1.294s]   164 | operator+([01;36m[Kconst builtin_interfaces::msg::Time & lhs[m[K, const rclcpp::Duration & rhs);
[1.294s]       |           [01;36m[K~~~~~~~~~~~~~~~~~~~~~~~~~~~~~~~~~~~~~~^~~[m[K
[1.294s] [01m[K/opt/ros/jazzy/include/rclcpp/rclcpp/time.hpp:235:1:[m[K [01;36m[Knote: [m[Kcandidate: ‘[01m[Krclcpp::Time rclcpp::[01;32m[Koperator+[m[K(const Duration&, const Time&)[m[K’
[1.294s]   235 | [01;36m[Koperator[m[K+(const rclcpp::Duration & lhs, const rclcpp::Time & rhs);
[1.294s]       | [01;36m[K^~~~~~~~[m[K
[1.294s] [01m[K/opt/ros/jazzy/include/rclcpp/rclcpp/time.hpp:235:36:[m[K [01;36m[Knote: [m[K  no known conversion for argument 1 from ‘[01m[Krclcpp::Logger[m[K’ to ‘[01m[Kconst rclcpp::Duration&[m[K’
[1.294s]   235 | operator+([01;36m[Kconst rclcpp::Duration & lhs[m[K, const rclcpp::Time & rhs);
[1.294s]       |           [01;36m[K~~~~~~~~~~~~~~~~~~~~~~~~~^~~[m[K
[1.294s] [01m[K/home/yalcinolgac/ros2_ws/src/day2_2/src/message_analyzer.cpp:138:9:[m[K [01;31m[Kerror: [m[Ktemplate argument 1 is invalid
[1.294s]   138 |         [01;31m[KRCLCPP_INFO[m[K(this->get_logger() + "\n" + create_analysis_report().c_str());
[1.294s]       |         [01;31m[K^~~~~~~~~~~[m[K
[1.294s] [01m[K/home/yalcinolgac/ros2_ws/src/day2_2/src/message_analyzer.cpp:138:9:[m[K [01;31m[Kerror: [m[Ktemplate argument 1 is invalid
[1.294s]   138 |         [01;31m[KRCLCPP_INFO[m[K(this->get_logger() + "\n" + create_analysis_report().c_str());
[1.294s]       |         [01;31m[K^~~~~~~~~~~[m[K
[1.294s] [01m[K/home/yalcinolgac/ros2_ws/src/day2_2/src/message_analyzer.cpp:138:9:[m[K [01;31m[Kerror: [m[Ktemplate argument 1 is invalid
[1.294s]   138 |         [01;31m[KRCLCPP_INFO[m[K(this->get_logger() + "\n" + create_analysis_report().c_str());
[1.294s]       |         [01;31m[K^~~~~~~~~~~[m[K
[1.294s] In file included from [01m[K/opt/ros/jazzy/include/rclcpp/rclcpp/logging.hpp:24[m[K:
[1.294s] [01m[K/home/yalcinolgac/ros2_ws/src/day2_2/src/message_analyzer.cpp:138:40:[m[K [01;31m[Kerror: [m[Kno match for ‘[01m[Koperator+[m[K’ (operand types are ‘[01m[Krclcpp::Logger[m[K’ and ‘[01m[Kconst char [2][m[K’)
[1.295s]   138 |         RCLCPP_INFO([32m[Kthis->get_logger()[m[K [01;31m[K+[m[K [34m[K"\n"[m[K + create_analysis_report().c_str());
[1.295s]       |                     [32m[K~~~~~~~~~~~~~~~~~~[m[K [01;31m[K^[m[K [34m[K~~~~[m[K
[1.295s]       |                                     [32m[K|[m[K    [34m[K|[m[K
[1.295s]       |                                     [32m[K|[m[K    [34m[Kconst char [2][m[K
[1.295s]       |                                     [32m[Krclcpp::Logger[m[K
[1.295s] [01m[K/opt/ros/jazzy/include/rclcpp/rclcpp/duration.hpp:164:1:[m[K [01;36m[Knote: [m[Kcandidate: ‘[01m[Kbuiltin_interfaces::msg::Time rclcpp::[01;32m[Koperator+[m[K(const builtin_interfaces::msg::Time&, const Duration&)[m[K’
[1.295s]   164 | [01;36m[Koperator[m[K+(const builtin_interfaces::msg::Time & lhs, const rclcpp::Duration & rhs);
[1.295s]       | [01;36m[K^~~~~~~~[m[K
[1.295s] [01m[K/opt/ros/jazzy/include/rclcpp/rclcpp/duration.hpp:164:49:[m[K [01;36m[Knote: [m[K  no known conversion for argument 1 from ‘[01m[Krclcpp::Logger[m[K’ to ‘[01m[Kconst builtin_interfaces::msg::Time&[m[K’ {aka ‘[01m[Kconst builtin_interfaces::msg::Time_<std::allocator<void> >&[m[K’}
[1.295s]   164 | operator+([01;36m[Kconst builtin_interfaces::msg::Time & lhs[m[K, const rclcpp::Duration & rhs);
[1.295s]       |           [01;36m[K~~~~~~~~~~~~~~~~~~~~~~~~~~~~~~~~~~~~~~^~~[m[K
[1.295s] [01m[K/opt/ros/jazzy/include/rclcpp/rclcpp/time.hpp:235:1:[m[K [01;36m[Knote: [m[Kcandidate: ‘[01m[Krclcpp::Time rclcpp::[01;32m[Koperator+[m[K(const Duration&, const Time&)[m[K’
[1.295s]   235 | [01;36m[Koperator[m[K+(const rclcpp::Duration & lhs, const rclcpp::Time & rhs);
[1.295s]       | [01;36m[K^~~~~~~~[m[K
[1.295s] [01m[K/opt/ros/jazzy/include/rclcpp/rclcpp/time.hpp:235:36:[m[K [01;36m[Knote: [m[K  no known conversion for argument 1 from ‘[01m[Krclcpp::Logger[m[K’ to ‘[01m[Kconst rclcpp::Duration&[m[K’
[1.295s]   235 | operator+([01;36m[Kconst rclcpp::Duration & lhs[m[K, const rclcpp::Time & rhs);
[1.295s]       |           [01;36m[K~~~~~~~~~~~~~~~~~~~~~~~~~^~~[m[K
[1.295s] [01m[K/home/yalcinolgac/ros2_ws/src/day2_2/src/message_analyzer.cpp:138:40:[m[K [01;31m[Kerror: [m[Kno match for ‘[01m[Koperator+[m[K’ (operand types are ‘[01m[Krclcpp::Logger[m[K’ and ‘[01m[Kconst char [2][m[K’)
[1.295s]   138 |         RCLCPP_INFO([32m[Kthis->get_logger()[m[K [01;31m[K+[m[K [34m[K"\n"[m[K + create_analysis_report().c_str());
[1.295s]       |                     [32m[K~~~~~~~~~~~~~~~~~~[m[K [01;31m[K^[m[K [34m[K~~~~[m[K
[1.295s]       |                                     [32m[K|[m[K    [34m[K|[m[K
[1.295s]       |                                     [32m[K|[m[K    [34m[Kconst char [2][m[K
[1.295s]       |                                     [32m[Krclcpp::Logger[m[K
[1.295s] [01m[K/opt/ros/jazzy/include/rclcpp/rclcpp/duration.hpp:164:1:[m[K [01;36m[Knote: [m[Kcandidate: ‘[01m[Kbuiltin_interfaces::msg::Time rclcpp::[01;32m[Koperator+[m[K(const builtin_interfaces::msg::Time&, const Duration&)[m[K’
[1.295s]   164 | [01;36m[Koperator[m[K+(const builtin_interfaces::msg::Time & lhs, const rclcpp::Duration & rhs);
[1.295s]       | [01;36m[K^~~~~~~~[m[K
[1.295s] [01m[K/opt/ros/jazzy/include/rclcpp/rclcpp/duration.hpp:164:49:[m[K [01;36m[Knote: [m[K  no known conversion for argument 1 from ‘[01m[Krclcpp::Logger[m[K’ to ‘[01m[Kconst builtin_interfaces::msg::Time&[m[K’ {aka ‘[01m[Kconst builtin_interfaces::msg::Time_<std::allocator<void> >&[m[K’}
[1.295s]   164 | operator+([01;36m[Kconst builtin_interfaces::msg::Time & lhs[m[K, const rclcpp::Duration & rhs);
[1.295s]       |           [01;36m[K~~~~~~~~~~~~~~~~~~~~~~~~~~~~~~~~~~~~~~^~~[m[K
[1.295s] [01m[K/opt/ros/jazzy/include/rclcpp/rclcpp/time.hpp:235:1:[m[K [01;36m[Knote: [m[Kcandidate: ‘[01m[Krclcpp::Time rclcpp::[01;32m[Koperator+[m[K(const Duration&, const Time&)[m[K’
[1.295s]   235 | [01;36m[Koperator[m[K+(const rclcpp::Duration & lhs, const rclcpp::Time & rhs);
[1.295s]       | [01;36m[K^~~~~~~~[m[K
[1.295s] [01m[K/opt/ros/jazzy/include/rclcpp/rclcpp/time.hpp:235:36:[m[K [01;36m[Knote: [m[K  no known conversion for argument 1 from ‘[01m[Krclcpp::Logger[m[K’ to ‘[01m[Kconst rclcpp::Duration&[m[K’
[1.295s]   235 | operator+([01;36m[Kconst rclcpp::Duration & lhs[m[K, const rclcpp::Time & rhs);
[1.295s]       |           [01;36m[K~~~~~~~~~~~~~~~~~~~~~~~~~^~~[m[K
[1.295s] [01m[K/home/yalcinolgac/ros2_ws/src/day2_2/src/message_analyzer.cpp:138:9:[m[K [01;31m[Kerror: [m[Kexpected primary-expression before ‘[01m[K)[m[K’ token
[1.295s]   138 |         [01;31m[KRCLCPP_INFO[m[K(this->get_logger() + "\n" + create_analysis_report().c_str());
[1.295s]       |         [01;31m[K^~~~~~~~~~~[m[K
[2.920s] gmake[2]: *** [CMakeFiles/message_analyzer_node.dir/build.make:76: CMakeFiles/message_analyzer_node.dir/src/message_analyzer.cpp.o] Error 1
[2.920s] gmake[1]: *** [CMakeFiles/Makefile2:221: CMakeFiles/message_analyzer_node.dir/all] Error 2
[2.921s] gmake: *** [Makefile:146: all] Error 2
[2.922s] Invoked command in '/home/yalcinolgac/ros2_ws/build/day2_2' returned '2': CMAKE_PREFIX_PATH=/home/yalcinolgac/ros2_ws/install/day2:/home/yalcinolgac/ros2_ws/install/day2_2:/home/yalcinolgac/ros2_ws/install/day1:/opt/ros/jazzy/opt/gz_sim_vendor:/opt/ros/jazzy/opt/gz_sensors_vendor:/opt/ros/jazzy/opt/gz_physics_vendor:/opt/ros/jazzy/opt/sdformat_vendor:/opt/ros/jazzy/opt/gz_gui_vendor:/opt/ros/jazzy/opt/gz_transport_vendor:/opt/ros/jazzy/opt/gz_rendering_vendor:/opt/ros/jazzy/opt/gz_plugin_vendor:/opt/ros/jazzy/opt/gz_fuel_tools_vendor:/opt/ros/jazzy/opt/gz_msgs_vendor:/opt/ros/jazzy/opt/gz_common_vendor:/opt/ros/jazzy/opt/gz_math_vendor:/opt/ros/jazzy/opt/gz_utils_vendor:/opt/ros/jazzy/opt/gz_tools_vendor:/opt/ros/jazzy/opt/gz_ogre_next_vendor:/opt/ros/jazzy/opt/gz_dartsim_vendor:/opt/ros/jazzy/opt/gz_cmake_vendor:/opt/ros/jazzy /usr/bin/cmake --build /home/yalcinolgac/ros2_ws/build/day2_2 -- -j32 -l32
