[0.009s] Invoking command in '/home/yalcinolgac/ros2_ws/build/day1': CMAKE_PREFIX_PATH=${CMAKE_PREFIX_PATH}:/opt/ros/jazzy /usr/bin/cmake /home/yalcinolgac/ros2_ws/src/day1 -DCMAKE_INSTALL_PREFIX=/home/yalcinolgac/ros2_ws/install/day1
[0.139s] -- The C compiler identification is GNU 13.3.0
[0.211s] -- The CXX compiler identification is GNU 13.3.0
[0.225s] -- Detecting C compiler ABI info
[0.281s] -- Detecting C compiler ABI info - done
[0.285s] -- Check for working C compiler: /usr/bin/cc - skipped
[0.286s] -- Detecting C compile features
[0.286s] -- Detecting C compile features - done
[0.294s] -- Detecting CXX compiler ABI info
[0.350s] -- Detecting CXX compiler ABI info - done
[0.354s] -- Check for working CXX compiler: /usr/bin/c++ - skipped
[0.354s] -- Detecting CXX compile features
[0.355s] -- Detecting CXX compile features - done
[0.377s] -- Found ament_cmake: 2.5.4 (/opt/ros/jazzy/share/ament_cmake/cmake)
[0.459s] -- Found Python3: /usr/bin/python3 (found version "3.12.3") found components: Interpreter 
[0.552s] -- Found ament_lint_auto: 0.17.2 (/opt/ros/jazzy/share/ament_lint_auto/cmake)
[0.626s] -- Added test 'lint_cmake' to check CMake code style
[0.627s] -- Added test 'xmllint' to check XML markup files
[0.629s] -- Configuring done (0.6s)
[0.631s] -- Generating done (0.0s)
[0.632s] -- Build files have been written to: /home/yalcinolgac/ros2_ws/build/day1
[0.635s] Invoked command in '/home/yalcinolgac/ros2_ws/build/day1' returned '0': CMAKE_PREFIX_PATH=${CMAKE_PREFIX_PATH}:/opt/ros/jazzy /usr/bin/cmake /home/yalcinolgac/ros2_ws/src/day1 -DCMAKE_INSTALL_PREFIX=/home/yalcinolgac/ros2_ws/install/day1
[0.636s] Invoking command in '/home/yalcinolgac/ros2_ws/build/day1': CMAKE_PREFIX_PATH=${CMAKE_PREFIX_PATH}:/opt/ros/jazzy /usr/bin/cmake --build /home/yalcinolgac/ros2_ws/build/day1 -- -j32 -l32
[0.657s] Invoked command in '/home/yalcinolgac/ros2_ws/build/day1' returned '0': CMAKE_PREFIX_PATH=${CMAKE_PREFIX_PATH}:/opt/ros/jazzy /usr/bin/cmake --build /home/yalcinolgac/ros2_ws/build/day1 -- -j32 -l32
[0.662s] Invoking command in '/home/yalcinolgac/ros2_ws/build/day1': CMAKE_PREFIX_PATH=${CMAKE_PREFIX_PATH}:/opt/ros/jazzy /usr/bin/cmake --install /home/yalcinolgac/ros2_ws/build/day1
[0.669s] -- Install configuration: ""
[0.669s] -- Installing: /home/yalcinolgac/ros2_ws/install/day1/share/ament_index/resource_index/package_run_dependencies/day1
[0.669s] -- Installing: /home/yalcinolgac/ros2_ws/install/day1/share/ament_index/resource_index/parent_prefix_path/day1
[0.669s] -- Installing: /home/yalcinolgac/ros2_ws/install/day1/share/day1/environment/ament_prefix_path.sh
[0.669s] -- Installing: /home/yalcinolgac/ros2_ws/install/day1/share/day1/environment/ament_prefix_path.dsv
[0.669s] -- Installing: /home/yalcinolgac/ros2_ws/install/day1/share/day1/environment/path.sh
[0.669s] -- Installing: /home/yalcinolgac/ros2_ws/install/day1/share/day1/environment/path.dsv
[0.669s] -- Installing: /home/yalcinolgac/ros2_ws/install/day1/share/day1/local_setup.bash
[0.669s] -- Installing: /home/yalcinolgac/ros2_ws/install/day1/share/day1/local_setup.sh
[0.669s] -- Installing: /home/yalcinolgac/ros2_ws/install/day1/share/day1/local_setup.zsh
[0.669s] -- Installing: /home/yalcinolgac/ros2_ws/install/day1/share/day1/local_setup.dsv
[0.669s] -- Installing: /home/yalcinolgac/ros2_ws/install/day1/share/day1/package.dsv
[0.669s] -- Installing: /home/yalcinolgac/ros2_ws/install/day1/share/ament_index/resource_index/packages/day1
[0.669s] -- Installing: /home/yalcinolgac/ros2_ws/install/day1/share/day1/cmake/day1Config.cmake
[0.669s] -- Installing: /home/yalcinolgac/ros2_ws/install/day1/share/day1/cmake/day1Config-version.cmake
[0.669s] -- Installing: /home/yalcinolgac/ros2_ws/install/day1/share/day1/package.xml
[0.670s] Invoked command in '/home/yalcinolgac/ros2_ws/build/day1' returned '0': CMAKE_PREFIX_PATH=${CMAKE_PREFIX_PATH}:/opt/ros/jazzy /usr/bin/cmake --install /home/yalcinolgac/ros2_ws/build/day1
