-- Found ament_cmake: 2.5.4 (/opt/ros/jazzy/share/ament_cmake/cmake)
-- Found Python3: /usr/bin/python3 (found version "3.12.3") found components: Interpreter 
-- Found builtin_interfaces: 2.0.2 (/opt/ros/jazzy/share/builtin_interfaces/cmake)
-- Found rosidl_generator_c: 4.6.5 (/opt/ros/jazzy/share/rosidl_generator_c/cmake)
-- Found rosidl_generator_cpp: 4.6.5 (/opt/ros/jazzy/share/rosidl_generator_cpp/cmake)
-- Using all available rosidl_typesupport_c: rosidl_typesupport_fastrtps_c;rosidl_typesupport_introspection_c
-- Using all available rosidl_typesupport_cpp: rosidl_typesupport_fastrtps_cpp;rosidl_typesupport_introspection_cpp
-- Found std_msgs: 5.3.6 (/opt/ros/jazzy/share/std_msgs/cmake)
-- Found geometry_msgs: 5.3.6 (/opt/ros/jazzy/share/geometry_msgs/cmake)
-- Found rosidl_default_generators: 1.6.0 (/opt/ros/jazzy/share/rosidl_default_generators/cmake)
-- Found rosidl_adapter: 4.6.5 (/opt/ros/jazzy/share/rosidl_adapter/cmake)
-- Found ament_cmake_ros: 0.12.0 (/opt/ros/jazzy/share/ament_cmake_ros/cmake)
-- Using all available rosidl_typesupport_c: rosidl_typesupport_fastrtps_c;rosidl_typesupport_introspection_c
-- Using all available rosidl_typesupport_cpp: rosidl_typesupport_fastrtps_cpp;rosidl_typesupport_introspection_cpp
-- Found python_cmake_module: 0.11.1 (/opt/ros/jazzy/share/python_cmake_module/cmake)
-- Found Python3: /usr/bin/python3 (found version "3.12.3") found components: Interpreter Development NumPy Development.Module Development.Embed 
-- Found ament_lint_auto: 0.17.2 (/opt/ros/jazzy/share/ament_lint_auto/cmake)
-- Added test 'copyright' to check source files copyright and LICENSE
-- Added test 'lint_cmake' to check CMake code style
-- Added test 'xmllint' to check XML markup files
-- Configuring done (1.0s)
-- Generating done (0.0s)
-- Build files have been written to: /home/yalcinolgac/ros2_ws/build/day2
[  1%] [34m[1mGenerating type hashes for ROS interfaces[0m
[  1%] Built target ament_cmake_python_copy_day2
running egg_info
writing day2.egg-info/PKG-INFO
writing dependency_links to day2.egg-info/dependency_links.txt
writing top-level names to day2.egg-info/top_level.txt
reading manifest file 'day2.egg-info/SOURCES.txt'
writing manifest file 'day2.egg-info/SOURCES.txt'
[  1%] Built target ament_cmake_python_build_day2_egg
[  1%] Built target day2__rosidl_generator_type_description
[  2%] [34m[1mGenerating C code for ROS interfaces[0m
[  2%] [34m[1mGenerating C++ code for ROS interfaces[0m
[  2%] Built target day2__cpp
[  4%] [32mBuilding C object CMakeFiles/day2__rosidl_generator_c.dir/rosidl_generator_c/day2/msg/detail/robot_status__type_support.c.o[0m
[  4%] [32mBuilding C object CMakeFiles/day2__rosidl_generator_c.dir/rosidl_generator_c/day2/msg/detail/robot_status__functions.c.o[0m
[  4%] [32mBuilding C object CMakeFiles/day2__rosidl_generator_c.dir/rosidl_generator_c/day2/msg/detail/robot_status__description.c.o[0m
[  4%] [32mBuilding C object CMakeFiles/day2__rosidl_generator_c.dir/rosidl_generator_c/day2/msg/detail/sensor_data__description.c.o[0m
[  5%] [32mBuilding C object CMakeFiles/day2__rosidl_generator_c.dir/rosidl_generator_c/day2/msg/detail/sensor_data__functions.c.o[0m
[  6%] [32mBuilding C object CMakeFiles/day2__rosidl_generator_c.dir/rosidl_generator_c/day2/msg/detail/sensor_data__type_support.c.o[0m
[  7%] [32mBuilding C object CMakeFiles/day2__rosidl_generator_c.dir/rosidl_generator_c/day2/msg/detail/motor_status__type_support.c.o[0m
[  8%] [32mBuilding C object CMakeFiles/day2__rosidl_generator_c.dir/rosidl_generator_c/day2/msg/detail/robot_array__type_support.c.o[0m
[  8%] [32mBuilding C object CMakeFiles/day2__rosidl_generator_c.dir/rosidl_generator_c/day2/msg/detail/motor_status__description.c.o[0m
[  8%] [32mBuilding C object CMakeFiles/day2__rosidl_generator_c.dir/rosidl_generator_c/day2/srv/detail/get_robot_status__functions.c.o[0m
[  9%] [32mBuilding C object CMakeFiles/day2__rosidl_generator_c.dir/rosidl_generator_c/day2/msg/detail/motor_status__functions.c.o[0m
[ 10%] [32mBuilding C object CMakeFiles/day2__rosidl_generator_c.dir/rosidl_generator_c/day2/msg/detail/robot_array__description.c.o[0m
[ 10%] [32mBuilding C object CMakeFiles/day2__rosidl_generator_c.dir/rosidl_generator_c/day2/msg/detail/robot_array__functions.c.o[0m
[ 11%] [32mBuilding C object CMakeFiles/day2__rosidl_generator_c.dir/rosidl_generator_c/day2/srv/detail/robot_command__type_support.c.o[0m
[ 14%] [32mBuilding C object CMakeFiles/day2__rosidl_generator_c.dir/rosidl_generator_c/day2/srv/detail/get_robot_status__description.c.o[0m
[ 14%] [32mBuilding C object CMakeFiles/day2__rosidl_generator_c.dir/rosidl_generator_c/day2/srv/detail/robot_command__description.c.o[0m
[ 14%] [32mBuilding C object CMakeFiles/day2__rosidl_generator_c.dir/rosidl_generator_c/day2/srv/detail/get_robot_status__type_support.c.o[0m
[ 14%] [32mBuilding C object CMakeFiles/day2__rosidl_generator_c.dir/rosidl_generator_c/day2/srv/detail/robot_command__functions.c.o[0m
[ 15%] [32mBuilding C object CMakeFiles/day2__rosidl_generator_c.dir/rosidl_generator_c/day2/srv/detail/emergency_stop__description.c.o[0m
[ 15%] [32mBuilding C object CMakeFiles/day2__rosidl_generator_c.dir/rosidl_generator_c/day2/srv/detail/calculate_path__functions.c.o[0m
[ 16%] [32mBuilding C object CMakeFiles/day2__rosidl_generator_c.dir/rosidl_generator_c/day2/srv/detail/calculate_path__description.c.o[0m
[ 17%] [32mBuilding C object CMakeFiles/day2__rosidl_generator_c.dir/rosidl_generator_c/day2/action/detail/navigate__description.c.o[0m
[ 18%] [32mBuilding C object CMakeFiles/day2__rosidl_generator_c.dir/rosidl_generator_c/day2/action/detail/navigate__functions.c.o[0m
[ 18%] [32mBuilding C object CMakeFiles/day2__rosidl_generator_c.dir/rosidl_generator_c/day2/action/detail/navigate__type_support.c.o[0m
[ 19%] [32mBuilding C object CMakeFiles/day2__rosidl_generator_c.dir/rosidl_generator_c/day2/action/detail/pick_and_place__description.c.o[0m
[ 20%] [32mBuilding C object CMakeFiles/day2__rosidl_generator_c.dir/rosidl_generator_c/day2/srv/detail/calculate_path__type_support.c.o[0m
[ 21%] [32mBuilding C object CMakeFiles/day2__rosidl_generator_c.dir/rosidl_generator_c/day2/srv/detail/emergency_stop__functions.c.o[0m
[ 21%] [32mBuilding C object CMakeFiles/day2__rosidl_generator_c.dir/rosidl_generator_c/day2/srv/detail/emergency_stop__type_support.c.o[0m
[ 22%] [32mBuilding C object CMakeFiles/day2__rosidl_generator_c.dir/rosidl_generator_c/day2/action/detail/pick_and_place__functions.c.o[0m
[ 22%] [32mBuilding C object CMakeFiles/day2__rosidl_generator_c.dir/rosidl_generator_c/day2/action/detail/pick_and_place__type_support.c.o[0m
[ 23%] [32mBuilding C object CMakeFiles/day2__rosidl_generator_c.dir/rosidl_generator_c/day2/action/detail/map_area__description.c.o[0m
[ 24%] [32mBuilding C object CMakeFiles/day2__rosidl_generator_c.dir/rosidl_generator_c/day2/action/detail/map_area__functions.c.o[0m
[ 25%] [32mBuilding C object CMakeFiles/day2__rosidl_generator_c.dir/rosidl_generator_c/day2/action/detail/map_area__type_support.c.o[0m
[ 26%] [32mBuilding C object CMakeFiles/day2__rosidl_generator_c.dir/rosidl_generator_c/day2/action/detail/charge_battery__type_support.c.o[0m
[ 27%] [32mBuilding C object CMakeFiles/day2__rosidl_generator_c.dir/rosidl_generator_c/day2/action/detail/charge_battery__functions.c.o[0m
[ 27%] [32mBuilding C object CMakeFiles/day2__rosidl_generator_c.dir/rosidl_generator_c/day2/action/detail/charge_battery__description.c.o[0m
[ 27%] [32m[1mLinking C shared library libday2__rosidl_generator_c.so[0m
[ 27%] Built target day2__rosidl_generator_c
[ 30%] [34m[1mGenerating C++ type support for eProsima Fast-RTPS[0m
[ 30%] [34m[1mGenerating C type support for eProsima Fast-RTPS[0m
[ 30%] [34m[1mGenerating C introspection for ROS interfaces[0m
[ 30%] [34m[1mGenerating C++ type support dispatch for ROS interfaces[0m
[ 30%] [34m[1mGenerating C++ introspection for ROS interfaces[0m
[ 31%] [34m[1mGenerating C type support dispatch for ROS interfaces[0m
[ 32%] [32mBuilding CXX object CMakeFiles/day2__rosidl_typesupport_c.dir/rosidl_typesupport_c/day2/msg/sensor_data__type_support.cpp.o[0m
[ 33%] [32mBuilding CXX object CMakeFiles/day2__rosidl_typesupport_c.dir/rosidl_typesupport_c/day2/msg/motor_status__type_support.cpp.o[0m
[ 33%] [32mBuilding CXX object CMakeFiles/day2__rosidl_typesupport_c.dir/rosidl_typesupport_c/day2/msg/robot_array__type_support.cpp.o[0m
[ 33%] [32mBuilding CXX object CMakeFiles/day2__rosidl_typesupport_c.dir/rosidl_typesupport_c/day2/msg/robot_status__type_support.cpp.o[0m
[ 34%] [32mBuilding CXX object CMakeFiles/day2__rosidl_typesupport_c.dir/rosidl_typesupport_c/day2/srv/robot_command__type_support.cpp.o[0m
[ 34%] [32mBuilding CXX object CMakeFiles/day2__rosidl_typesupport_c.dir/rosidl_typesupport_c/day2/srv/emergency_stop__type_support.cpp.o[0m
[ 35%] [32mBuilding CXX object CMakeFiles/day2__rosidl_typesupport_c.dir/rosidl_typesupport_c/day2/srv/calculate_path__type_support.cpp.o[0m
[ 35%] [32mBuilding CXX object CMakeFiles/day2__rosidl_typesupport_c.dir/rosidl_typesupport_c/day2/action/map_area__type_support.cpp.o[0m
[ 36%] [32mBuilding CXX object CMakeFiles/day2__rosidl_typesupport_c.dir/rosidl_typesupport_c/day2/srv/get_robot_status__type_support.cpp.o[0m
[ 37%] [32mBuilding CXX object CMakeFiles/day2__rosidl_typesupport_c.dir/rosidl_typesupport_c/day2/action/navigate__type_support.cpp.o[0m
[ 38%] [32mBuilding CXX object CMakeFiles/day2__rosidl_typesupport_c.dir/rosidl_typesupport_c/day2/action/pick_and_place__type_support.cpp.o[0m
[ 39%] [32mBuilding CXX object CMakeFiles/day2__rosidl_typesupport_c.dir/rosidl_typesupport_c/day2/action/charge_battery__type_support.cpp.o[0m
[ 39%] [32mBuilding CXX object CMakeFiles/day2__rosidl_typesupport_cpp.dir/rosidl_typesupport_cpp/day2/msg/robot_array__type_support.cpp.o[0m
[ 39%] [32mBuilding CXX object CMakeFiles/day2__rosidl_typesupport_cpp.dir/rosidl_typesupport_cpp/day2/srv/calculate_path__type_support.cpp.o[0m
[ 40%] [32mBuilding CXX object CMakeFiles/day2__rosidl_typesupport_cpp.dir/rosidl_typesupport_cpp/day2/srv/emergency_stop__type_support.cpp.o[0m
[ 41%] [32mBuilding CXX object CMakeFiles/day2__rosidl_typesupport_cpp.dir/rosidl_typesupport_cpp/day2/msg/robot_status__type_support.cpp.o[0m
[ 44%] [32mBuilding CXX object CMakeFiles/day2__rosidl_typesupport_cpp.dir/rosidl_typesupport_cpp/day2/srv/get_robot_status__type_support.cpp.o[0m
[ 44%] [32mBuilding CXX object CMakeFiles/day2__rosidl_typesupport_cpp.dir/rosidl_typesupport_cpp/day2/msg/sensor_data__type_support.cpp.o[0m
[ 44%] [32mBuilding CXX object CMakeFiles/day2__rosidl_typesupport_cpp.dir/rosidl_typesupport_cpp/day2/msg/motor_status__type_support.cpp.o[0m
[ 45%] [32mBuilding CXX object CMakeFiles/day2__rosidl_typesupport_cpp.dir/rosidl_typesupport_cpp/day2/srv/robot_command__type_support.cpp.o[0m
[ 45%] [32mBuilding CXX object CMakeFiles/day2__rosidl_typesupport_cpp.dir/rosidl_typesupport_cpp/day2/action/pick_and_place__type_support.cpp.o[0m
[ 46%] [32mBuilding CXX object CMakeFiles/day2__rosidl_typesupport_cpp.dir/rosidl_typesupport_cpp/day2/action/map_area__type_support.cpp.o[0m
[ 47%] [32mBuilding CXX object CMakeFiles/day2__rosidl_typesupport_cpp.dir/rosidl_typesupport_cpp/day2/action/charge_battery__type_support.cpp.o[0m
[ 48%] [32mBuilding CXX object CMakeFiles/day2__rosidl_typesupport_cpp.dir/rosidl_typesupport_cpp/day2/action/navigate__type_support.cpp.o[0m
[ 49%] [32m[1mLinking CXX shared library libday2__rosidl_typesupport_c.so[0m
[ 49%] Built target day2__rosidl_typesupport_c
[ 50%] [32mBuilding CXX object CMakeFiles/day2__rosidl_typesupport_introspection_cpp.dir/rosidl_typesupport_introspection_cpp/day2/msg/detail/sensor_data__type_support.cpp.o[0m
[ 51%] [32mBuilding CXX object CMakeFiles/day2__rosidl_typesupport_introspection_cpp.dir/rosidl_typesupport_introspection_cpp/day2/msg/detail/robot_status__type_support.cpp.o[0m
[ 52%] [32mBuilding CXX object CMakeFiles/day2__rosidl_typesupport_introspection_cpp.dir/rosidl_typesupport_introspection_cpp/day2/msg/detail/robot_array__type_support.cpp.o[0m
[ 53%] [32mBuilding CXX object CMakeFiles/day2__rosidl_typesupport_introspection_cpp.dir/rosidl_typesupport_introspection_cpp/day2/srv/detail/emergency_stop__type_support.cpp.o[0m
[ 54%] [32mBuilding CXX object CMakeFiles/day2__rosidl_typesupport_introspection_cpp.dir/rosidl_typesupport_introspection_cpp/day2/srv/detail/calculate_path__type_support.cpp.o[0m
[ 55%] [32mBuilding CXX object CMakeFiles/day2__rosidl_typesupport_introspection_cpp.dir/rosidl_typesupport_introspection_cpp/day2/msg/detail/motor_status__type_support.cpp.o[0m
[ 55%] [32mBuilding CXX object CMakeFiles/day2__rosidl_typesupport_introspection_cpp.dir/rosidl_typesupport_introspection_cpp/day2/srv/detail/robot_command__type_support.cpp.o[0m
[ 55%] [32mBuilding CXX object CMakeFiles/day2__rosidl_typesupport_introspection_cpp.dir/rosidl_typesupport_introspection_cpp/day2/srv/detail/get_robot_status__type_support.cpp.o[0m
[ 56%] [32mBuilding CXX object CMakeFiles/day2__rosidl_typesupport_introspection_cpp.dir/rosidl_typesupport_introspection_cpp/day2/action/detail/navigate__type_support.cpp.o[0m
[ 57%] [32mBuilding CXX object CMakeFiles/day2__rosidl_typesupport_introspection_cpp.dir/rosidl_typesupport_introspection_cpp/day2/action/detail/charge_battery__type_support.cpp.o[0m
[ 57%] [32mBuilding CXX object CMakeFiles/day2__rosidl_typesupport_introspection_cpp.dir/rosidl_typesupport_introspection_cpp/day2/action/detail/pick_and_place__type_support.cpp.o[0m
[ 58%] [32mBuilding CXX object CMakeFiles/day2__rosidl_typesupport_introspection_cpp.dir/rosidl_typesupport_introspection_cpp/day2/action/detail/map_area__type_support.cpp.o[0m
[ 59%] [32mBuilding C object CMakeFiles/day2__rosidl_typesupport_introspection_c.dir/rosidl_typesupport_introspection_c/day2/msg/detail/motor_status__type_support.c.o[0m
[ 59%] [32mBuilding C object CMakeFiles/day2__rosidl_typesupport_introspection_c.dir/rosidl_typesupport_introspection_c/day2/msg/detail/robot_status__type_support.c.o[0m
[ 59%] [32mBuilding C object CMakeFiles/day2__rosidl_typesupport_introspection_c.dir/rosidl_typesupport_introspection_c/day2/msg/detail/robot_array__type_support.c.o[0m
[ 60%] [32mBuilding C object CMakeFiles/day2__rosidl_typesupport_introspection_c.dir/rosidl_typesupport_introspection_c/day2/msg/detail/sensor_data__type_support.c.o[0m
[ 60%] [32mBuilding C object CMakeFiles/day2__rosidl_typesupport_introspection_c.dir/rosidl_typesupport_introspection_c/day2/srv/detail/calculate_path__type_support.c.o[0m
[ 62%] [32mBuilding C object CMakeFiles/day2__rosidl_typesupport_introspection_c.dir/rosidl_typesupport_introspection_c/day2/srv/detail/robot_command__type_support.c.o[0m
[ 62%] [32mBuilding C object CMakeFiles/day2__rosidl_typesupport_introspection_c.dir/rosidl_typesupport_introspection_c/day2/srv/detail/get_robot_status__type_support.c.o[0m
[ 63%] [32mBuilding C object CMakeFiles/day2__rosidl_typesupport_introspection_c.dir/rosidl_typesupport_introspection_c/day2/srv/detail/emergency_stop__type_support.c.o[0m
[ 64%] [32mBuilding C object CMakeFiles/day2__rosidl_typesupport_introspection_c.dir/rosidl_typesupport_introspection_c/day2/action/detail/navigate__type_support.c.o[0m
[ 65%] [32mBuilding C object CMakeFiles/day2__rosidl_typesupport_introspection_c.dir/rosidl_typesupport_introspection_c/day2/action/detail/pick_and_place__type_support.c.o[0m
[ 65%] [32mBuilding C object CMakeFiles/day2__rosidl_typesupport_introspection_c.dir/rosidl_typesupport_introspection_c/day2/action/detail/map_area__type_support.c.o[0m
[ 66%] [32mBuilding C object CMakeFiles/day2__rosidl_typesupport_introspection_c.dir/rosidl_typesupport_introspection_c/day2/action/detail/charge_battery__type_support.c.o[0m
[ 67%] [32m[1mLinking C shared library libday2__rosidl_typesupport_introspection_c.so[0m
[ 67%] Built target day2__rosidl_typesupport_introspection_c
[ 67%] [32m[1mLinking CXX shared library libday2__rosidl_typesupport_cpp.so[0m
[ 67%] Built target day2__rosidl_typesupport_cpp
[ 68%] [32mBuilding CXX object CMakeFiles/day2__rosidl_typesupport_fastrtps_cpp.dir/rosidl_typesupport_fastrtps_cpp/day2/msg/detail/dds_fastrtps/robot_status__type_support.cpp.o[0m
[ 68%] [32mBuilding CXX object CMakeFiles/day2__rosidl_typesupport_fastrtps_cpp.dir/rosidl_typesupport_fastrtps_cpp/day2/msg/detail/dds_fastrtps/sensor_data__type_support.cpp.o[0m
[ 69%] [32mBuilding CXX object CMakeFiles/day2__rosidl_typesupport_fastrtps_cpp.dir/rosidl_typesupport_fastrtps_cpp/day2/msg/detail/dds_fastrtps/robot_array__type_support.cpp.o[0m
[ 70%] [32mBuilding CXX object CMakeFiles/day2__rosidl_typesupport_fastrtps_cpp.dir/rosidl_typesupport_fastrtps_cpp/day2/srv/detail/dds_fastrtps/calculate_path__type_support.cpp.o[0m
[ 71%] [32mBuilding CXX object CMakeFiles/day2__rosidl_typesupport_fastrtps_cpp.dir/rosidl_typesupport_fastrtps_cpp/day2/action/detail/dds_fastrtps/navigate__type_support.cpp.o[0m
[ 72%] [32mBuilding CXX object CMakeFiles/day2__rosidl_typesupport_fastrtps_cpp.dir/rosidl_typesupport_fastrtps_cpp/day2/action/detail/dds_fastrtps/map_area__type_support.cpp.o[0m
[ 72%] [32mBuilding CXX object CMakeFiles/day2__rosidl_typesupport_fastrtps_cpp.dir/rosidl_typesupport_fastrtps_cpp/day2/srv/detail/dds_fastrtps/robot_command__type_support.cpp.o[0m
[ 72%] [32mBuilding CXX object CMakeFiles/day2__rosidl_typesupport_fastrtps_cpp.dir/rosidl_typesupport_fastrtps_cpp/day2/action/detail/dds_fastrtps/charge_battery__type_support.cpp.o[0m
[ 73%] [32mBuilding CXX object CMakeFiles/day2__rosidl_typesupport_fastrtps_cpp.dir/rosidl_typesupport_fastrtps_cpp/day2/msg/detail/dds_fastrtps/motor_status__type_support.cpp.o[0m
[ 75%] [32mBuilding CXX object CMakeFiles/day2__rosidl_typesupport_fastrtps_cpp.dir/rosidl_typesupport_fastrtps_cpp/day2/srv/detail/dds_fastrtps/get_robot_status__type_support.cpp.o[0m
[ 75%] [32mBuilding CXX object CMakeFiles/day2__rosidl_typesupport_fastrtps_cpp.dir/rosidl_typesupport_fastrtps_cpp/day2/action/detail/dds_fastrtps/pick_and_place__type_support.cpp.o[0m
[ 75%] [32mBuilding CXX object CMakeFiles/day2__rosidl_typesupport_fastrtps_cpp.dir/rosidl_typesupport_fastrtps_cpp/day2/srv/detail/dds_fastrtps/emergency_stop__type_support.cpp.o[0m
[ 75%] [32m[1mLinking CXX shared library libday2__rosidl_typesupport_introspection_cpp.so[0m
[ 76%] [32mBuilding CXX object CMakeFiles/day2__rosidl_typesupport_fastrtps_c.dir/rosidl_typesupport_fastrtps_c/day2/msg/detail/robot_status__type_support_c.cpp.o[0m
[ 77%] [32mBuilding CXX object CMakeFiles/day2__rosidl_typesupport_fastrtps_c.dir/rosidl_typesupport_fastrtps_c/day2/msg/detail/robot_array__type_support_c.cpp.o[0m
[ 78%] [32mBuilding CXX object CMakeFiles/day2__rosidl_typesupport_fastrtps_c.dir/rosidl_typesupport_fastrtps_c/day2/msg/detail/sensor_data__type_support_c.cpp.o[0m
[ 78%] [32mBuilding CXX object CMakeFiles/day2__rosidl_typesupport_fastrtps_c.dir/rosidl_typesupport_fastrtps_c/day2/msg/detail/motor_status__type_support_c.cpp.o[0m
[ 79%] [32mBuilding CXX object CMakeFiles/day2__rosidl_typesupport_fastrtps_c.dir/rosidl_typesupport_fastrtps_c/day2/srv/detail/robot_command__type_support_c.cpp.o[0m
[ 80%] [32mBuilding CXX object CMakeFiles/day2__rosidl_typesupport_fastrtps_c.dir/rosidl_typesupport_fastrtps_c/day2/action/detail/map_area__type_support_c.cpp.o[0m
[ 80%] [32mBuilding CXX object CMakeFiles/day2__rosidl_typesupport_fastrtps_c.dir/rosidl_typesupport_fastrtps_c/day2/srv/detail/get_robot_status__type_support_c.cpp.o[0m
[ 81%] [32mBuilding CXX object CMakeFiles/day2__rosidl_typesupport_fastrtps_c.dir/rosidl_typesupport_fastrtps_c/day2/action/detail/pick_and_place__type_support_c.cpp.o[0m
[ 82%] [32mBuilding CXX object CMakeFiles/day2__rosidl_typesupport_fastrtps_c.dir/rosidl_typesupport_fastrtps_c/day2/srv/detail/emergency_stop__type_support_c.cpp.o[0m
[ 83%] [32mBuilding CXX object CMakeFiles/day2__rosidl_typesupport_fastrtps_c.dir/rosidl_typesupport_fastrtps_c/day2/srv/detail/calculate_path__type_support_c.cpp.o[0m
[ 83%] [32mBuilding CXX object CMakeFiles/day2__rosidl_typesupport_fastrtps_c.dir/rosidl_typesupport_fastrtps_c/day2/action/detail/navigate__type_support_c.cpp.o[0m
[ 83%] [32mBuilding CXX object CMakeFiles/day2__rosidl_typesupport_fastrtps_c.dir/rosidl_typesupport_fastrtps_c/day2/action/detail/charge_battery__type_support_c.cpp.o[0m
[ 83%] Built target day2__rosidl_typesupport_introspection_cpp
[ 84%] [32m[1mLinking CXX shared library libday2__rosidl_typesupport_fastrtps_c.so[0m
[ 84%] Built target day2__rosidl_typesupport_fastrtps_c
[ 85%] [32m[1mLinking CXX shared library libday2__rosidl_typesupport_fastrtps_cpp.so[0m
[ 85%] Built target day2__rosidl_typesupport_fastrtps_cpp
[ 85%] Built target day2
[ 86%] [34m[1mGenerating Python code for ROS interfaces[0m
[ 86%] Built target day2__py
[ 87%] [32mBuilding C object CMakeFiles/day2__rosidl_generator_py.dir/rosidl_generator_py/day2/msg/_robot_status_s.c.o[0m
[ 88%] [32mBuilding C object CMakeFiles/day2__rosidl_generator_py.dir/rosidl_generator_py/day2/msg/_sensor_data_s.c.o[0m
[ 88%] [32mBuilding C object CMakeFiles/day2__rosidl_generator_py.dir/rosidl_generator_py/day2/msg/_motor_status_s.c.o[0m
[ 89%] [32mBuilding C object CMakeFiles/day2__rosidl_generator_py.dir/rosidl_generator_py/day2/msg/_robot_array_s.c.o[0m
[ 90%] [32mBuilding C object CMakeFiles/day2__rosidl_generator_py.dir/rosidl_generator_py/day2/srv/_robot_command_s.c.o[0m
[ 91%] [32mBuilding C object CMakeFiles/day2__rosidl_generator_py.dir/rosidl_generator_py/day2/srv/_calculate_path_s.c.o[0m
[ 91%] [32mBuilding C object CMakeFiles/day2__rosidl_generator_py.dir/rosidl_generator_py/day2/srv/_get_robot_status_s.c.o[0m
[ 93%] [32mBuilding C object CMakeFiles/day2__rosidl_generator_py.dir/rosidl_generator_py/day2/action/_navigate_s.c.o[0m
[ 93%] [32mBuilding C object CMakeFiles/day2__rosidl_generator_py.dir/rosidl_generator_py/day2/srv/_emergency_stop_s.c.o[0m
[ 94%] [32mBuilding C object CMakeFiles/day2__rosidl_generator_py.dir/rosidl_generator_py/day2/action/_charge_battery_s.c.o[0m
[ 95%] [32mBuilding C object CMakeFiles/day2__rosidl_generator_py.dir/rosidl_generator_py/day2/action/_map_area_s.c.o[0m
[ 95%] [32mBuilding C object CMakeFiles/day2__rosidl_generator_py.dir/rosidl_generator_py/day2/action/_pick_and_place_s.c.o[0m
[ 95%] [32m[1mLinking C shared library libday2__rosidl_generator_py.so[0m
[ 95%] Built target day2__rosidl_generator_py
[ 95%] [32mBuilding C object CMakeFiles/day2_s__rosidl_typesupport_fastrtps_c.dir/rosidl_generator_py/day2/_day2_s.ep.rosidl_typesupport_fastrtps_c.c.o[0m
[ 96%] [32mBuilding C object CMakeFiles/day2_s__rosidl_typesupport_c.dir/rosidl_generator_py/day2/_day2_s.ep.rosidl_typesupport_c.c.o[0m
[ 97%] [32mBuilding C object CMakeFiles/day2_s__rosidl_typesupport_introspection_c.dir/rosidl_generator_py/day2/_day2_s.ep.rosidl_typesupport_introspection_c.c.o[0m
[ 99%] [32m[1mLinking C shared module rosidl_generator_py/day2/day2_s__rosidl_typesupport_fastrtps_c.so[0m
[ 99%] [32m[1mLinking C shared module rosidl_generator_py/day2/day2_s__rosidl_typesupport_c.so[0m
[100%] [32m[1mLinking C shared module rosidl_generator_py/day2/day2_s__rosidl_typesupport_introspection_c.so[0m
[100%] Built target day2_s__rosidl_typesupport_c
[100%] Built target day2_s__rosidl_typesupport_fastrtps_c
[100%] Built target day2_s__rosidl_typesupport_introspection_c
-- Install configuration: ""
-- Installing: /home/yalcinolgac/ros2_ws/install/day2/share/ament_index/resource_index/rosidl_interfaces/day2
-- Installing: /home/yalcinolgac/ros2_ws/install/day2/share/day2/msg/RobotStatus.json
-- Installing: /home/yalcinolgac/ros2_ws/install/day2/share/day2/msg/SensorData.json
-- Installing: /home/yalcinolgac/ros2_ws/install/day2/share/day2/msg/MotorStatus.json
-- Installing: /home/yalcinolgac/ros2_ws/install/day2/share/day2/msg/RobotArray.json
-- Installing: /home/yalcinolgac/ros2_ws/install/day2/share/day2/srv/RobotCommand.json
-- Installing: /home/yalcinolgac/ros2_ws/install/day2/share/day2/srv/GetRobotStatus.json
-- Installing: /home/yalcinolgac/ros2_ws/install/day2/share/day2/srv/CalculatePath.json
-- Installing: /home/yalcinolgac/ros2_ws/install/day2/share/day2/srv/EmergencyStop.json
-- Installing: /home/yalcinolgac/ros2_ws/install/day2/share/day2/action/Navigate.json
-- Installing: /home/yalcinolgac/ros2_ws/install/day2/share/day2/action/PickAndPlace.json
-- Installing: /home/yalcinolgac/ros2_ws/install/day2/share/day2/action/MapArea.json
-- Installing: /home/yalcinolgac/ros2_ws/install/day2/share/day2/action/ChargeBattery.json
-- Up-to-date: /home/yalcinolgac/ros2_ws/install/day2/include/day2/day2
-- Up-to-date: /home/yalcinolgac/ros2_ws/install/day2/include/day2/day2/msg
-- Up-to-date: /home/yalcinolgac/ros2_ws/install/day2/include/day2/day2/msg/detail
-- Installing: /home/yalcinolgac/ros2_ws/install/day2/include/day2/day2/msg/detail/motor_status__functions.h
-- Installing: /home/yalcinolgac/ros2_ws/install/day2/include/day2/day2/msg/detail/robot_array__struct.h
-- Installing: /home/yalcinolgac/ros2_ws/install/day2/include/day2/day2/msg/detail/robot_array__functions.h
-- Installing: /home/yalcinolgac/ros2_ws/install/day2/include/day2/day2/msg/detail/robot_status__functions.h
-- Installing: /home/yalcinolgac/ros2_ws/install/day2/include/day2/day2/msg/detail/sensor_data__functions.h
-- Installing: /home/yalcinolgac/ros2_ws/install/day2/include/day2/day2/msg/detail/robot_array__type_support.c
-- Installing: /home/yalcinolgac/ros2_ws/install/day2/include/day2/day2/msg/detail/motor_status__description.c
-- Installing: /home/yalcinolgac/ros2_ws/install/day2/include/day2/day2/msg/detail/motor_status__struct.h
-- Installing: /home/yalcinolgac/ros2_ws/install/day2/include/day2/day2/msg/detail/sensor_data__functions.c
-- Installing: /home/yalcinolgac/ros2_ws/install/day2/include/day2/day2/msg/detail/robot_status__description.c
-- Installing: /home/yalcinolgac/ros2_ws/install/day2/include/day2/day2/msg/detail/sensor_data__type_support.c
-- Installing: /home/yalcinolgac/ros2_ws/install/day2/include/day2/day2/msg/detail/robot_status__type_support.h
-- Installing: /home/yalcinolgac/ros2_ws/install/day2/include/day2/day2/msg/detail/robot_array__description.c
-- Installing: /home/yalcinolgac/ros2_ws/install/day2/include/day2/day2/msg/detail/robot_status__struct.h
-- Installing: /home/yalcinolgac/ros2_ws/install/day2/include/day2/day2/msg/detail/robot_array__functions.c
-- Installing: /home/yalcinolgac/ros2_ws/install/day2/include/day2/day2/msg/detail/motor_status__type_support.h
-- Installing: /home/yalcinolgac/ros2_ws/install/day2/include/day2/day2/msg/detail/motor_status__type_support.c
-- Installing: /home/yalcinolgac/ros2_ws/install/day2/include/day2/day2/msg/detail/robot_status__functions.c
-- Installing: /home/yalcinolgac/ros2_ws/install/day2/include/day2/day2/msg/detail/sensor_data__type_support.h
-- Installing: /home/yalcinolgac/ros2_ws/install/day2/include/day2/day2/msg/detail/motor_status__functions.c
-- Installing: /home/yalcinolgac/ros2_ws/install/day2/include/day2/day2/msg/detail/robot_status__type_support.c
-- Installing: /home/yalcinolgac/ros2_ws/install/day2/include/day2/day2/msg/detail/sensor_data__description.c
-- Installing: /home/yalcinolgac/ros2_ws/install/day2/include/day2/day2/msg/detail/sensor_data__struct.h
-- Installing: /home/yalcinolgac/ros2_ws/install/day2/include/day2/day2/msg/detail/robot_array__type_support.h
-- Installing: /home/yalcinolgac/ros2_ws/install/day2/include/day2/day2/msg/motor_status.h
-- Installing: /home/yalcinolgac/ros2_ws/install/day2/include/day2/day2/msg/robot_array.h
-- Installing: /home/yalcinolgac/ros2_ws/install/day2/include/day2/day2/msg/sensor_data.h
-- Installing: /home/yalcinolgac/ros2_ws/install/day2/include/day2/day2/msg/robot_status.h
-- Up-to-date: /home/yalcinolgac/ros2_ws/install/day2/include/day2/day2/msg/rosidl_generator_c__visibility_control.h
-- Installing: /home/yalcinolgac/ros2_ws/install/day2/include/day2/day2/action
-- Installing: /home/yalcinolgac/ros2_ws/install/day2/include/day2/day2/action/detail
-- Installing: /home/yalcinolgac/ros2_ws/install/day2/include/day2/day2/action/detail/map_area__description.c
-- Installing: /home/yalcinolgac/ros2_ws/install/day2/include/day2/day2/action/detail/map_area__struct.h
-- Installing: /home/yalcinolgac/ros2_ws/install/day2/include/day2/day2/action/detail/map_area__type_support.h
-- Installing: /home/yalcinolgac/ros2_ws/install/day2/include/day2/day2/action/detail/pick_and_place__description.c
-- Installing: /home/yalcinolgac/ros2_ws/install/day2/include/day2/day2/action/detail/navigate__type_support.h
-- Installing: /home/yalcinolgac/ros2_ws/install/day2/include/day2/day2/action/detail/navigate__struct.h
-- Installing: /home/yalcinolgac/ros2_ws/install/day2/include/day2/day2/action/detail/charge_battery__functions.c
-- Installing: /home/yalcinolgac/ros2_ws/install/day2/include/day2/day2/action/detail/navigate__functions.h
-- Installing: /home/yalcinolgac/ros2_ws/install/day2/include/day2/day2/action/detail/charge_battery__description.c
-- Installing: /home/yalcinolgac/ros2_ws/install/day2/include/day2/day2/action/detail/navigate__functions.c
-- Installing: /home/yalcinolgac/ros2_ws/install/day2/include/day2/day2/action/detail/pick_and_place__type_support.h
-- Installing: /home/yalcinolgac/ros2_ws/install/day2/include/day2/day2/action/detail/map_area__type_support.c
-- Installing: /home/yalcinolgac/ros2_ws/install/day2/include/day2/day2/action/detail/pick_and_place__struct.h
-- Installing: /home/yalcinolgac/ros2_ws/install/day2/include/day2/day2/action/detail/charge_battery__type_support.c
-- Installing: /home/yalcinolgac/ros2_ws/install/day2/include/day2/day2/action/detail/charge_battery__functions.h
-- Installing: /home/yalcinolgac/ros2_ws/install/day2/include/day2/day2/action/detail/navigate__type_support.c
-- Installing: /home/yalcinolgac/ros2_ws/install/day2/include/day2/day2/action/detail/pick_and_place__functions.c
-- Installing: /home/yalcinolgac/ros2_ws/install/day2/include/day2/day2/action/detail/navigate__description.c
-- Installing: /home/yalcinolgac/ros2_ws/install/day2/include/day2/day2/action/detail/pick_and_place__functions.h
-- Installing: /home/yalcinolgac/ros2_ws/install/day2/include/day2/day2/action/detail/map_area__functions.c
-- Installing: /home/yalcinolgac/ros2_ws/install/day2/include/day2/day2/action/detail/pick_and_place__type_support.c
-- Installing: /home/yalcinolgac/ros2_ws/install/day2/include/day2/day2/action/detail/map_area__functions.h
-- Installing: /home/yalcinolgac/ros2_ws/install/day2/include/day2/day2/action/detail/charge_battery__struct.h
-- Installing: /home/yalcinolgac/ros2_ws/install/day2/include/day2/day2/action/detail/charge_battery__type_support.h
-- Installing: /home/yalcinolgac/ros2_ws/install/day2/include/day2/day2/action/pick_and_place.h
-- Installing: /home/yalcinolgac/ros2_ws/install/day2/include/day2/day2/action/charge_battery.h
-- Installing: /home/yalcinolgac/ros2_ws/install/day2/include/day2/day2/action/map_area.h
-- Installing: /home/yalcinolgac/ros2_ws/install/day2/include/day2/day2/action/navigate.h
-- Up-to-date: /home/yalcinolgac/ros2_ws/install/day2/include/day2/day2/srv
-- Up-to-date: /home/yalcinolgac/ros2_ws/install/day2/include/day2/day2/srv/detail
-- Installing: /home/yalcinolgac/ros2_ws/install/day2/include/day2/day2/srv/detail/robot_command__type_support.c
-- Installing: /home/yalcinolgac/ros2_ws/install/day2/include/day2/day2/srv/detail/calculate_path__struct.h
-- Installing: /home/yalcinolgac/ros2_ws/install/day2/include/day2/day2/srv/detail/calculate_path__type_support.c
-- Installing: /home/yalcinolgac/ros2_ws/install/day2/include/day2/day2/srv/detail/robot_command__type_support.h
-- Installing: /home/yalcinolgac/ros2_ws/install/day2/include/day2/day2/srv/detail/get_robot_status__description.c
-- Installing: /home/yalcinolgac/ros2_ws/install/day2/include/day2/day2/srv/detail/get_robot_status__type_support.h
-- Installing: /home/yalcinolgac/ros2_ws/install/day2/include/day2/day2/srv/detail/calculate_path__description.c
-- Installing: /home/yalcinolgac/ros2_ws/install/day2/include/day2/day2/srv/detail/robot_command__description.c
-- Installing: /home/yalcinolgac/ros2_ws/install/day2/include/day2/day2/srv/detail/emergency_stop__struct.h
-- Installing: /home/yalcinolgac/ros2_ws/install/day2/include/day2/day2/srv/detail/robot_command__struct.h
-- Installing: /home/yalcinolgac/ros2_ws/install/day2/include/day2/day2/srv/detail/get_robot_status__functions.h
-- Installing: /home/yalcinolgac/ros2_ws/install/day2/include/day2/day2/srv/detail/emergency_stop__type_support.c
-- Installing: /home/yalcinolgac/ros2_ws/install/day2/include/day2/day2/srv/detail/robot_command__functions.h
-- Installing: /home/yalcinolgac/ros2_ws/install/day2/include/day2/day2/srv/detail/calculate_path__functions.h
-- Installing: /home/yalcinolgac/ros2_ws/install/day2/include/day2/day2/srv/detail/get_robot_status__type_support.c
-- Installing: /home/yalcinolgac/ros2_ws/install/day2/include/day2/day2/srv/detail/emergency_stop__description.c
-- Installing: /home/yalcinolgac/ros2_ws/install/day2/include/day2/day2/srv/detail/calculate_path__type_support.h
-- Installing: /home/yalcinolgac/ros2_ws/install/day2/include/day2/day2/srv/detail/robot_command__functions.c
-- Installing: /home/yalcinolgac/ros2_ws/install/day2/include/day2/day2/srv/detail/get_robot_status__functions.c
-- Installing: /home/yalcinolgac/ros2_ws/install/day2/include/day2/day2/srv/detail/emergency_stop__type_support.h
-- Installing: /home/yalcinolgac/ros2_ws/install/day2/include/day2/day2/srv/detail/calculate_path__functions.c
-- Installing: /home/yalcinolgac/ros2_ws/install/day2/include/day2/day2/srv/detail/emergency_stop__functions.h
-- Installing: /home/yalcinolgac/ros2_ws/install/day2/include/day2/day2/srv/detail/get_robot_status__struct.h
-- Installing: /home/yalcinolgac/ros2_ws/install/day2/include/day2/day2/srv/detail/emergency_stop__functions.c
-- Installing: /home/yalcinolgac/ros2_ws/install/day2/include/day2/day2/srv/get_robot_status.h
-- Installing: /home/yalcinolgac/ros2_ws/install/day2/include/day2/day2/srv/robot_command.h
-- Installing: /home/yalcinolgac/ros2_ws/install/day2/include/day2/day2/srv/calculate_path.h
-- Installing: /home/yalcinolgac/ros2_ws/install/day2/include/day2/day2/srv/emergency_stop.h
-- Up-to-date: /home/yalcinolgac/ros2_ws/install/day2/share/day2/environment/library_path.sh
-- Up-to-date: /home/yalcinolgac/ros2_ws/install/day2/share/day2/environment/library_path.dsv
-- Installing: /home/yalcinolgac/ros2_ws/install/day2/lib/libday2__rosidl_generator_c.so
-- Set non-toolchain portion of runtime path of "/home/yalcinolgac/ros2_ws/install/day2/lib/libday2__rosidl_generator_c.so" to ""
-- Up-to-date: /home/yalcinolgac/ros2_ws/install/day2/include/day2/day2
-- Up-to-date: /home/yalcinolgac/ros2_ws/install/day2/include/day2/day2/msg
-- Up-to-date: /home/yalcinolgac/ros2_ws/install/day2/include/day2/day2/msg/detail
-- Installing: /home/yalcinolgac/ros2_ws/install/day2/include/day2/day2/msg/detail/sensor_data__rosidl_typesupport_fastrtps_c.h
-- Installing: /home/yalcinolgac/ros2_ws/install/day2/include/day2/day2/msg/detail/robot_array__rosidl_typesupport_fastrtps_c.h
-- Installing: /home/yalcinolgac/ros2_ws/install/day2/include/day2/day2/msg/detail/motor_status__rosidl_typesupport_fastrtps_c.h
-- Installing: /home/yalcinolgac/ros2_ws/install/day2/include/day2/day2/msg/detail/robot_status__rosidl_typesupport_fastrtps_c.h
-- Up-to-date: /home/yalcinolgac/ros2_ws/install/day2/include/day2/day2/msg/rosidl_typesupport_fastrtps_c__visibility_control.h
-- Up-to-date: /home/yalcinolgac/ros2_ws/install/day2/include/day2/day2/action
-- Up-to-date: /home/yalcinolgac/ros2_ws/install/day2/include/day2/day2/action/detail
-- Installing: /home/yalcinolgac/ros2_ws/install/day2/include/day2/day2/action/detail/pick_and_place__rosidl_typesupport_fastrtps_c.h
-- Installing: /home/yalcinolgac/ros2_ws/install/day2/include/day2/day2/action/detail/charge_battery__rosidl_typesupport_fastrtps_c.h
-- Installing: /home/yalcinolgac/ros2_ws/install/day2/include/day2/day2/action/detail/navigate__rosidl_typesupport_fastrtps_c.h
-- Installing: /home/yalcinolgac/ros2_ws/install/day2/include/day2/day2/action/detail/map_area__rosidl_typesupport_fastrtps_c.h
-- Up-to-date: /home/yalcinolgac/ros2_ws/install/day2/include/day2/day2/srv
-- Up-to-date: /home/yalcinolgac/ros2_ws/install/day2/include/day2/day2/srv/detail
-- Installing: /home/yalcinolgac/ros2_ws/install/day2/include/day2/day2/srv/detail/robot_command__rosidl_typesupport_fastrtps_c.h
-- Installing: /home/yalcinolgac/ros2_ws/install/day2/include/day2/day2/srv/detail/emergency_stop__rosidl_typesupport_fastrtps_c.h
-- Installing: /home/yalcinolgac/ros2_ws/install/day2/include/day2/day2/srv/detail/get_robot_status__rosidl_typesupport_fastrtps_c.h
-- Installing: /home/yalcinolgac/ros2_ws/install/day2/include/day2/day2/srv/detail/calculate_path__rosidl_typesupport_fastrtps_c.h
-- Installing: /home/yalcinolgac/ros2_ws/install/day2/lib/libday2__rosidl_typesupport_fastrtps_c.so
-- Set non-toolchain portion of runtime path of "/home/yalcinolgac/ros2_ws/install/day2/lib/libday2__rosidl_typesupport_fastrtps_c.so" to ""
-- Up-to-date: /home/yalcinolgac/ros2_ws/install/day2/include/day2/day2
-- Up-to-date: /home/yalcinolgac/ros2_ws/install/day2/include/day2/day2/msg
-- Installing: /home/yalcinolgac/ros2_ws/install/day2/include/day2/day2/msg/sensor_data.hpp
-- Installing: /home/yalcinolgac/ros2_ws/install/day2/include/day2/day2/msg/robot_array.hpp
-- Up-to-date: /home/yalcinolgac/ros2_ws/install/day2/include/day2/day2/msg/detail
-- Installing: /home/yalcinolgac/ros2_ws/install/day2/include/day2/day2/msg/detail/robot_status__builder.hpp
-- Installing: /home/yalcinolgac/ros2_ws/install/day2/include/day2/day2/msg/detail/motor_status__traits.hpp
-- Installing: /home/yalcinolgac/ros2_ws/install/day2/include/day2/day2/msg/detail/robot_array__traits.hpp
-- Installing: /home/yalcinolgac/ros2_ws/install/day2/include/day2/day2/msg/detail/robot_array__builder.hpp
-- Installing: /home/yalcinolgac/ros2_ws/install/day2/include/day2/day2/msg/detail/sensor_data__builder.hpp
-- Installing: /home/yalcinolgac/ros2_ws/install/day2/include/day2/day2/msg/detail/robot_array__struct.hpp
-- Installing: /home/yalcinolgac/ros2_ws/install/day2/include/day2/day2/msg/detail/sensor_data__struct.hpp
-- Installing: /home/yalcinolgac/ros2_ws/install/day2/include/day2/day2/msg/detail/motor_status__builder.hpp
-- Installing: /home/yalcinolgac/ros2_ws/install/day2/include/day2/day2/msg/detail/sensor_data__type_support.hpp
-- Installing: /home/yalcinolgac/ros2_ws/install/day2/include/day2/day2/msg/detail/motor_status__type_support.hpp
-- Installing: /home/yalcinolgac/ros2_ws/install/day2/include/day2/day2/msg/detail/robot_array__type_support.hpp
-- Installing: /home/yalcinolgac/ros2_ws/install/day2/include/day2/day2/msg/detail/sensor_data__traits.hpp
-- Installing: /home/yalcinolgac/ros2_ws/install/day2/include/day2/day2/msg/detail/robot_status__traits.hpp
-- Installing: /home/yalcinolgac/ros2_ws/install/day2/include/day2/day2/msg/detail/motor_status__struct.hpp
-- Installing: /home/yalcinolgac/ros2_ws/install/day2/include/day2/day2/msg/detail/robot_status__struct.hpp
-- Installing: /home/yalcinolgac/ros2_ws/install/day2/include/day2/day2/msg/detail/robot_status__type_support.hpp
-- Installing: /home/yalcinolgac/ros2_ws/install/day2/include/day2/day2/msg/motor_status.hpp
-- Installing: /home/yalcinolgac/ros2_ws/install/day2/include/day2/day2/msg/rosidl_generator_cpp__visibility_control.hpp
-- Installing: /home/yalcinolgac/ros2_ws/install/day2/include/day2/day2/msg/robot_status.hpp
-- Up-to-date: /home/yalcinolgac/ros2_ws/install/day2/include/day2/day2/action
-- Installing: /home/yalcinolgac/ros2_ws/install/day2/include/day2/day2/action/charge_battery.hpp
-- Up-to-date: /home/yalcinolgac/ros2_ws/install/day2/include/day2/day2/action/detail
-- Installing: /home/yalcinolgac/ros2_ws/install/day2/include/day2/day2/action/detail/pick_and_place__type_support.hpp
-- Installing: /home/yalcinolgac/ros2_ws/install/day2/include/day2/day2/action/detail/map_area__type_support.hpp
-- Installing: /home/yalcinolgac/ros2_ws/install/day2/include/day2/day2/action/detail/pick_and_place__traits.hpp
-- Installing: /home/yalcinolgac/ros2_ws/install/day2/include/day2/day2/action/detail/navigate__type_support.hpp
-- Installing: /home/yalcinolgac/ros2_ws/install/day2/include/day2/day2/action/detail/charge_battery__builder.hpp
-- Installing: /home/yalcinolgac/ros2_ws/install/day2/include/day2/day2/action/detail/navigate__builder.hpp
-- Installing: /home/yalcinolgac/ros2_ws/install/day2/include/day2/day2/action/detail/navigate__struct.hpp
-- Installing: /home/yalcinolgac/ros2_ws/install/day2/include/day2/day2/action/detail/map_area__traits.hpp
-- Installing: /home/yalcinolgac/ros2_ws/install/day2/include/day2/day2/action/detail/charge_battery__struct.hpp
-- Installing: /home/yalcinolgac/ros2_ws/install/day2/include/day2/day2/action/detail/pick_and_place__builder.hpp
-- Installing: /home/yalcinolgac/ros2_ws/install/day2/include/day2/day2/action/detail/pick_and_place__struct.hpp
-- Installing: /home/yalcinolgac/ros2_ws/install/day2/include/day2/day2/action/detail/navigate__traits.hpp
-- Installing: /home/yalcinolgac/ros2_ws/install/day2/include/day2/day2/action/detail/charge_battery__traits.hpp
-- Installing: /home/yalcinolgac/ros2_ws/install/day2/include/day2/day2/action/detail/charge_battery__type_support.hpp
-- Installing: /home/yalcinolgac/ros2_ws/install/day2/include/day2/day2/action/detail/map_area__struct.hpp
-- Installing: /home/yalcinolgac/ros2_ws/install/day2/include/day2/day2/action/detail/map_area__builder.hpp
-- Installing: /home/yalcinolgac/ros2_ws/install/day2/include/day2/day2/action/map_area.hpp
-- Installing: /home/yalcinolgac/ros2_ws/install/day2/include/day2/day2/action/navigate.hpp
-- Installing: /home/yalcinolgac/ros2_ws/install/day2/include/day2/day2/action/pick_and_place.hpp
-- Up-to-date: /home/yalcinolgac/ros2_ws/install/day2/include/day2/day2/srv
-- Installing: /home/yalcinolgac/ros2_ws/install/day2/include/day2/day2/srv/get_robot_status.hpp
-- Up-to-date: /home/yalcinolgac/ros2_ws/install/day2/include/day2/day2/srv/detail
-- Installing: /home/yalcinolgac/ros2_ws/install/day2/include/day2/day2/srv/detail/get_robot_status__type_support.hpp
-- Installing: /home/yalcinolgac/ros2_ws/install/day2/include/day2/day2/srv/detail/emergency_stop__builder.hpp
-- Installing: /home/yalcinolgac/ros2_ws/install/day2/include/day2/day2/srv/detail/robot_command__struct.hpp
-- Installing: /home/yalcinolgac/ros2_ws/install/day2/include/day2/day2/srv/detail/emergency_stop__struct.hpp
-- Installing: /home/yalcinolgac/ros2_ws/install/day2/include/day2/day2/srv/detail/get_robot_status__builder.hpp
-- Installing: /home/yalcinolgac/ros2_ws/install/day2/include/day2/day2/srv/detail/robot_command__type_support.hpp
-- Installing: /home/yalcinolgac/ros2_ws/install/day2/include/day2/day2/srv/detail/robot_command__builder.hpp
-- Installing: /home/yalcinolgac/ros2_ws/install/day2/include/day2/day2/srv/detail/get_robot_status__traits.hpp
-- Installing: /home/yalcinolgac/ros2_ws/install/day2/include/day2/day2/srv/detail/calculate_path__builder.hpp
-- Installing: /home/yalcinolgac/ros2_ws/install/day2/include/day2/day2/srv/detail/emergency_stop__type_support.hpp
-- Installing: /home/yalcinolgac/ros2_ws/install/day2/include/day2/day2/srv/detail/emergency_stop__traits.hpp
-- Installing: /home/yalcinolgac/ros2_ws/install/day2/include/day2/day2/srv/detail/calculate_path__struct.hpp
-- Installing: /home/yalcinolgac/ros2_ws/install/day2/include/day2/day2/srv/detail/get_robot_status__struct.hpp
-- Installing: /home/yalcinolgac/ros2_ws/install/day2/include/day2/day2/srv/detail/calculate_path__type_support.hpp
-- Installing: /home/yalcinolgac/ros2_ws/install/day2/include/day2/day2/srv/detail/robot_command__traits.hpp
-- Installing: /home/yalcinolgac/ros2_ws/install/day2/include/day2/day2/srv/detail/calculate_path__traits.hpp
-- Installing: /home/yalcinolgac/ros2_ws/install/day2/include/day2/day2/srv/robot_command.hpp
-- Installing: /home/yalcinolgac/ros2_ws/install/day2/include/day2/day2/srv/calculate_path.hpp
-- Installing: /home/yalcinolgac/ros2_ws/install/day2/include/day2/day2/srv/emergency_stop.hpp
-- Up-to-date: /home/yalcinolgac/ros2_ws/install/day2/include/day2/day2
-- Up-to-date: /home/yalcinolgac/ros2_ws/install/day2/include/day2/day2/msg
-- Up-to-date: /home/yalcinolgac/ros2_ws/install/day2/include/day2/day2/msg/detail
-- Installing: /home/yalcinolgac/ros2_ws/install/day2/include/day2/day2/msg/detail/robot_array__rosidl_typesupport_fastrtps_cpp.hpp
-- Installing: /home/yalcinolgac/ros2_ws/install/day2/include/day2/day2/msg/detail/motor_status__rosidl_typesupport_fastrtps_cpp.hpp
-- Installing: /home/yalcinolgac/ros2_ws/install/day2/include/day2/day2/msg/detail/sensor_data__rosidl_typesupport_fastrtps_cpp.hpp
-- Up-to-date: /home/yalcinolgac/ros2_ws/install/day2/include/day2/day2/msg/detail/dds_fastrtps
-- Installing: /home/yalcinolgac/ros2_ws/install/day2/include/day2/day2/msg/detail/robot_status__rosidl_typesupport_fastrtps_cpp.hpp
-- Up-to-date: /home/yalcinolgac/ros2_ws/install/day2/include/day2/day2/msg/rosidl_typesupport_fastrtps_cpp__visibility_control.h
-- Up-to-date: /home/yalcinolgac/ros2_ws/install/day2/include/day2/day2/action
-- Up-to-date: /home/yalcinolgac/ros2_ws/install/day2/include/day2/day2/action/detail
-- Installing: /home/yalcinolgac/ros2_ws/install/day2/include/day2/day2/action/detail/dds_fastrtps
-- Installing: /home/yalcinolgac/ros2_ws/install/day2/include/day2/day2/action/detail/map_area__rosidl_typesupport_fastrtps_cpp.hpp
-- Installing: /home/yalcinolgac/ros2_ws/install/day2/include/day2/day2/action/detail/charge_battery__rosidl_typesupport_fastrtps_cpp.hpp
-- Installing: /home/yalcinolgac/ros2_ws/install/day2/include/day2/day2/action/detail/navigate__rosidl_typesupport_fastrtps_cpp.hpp
-- Installing: /home/yalcinolgac/ros2_ws/install/day2/include/day2/day2/action/detail/pick_and_place__rosidl_typesupport_fastrtps_cpp.hpp
-- Up-to-date: /home/yalcinolgac/ros2_ws/install/day2/include/day2/day2/srv
-- Up-to-date: /home/yalcinolgac/ros2_ws/install/day2/include/day2/day2/srv/detail
-- Installing: /home/yalcinolgac/ros2_ws/install/day2/include/day2/day2/srv/detail/get_robot_status__rosidl_typesupport_fastrtps_cpp.hpp
-- Installing: /home/yalcinolgac/ros2_ws/install/day2/include/day2/day2/srv/detail/emergency_stop__rosidl_typesupport_fastrtps_cpp.hpp
-- Up-to-date: /home/yalcinolgac/ros2_ws/install/day2/include/day2/day2/srv/detail/dds_fastrtps
-- Installing: /home/yalcinolgac/ros2_ws/install/day2/include/day2/day2/srv/detail/robot_command__rosidl_typesupport_fastrtps_cpp.hpp
-- Installing: /home/yalcinolgac/ros2_ws/install/day2/include/day2/day2/srv/detail/calculate_path__rosidl_typesupport_fastrtps_cpp.hpp
-- Installing: /home/yalcinolgac/ros2_ws/install/day2/lib/libday2__rosidl_typesupport_fastrtps_cpp.so
-- Set non-toolchain portion of runtime path of "/home/yalcinolgac/ros2_ws/install/day2/lib/libday2__rosidl_typesupport_fastrtps_cpp.so" to ""
-- Up-to-date: /home/yalcinolgac/ros2_ws/install/day2/include/day2/day2
-- Up-to-date: /home/yalcinolgac/ros2_ws/install/day2/include/day2/day2/msg
-- Up-to-date: /home/yalcinolgac/ros2_ws/install/day2/include/day2/day2/msg/detail
-- Installing: /home/yalcinolgac/ros2_ws/install/day2/include/day2/day2/msg/detail/robot_status__rosidl_typesupport_introspection_c.h
-- Installing: /home/yalcinolgac/ros2_ws/install/day2/include/day2/day2/msg/detail/robot_array__type_support.c
-- Installing: /home/yalcinolgac/ros2_ws/install/day2/include/day2/day2/msg/detail/sensor_data__type_support.c
-- Installing: /home/yalcinolgac/ros2_ws/install/day2/include/day2/day2/msg/detail/motor_status__rosidl_typesupport_introspection_c.h
-- Installing: /home/yalcinolgac/ros2_ws/install/day2/include/day2/day2/msg/detail/robot_array__rosidl_typesupport_introspection_c.h
-- Installing: /home/yalcinolgac/ros2_ws/install/day2/include/day2/day2/msg/detail/motor_status__type_support.c
-- Installing: /home/yalcinolgac/ros2_ws/install/day2/include/day2/day2/msg/detail/sensor_data__rosidl_typesupport_introspection_c.h
-- Installing: /home/yalcinolgac/ros2_ws/install/day2/include/day2/day2/msg/detail/robot_status__type_support.c
-- Up-to-date: /home/yalcinolgac/ros2_ws/install/day2/include/day2/day2/msg/rosidl_typesupport_introspection_c__visibility_control.h
-- Up-to-date: /home/yalcinolgac/ros2_ws/install/day2/include/day2/day2/action
-- Up-to-date: /home/yalcinolgac/ros2_ws/install/day2/include/day2/day2/action/detail
-- Installing: /home/yalcinolgac/ros2_ws/install/day2/include/day2/day2/action/detail/map_area__type_support.c
-- Installing: /home/yalcinolgac/ros2_ws/install/day2/include/day2/day2/action/detail/navigate__rosidl_typesupport_introspection_c.h
-- Installing: /home/yalcinolgac/ros2_ws/install/day2/include/day2/day2/action/detail/charge_battery__rosidl_typesupport_introspection_c.h
-- Installing: /home/yalcinolgac/ros2_ws/install/day2/include/day2/day2/action/detail/charge_battery__type_support.c
-- Installing: /home/yalcinolgac/ros2_ws/install/day2/include/day2/day2/action/detail/navigate__type_support.c
-- Installing: /home/yalcinolgac/ros2_ws/install/day2/include/day2/day2/action/detail/pick_and_place__type_support.c
-- Installing: /home/yalcinolgac/ros2_ws/install/day2/include/day2/day2/action/detail/map_area__rosidl_typesupport_introspection_c.h
-- Installing: /home/yalcinolgac/ros2_ws/install/day2/include/day2/day2/action/detail/pick_and_place__rosidl_typesupport_introspection_c.h
-- Up-to-date: /home/yalcinolgac/ros2_ws/install/day2/include/day2/day2/srv
-- Up-to-date: /home/yalcinolgac/ros2_ws/install/day2/include/day2/day2/srv/detail
-- Installing: /home/yalcinolgac/ros2_ws/install/day2/include/day2/day2/srv/detail/robot_command__type_support.c
-- Installing: /home/yalcinolgac/ros2_ws/install/day2/include/day2/day2/srv/detail/calculate_path__type_support.c
-- Installing: /home/yalcinolgac/ros2_ws/install/day2/include/day2/day2/srv/detail/get_robot_status__rosidl_typesupport_introspection_c.h
-- Installing: /home/yalcinolgac/ros2_ws/install/day2/include/day2/day2/srv/detail/emergency_stop__type_support.c
-- Installing: /home/yalcinolgac/ros2_ws/install/day2/include/day2/day2/srv/detail/robot_command__rosidl_typesupport_introspection_c.h
-- Installing: /home/yalcinolgac/ros2_ws/install/day2/include/day2/day2/srv/detail/get_robot_status__type_support.c
-- Installing: /home/yalcinolgac/ros2_ws/install/day2/include/day2/day2/srv/detail/calculate_path__rosidl_typesupport_introspection_c.h
-- Installing: /home/yalcinolgac/ros2_ws/install/day2/include/day2/day2/srv/detail/emergency_stop__rosidl_typesupport_introspection_c.h
-- Installing: /home/yalcinolgac/ros2_ws/install/day2/lib/libday2__rosidl_typesupport_introspection_c.so
-- Set non-toolchain portion of runtime path of "/home/yalcinolgac/ros2_ws/install/day2/lib/libday2__rosidl_typesupport_introspection_c.so" to ""
-- Installing: /home/yalcinolgac/ros2_ws/install/day2/lib/libday2__rosidl_typesupport_c.so
-- Set non-toolchain portion of runtime path of "/home/yalcinolgac/ros2_ws/install/day2/lib/libday2__rosidl_typesupport_c.so" to ""
-- Up-to-date: /home/yalcinolgac/ros2_ws/install/day2/include/day2/day2
-- Up-to-date: /home/yalcinolgac/ros2_ws/install/day2/include/day2/day2/msg
-- Up-to-date: /home/yalcinolgac/ros2_ws/install/day2/include/day2/day2/msg/detail
-- Installing: /home/yalcinolgac/ros2_ws/install/day2/include/day2/day2/msg/detail/motor_status__type_support.cpp
-- Installing: /home/yalcinolgac/ros2_ws/install/day2/include/day2/day2/msg/detail/motor_status__rosidl_typesupport_introspection_cpp.hpp
-- Installing: /home/yalcinolgac/ros2_ws/install/day2/include/day2/day2/msg/detail/sensor_data__rosidl_typesupport_introspection_cpp.hpp
-- Installing: /home/yalcinolgac/ros2_ws/install/day2/include/day2/day2/msg/detail/robot_array__type_support.cpp
-- Installing: /home/yalcinolgac/ros2_ws/install/day2/include/day2/day2/msg/detail/robot_status__type_support.cpp
-- Installing: /home/yalcinolgac/ros2_ws/install/day2/include/day2/day2/msg/detail/robot_array__rosidl_typesupport_introspection_cpp.hpp
-- Installing: /home/yalcinolgac/ros2_ws/install/day2/include/day2/day2/msg/detail/sensor_data__type_support.cpp
-- Installing: /home/yalcinolgac/ros2_ws/install/day2/include/day2/day2/msg/detail/robot_status__rosidl_typesupport_introspection_cpp.hpp
-- Up-to-date: /home/yalcinolgac/ros2_ws/install/day2/include/day2/day2/action
-- Up-to-date: /home/yalcinolgac/ros2_ws/install/day2/include/day2/day2/action/detail
-- Installing: /home/yalcinolgac/ros2_ws/install/day2/include/day2/day2/action/detail/navigate__rosidl_typesupport_introspection_cpp.hpp
-- Installing: /home/yalcinolgac/ros2_ws/install/day2/include/day2/day2/action/detail/map_area__type_support.cpp
-- Installing: /home/yalcinolgac/ros2_ws/install/day2/include/day2/day2/action/detail/navigate__type_support.cpp
-- Installing: /home/yalcinolgac/ros2_ws/install/day2/include/day2/day2/action/detail/charge_battery__type_support.cpp
-- Installing: /home/yalcinolgac/ros2_ws/install/day2/include/day2/day2/action/detail/map_area__rosidl_typesupport_introspection_cpp.hpp
-- Installing: /home/yalcinolgac/ros2_ws/install/day2/include/day2/day2/action/detail/charge_battery__rosidl_typesupport_introspection_cpp.hpp
-- Installing: /home/yalcinolgac/ros2_ws/install/day2/include/day2/day2/action/detail/pick_and_place__rosidl_typesupport_introspection_cpp.hpp
-- Installing: /home/yalcinolgac/ros2_ws/install/day2/include/day2/day2/action/detail/pick_and_place__type_support.cpp
-- Up-to-date: /home/yalcinolgac/ros2_ws/install/day2/include/day2/day2/srv
-- Up-to-date: /home/yalcinolgac/ros2_ws/install/day2/include/day2/day2/srv/detail
-- Installing: /home/yalcinolgac/ros2_ws/install/day2/include/day2/day2/srv/detail/robot_command__type_support.cpp
-- Installing: /home/yalcinolgac/ros2_ws/install/day2/include/day2/day2/srv/detail/calculate_path__rosidl_typesupport_introspection_cpp.hpp
-- Installing: /home/yalcinolgac/ros2_ws/install/day2/include/day2/day2/srv/detail/emergency_stop__rosidl_typesupport_introspection_cpp.hpp
-- Installing: /home/yalcinolgac/ros2_ws/install/day2/include/day2/day2/srv/detail/get_robot_status__type_support.cpp
-- Installing: /home/yalcinolgac/ros2_ws/install/day2/include/day2/day2/srv/detail/robot_command__rosidl_typesupport_introspection_cpp.hpp
-- Installing: /home/yalcinolgac/ros2_ws/install/day2/include/day2/day2/srv/detail/get_robot_status__rosidl_typesupport_introspection_cpp.hpp
-- Installing: /home/yalcinolgac/ros2_ws/install/day2/include/day2/day2/srv/detail/emergency_stop__type_support.cpp
-- Installing: /home/yalcinolgac/ros2_ws/install/day2/include/day2/day2/srv/detail/calculate_path__type_support.cpp
-- Installing: /home/yalcinolgac/ros2_ws/install/day2/lib/libday2__rosidl_typesupport_introspection_cpp.so
-- Set non-toolchain portion of runtime path of "/home/yalcinolgac/ros2_ws/install/day2/lib/libday2__rosidl_typesupport_introspection_cpp.so" to ""
-- Installing: /home/yalcinolgac/ros2_ws/install/day2/lib/libday2__rosidl_typesupport_cpp.so
-- Set non-toolchain portion of runtime path of "/home/yalcinolgac/ros2_ws/install/day2/lib/libday2__rosidl_typesupport_cpp.so" to ""
-- Up-to-date: /home/yalcinolgac/ros2_ws/install/day2/share/day2/environment/pythonpath.sh
-- Up-to-date: /home/yalcinolgac/ros2_ws/install/day2/share/day2/environment/pythonpath.dsv
-- Up-to-date: /home/yalcinolgac/ros2_ws/install/day2/lib/python3.12/site-packages/day2-1.0.0-py3.12.egg-info
-- Installing: /home/yalcinolgac/ros2_ws/install/day2/lib/python3.12/site-packages/day2-1.0.0-py3.12.egg-info/PKG-INFO
-- Installing: /home/yalcinolgac/ros2_ws/install/day2/lib/python3.12/site-packages/day2-1.0.0-py3.12.egg-info/SOURCES.txt
-- Installing: /home/yalcinolgac/ros2_ws/install/day2/lib/python3.12/site-packages/day2-1.0.0-py3.12.egg-info/dependency_links.txt
-- Installing: /home/yalcinolgac/ros2_ws/install/day2/lib/python3.12/site-packages/day2-1.0.0-py3.12.egg-info/top_level.txt
-- Up-to-date: /home/yalcinolgac/ros2_ws/install/day2/lib/python3.12/site-packages/day2
-- Installing: /home/yalcinolgac/ros2_ws/install/day2/lib/python3.12/site-packages/day2/_day2_s.ep.rosidl_typesupport_fastrtps_c.c
-- Up-to-date: /home/yalcinolgac/ros2_ws/install/day2/lib/python3.12/site-packages/day2/msg
-- Installing: /home/yalcinolgac/ros2_ws/install/day2/lib/python3.12/site-packages/day2/msg/_robot_status_s.c
-- Installing: /home/yalcinolgac/ros2_ws/install/day2/lib/python3.12/site-packages/day2/msg/_sensor_data.py
-- Installing: /home/yalcinolgac/ros2_ws/install/day2/lib/python3.12/site-packages/day2/msg/_robot_array_s.c
-- Installing: /home/yalcinolgac/ros2_ws/install/day2/lib/python3.12/site-packages/day2/msg/_sensor_data_s.c
-- Installing: /home/yalcinolgac/ros2_ws/install/day2/lib/python3.12/site-packages/day2/msg/_motor_status_s.c
-- Installing: /home/yalcinolgac/ros2_ws/install/day2/lib/python3.12/site-packages/day2/msg/__init__.py
-- Installing: /home/yalcinolgac/ros2_ws/install/day2/lib/python3.12/site-packages/day2/msg/_motor_status.py
-- Installing: /home/yalcinolgac/ros2_ws/install/day2/lib/python3.12/site-packages/day2/msg/_robot_status.py
-- Installing: /home/yalcinolgac/ros2_ws/install/day2/lib/python3.12/site-packages/day2/msg/_robot_array.py
-- Installing: /home/yalcinolgac/ros2_ws/install/day2/lib/python3.12/site-packages/day2/day2_s__rosidl_typesupport_fastrtps_c.so
-- Installing: /home/yalcinolgac/ros2_ws/install/day2/lib/python3.12/site-packages/day2/_day2_s.ep.rosidl_typesupport_introspection_c.c
-- Installing: /home/yalcinolgac/ros2_ws/install/day2/lib/python3.12/site-packages/day2/action
-- Installing: /home/yalcinolgac/ros2_ws/install/day2/lib/python3.12/site-packages/day2/action/_charge_battery_s.c
-- Installing: /home/yalcinolgac/ros2_ws/install/day2/lib/python3.12/site-packages/day2/action/_charge_battery.py
-- Installing: /home/yalcinolgac/ros2_ws/install/day2/lib/python3.12/site-packages/day2/action/_pick_and_place.py
-- Installing: /home/yalcinolgac/ros2_ws/install/day2/lib/python3.12/site-packages/day2/action/_navigate.py
-- Installing: /home/yalcinolgac/ros2_ws/install/day2/lib/python3.12/site-packages/day2/action/_navigate_s.c
-- Installing: /home/yalcinolgac/ros2_ws/install/day2/lib/python3.12/site-packages/day2/action/_pick_and_place_s.c
-- Installing: /home/yalcinolgac/ros2_ws/install/day2/lib/python3.12/site-packages/day2/action/_map_area.py
-- Installing: /home/yalcinolgac/ros2_ws/install/day2/lib/python3.12/site-packages/day2/action/__init__.py
-- Installing: /home/yalcinolgac/ros2_ws/install/day2/lib/python3.12/site-packages/day2/action/_map_area_s.c
-- Installing: /home/yalcinolgac/ros2_ws/install/day2/lib/python3.12/site-packages/day2/__init__.py
-- Installing: /home/yalcinolgac/ros2_ws/install/day2/lib/python3.12/site-packages/day2/day2_s__rosidl_typesupport_c.so
-- Up-to-date: /home/yalcinolgac/ros2_ws/install/day2/lib/python3.12/site-packages/day2/srv
-- Installing: /home/yalcinolgac/ros2_ws/install/day2/lib/python3.12/site-packages/day2/srv/_get_robot_status.py
-- Installing: /home/yalcinolgac/ros2_ws/install/day2/lib/python3.12/site-packages/day2/srv/_robot_command_s.c
-- Installing: /home/yalcinolgac/ros2_ws/install/day2/lib/python3.12/site-packages/day2/srv/_calculate_path.py
-- Installing: /home/yalcinolgac/ros2_ws/install/day2/lib/python3.12/site-packages/day2/srv/_emergency_stop_s.c
-- Installing: /home/yalcinolgac/ros2_ws/install/day2/lib/python3.12/site-packages/day2/srv/__init__.py
-- Installing: /home/yalcinolgac/ros2_ws/install/day2/lib/python3.12/site-packages/day2/srv/_emergency_stop.py
-- Installing: /home/yalcinolgac/ros2_ws/install/day2/lib/python3.12/site-packages/day2/srv/_robot_command.py
-- Installing: /home/yalcinolgac/ros2_ws/install/day2/lib/python3.12/site-packages/day2/srv/_get_robot_status_s.c
-- Installing: /home/yalcinolgac/ros2_ws/install/day2/lib/python3.12/site-packages/day2/srv/_calculate_path_s.c
-- Installing: /home/yalcinolgac/ros2_ws/install/day2/lib/python3.12/site-packages/day2/day2_s__rosidl_typesupport_introspection_c.so
-- Installing: /home/yalcinolgac/ros2_ws/install/day2/lib/python3.12/site-packages/day2/_day2_s.ep.rosidl_typesupport_c.c
Listing '/home/yalcinolgac/ros2_ws/install/day2/lib/python3.12/site-packages/day2'...
Compiling '/home/yalcinolgac/ros2_ws/install/day2/lib/python3.12/site-packages/day2/__init__.py'...
Listing '/home/yalcinolgac/ros2_ws/install/day2/lib/python3.12/site-packages/day2/action'...
Compiling '/home/yalcinolgac/ros2_ws/install/day2/lib/python3.12/site-packages/day2/action/__init__.py'...
Compiling '/home/yalcinolgac/ros2_ws/install/day2/lib/python3.12/site-packages/day2/action/_charge_battery.py'...
Compiling '/home/yalcinolgac/ros2_ws/install/day2/lib/python3.12/site-packages/day2/action/_map_area.py'...
Compiling '/home/yalcinolgac/ros2_ws/install/day2/lib/python3.12/site-packages/day2/action/_navigate.py'...
Compiling '/home/yalcinolgac/ros2_ws/install/day2/lib/python3.12/site-packages/day2/action/_pick_and_place.py'...
Listing '/home/yalcinolgac/ros2_ws/install/day2/lib/python3.12/site-packages/day2/msg'...
Compiling '/home/yalcinolgac/ros2_ws/install/day2/lib/python3.12/site-packages/day2/msg/__init__.py'...
Compiling '/home/yalcinolgac/ros2_ws/install/day2/lib/python3.12/site-packages/day2/msg/_motor_status.py'...
Compiling '/home/yalcinolgac/ros2_ws/install/day2/lib/python3.12/site-packages/day2/msg/_robot_array.py'...
Compiling '/home/yalcinolgac/ros2_ws/install/day2/lib/python3.12/site-packages/day2/msg/_robot_status.py'...
Compiling '/home/yalcinolgac/ros2_ws/install/day2/lib/python3.12/site-packages/day2/msg/_sensor_data.py'...
Listing '/home/yalcinolgac/ros2_ws/install/day2/lib/python3.12/site-packages/day2/srv'...
Compiling '/home/yalcinolgac/ros2_ws/install/day2/lib/python3.12/site-packages/day2/srv/__init__.py'...
Compiling '/home/yalcinolgac/ros2_ws/install/day2/lib/python3.12/site-packages/day2/srv/_calculate_path.py'...
Compiling '/home/yalcinolgac/ros2_ws/install/day2/lib/python3.12/site-packages/day2/srv/_emergency_stop.py'...
Compiling '/home/yalcinolgac/ros2_ws/install/day2/lib/python3.12/site-packages/day2/srv/_get_robot_status.py'...
Compiling '/home/yalcinolgac/ros2_ws/install/day2/lib/python3.12/site-packages/day2/srv/_robot_command.py'...
-- Installing: /home/yalcinolgac/ros2_ws/install/day2/lib/python3.12/site-packages/day2/day2_s__rosidl_typesupport_fastrtps_c.so
-- Set non-toolchain portion of runtime path of "/home/yalcinolgac/ros2_ws/install/day2/lib/python3.12/site-packages/day2/day2_s__rosidl_typesupport_fastrtps_c.so" to ""
-- Installing: /home/yalcinolgac/ros2_ws/install/day2/lib/python3.12/site-packages/day2/day2_s__rosidl_typesupport_introspection_c.so
-- Set non-toolchain portion of runtime path of "/home/yalcinolgac/ros2_ws/install/day2/lib/python3.12/site-packages/day2/day2_s__rosidl_typesupport_introspection_c.so" to ""
-- Installing: /home/yalcinolgac/ros2_ws/install/day2/lib/python3.12/site-packages/day2/day2_s__rosidl_typesupport_c.so
-- Set non-toolchain portion of runtime path of "/home/yalcinolgac/ros2_ws/install/day2/lib/python3.12/site-packages/day2/day2_s__rosidl_typesupport_c.so" to ""
-- Installing: /home/yalcinolgac/ros2_ws/install/day2/lib/libday2__rosidl_generator_py.so
-- Set non-toolchain portion of runtime path of "/home/yalcinolgac/ros2_ws/install/day2/lib/libday2__rosidl_generator_py.so" to ""
-- Up-to-date: /home/yalcinolgac/ros2_ws/install/day2/share/day2/msg/RobotStatus.idl
-- Up-to-date: /home/yalcinolgac/ros2_ws/install/day2/share/day2/msg/SensorData.idl
-- Up-to-date: /home/yalcinolgac/ros2_ws/install/day2/share/day2/msg/MotorStatus.idl
-- Up-to-date: /home/yalcinolgac/ros2_ws/install/day2/share/day2/msg/RobotArray.idl
-- Up-to-date: /home/yalcinolgac/ros2_ws/install/day2/share/day2/srv/RobotCommand.idl
-- Up-to-date: /home/yalcinolgac/ros2_ws/install/day2/share/day2/srv/GetRobotStatus.idl
-- Up-to-date: /home/yalcinolgac/ros2_ws/install/day2/share/day2/srv/CalculatePath.idl
-- Up-to-date: /home/yalcinolgac/ros2_ws/install/day2/share/day2/srv/EmergencyStop.idl
-- Installing: /home/yalcinolgac/ros2_ws/install/day2/share/day2/action/Navigate.idl
-- Installing: /home/yalcinolgac/ros2_ws/install/day2/share/day2/action/PickAndPlace.idl
-- Installing: /home/yalcinolgac/ros2_ws/install/day2/share/day2/action/MapArea.idl
-- Installing: /home/yalcinolgac/ros2_ws/install/day2/share/day2/action/ChargeBattery.idl
-- Up-to-date: /home/yalcinolgac/ros2_ws/install/day2/share/day2/msg/RobotStatus.msg
-- Up-to-date: /home/yalcinolgac/ros2_ws/install/day2/share/day2/msg/SensorData.msg
-- Up-to-date: /home/yalcinolgac/ros2_ws/install/day2/share/day2/msg/MotorStatus.msg
-- Up-to-date: /home/yalcinolgac/ros2_ws/install/day2/share/day2/msg/RobotArray.msg
-- Up-to-date: /home/yalcinolgac/ros2_ws/install/day2/share/day2/srv/RobotCommand.srv
-- Up-to-date: /home/yalcinolgac/ros2_ws/install/day2/share/day2/srv/GetRobotStatus.srv
-- Up-to-date: /home/yalcinolgac/ros2_ws/install/day2/share/day2/srv/CalculatePath.srv
-- Up-to-date: /home/yalcinolgac/ros2_ws/install/day2/share/day2/srv/EmergencyStop.srv
-- Installing: /home/yalcinolgac/ros2_ws/install/day2/share/day2/action/Navigate.action
-- Installing: /home/yalcinolgac/ros2_ws/install/day2/share/day2/action/PickAndPlace.action
-- Installing: /home/yalcinolgac/ros2_ws/install/day2/share/day2/action/MapArea.action
-- Installing: /home/yalcinolgac/ros2_ws/install/day2/share/day2/action/ChargeBattery.action
-- Up-to-date: /home/yalcinolgac/ros2_ws/install/day2/share/ament_index/resource_index/package_run_dependencies/day2
-- Up-to-date: /home/yalcinolgac/ros2_ws/install/day2/share/ament_index/resource_index/parent_prefix_path/day2
-- Up-to-date: /home/yalcinolgac/ros2_ws/install/day2/share/day2/environment/ament_prefix_path.sh
-- Up-to-date: /home/yalcinolgac/ros2_ws/install/day2/share/day2/environment/ament_prefix_path.dsv
-- Up-to-date: /home/yalcinolgac/ros2_ws/install/day2/share/day2/environment/path.sh
-- Up-to-date: /home/yalcinolgac/ros2_ws/install/day2/share/day2/environment/path.dsv
-- Up-to-date: /home/yalcinolgac/ros2_ws/install/day2/share/day2/local_setup.bash
-- Up-to-date: /home/yalcinolgac/ros2_ws/install/day2/share/day2/local_setup.sh
-- Up-to-date: /home/yalcinolgac/ros2_ws/install/day2/share/day2/local_setup.zsh
-- Up-to-date: /home/yalcinolgac/ros2_ws/install/day2/share/day2/local_setup.dsv
-- Installing: /home/yalcinolgac/ros2_ws/install/day2/share/day2/package.dsv
-- Up-to-date: /home/yalcinolgac/ros2_ws/install/day2/share/ament_index/resource_index/packages/day2
-- Old export file "/home/yalcinolgac/ros2_ws/install/day2/share/day2/cmake/export_day2__rosidl_generator_cExport.cmake" will be replaced.  Removing files [/home/yalcinolgac/ros2_ws/install/day2/share/day2/cmake/export_day2__rosidl_generator_cExport-noconfig.cmake].
-- Installing: /home/yalcinolgac/ros2_ws/install/day2/share/day2/cmake/export_day2__rosidl_generator_cExport.cmake
-- Installing: /home/yalcinolgac/ros2_ws/install/day2/share/day2/cmake/export_day2__rosidl_generator_cExport-noconfig.cmake
-- Old export file "/home/yalcinolgac/ros2_ws/install/day2/share/day2/cmake/export_day2__rosidl_typesupport_fastrtps_cExport.cmake" will be replaced.  Removing files [/home/yalcinolgac/ros2_ws/install/day2/share/day2/cmake/export_day2__rosidl_typesupport_fastrtps_cExport-noconfig.cmake].
-- Installing: /home/yalcinolgac/ros2_ws/install/day2/share/day2/cmake/export_day2__rosidl_typesupport_fastrtps_cExport.cmake
-- Installing: /home/yalcinolgac/ros2_ws/install/day2/share/day2/cmake/export_day2__rosidl_typesupport_fastrtps_cExport-noconfig.cmake
-- Installing: /home/yalcinolgac/ros2_ws/install/day2/share/day2/cmake/export_day2__rosidl_generator_cppExport.cmake
-- Old export file "/home/yalcinolgac/ros2_ws/install/day2/share/day2/cmake/export_day2__rosidl_typesupport_fastrtps_cppExport.cmake" will be replaced.  Removing files [/home/yalcinolgac/ros2_ws/install/day2/share/day2/cmake/export_day2__rosidl_typesupport_fastrtps_cppExport-noconfig.cmake].
-- Installing: /home/yalcinolgac/ros2_ws/install/day2/share/day2/cmake/export_day2__rosidl_typesupport_fastrtps_cppExport.cmake
-- Installing: /home/yalcinolgac/ros2_ws/install/day2/share/day2/cmake/export_day2__rosidl_typesupport_fastrtps_cppExport-noconfig.cmake
-- Old export file "/home/yalcinolgac/ros2_ws/install/day2/share/day2/cmake/day2__rosidl_typesupport_introspection_cExport.cmake" will be replaced.  Removing files [/home/yalcinolgac/ros2_ws/install/day2/share/day2/cmake/day2__rosidl_typesupport_introspection_cExport-noconfig.cmake].
-- Installing: /home/yalcinolgac/ros2_ws/install/day2/share/day2/cmake/day2__rosidl_typesupport_introspection_cExport.cmake
-- Installing: /home/yalcinolgac/ros2_ws/install/day2/share/day2/cmake/day2__rosidl_typesupport_introspection_cExport-noconfig.cmake
-- Old export file "/home/yalcinolgac/ros2_ws/install/day2/share/day2/cmake/day2__rosidl_typesupport_cExport.cmake" will be replaced.  Removing files [/home/yalcinolgac/ros2_ws/install/day2/share/day2/cmake/day2__rosidl_typesupport_cExport-noconfig.cmake].
-- Installing: /home/yalcinolgac/ros2_ws/install/day2/share/day2/cmake/day2__rosidl_typesupport_cExport.cmake
-- Installing: /home/yalcinolgac/ros2_ws/install/day2/share/day2/cmake/day2__rosidl_typesupport_cExport-noconfig.cmake
-- Old export file "/home/yalcinolgac/ros2_ws/install/day2/share/day2/cmake/day2__rosidl_typesupport_introspection_cppExport.cmake" will be replaced.  Removing files [/home/yalcinolgac/ros2_ws/install/day2/share/day2/cmake/day2__rosidl_typesupport_introspection_cppExport-noconfig.cmake].
-- Installing: /home/yalcinolgac/ros2_ws/install/day2/share/day2/cmake/day2__rosidl_typesupport_introspection_cppExport.cmake
-- Installing: /home/yalcinolgac/ros2_ws/install/day2/share/day2/cmake/day2__rosidl_typesupport_introspection_cppExport-noconfig.cmake
-- Old export file "/home/yalcinolgac/ros2_ws/install/day2/share/day2/cmake/day2__rosidl_typesupport_cppExport.cmake" will be replaced.  Removing files [/home/yalcinolgac/ros2_ws/install/day2/share/day2/cmake/day2__rosidl_typesupport_cppExport-noconfig.cmake].
-- Installing: /home/yalcinolgac/ros2_ws/install/day2/share/day2/cmake/day2__rosidl_typesupport_cppExport.cmake
-- Installing: /home/yalcinolgac/ros2_ws/install/day2/share/day2/cmake/day2__rosidl_typesupport_cppExport-noconfig.cmake
-- Up-to-date: /home/yalcinolgac/ros2_ws/install/day2/share/day2/cmake/export_day2__rosidl_generator_pyExport.cmake
-- Installing: /home/yalcinolgac/ros2_ws/install/day2/share/day2/cmake/export_day2__rosidl_generator_pyExport-noconfig.cmake
-- Installing: /home/yalcinolgac/ros2_ws/install/day2/share/day2/cmake/rosidl_cmake-extras.cmake
-- Installing: /home/yalcinolgac/ros2_ws/install/day2/share/day2/cmake/ament_cmake_export_dependencies-extras.cmake
-- Up-to-date: /home/yalcinolgac/ros2_ws/install/day2/share/day2/cmake/ament_cmake_export_include_directories-extras.cmake
-- Up-to-date: /home/yalcinolgac/ros2_ws/install/day2/share/day2/cmake/ament_cmake_export_libraries-extras.cmake
-- Up-to-date: /home/yalcinolgac/ros2_ws/install/day2/share/day2/cmake/ament_cmake_export_targets-extras.cmake
-- Up-to-date: /home/yalcinolgac/ros2_ws/install/day2/share/day2/cmake/rosidl_cmake_export_typesupport_targets-extras.cmake
-- Up-to-date: /home/yalcinolgac/ros2_ws/install/day2/share/day2/cmake/rosidl_cmake_export_typesupport_libraries-extras.cmake
-- Up-to-date: /home/yalcinolgac/ros2_ws/install/day2/share/day2/cmake/day2Config.cmake
-- Up-to-date: /home/yalcinolgac/ros2_ws/install/day2/share/day2/cmake/day2Config-version.cmake
-- Up-to-date: /home/yalcinolgac/ros2_ws/install/day2/share/day2/package.xml
