[0.012s] Invoking command in '/home/yalcinolgac/ros2_ws/build/repeat_1_4': CMAKE_PREFIX_PATH=${CMAKE_PREFIX_PATH}:/opt/ros/jazzy DEBUGINFOD_URLS=https://debuginfod.ubuntu.com /usr/bin/cmake --build /home/yalcinolgac/ros2_ws/build/repeat_1_4 -- -j32 -l32
[0.076s] [  1%] Built target repeat_1_4__rosidl_generator_type_description
[0.087s] [  1%] Built target ament_cmake_python_copy_repeat_1_4
[0.089s] [  3%] Built target repeat_1_4__cpp
[0.092s] [ 19%] Built target repeat_1_4__rosidl_generator_c
[0.110s] [ 27%] Built target repeat_1_4__rosidl_typesupport_fastrtps_c
[0.110s] [ 34%] Built target repeat_1_4__rosidl_typesupport_introspection_c
[0.110s] [ 42%] Built target repeat_1_4__rosidl_typesupport_c
[0.110s] [ 50%] Built target repeat_1_4__rosidl_typesupport_introspection_cpp
[0.111s] [ 57%] Built target repeat_1_4__rosidl_typesupport_cpp
[0.111s] [ 65%] Built target repeat_1_4__rosidl_typesupport_fastrtps_cpp
[0.125s] [ 65%] Built target repeat_1_4
[0.141s] [ 66%] Built target repeat_1_4__py
[0.144s] [ 69%] Built target position_subscriber
[0.144s] [ 72%] Built target position_publisher
[0.144s] [ 75%] Built target move_service_client
[0.145s] [ 78%] Built target move_service_server
[0.148s] [ 81%] Built target goto_action_client
[0.149s] [ 84%] Built target goto_action_server
[0.161s] [ 90%] Built target repeat_1_4__rosidl_generator_py
[0.177s] [ 93%] Built target repeat_1_4_s__rosidl_typesupport_introspection_c
[0.177s] [ 96%] Built target repeat_1_4_s__rosidl_typesupport_fastrtps_c
[0.177s] [100%] Built target repeat_1_4_s__rosidl_typesupport_c
[0.217s] running egg_info
[0.228s] writing repeat_1_4.egg-info/PKG-INFO
[0.229s] writing dependency_links to repeat_1_4.egg-info/dependency_links.txt
[0.229s] writing top-level names to repeat_1_4.egg-info/top_level.txt
[0.259s] reading manifest file 'repeat_1_4.egg-info/SOURCES.txt'
[0.259s] writing manifest file 'repeat_1_4.egg-info/SOURCES.txt'
[0.275s] [100%] Built target ament_cmake_python_build_repeat_1_4_egg
[0.282s] Invoked command in '/home/yalcinolgac/ros2_ws/build/repeat_1_4' returned '0': CMAKE_PREFIX_PATH=${CMAKE_PREFIX_PATH}:/opt/ros/jazzy DEBUGINFOD_URLS=https://debuginfod.ubuntu.com /usr/bin/cmake --build /home/yalcinolgac/ros2_ws/build/repeat_1_4 -- -j32 -l32
[0.288s] Invoking command in '/home/yalcinolgac/ros2_ws/build/repeat_1_4': CMAKE_PREFIX_PATH=${CMAKE_PREFIX_PATH}:/opt/ros/jazzy DEBUGINFOD_URLS=https://debuginfod.ubuntu.com /usr/bin/cmake --install /home/yalcinolgac/ros2_ws/build/repeat_1_4
[0.295s] -- Install configuration: ""
[0.295s] -- Up-to-date: /home/yalcinolgac/ros2_ws/install/repeat_1_4/share/ament_index/resource_index/rosidl_interfaces/repeat_1_4
[0.295s] -- Up-to-date: /home/yalcinolgac/ros2_ws/install/repeat_1_4/share/repeat_1_4/msg/Position.json
[0.295s] -- Up-to-date: /home/yalcinolgac/ros2_ws/install/repeat_1_4/share/repeat_1_4/srv/MoveRobot.json
[0.295s] -- Up-to-date: /home/yalcinolgac/ros2_ws/install/repeat_1_4/share/repeat_1_4/action/GoToPoint.json
[0.295s] -- Up-to-date: /home/yalcinolgac/ros2_ws/install/repeat_1_4/include/repeat_1_4/repeat_1_4
[0.295s] -- Up-to-date: /home/yalcinolgac/ros2_ws/install/repeat_1_4/include/repeat_1_4/repeat_1_4/msg
[0.295s] -- Up-to-date: /home/yalcinolgac/ros2_ws/install/repeat_1_4/include/repeat_1_4/repeat_1_4/msg/detail
[0.295s] -- Up-to-date: /home/yalcinolgac/ros2_ws/install/repeat_1_4/include/repeat_1_4/repeat_1_4/msg/detail/position__functions.h
[0.295s] -- Up-to-date: /home/yalcinolgac/ros2_ws/install/repeat_1_4/include/repeat_1_4/repeat_1_4/msg/detail/position__struct.h
[0.295s] -- Up-to-date: /home/yalcinolgac/ros2_ws/install/repeat_1_4/include/repeat_1_4/repeat_1_4/msg/detail/position__type_support.h
[0.295s] -- Up-to-date: /home/yalcinolgac/ros2_ws/install/repeat_1_4/include/repeat_1_4/repeat_1_4/msg/detail/position__description.c
[0.295s] -- Up-to-date: /home/yalcinolgac/ros2_ws/install/repeat_1_4/include/repeat_1_4/repeat_1_4/msg/detail/position__functions.c
[0.296s] -- Up-to-date: /home/yalcinolgac/ros2_ws/install/repeat_1_4/include/repeat_1_4/repeat_1_4/msg/detail/position__type_support.c
[0.296s] -- Up-to-date: /home/yalcinolgac/ros2_ws/install/repeat_1_4/include/repeat_1_4/repeat_1_4/msg/position.h
[0.296s] -- Up-to-date: /home/yalcinolgac/ros2_ws/install/repeat_1_4/include/repeat_1_4/repeat_1_4/msg/rosidl_generator_c__visibility_control.h
[0.296s] -- Up-to-date: /home/yalcinolgac/ros2_ws/install/repeat_1_4/include/repeat_1_4/repeat_1_4/action
[0.296s] -- Up-to-date: /home/yalcinolgac/ros2_ws/install/repeat_1_4/include/repeat_1_4/repeat_1_4/action/detail
[0.296s] -- Up-to-date: /home/yalcinolgac/ros2_ws/install/repeat_1_4/include/repeat_1_4/repeat_1_4/action/detail/go_to_point__functions.h
[0.296s] -- Up-to-date: /home/yalcinolgac/ros2_ws/install/repeat_1_4/include/repeat_1_4/repeat_1_4/action/detail/go_to_point__type_support.c
[0.296s] -- Up-to-date: /home/yalcinolgac/ros2_ws/install/repeat_1_4/include/repeat_1_4/repeat_1_4/action/detail/go_to_point__type_support.h
[0.296s] -- Up-to-date: /home/yalcinolgac/ros2_ws/install/repeat_1_4/include/repeat_1_4/repeat_1_4/action/detail/go_to_point__description.c
[0.296s] -- Up-to-date: /home/yalcinolgac/ros2_ws/install/repeat_1_4/include/repeat_1_4/repeat_1_4/action/detail/go_to_point__functions.c
[0.296s] -- Up-to-date: /home/yalcinolgac/ros2_ws/install/repeat_1_4/include/repeat_1_4/repeat_1_4/action/detail/go_to_point__struct.h
[0.296s] -- Up-to-date: /home/yalcinolgac/ros2_ws/install/repeat_1_4/include/repeat_1_4/repeat_1_4/action/go_to_point.h
[0.296s] -- Up-to-date: /home/yalcinolgac/ros2_ws/install/repeat_1_4/include/repeat_1_4/repeat_1_4/srv
[0.296s] -- Up-to-date: /home/yalcinolgac/ros2_ws/install/repeat_1_4/include/repeat_1_4/repeat_1_4/srv/detail
[0.296s] -- Up-to-date: /home/yalcinolgac/ros2_ws/install/repeat_1_4/include/repeat_1_4/repeat_1_4/srv/detail/move_robot__description.c
[0.296s] -- Up-to-date: /home/yalcinolgac/ros2_ws/install/repeat_1_4/include/repeat_1_4/repeat_1_4/srv/detail/move_robot__struct.h
[0.296s] -- Up-to-date: /home/yalcinolgac/ros2_ws/install/repeat_1_4/include/repeat_1_4/repeat_1_4/srv/detail/move_robot__type_support.c
[0.296s] -- Up-to-date: /home/yalcinolgac/ros2_ws/install/repeat_1_4/include/repeat_1_4/repeat_1_4/srv/detail/move_robot__type_support.h
[0.296s] -- Up-to-date: /home/yalcinolgac/ros2_ws/install/repeat_1_4/include/repeat_1_4/repeat_1_4/srv/detail/move_robot__functions.c
[0.296s] -- Up-to-date: /home/yalcinolgac/ros2_ws/install/repeat_1_4/include/repeat_1_4/repeat_1_4/srv/detail/move_robot__functions.h
[0.296s] -- Up-to-date: /home/yalcinolgac/ros2_ws/install/repeat_1_4/include/repeat_1_4/repeat_1_4/srv/move_robot.h
[0.296s] -- Up-to-date: /home/yalcinolgac/ros2_ws/install/repeat_1_4/share/repeat_1_4/environment/library_path.sh
[0.296s] -- Up-to-date: /home/yalcinolgac/ros2_ws/install/repeat_1_4/share/repeat_1_4/environment/library_path.dsv
[0.296s] -- Up-to-date: /home/yalcinolgac/ros2_ws/install/repeat_1_4/lib/librepeat_1_4__rosidl_generator_c.so
[0.297s] -- Up-to-date: /home/yalcinolgac/ros2_ws/install/repeat_1_4/include/repeat_1_4/repeat_1_4
[0.297s] -- Up-to-date: /home/yalcinolgac/ros2_ws/install/repeat_1_4/include/repeat_1_4/repeat_1_4/msg
[0.297s] -- Up-to-date: /home/yalcinolgac/ros2_ws/install/repeat_1_4/include/repeat_1_4/repeat_1_4/msg/detail
[0.297s] -- Up-to-date: /home/yalcinolgac/ros2_ws/install/repeat_1_4/include/repeat_1_4/repeat_1_4/msg/detail/position__rosidl_typesupport_fastrtps_c.h
[0.297s] -- Up-to-date: /home/yalcinolgac/ros2_ws/install/repeat_1_4/include/repeat_1_4/repeat_1_4/msg/rosidl_typesupport_fastrtps_c__visibility_control.h
[0.297s] -- Up-to-date: /home/yalcinolgac/ros2_ws/install/repeat_1_4/include/repeat_1_4/repeat_1_4/action
[0.297s] -- Up-to-date: /home/yalcinolgac/ros2_ws/install/repeat_1_4/include/repeat_1_4/repeat_1_4/action/detail
[0.297s] -- Up-to-date: /home/yalcinolgac/ros2_ws/install/repeat_1_4/include/repeat_1_4/repeat_1_4/action/detail/go_to_point__rosidl_typesupport_fastrtps_c.h
[0.297s] -- Up-to-date: /home/yalcinolgac/ros2_ws/install/repeat_1_4/include/repeat_1_4/repeat_1_4/srv
[0.297s] -- Up-to-date: /home/yalcinolgac/ros2_ws/install/repeat_1_4/include/repeat_1_4/repeat_1_4/srv/detail
[0.297s] -- Up-to-date: /home/yalcinolgac/ros2_ws/install/repeat_1_4/include/repeat_1_4/repeat_1_4/srv/detail/move_robot__rosidl_typesupport_fastrtps_c.h
[0.297s] -- Up-to-date: /home/yalcinolgac/ros2_ws/install/repeat_1_4/lib/librepeat_1_4__rosidl_typesupport_fastrtps_c.so
[0.298s] -- Up-to-date: /home/yalcinolgac/ros2_ws/install/repeat_1_4/include/repeat_1_4/repeat_1_4
[0.298s] -- Up-to-date: /home/yalcinolgac/ros2_ws/install/repeat_1_4/include/repeat_1_4/repeat_1_4/msg
[0.298s] -- Up-to-date: /home/yalcinolgac/ros2_ws/install/repeat_1_4/include/repeat_1_4/repeat_1_4/msg/detail
[0.298s] -- Up-to-date: /home/yalcinolgac/ros2_ws/install/repeat_1_4/include/repeat_1_4/repeat_1_4/msg/detail/position__type_support.hpp
[0.298s] -- Up-to-date: /home/yalcinolgac/ros2_ws/install/repeat_1_4/include/repeat_1_4/repeat_1_4/msg/detail/position__builder.hpp
[0.298s] -- Up-to-date: /home/yalcinolgac/ros2_ws/install/repeat_1_4/include/repeat_1_4/repeat_1_4/msg/detail/position__struct.hpp
[0.298s] -- Up-to-date: /home/yalcinolgac/ros2_ws/install/repeat_1_4/include/repeat_1_4/repeat_1_4/msg/detail/position__traits.hpp
[0.298s] -- Up-to-date: /home/yalcinolgac/ros2_ws/install/repeat_1_4/include/repeat_1_4/repeat_1_4/msg/rosidl_generator_cpp__visibility_control.hpp
[0.298s] -- Up-to-date: /home/yalcinolgac/ros2_ws/install/repeat_1_4/include/repeat_1_4/repeat_1_4/msg/position.hpp
[0.298s] -- Up-to-date: /home/yalcinolgac/ros2_ws/install/repeat_1_4/include/repeat_1_4/repeat_1_4/action
[0.298s] -- Up-to-date: /home/yalcinolgac/ros2_ws/install/repeat_1_4/include/repeat_1_4/repeat_1_4/action/detail
[0.298s] -- Up-to-date: /home/yalcinolgac/ros2_ws/install/repeat_1_4/include/repeat_1_4/repeat_1_4/action/detail/go_to_point__type_support.hpp
[0.298s] -- Up-to-date: /home/yalcinolgac/ros2_ws/install/repeat_1_4/include/repeat_1_4/repeat_1_4/action/detail/go_to_point__struct.hpp
[0.298s] -- Up-to-date: /home/yalcinolgac/ros2_ws/install/repeat_1_4/include/repeat_1_4/repeat_1_4/action/detail/go_to_point__traits.hpp
[0.298s] -- Up-to-date: /home/yalcinolgac/ros2_ws/install/repeat_1_4/include/repeat_1_4/repeat_1_4/action/detail/go_to_point__builder.hpp
[0.299s] -- Up-to-date: /home/yalcinolgac/ros2_ws/install/repeat_1_4/include/repeat_1_4/repeat_1_4/action/go_to_point.hpp
[0.299s] -- Up-to-date: /home/yalcinolgac/ros2_ws/install/repeat_1_4/include/repeat_1_4/repeat_1_4/srv
[0.299s] -- Up-to-date: /home/yalcinolgac/ros2_ws/install/repeat_1_4/include/repeat_1_4/repeat_1_4/srv/detail
[0.299s] -- Up-to-date: /home/yalcinolgac/ros2_ws/install/repeat_1_4/include/repeat_1_4/repeat_1_4/srv/detail/move_robot__builder.hpp
[0.299s] -- Up-to-date: /home/yalcinolgac/ros2_ws/install/repeat_1_4/include/repeat_1_4/repeat_1_4/srv/detail/move_robot__struct.hpp
[0.299s] -- Up-to-date: /home/yalcinolgac/ros2_ws/install/repeat_1_4/include/repeat_1_4/repeat_1_4/srv/detail/move_robot__traits.hpp
[0.299s] -- Up-to-date: /home/yalcinolgac/ros2_ws/install/repeat_1_4/include/repeat_1_4/repeat_1_4/srv/detail/move_robot__type_support.hpp
[0.299s] -- Up-to-date: /home/yalcinolgac/ros2_ws/install/repeat_1_4/include/repeat_1_4/repeat_1_4/srv/move_robot.hpp
[0.299s] -- Up-to-date: /home/yalcinolgac/ros2_ws/install/repeat_1_4/include/repeat_1_4/repeat_1_4
[0.299s] -- Up-to-date: /home/yalcinolgac/ros2_ws/install/repeat_1_4/include/repeat_1_4/repeat_1_4/msg
[0.299s] -- Up-to-date: /home/yalcinolgac/ros2_ws/install/repeat_1_4/include/repeat_1_4/repeat_1_4/msg/detail
[0.299s] -- Up-to-date: /home/yalcinolgac/ros2_ws/install/repeat_1_4/include/repeat_1_4/repeat_1_4/msg/detail/position__rosidl_typesupport_fastrtps_cpp.hpp
[0.299s] -- Up-to-date: /home/yalcinolgac/ros2_ws/install/repeat_1_4/include/repeat_1_4/repeat_1_4/msg/detail/dds_fastrtps
[0.299s] -- Up-to-date: /home/yalcinolgac/ros2_ws/install/repeat_1_4/include/repeat_1_4/repeat_1_4/msg/rosidl_typesupport_fastrtps_cpp__visibility_control.h
[0.299s] -- Up-to-date: /home/yalcinolgac/ros2_ws/install/repeat_1_4/include/repeat_1_4/repeat_1_4/action
[0.299s] -- Up-to-date: /home/yalcinolgac/ros2_ws/install/repeat_1_4/include/repeat_1_4/repeat_1_4/action/detail
[0.299s] -- Up-to-date: /home/yalcinolgac/ros2_ws/install/repeat_1_4/include/repeat_1_4/repeat_1_4/action/detail/dds_fastrtps
[0.299s] -- Up-to-date: /home/yalcinolgac/ros2_ws/install/repeat_1_4/include/repeat_1_4/repeat_1_4/action/detail/go_to_point__rosidl_typesupport_fastrtps_cpp.hpp
[0.299s] -- Up-to-date: /home/yalcinolgac/ros2_ws/install/repeat_1_4/include/repeat_1_4/repeat_1_4/srv
[0.299s] -- Up-to-date: /home/yalcinolgac/ros2_ws/install/repeat_1_4/include/repeat_1_4/repeat_1_4/srv/detail
[0.299s] -- Up-to-date: /home/yalcinolgac/ros2_ws/install/repeat_1_4/include/repeat_1_4/repeat_1_4/srv/detail/dds_fastrtps
[0.299s] -- Up-to-date: /home/yalcinolgac/ros2_ws/install/repeat_1_4/include/repeat_1_4/repeat_1_4/srv/detail/move_robot__rosidl_typesupport_fastrtps_cpp.hpp
[0.300s] -- Up-to-date: /home/yalcinolgac/ros2_ws/install/repeat_1_4/lib/librepeat_1_4__rosidl_typesupport_fastrtps_cpp.so
[0.300s] -- Up-to-date: /home/yalcinolgac/ros2_ws/install/repeat_1_4/include/repeat_1_4/repeat_1_4
[0.300s] -- Up-to-date: /home/yalcinolgac/ros2_ws/install/repeat_1_4/include/repeat_1_4/repeat_1_4/msg
[0.300s] -- Up-to-date: /home/yalcinolgac/ros2_ws/install/repeat_1_4/include/repeat_1_4/repeat_1_4/msg/detail
[0.300s] -- Up-to-date: /home/yalcinolgac/ros2_ws/install/repeat_1_4/include/repeat_1_4/repeat_1_4/msg/detail/position__rosidl_typesupport_introspection_c.h
[0.300s] -- Up-to-date: /home/yalcinolgac/ros2_ws/install/repeat_1_4/include/repeat_1_4/repeat_1_4/msg/detail/position__type_support.c
[0.300s] -- Up-to-date: /home/yalcinolgac/ros2_ws/install/repeat_1_4/include/repeat_1_4/repeat_1_4/msg/rosidl_typesupport_introspection_c__visibility_control.h
[0.300s] -- Up-to-date: /home/yalcinolgac/ros2_ws/install/repeat_1_4/include/repeat_1_4/repeat_1_4/action
[0.300s] -- Up-to-date: /home/yalcinolgac/ros2_ws/install/repeat_1_4/include/repeat_1_4/repeat_1_4/action/detail
[0.300s] -- Up-to-date: /home/yalcinolgac/ros2_ws/install/repeat_1_4/include/repeat_1_4/repeat_1_4/action/detail/go_to_point__type_support.c
[0.300s] -- Up-to-date: /home/yalcinolgac/ros2_ws/install/repeat_1_4/include/repeat_1_4/repeat_1_4/action/detail/go_to_point__rosidl_typesupport_introspection_c.h
[0.300s] -- Up-to-date: /home/yalcinolgac/ros2_ws/install/repeat_1_4/include/repeat_1_4/repeat_1_4/srv
[0.300s] -- Up-to-date: /home/yalcinolgac/ros2_ws/install/repeat_1_4/include/repeat_1_4/repeat_1_4/srv/detail
[0.300s] -- Up-to-date: /home/yalcinolgac/ros2_ws/install/repeat_1_4/include/repeat_1_4/repeat_1_4/srv/detail/move_robot__type_support.c
[0.300s] -- Up-to-date: /home/yalcinolgac/ros2_ws/install/repeat_1_4/include/repeat_1_4/repeat_1_4/srv/detail/move_robot__rosidl_typesupport_introspection_c.h
[0.300s] -- Up-to-date: /home/yalcinolgac/ros2_ws/install/repeat_1_4/lib/librepeat_1_4__rosidl_typesupport_introspection_c.so
[0.300s] -- Up-to-date: /home/yalcinolgac/ros2_ws/install/repeat_1_4/lib/librepeat_1_4__rosidl_typesupport_c.so
[0.300s] -- Up-to-date: /home/yalcinolgac/ros2_ws/install/repeat_1_4/include/repeat_1_4/repeat_1_4
[0.300s] -- Up-to-date: /home/yalcinolgac/ros2_ws/install/repeat_1_4/include/repeat_1_4/repeat_1_4/msg
[0.301s] -- Up-to-date: /home/yalcinolgac/ros2_ws/install/repeat_1_4/include/repeat_1_4/repeat_1_4/msg/detail
[0.301s] -- Up-to-date: /home/yalcinolgac/ros2_ws/install/repeat_1_4/include/repeat_1_4/repeat_1_4/msg/detail/position__rosidl_typesupport_introspection_cpp.hpp
[0.301s] -- Up-to-date: /home/yalcinolgac/ros2_ws/install/repeat_1_4/include/repeat_1_4/repeat_1_4/msg/detail/position__type_support.cpp
[0.301s] -- Up-to-date: /home/yalcinolgac/ros2_ws/install/repeat_1_4/include/repeat_1_4/repeat_1_4/action
[0.301s] -- Up-to-date: /home/yalcinolgac/ros2_ws/install/repeat_1_4/include/repeat_1_4/repeat_1_4/action/detail
[0.301s] -- Up-to-date: /home/yalcinolgac/ros2_ws/install/repeat_1_4/include/repeat_1_4/repeat_1_4/action/detail/go_to_point__type_support.cpp
[0.301s] -- Up-to-date: /home/yalcinolgac/ros2_ws/install/repeat_1_4/include/repeat_1_4/repeat_1_4/action/detail/go_to_point__rosidl_typesupport_introspection_cpp.hpp
[0.301s] -- Up-to-date: /home/yalcinolgac/ros2_ws/install/repeat_1_4/include/repeat_1_4/repeat_1_4/srv
[0.301s] -- Up-to-date: /home/yalcinolgac/ros2_ws/install/repeat_1_4/include/repeat_1_4/repeat_1_4/srv/detail
[0.301s] -- Up-to-date: /home/yalcinolgac/ros2_ws/install/repeat_1_4/include/repeat_1_4/repeat_1_4/srv/detail/move_robot__type_support.cpp
[0.301s] -- Up-to-date: /home/yalcinolgac/ros2_ws/install/repeat_1_4/include/repeat_1_4/repeat_1_4/srv/detail/move_robot__rosidl_typesupport_introspection_cpp.hpp
[0.301s] -- Up-to-date: /home/yalcinolgac/ros2_ws/install/repeat_1_4/lib/librepeat_1_4__rosidl_typesupport_introspection_cpp.so
[0.301s] -- Up-to-date: /home/yalcinolgac/ros2_ws/install/repeat_1_4/lib/librepeat_1_4__rosidl_typesupport_cpp.so
[0.301s] -- Up-to-date: /home/yalcinolgac/ros2_ws/install/repeat_1_4/share/repeat_1_4/environment/pythonpath.sh
[0.301s] -- Up-to-date: /home/yalcinolgac/ros2_ws/install/repeat_1_4/share/repeat_1_4/environment/pythonpath.dsv
[0.301s] -- Up-to-date: /home/yalcinolgac/ros2_ws/install/repeat_1_4/lib/python3.12/site-packages/repeat_1_4-0.0.0-py3.12.egg-info
[0.301s] -- Installing: /home/yalcinolgac/ros2_ws/install/repeat_1_4/lib/python3.12/site-packages/repeat_1_4-0.0.0-py3.12.egg-info/PKG-INFO
[0.301s] -- Installing: /home/yalcinolgac/ros2_ws/install/repeat_1_4/lib/python3.12/site-packages/repeat_1_4-0.0.0-py3.12.egg-info/SOURCES.txt
[0.301s] -- Installing: /home/yalcinolgac/ros2_ws/install/repeat_1_4/lib/python3.12/site-packages/repeat_1_4-0.0.0-py3.12.egg-info/dependency_links.txt
[0.301s] -- Installing: /home/yalcinolgac/ros2_ws/install/repeat_1_4/lib/python3.12/site-packages/repeat_1_4-0.0.0-py3.12.egg-info/top_level.txt
[0.301s] -- Up-to-date: /home/yalcinolgac/ros2_ws/install/repeat_1_4/lib/python3.12/site-packages/repeat_1_4
[0.301s] -- Up-to-date: /home/yalcinolgac/ros2_ws/install/repeat_1_4/lib/python3.12/site-packages/repeat_1_4/_repeat_1_4_s.ep.rosidl_typesupport_fastrtps_c.c
[0.301s] -- Up-to-date: /home/yalcinolgac/ros2_ws/install/repeat_1_4/lib/python3.12/site-packages/repeat_1_4/msg
[0.301s] -- Up-to-date: /home/yalcinolgac/ros2_ws/install/repeat_1_4/lib/python3.12/site-packages/repeat_1_4/msg/_position.py
[0.301s] -- Up-to-date: /home/yalcinolgac/ros2_ws/install/repeat_1_4/lib/python3.12/site-packages/repeat_1_4/msg/_position_s.c
[0.301s] -- Up-to-date: /home/yalcinolgac/ros2_ws/install/repeat_1_4/lib/python3.12/site-packages/repeat_1_4/msg/__init__.py
[0.301s] -- Up-to-date: /home/yalcinolgac/ros2_ws/install/repeat_1_4/lib/python3.12/site-packages/repeat_1_4/action
[0.301s] -- Up-to-date: /home/yalcinolgac/ros2_ws/install/repeat_1_4/lib/python3.12/site-packages/repeat_1_4/action/_go_to_point_s.c
[0.301s] -- Up-to-date: /home/yalcinolgac/ros2_ws/install/repeat_1_4/lib/python3.12/site-packages/repeat_1_4/action/__init__.py
[0.301s] -- Up-to-date: /home/yalcinolgac/ros2_ws/install/repeat_1_4/lib/python3.12/site-packages/repeat_1_4/action/_go_to_point.py
[0.301s] -- Up-to-date: /home/yalcinolgac/ros2_ws/install/repeat_1_4/lib/python3.12/site-packages/repeat_1_4/__init__.py
[0.301s] -- Up-to-date: /home/yalcinolgac/ros2_ws/install/repeat_1_4/lib/python3.12/site-packages/repeat_1_4/repeat_1_4_s__rosidl_typesupport_fastrtps_c.so
[0.301s] -- Up-to-date: /home/yalcinolgac/ros2_ws/install/repeat_1_4/lib/python3.12/site-packages/repeat_1_4/_repeat_1_4_s.ep.rosidl_typesupport_c.c
[0.301s] -- Up-to-date: /home/yalcinolgac/ros2_ws/install/repeat_1_4/lib/python3.12/site-packages/repeat_1_4/srv
[0.301s] -- Up-to-date: /home/yalcinolgac/ros2_ws/install/repeat_1_4/lib/python3.12/site-packages/repeat_1_4/srv/_move_robot.py
[0.301s] -- Up-to-date: /home/yalcinolgac/ros2_ws/install/repeat_1_4/lib/python3.12/site-packages/repeat_1_4/srv/_move_robot_s.c
[0.301s] -- Up-to-date: /home/yalcinolgac/ros2_ws/install/repeat_1_4/lib/python3.12/site-packages/repeat_1_4/srv/__init__.py
[0.301s] -- Up-to-date: /home/yalcinolgac/ros2_ws/install/repeat_1_4/lib/python3.12/site-packages/repeat_1_4/repeat_1_4_s__rosidl_typesupport_c.so
[0.302s] -- Up-to-date: /home/yalcinolgac/ros2_ws/install/repeat_1_4/lib/python3.12/site-packages/repeat_1_4/_repeat_1_4_s.ep.rosidl_typesupport_introspection_c.c
[0.302s] -- Up-to-date: /home/yalcinolgac/ros2_ws/install/repeat_1_4/lib/python3.12/site-packages/repeat_1_4/repeat_1_4_s__rosidl_typesupport_introspection_c.so
[0.323s] Listing '/home/yalcinolgac/ros2_ws/install/repeat_1_4/lib/python3.12/site-packages/repeat_1_4'...
[0.323s] Listing '/home/yalcinolgac/ros2_ws/install/repeat_1_4/lib/python3.12/site-packages/repeat_1_4/action'...
[0.324s] Listing '/home/yalcinolgac/ros2_ws/install/repeat_1_4/lib/python3.12/site-packages/repeat_1_4/msg'...
[0.324s] Listing '/home/yalcinolgac/ros2_ws/install/repeat_1_4/lib/python3.12/site-packages/repeat_1_4/srv'...
[0.327s] -- Up-to-date: /home/yalcinolgac/ros2_ws/install/repeat_1_4/lib/python3.12/site-packages/repeat_1_4/repeat_1_4_s__rosidl_typesupport_fastrtps_c.so
[0.327s] -- Up-to-date: /home/yalcinolgac/ros2_ws/install/repeat_1_4/lib/python3.12/site-packages/repeat_1_4/repeat_1_4_s__rosidl_typesupport_introspection_c.so
[0.328s] -- Up-to-date: /home/yalcinolgac/ros2_ws/install/repeat_1_4/lib/python3.12/site-packages/repeat_1_4/repeat_1_4_s__rosidl_typesupport_c.so
[0.329s] -- Up-to-date: /home/yalcinolgac/ros2_ws/install/repeat_1_4/lib/librepeat_1_4__rosidl_generator_py.so
[0.329s] -- Up-to-date: /home/yalcinolgac/ros2_ws/install/repeat_1_4/share/repeat_1_4/msg/Position.idl
[0.329s] -- Up-to-date: /home/yalcinolgac/ros2_ws/install/repeat_1_4/share/repeat_1_4/srv/MoveRobot.idl
[0.329s] -- Up-to-date: /home/yalcinolgac/ros2_ws/install/repeat_1_4/share/repeat_1_4/action/GoToPoint.idl
[0.329s] -- Up-to-date: /home/yalcinolgac/ros2_ws/install/repeat_1_4/share/repeat_1_4/msg/Position.msg
[0.329s] -- Up-to-date: /home/yalcinolgac/ros2_ws/install/repeat_1_4/share/repeat_1_4/srv/MoveRobot.srv
[0.329s] -- Up-to-date: /home/yalcinolgac/ros2_ws/install/repeat_1_4/share/repeat_1_4/action/GoToPoint.action
[0.329s] -- Up-to-date: /home/yalcinolgac/ros2_ws/install/repeat_1_4/lib/repeat_1_4/position_publisher
[0.329s] -- Up-to-date: /home/yalcinolgac/ros2_ws/install/repeat_1_4/lib/repeat_1_4/position_subscriber
[0.329s] -- Up-to-date: /home/yalcinolgac/ros2_ws/install/repeat_1_4/lib/repeat_1_4/move_service_server
[0.330s] -- Up-to-date: /home/yalcinolgac/ros2_ws/install/repeat_1_4/lib/repeat_1_4/move_service_client
[0.330s] -- Up-to-date: /home/yalcinolgac/ros2_ws/install/repeat_1_4/lib/repeat_1_4/goto_action_server
[0.331s] -- Up-to-date: /home/yalcinolgac/ros2_ws/install/repeat_1_4/lib/repeat_1_4/goto_action_client
[0.331s] -- Up-to-date: /home/yalcinolgac/ros2_ws/install/repeat_1_4/share/repeat_1_4/launch
[0.331s] -- Installing: /home/yalcinolgac/ros2_ws/install/repeat_1_4/share/repeat_1_4/launch/repeat_1_4.launch.py
[0.331s] -- Up-to-date: /home/yalcinolgac/ros2_ws/install/repeat_1_4/share/ament_index/resource_index/package_run_dependencies/repeat_1_4
[0.331s] -- Up-to-date: /home/yalcinolgac/ros2_ws/install/repeat_1_4/share/ament_index/resource_index/parent_prefix_path/repeat_1_4
[0.331s] -- Up-to-date: /home/yalcinolgac/ros2_ws/install/repeat_1_4/share/repeat_1_4/environment/ament_prefix_path.sh
[0.332s] -- Up-to-date: /home/yalcinolgac/ros2_ws/install/repeat_1_4/share/repeat_1_4/environment/ament_prefix_path.dsv
[0.332s] -- Up-to-date: /home/yalcinolgac/ros2_ws/install/repeat_1_4/share/repeat_1_4/environment/path.sh
[0.332s] -- Up-to-date: /home/yalcinolgac/ros2_ws/install/repeat_1_4/share/repeat_1_4/environment/path.dsv
[0.332s] -- Up-to-date: /home/yalcinolgac/ros2_ws/install/repeat_1_4/share/repeat_1_4/local_setup.bash
[0.332s] -- Up-to-date: /home/yalcinolgac/ros2_ws/install/repeat_1_4/share/repeat_1_4/local_setup.sh
[0.332s] -- Up-to-date: /home/yalcinolgac/ros2_ws/install/repeat_1_4/share/repeat_1_4/local_setup.zsh
[0.332s] -- Up-to-date: /home/yalcinolgac/ros2_ws/install/repeat_1_4/share/repeat_1_4/local_setup.dsv
[0.332s] -- Installing: /home/yalcinolgac/ros2_ws/install/repeat_1_4/share/repeat_1_4/package.dsv
[0.332s] -- Up-to-date: /home/yalcinolgac/ros2_ws/install/repeat_1_4/share/ament_index/resource_index/packages/repeat_1_4
[0.333s] -- Up-to-date: /home/yalcinolgac/ros2_ws/install/repeat_1_4/share/repeat_1_4/cmake/export_repeat_1_4__rosidl_generator_cExport.cmake
[0.333s] -- Up-to-date: /home/yalcinolgac/ros2_ws/install/repeat_1_4/share/repeat_1_4/cmake/export_repeat_1_4__rosidl_generator_cExport-noconfig.cmake
[0.334s] -- Up-to-date: /home/yalcinolgac/ros2_ws/install/repeat_1_4/share/repeat_1_4/cmake/export_repeat_1_4__rosidl_typesupport_fastrtps_cExport.cmake
[0.334s] -- Up-to-date: /home/yalcinolgac/ros2_ws/install/repeat_1_4/share/repeat_1_4/cmake/export_repeat_1_4__rosidl_typesupport_fastrtps_cExport-noconfig.cmake
[0.334s] -- Up-to-date: /home/yalcinolgac/ros2_ws/install/repeat_1_4/share/repeat_1_4/cmake/export_repeat_1_4__rosidl_generator_cppExport.cmake
[0.334s] -- Up-to-date: /home/yalcinolgac/ros2_ws/install/repeat_1_4/share/repeat_1_4/cmake/export_repeat_1_4__rosidl_typesupport_fastrtps_cppExport.cmake
[0.334s] -- Up-to-date: /home/yalcinolgac/ros2_ws/install/repeat_1_4/share/repeat_1_4/cmake/export_repeat_1_4__rosidl_typesupport_fastrtps_cppExport-noconfig.cmake
[0.335s] -- Up-to-date: /home/yalcinolgac/ros2_ws/install/repeat_1_4/share/repeat_1_4/cmake/repeat_1_4__rosidl_typesupport_introspection_cExport.cmake
[0.335s] -- Up-to-date: /home/yalcinolgac/ros2_ws/install/repeat_1_4/share/repeat_1_4/cmake/repeat_1_4__rosidl_typesupport_introspection_cExport-noconfig.cmake
[0.335s] -- Up-to-date: /home/yalcinolgac/ros2_ws/install/repeat_1_4/share/repeat_1_4/cmake/repeat_1_4__rosidl_typesupport_cExport.cmake
[0.335s] -- Up-to-date: /home/yalcinolgac/ros2_ws/install/repeat_1_4/share/repeat_1_4/cmake/repeat_1_4__rosidl_typesupport_cExport-noconfig.cmake
[0.335s] -- Up-to-date: /home/yalcinolgac/ros2_ws/install/repeat_1_4/share/repeat_1_4/cmake/repeat_1_4__rosidl_typesupport_introspection_cppExport.cmake
[0.335s] -- Up-to-date: /home/yalcinolgac/ros2_ws/install/repeat_1_4/share/repeat_1_4/cmake/repeat_1_4__rosidl_typesupport_introspection_cppExport-noconfig.cmake
[0.336s] -- Up-to-date: /home/yalcinolgac/ros2_ws/install/repeat_1_4/share/repeat_1_4/cmake/repeat_1_4__rosidl_typesupport_cppExport.cmake
[0.336s] -- Up-to-date: /home/yalcinolgac/ros2_ws/install/repeat_1_4/share/repeat_1_4/cmake/repeat_1_4__rosidl_typesupport_cppExport-noconfig.cmake
[0.336s] -- Up-to-date: /home/yalcinolgac/ros2_ws/install/repeat_1_4/share/repeat_1_4/cmake/export_repeat_1_4__rosidl_generator_pyExport.cmake
[0.336s] -- Up-to-date: /home/yalcinolgac/ros2_ws/install/repeat_1_4/share/repeat_1_4/cmake/export_repeat_1_4__rosidl_generator_pyExport-noconfig.cmake
[0.336s] -- Up-to-date: /home/yalcinolgac/ros2_ws/install/repeat_1_4/share/repeat_1_4/cmake/rosidl_cmake-extras.cmake
[0.336s] -- Up-to-date: /home/yalcinolgac/ros2_ws/install/repeat_1_4/share/repeat_1_4/cmake/ament_cmake_export_dependencies-extras.cmake
[0.336s] -- Up-to-date: /home/yalcinolgac/ros2_ws/install/repeat_1_4/share/repeat_1_4/cmake/ament_cmake_export_include_directories-extras.cmake
[0.336s] -- Up-to-date: /home/yalcinolgac/ros2_ws/install/repeat_1_4/share/repeat_1_4/cmake/ament_cmake_export_libraries-extras.cmake
[0.336s] -- Up-to-date: /home/yalcinolgac/ros2_ws/install/repeat_1_4/share/repeat_1_4/cmake/ament_cmake_export_targets-extras.cmake
[0.336s] -- Up-to-date: /home/yalcinolgac/ros2_ws/install/repeat_1_4/share/repeat_1_4/cmake/rosidl_cmake_export_typesupport_targets-extras.cmake
[0.336s] -- Up-to-date: /home/yalcinolgac/ros2_ws/install/repeat_1_4/share/repeat_1_4/cmake/rosidl_cmake_export_typesupport_libraries-extras.cmake
[0.336s] -- Up-to-date: /home/yalcinolgac/ros2_ws/install/repeat_1_4/share/repeat_1_4/cmake/repeat_1_4Config.cmake
[0.336s] -- Up-to-date: /home/yalcinolgac/ros2_ws/install/repeat_1_4/share/repeat_1_4/cmake/repeat_1_4Config-version.cmake
[0.336s] -- Up-to-date: /home/yalcinolgac/ros2_ws/install/repeat_1_4/share/repeat_1_4/package.xml
[0.338s] Invoked command in '/home/yalcinolgac/ros2_ws/build/repeat_1_4' returned '0': CMAKE_PREFIX_PATH=${CMAKE_PREFIX_PATH}:/opt/ros/jazzy DEBUGINFOD_URLS=https://debuginfod.ubuntu.com /usr/bin/cmake --install /home/yalcinolgac/ros2_ws/build/repeat_1_4
